[M::ha_analyze_count] lowest: count[7] = 1152070
[M::ha_analyze_count] highest: count[36] = 42527922
[M::ha_hist_line]     2: *************** 6374555
[M::ha_hist_line]     3: ***** 2065009
[M::ha_hist_line]     4: *** 1439351
[M::ha_hist_line]     5: *** 1230143
[M::ha_hist_line]     6: *** 1159085
[M::ha_hist_line]     7: *** 1152070
[M::ha_hist_line]     8: *** 1200352
[M::ha_hist_line]     9: *** 1282655
[M::ha_hist_line]    10: *** 1446890
[M::ha_hist_line]    11: **** 1673241
[M::ha_hist_line]    12: ***** 1951007
[M::ha_hist_line]    13: ***** 2250738
[M::ha_hist_line]    14: ****** 2624898
[M::ha_hist_line]    15: ******* 3007631
[M::ha_hist_line]    16: ******** 3380066
[M::ha_hist_line]    17: ********* 3723980
[M::ha_hist_line]    18: ********** 4056189
[M::ha_hist_line]    19: ********** 4460505
[M::ha_hist_line]    20: ************ 4954367
[M::ha_hist_line]    21: ************* 5620583
[M::ha_hist_line]    22: *************** 6573222
[M::ha_hist_line]    23: ****************** 7845730
[M::ha_hist_line]    24: ********************** 9551202
[M::ha_hist_line]    25: **************************** 11780812
[M::ha_hist_line]    26: ********************************** 14455000
[M::ha_hist_line]    27: ****************************************** 17748290
[M::ha_hist_line]    28: ************************************************** 21223481
[M::ha_hist_line]    29: *********************************************************** 25035729
[M::ha_hist_line]    30: ******************************************************************** 28873005
[M::ha_hist_line]    31: ***************************************************************************** 32635920
[M::ha_hist_line]    32: ************************************************************************************* 36051477
[M::ha_hist_line]    33: ******************************************************************************************* 38892031
[M::ha_hist_line]    34: ************************************************************************************************ 40957273
[M::ha_hist_line]    35: *************************************************************************************************** 42208844
[M::ha_hist_line]    36: **************************************************************************************************** 42527922
[M::ha_hist_line]    37: ************************************************************************************************** 41780063
[M::ha_hist_line]    38: ********************************************************************************************** 40070640
[M::ha_hist_line]    39: ***************************************************************************************** 37703155
[M::ha_hist_line]    40: ********************************************************************************* 34523388
[M::ha_hist_line]    41: ************************************************************************* 31182793
[M::ha_hist_line]    42: ***************************************************************** 27447165
[M::ha_hist_line]    43: ******************************************************* 23475289
[M::ha_hist_line]    44: ********************************************** 19762559
[M::ha_hist_line]    45: ************************************** 16245867
[M::ha_hist_line]    46: ******************************* 13115436
[M::ha_hist_line]    47: ************************ 10387461
[M::ha_hist_line]    48: ******************* 8125948
[M::ha_hist_line]    49: *************** 6230388
[M::ha_hist_line]    50: *********** 4720897
[M::ha_hist_line]    51: ******** 3463563
[M::ha_hist_line]    52: ****** 2542977
[M::ha_hist_line]    53: **** 1826410
[M::ha_hist_line]    54: *** 1289609
[M::ha_hist_line]    55: ** 888643
[M::ha_hist_line]    56: * 621217
[M::ha_hist_line]    57: * 435757
[M::ha_hist_line]    58: * 307692
[M::ha_hist_line]    59: * 227645
[M::ha_hist_line]  rest: *************** 6187189
[M::ha_analyze_count] left: none
[M::ha_analyze_count] right: none
[M::ha_ft_gen] peak_hom: 36; peak_het: -1
[M::ha_ct_shrink::1140.191*7.62] ==> counted 1958101 distinct minimizer k-mers
[M::ha_ft_gen::1142.823*7.60@24.925GB] ==> filtered out 1958101 k-mers occurring 180 or more times
[M::ha_opt_update_cov] updated max_n_chain to 180
[M::yak_count] collected 586611974 minimizers
[M::yak_count] collected 499602828 minimizers
[M::ha_pt_gen::1941.123*7.28] ==> counted 52795093 distinct minimizer k-mers
[M::ha_pt_gen] count[4095] = 0 (for sanity check)
[M::ha_analyze_count] lowest: count[8] = 64767
[M::ha_analyze_count] highest: count[36] = 1654814
[M::ha_hist_line]     1: ****************************************************************************************************> 21706353
[M::ha_hist_line]     2: *********************************************** 769765
[M::ha_hist_line]     3: ************* 221755
[M::ha_hist_line]     4: ******* 120312
[M::ha_hist_line]     5: ***** 86438
[M::ha_hist_line]     6: **** 71598
[M::ha_hist_line]     7: **** 65020
[M::ha_hist_line]     8: **** 64767
[M::ha_hist_line]     9: **** 66098
[M::ha_hist_line]    10: **** 73440
[M::ha_hist_line]    11: ***** 83574
[M::ha_hist_line]    12: ****** 96273
[M::ha_hist_line]    13: ******* 109811
[M::ha_hist_line]    14: ******** 126913
[M::ha_hist_line]    15: ********* 143278
[M::ha_hist_line]    16: ********** 158787
[M::ha_hist_line]    17: ********** 172410
[M::ha_hist_line]    18: *********** 184943
[M::ha_hist_line]    19: ************ 200203
[M::ha_hist_line]    20: ************* 217732
[M::ha_hist_line]    21: *************** 243791
[M::ha_hist_line]    22: ***************** 280153
[M::ha_hist_line]    23: ******************** 330749
[M::ha_hist_line]    24: ************************ 398032
[M::ha_hist_line]    25: ***************************** 486223
[M::ha_hist_line]    26: ************************************ 593157
[M::ha_hist_line]    27: ******************************************** 723469
[M::ha_hist_line]    28: **************************************************** 861210
[M::ha_hist_line]    29: ************************************************************* 1010098
[M::ha_hist_line]    30: ********************************************************************** 1158389
[M::ha_hist_line]    31: ******************************************************************************* 1300562
[M::ha_hist_line]    32: ************************************************************************************** 1430836
[M::ha_hist_line]    33: ********************************************************************************************* 1538122
[M::ha_hist_line]    34: ************************************************************************************************* 1611133
[M::ha_hist_line]    35: **************************************************************************************************** 1650285
[M::ha_hist_line]    36: **************************************************************************************************** 1654814
[M::ha_hist_line]    37: ************************************************************************************************** 1617842
[M::ha_hist_line]    38: ********************************************************************************************* 1543354
[M::ha_hist_line]    39: *************************************************************************************** 1445264
[M::ha_hist_line]    40: ******************************************************************************* 1315382
[M::ha_hist_line]    41: *********************************************************************** 1182654
[M::ha_hist_line]    42: *************************************************************** 1035226
[M::ha_hist_line]    43: ***************************************************** 881314
[M::ha_hist_line]    44: ********************************************* 738663
[M::ha_hist_line]    45: ************************************* 606072
[M::ha_hist_line]    46: ***************************** 487006
[M::ha_hist_line]    47: *********************** 384401
[M::ha_hist_line]    48: ****************** 300763
[M::ha_hist_line]    49: ************** 229501
[M::ha_hist_line]    50: *********** 174039
[M::ha_hist_line]    51: ******** 127889
[M::ha_hist_line]    52: ****** 94292
[M::ha_hist_line]    53: **** 68679
[M::ha_hist_line]    54: *** 48873
[M::ha_hist_line]    55: ** 34832
[M::ha_hist_line]    56: ** 25269
[M::ha_hist_line]    57: * 18860
[M::ha_hist_line]    58: * 14258
[M::ha_hist_line]    59: * 11519
[M::ha_hist_line]    60: * 9697
[M::ha_hist_line]    61: * 8801
[M::ha_hist_line]    62: * 8335
[M::ha_hist_line]  rest: ********************** 371815
[M::ha_analyze_count] left: none
[M::ha_analyze_count] right: none
[M::ha_pt_gen] peak_hom: 36; peak_het: -1
[M::ha_ct_shrink::1941.363*7.28] ==> counted 31088740 distinct minimizer k-mers
[M::ha_pt_gen::] counting in normal mode
[M::yak_count] collected 1086214802 minimizers
[M::yak_count] collected 0 minimizers
[M::ha_pt_gen::2221.091*7.95] ==> indexed 1064508449 positions, counted 31088740 distinct minimizer k-mers
[M::ha_assemble::6283.995*18.24@30.840GB] ==> corrected reads for round 1
[M::ha_assemble] # bases: 44190740644; # corrected bases: 92454779; # recorrected bases: 100037
[M::ha_assemble] size of buffer: 8.279GB
[M::yak_count] collected 1079888838 minimizers
[M::yak_count] collected 0 minimizers
[M::ha_pt_gen::6471.466*18.16] ==> counted 31278463 distinct minimizer k-mers
[M::ha_pt_gen] count[4095] = 0 (for sanity check)
[M::ha_analyze_count] lowest: count[6] = 48070
[M::ha_analyze_count] highest: count[36] = 1641914
[M::ha_hist_line]     1: ************************************************************************** 1221875
[M::ha_hist_line]     2: ******* 114305
[M::ha_hist_line]     3: **** 64350
[M::ha_hist_line]     4: *** 52684
[M::ha_hist_line]     5: *** 48883
[M::ha_hist_line]     6: *** 48070
[M::ha_hist_line]     7: *** 48893
[M::ha_hist_line]     8: *** 51903
[M::ha_hist_line]     9: *** 55987
[M::ha_hist_line]    10: **** 63191
[M::ha_hist_line]    11: ***** 74547
[M::ha_hist_line]    12: ***** 86820
[M::ha_hist_line]    13: ****** 100590
[M::ha_hist_line]    14: ******* 116496
[M::ha_hist_line]    15: ******** 133001
[M::ha_hist_line]    16: ********* 149381
[M::ha_hist_line]    17: ********** 163073
[M::ha_hist_line]    18: *********** 173889
[M::ha_hist_line]    19: *********** 188707
[M::ha_hist_line]    20: ************ 203903
[M::ha_hist_line]    21: ************** 224027
[M::ha_hist_line]    22: **************** 255052
[M::ha_hist_line]    23: ****************** 295340
[M::ha_hist_line]    24: ********************* 352807
[M::ha_hist_line]    25: ************************** 429476
[M::ha_hist_line]    26: ******************************** 525292
[M::ha_hist_line]    27: *************************************** 643058
[M::ha_hist_line]    28: *********************************************** 775053
[M::ha_hist_line]    29: ******************************************************** 916165
[M::ha_hist_line]    30: ***************************************************************** 1061317
[M::ha_hist_line]    31: ************************************************************************* 1203421
[M::ha_hist_line]    32: ********************************************************************************** 1345353
[M::ha_hist_line]    33: ***************************************************************************************** 1460216
[M::ha_hist_line]    34: ********************************************************************************************** 1551404
[M::ha_hist_line]    35: ************************************************************************************************** 1617110
[M::ha_hist_line]    36: **************************************************************************************************** 1641914
[M::ha_hist_line]    37: *************************************************************************************************** 1629685
[M::ha_hist_line]    38: ************************************************************************************************ 1578398
[M::ha_hist_line]    39: ******************************************************************************************** 1504815
[M::ha_hist_line]    40: ************************************************************************************* 1388444
[M::ha_hist_line]    41: ***************************************************************************** 1269455
[M::ha_hist_line]    42: ********************************************************************* 1128135
[M::ha_hist_line]    43: ************************************************************ 979813
[M::ha_hist_line]    44: *************************************************** 829981
[M::ha_hist_line]    45: ****************************************** 692165
[M::ha_hist_line]    46: ********************************** 565065
[M::ha_hist_line]    47: **************************** 452840
[M::ha_hist_line]    48: ********************** 357602
[M::ha_hist_line]    49: ***************** 277234
[M::ha_hist_line]    50: ************* 213283
[M::ha_hist_line]    51: ********** 159535
[M::ha_hist_line]    52: ******* 117632
[M::ha_hist_line]    53: ***** 86841
[M::ha_hist_line]    54: **** 63613
[M::ha_hist_line]    55: *** 44860
[M::ha_hist_line]    56: ** 32237
[M::ha_hist_line]    57: * 23355
[M::ha_hist_line]    58: * 17227
[M::ha_hist_line]    59: * 13123
[M::ha_hist_line]    60: * 10535
[M::ha_hist_line]    61: * 8998
[M::ha_hist_line]  rest: *********************** 376039
[M::ha_analyze_count] left: none
[M::ha_analyze_count] right: none
[M::ha_pt_gen] peak_hom: 36; peak_het: -1
[M::ha_ct_shrink::6471.665*18.16] ==> counted 30056588 distinct minimizer k-mers
[M::ha_pt_gen::] counting in normal mode
[M::yak_count] collected 1079888838 minimizers
[M::yak_count] collected 0 minimizers
[M::ha_pt_gen::6693.746*18.05] ==> indexed 1078666963 positions, counted 30056588 distinct minimizer k-mers
[M::ha_assemble::9796.798*19.90@40.178GB] ==> corrected reads for round 2
[M::ha_assemble] # bases: 44177091061; # corrected bases: 2451507; # recorrected bases: 49660
[M::ha_assemble] size of buffer: 6.909GB
[M::yak_count] collected 1079269263 minimizers
[M::yak_count] collected 0 minimizers
[M::ha_pt_gen::9952.844*19.86] ==> counted 30709107 distinct minimizer k-mers
[M::ha_pt_gen] count[4095] = 0 (for sanity check)
[M::ha_analyze_count] lowest: count[5] = 45810
[M::ha_analyze_count] highest: count[36] = 1641982
[M::ha_hist_line]     1: ******************************************** 720589
[M::ha_hist_line]     2: ***** 79553
[M::ha_hist_line]     3: *** 52815
[M::ha_hist_line]     4: *** 47393
[M::ha_hist_line]     5: *** 45810
[M::ha_hist_line]     6: *** 45980
[M::ha_hist_line]     7: *** 47137
[M::ha_hist_line]     8: *** 50856
[M::ha_hist_line]     9: *** 55150
[M::ha_hist_line]    10: **** 62430
[M::ha_hist_line]    11: ***** 73933
[M::ha_hist_line]    12: ***** 86427
[M::ha_hist_line]    13: ****** 100230
[M::ha_hist_line]    14: ******* 115602
[M::ha_hist_line]    15: ******** 132481
[M::ha_hist_line]    16: ********* 149047
[M::ha_hist_line]    17: ********** 162434
[M::ha_hist_line]    18: *********** 173491
[M::ha_hist_line]    19: *********** 187947
[M::ha_hist_line]    20: ************ 203440
[M::ha_hist_line]    21: ************** 223651
[M::ha_hist_line]    22: **************** 254527
[M::ha_hist_line]    23: ****************** 294927
[M::ha_hist_line]    24: ********************* 352196
[M::ha_hist_line]    25: ************************** 428730
[M::ha_hist_line]    26: ******************************** 524651
[M::ha_hist_line]    27: *************************************** 641899
[M::ha_hist_line]    28: *********************************************** 774128
[M::ha_hist_line]    29: ******************************************************** 914997
[M::ha_hist_line]    30: ***************************************************************** 1060129
[M::ha_hist_line]    31: ************************************************************************* 1202660
[M::ha_hist_line]    32: ********************************************************************************** 1344448
[M::ha_hist_line]    33: ***************************************************************************************** 1459854
[M::ha_hist_line]    34: ********************************************************************************************** 1550525
[M::ha_hist_line]    35: ************************************************************************************************** 1617140
[M::ha_hist_line]    36: **************************************************************************************************** 1641982
[M::ha_hist_line]    37: *************************************************************************************************** 1629586
[M::ha_hist_line]    38: ************************************************************************************************ 1579240
[M::ha_hist_line]    39: ******************************************************************************************** 1505141
[M::ha_hist_line]    40: ************************************************************************************* 1388879
[M::ha_hist_line]    41: ***************************************************************************** 1270103
[M::ha_hist_line]    42: ********************************************************************* 1129371
[M::ha_hist_line]    43: ************************************************************ 980586
[M::ha_hist_line]    44: *************************************************** 831226
[M::ha_hist_line]    45: ****************************************** 692501
[M::ha_hist_line]    46: ********************************** 566020
[M::ha_hist_line]    47: **************************** 453713
[M::ha_hist_line]    48: ********************** 358162
[M::ha_hist_line]    49: ***************** 277702
[M::ha_hist_line]    50: ************* 213517
[M::ha_hist_line]    51: ********** 159750
[M::ha_hist_line]    52: ******* 117853
[M::ha_hist_line]    53: ***** 87048
[M::ha_hist_line]    54: **** 63770
[M::ha_hist_line]    55: *** 44910
[M::ha_hist_line]    56: ** 32172
[M::ha_hist_line]    57: * 23401
[M::ha_hist_line]    58: * 17201
[M::ha_hist_line]    59: * 13080
[M::ha_hist_line]    60: * 10650
[M::ha_hist_line]    61: * 9025
[M::ha_hist_line]  rest: *********************** 375311
[M::ha_analyze_count] left: none
[M::ha_analyze_count] right: none
[M::ha_pt_gen] peak_hom: 36; peak_het: -1
[M::ha_ct_shrink::9953.055*19.86] ==> counted 29988518 distinct minimizer k-mers
[M::ha_pt_gen::] counting in normal mode
[M::yak_count] collected 1079269263 minimizers
[M::yak_count] collected 0 minimizers
[M::ha_pt_gen::10159.991*19.75] ==> indexed 1078548674 positions, counted 29988518 distinct minimizer k-mers
[M::ha_assemble::13112.901*20.67@62.026GB] ==> corrected reads for round 3
[M::ha_assemble] # bases: 44176333145; # corrected bases: 474001; # recorrected bases: 54388
[M::ha_assemble] size of buffer: 6.712GB
[M::yak_count] collected 1079137565 minimizers
[M::yak_count] collected 0 minimizers
[M::ha_pt_gen::13281.501*20.60] ==> counted 30624863 distinct minimizer k-mers
[M::ha_pt_gen] count[4095] = 0 (for sanity check)
[M::ha_analyze_count] lowest: count[5] = 44999
[M::ha_analyze_count] highest: count[36] = 1641834
[M::ha_hist_line]     1: **************************************** 650392
[M::ha_hist_line]     2: **** 73606
[M::ha_hist_line]     3: *** 50935
[M::ha_hist_line]     4: *** 46150
[M::ha_hist_line]     5: *** 44999
[M::ha_hist_line]     6: *** 45378
[M::ha_hist_line]     7: *** 46646
[M::ha_hist_line]     8: *** 50394
[M::ha_hist_line]     9: *** 54953
[M::ha_hist_line]    10: **** 62266
[M::ha_hist_line]    11: **** 73727
[M::ha_hist_line]    12: ***** 86195
[M::ha_hist_line]    13: ****** 100129
[M::ha_hist_line]    14: ******* 115361
[M::ha_hist_line]    15: ******** 132383
[M::ha_hist_line]    16: ********* 148863
[M::ha_hist_line]    17: ********** 162283
[M::ha_hist_line]    18: *********** 173375
[M::ha_hist_line]    19: *********** 187905
[M::ha_hist_line]    20: ************ 203232
[M::ha_hist_line]    21: ************** 223539
[M::ha_hist_line]    22: **************** 254505
[M::ha_hist_line]    23: ****************** 294746
[M::ha_hist_line]    24: ********************* 352008
[M::ha_hist_line]    25: ************************** 428621
[M::ha_hist_line]    26: ******************************** 524512
[M::ha_hist_line]    27: *************************************** 641724
[M::ha_hist_line]    28: *********************************************** 774082
[M::ha_hist_line]    29: ******************************************************** 914983
[M::ha_hist_line]    30: ***************************************************************** 1059965
[M::ha_hist_line]    31: ************************************************************************* 1202546
[M::ha_hist_line]    32: ********************************************************************************** 1344346
[M::ha_hist_line]    33: ***************************************************************************************** 1459651
[M::ha_hist_line]    34: ********************************************************************************************** 1550519
[M::ha_hist_line]    35: ************************************************************************************************** 1617118
[M::ha_hist_line]    36: **************************************************************************************************** 1641834
[M::ha_hist_line]    37: *************************************************************************************************** 1629712
[M::ha_hist_line]    38: ************************************************************************************************ 1579416
[M::ha_hist_line]    39: ******************************************************************************************** 1505239
[M::ha_hist_line]    40: ************************************************************************************* 1388961
[M::ha_hist_line]    41: ***************************************************************************** 1270181
[M::ha_hist_line]    42: ********************************************************************* 1129585
[M::ha_hist_line]    43: ************************************************************ 980600
[M::ha_hist_line]    44: *************************************************** 831274
[M::ha_hist_line]    45: ****************************************** 692566
[M::ha_hist_line]    46: ********************************** 565998
[M::ha_hist_line]    47: **************************** 453832
[M::ha_hist_line]    48: ********************** 358307
[M::ha_hist_line]    49: ***************** 277768
[M::ha_hist_line]    50: ************* 213556
[M::ha_hist_line]    51: ********** 159713
[M::ha_hist_line]    52: ******* 117889
[M::ha_hist_line]    53: ***** 87009
[M::ha_hist_line]    54: **** 63812
[M::ha_hist_line]    55: *** 44962
[M::ha_hist_line]    56: ** 32188
[M::ha_hist_line]    57: * 23367
[M::ha_hist_line]    58: * 17150
[M::ha_hist_line]    59: * 13104
[M::ha_hist_line]    60: * 10631
[M::ha_hist_line]    61: * 9041
[M::ha_hist_line]  rest: *********************** 375131
[M::ha_analyze_count] left: none
[M::ha_analyze_count] right: none
[M::ha_pt_gen] peak_hom: 36; peak_het: -1
[M::ha_ct_shrink::13281.645*20.60] ==> counted 29974471 distinct minimizer k-mers
[M::ha_pt_gen::] counting in normal mode
[M::yak_count] collected 1079137565 minimizers
[M::yak_count] collected 0 minimizers
[M::ha_pt_gen::13468.299*20.53] ==> indexed 1078487173 positions, counted 29974471 distinct minimizer k-mers
[M::ha_assemble::14054.367*20.67@63.430GB] ==> found overlaps for the final round
[M::ha_print_ovlp_stat] # overlaps: 201383218
[M::ha_print_ovlp_stat] # strong overlaps: 63845435
[M::ha_print_ovlp_stat] # weak overlaps: 137537783
[M::ha_print_ovlp_stat] # exact overlaps: 194665542
[M::ha_print_ovlp_stat] # inexact overlaps: 6717676
[M::ha_print_ovlp_stat] # overlaps without large indels: 200750886
[M::ha_print_ovlp_stat] # reverse overlaps: 147146921
Writing reads to disk... 
Reads has been written.
Writing ma_hit_ts to disk... 
ma_hit_ts has been written.
Writing ma_hit_ts to disk... 
ma_hit_ts has been written.
bin files have been written.
[M::purge_dups] homozygous read coverage threshold: 36
[M::purge_dups] purge duplication coverage threshold: 45
Writing raw unitig GFA to disk... 
Writing processed unitig GFA to disk... 
[M::purge_dups] homozygous read coverage threshold: 36
[M::purge_dups] purge duplication coverage threshold: 45
[M::mc_solve_core::1.219] ==> Partition
[M::adjust_utg_by_primary] primary contig coverage range: [30, infinity]
Writing Colorado_1603_79232.bp.p_ctg.gfa to disk... 
[M::adjust_utg_by_trio] primary contig coverage range: [30, infinity]
Writing Colorado_1603_79232.bp.hap1.p_ctg.gfa to disk... 
[M::adjust_utg_by_trio] primary contig coverage range: [30, infinity]
Writing Colorado_1603_79232.bp.hap2.p_ctg.gfa to disk... 
Inconsistency threshold for low-quality regions in BED files: 70%
[M::main] Version: 0.16.1-r375
[M::main] CMD: ../../hifiasm/hifiasm -t 24 -o Colorado_1603_79232 /n/holylfs05/LABS/informatics/Everyone/scrubjay/RAW_DATA/Colorado_1603_79232/m64086e_211119_202445/m64086e_211119_202445.hifi_reads.fastq.gz /n/holylfs05/LABS/informatics/Everyone/scrubjay/RAW_DATA/Colorado_1603_79232/m64190e_211123_172610/m64190e_211123_172610.hifi_reads.fastq.gz
[M::main] Real time: 14969.484 sec; CPU: 292362.992 sec; Peak RSS: 63.692 GB
