[M::ha_analyze_count] lowest: count[6] = 2444613
[M::ha_analyze_count] highest: count[41] = 29371779
[M::ha_hist_line]     2: ******************************** 9305314
[M::ha_hist_line]     3: ************* 3864299
[M::ha_hist_line]     4: ********** 2898320
[M::ha_hist_line]     5: ********* 2550254
[M::ha_hist_line]     6: ******** 2444613
[M::ha_hist_line]     7: ********* 2557530
[M::ha_hist_line]     8: ********** 2939945
[M::ha_hist_line]     9: ************ 3580901
[M::ha_hist_line]    10: **************** 4590324
[M::ha_hist_line]    11: ******************** 5929386
[M::ha_hist_line]    12: *************************** 7941646
[M::ha_hist_line]    13: ************************************ 10442400
[M::ha_hist_line]    14: ********************************************** 13429405
[M::ha_hist_line]    15: ********************************************************* 16639860
[M::ha_hist_line]    16: ******************************************************************** 19931218
[M::ha_hist_line]    17: ****************************************************************************** 22974693
[M::ha_hist_line]    18: ************************************************************************************** 25334161
[M::ha_hist_line]    19: ******************************************************************************************* 26856253
[M::ha_hist_line]    20: ********************************************************************************************* 27423595
[M::ha_hist_line]    21: ******************************************************************************************** 26916747
[M::ha_hist_line]    22: *************************************************************************************** 25574143
[M::ha_hist_line]    23: ********************************************************************************* 23645080
[M::ha_hist_line]    24: ************************************************************************ 21238599
[M::ha_hist_line]    25: **************************************************************** 18811770
[M::ha_hist_line]    26: ******************************************************** 16569985
[M::ha_hist_line]    27: ************************************************** 14792902
[M::ha_hist_line]    28: ********************************************** 13530977
[M::ha_hist_line]    29: ******************************************** 12967364
[M::ha_hist_line]    30: ********************************************* 13137237
[M::ha_hist_line]    31: *********************************************** 13858024
[M::ha_hist_line]    32: **************************************************** 15155286
[M::ha_hist_line]    33: ********************************************************* 16867330
[M::ha_hist_line]    34: ***************************************************************** 19050043
[M::ha_hist_line]    35: ************************************************************************ 21230701
[M::ha_hist_line]    36: ******************************************************************************** 23491073
[M::ha_hist_line]    37: *************************************************************************************** 25430522
[M::ha_hist_line]    38: ******************************************************************************************** 27010765
[M::ha_hist_line]    39: ************************************************************************************************ 28306024
[M::ha_hist_line]    40: *************************************************************************************************** 29083556
[M::ha_hist_line]    41: **************************************************************************************************** 29371779
[M::ha_hist_line]    42: *************************************************************************************************** 29110460
[M::ha_hist_line]    43: ************************************************************************************************ 28211213
[M::ha_hist_line]    44: ******************************************************************************************* 26795046
[M::ha_hist_line]    45: ************************************************************************************* 25027134
[M::ha_hist_line]    46: ****************************************************************************** 22997536
[M::ha_hist_line]    47: *********************************************************************** 20709529
[M::ha_hist_line]    48: *************************************************************** 18407436
[M::ha_hist_line]    49: ******************************************************* 16061943
[M::ha_hist_line]    50: *********************************************** 13711718
[M::ha_hist_line]    51: *************************************** 11512561
[M::ha_hist_line]    52: ******************************** 9501503
[M::ha_hist_line]    53: *************************** 7791078
[M::ha_hist_line]    54: ********************* 6239505
[M::ha_hist_line]    55: ***************** 4952367
[M::ha_hist_line]    56: ************* 3875935
[M::ha_hist_line]    57: ********** 3008128
[M::ha_hist_line]    58: ******** 2302397
[M::ha_hist_line]    59: ****** 1715891
[M::ha_hist_line]    60: **** 1272065
[M::ha_hist_line]    61: *** 954460
[M::ha_hist_line]    62: ** 717387
[M::ha_hist_line]    63: ** 543124
[M::ha_hist_line]    64: * 412969
[M::ha_hist_line]    65: * 326057
[M::ha_hist_line]    66: * 258653
[M::ha_hist_line]    67: * 209764
[M::ha_hist_line]    68: * 172902
[M::ha_hist_line]  rest: ********************* 6301294
[M::ha_analyze_count] left: count[20] = 27423595
[M::ha_analyze_count] right: none
[M::ha_ft_gen] peak_hom: 41; peak_het: 20
[M::ha_ct_shrink::1516.747*9.54] ==> counted 2131266 distinct minimizer k-mers
[M::ha_ft_gen::1522.197*9.51@32.961GB] ==> filtered out 2131266 k-mers occurring 205 or more times
[M::ha_opt_update_cov] updated max_n_chain to 205
[M::yak_count] collected 650325875 minimizers
[M::yak_count] collected 573083688 minimizers
[M::ha_pt_gen::2007.971*10.27] ==> counted 60342603 distinct minimizer k-mers
[M::ha_pt_gen] count[4095] = 0 (for sanity check)
[M::ha_analyze_count] lowest: count[7] = 134422
[M::ha_analyze_count] highest: count[20] = 1215045
[M::ha_hist_line]     1: ****************************************************************************************************> 22310107
[M::ha_hist_line]     2: ****************************************************************************** 943206
[M::ha_hist_line]     3: *************************** 325093
[M::ha_hist_line]     4: **************** 199783
[M::ha_hist_line]     5: ************* 153560
[M::ha_hist_line]     6: *********** 135381
[M::ha_hist_line]     7: *********** 134422
[M::ha_hist_line]     8: ************ 148282
[M::ha_hist_line]     9: ************** 175683
[M::ha_hist_line]    10: ****************** 221890
[M::ha_hist_line]    11: *********************** 283954
[M::ha_hist_line]    12: ******************************* 375138
[M::ha_hist_line]    13: **************************************** 487760
[M::ha_hist_line]    14: *************************************************** 622069
[M::ha_hist_line]    15: *************************************************************** 764170
[M::ha_hist_line]    16: *************************************************************************** 909095
[M::ha_hist_line]    17: ************************************************************************************** 1039011
[M::ha_hist_line]    18: ********************************************************************************************** 1137580
[M::ha_hist_line]    19: *************************************************************************************************** 1197556
[M::ha_hist_line]    20: **************************************************************************************************** 1215045
[M::ha_hist_line]    21: ************************************************************************************************** 1185301
[M::ha_hist_line]    22: ******************************************************************************************** 1119663
[M::ha_hist_line]    23: ************************************************************************************* 1027298
[M::ha_hist_line]    24: *************************************************************************** 914942
[M::ha_hist_line]    25: ****************************************************************** 803403
[M::ha_hist_line]    26: ********************************************************** 701323
[M::ha_hist_line]    27: *************************************************** 618188
[M::ha_hist_line]    28: ********************************************** 560997
[M::ha_hist_line]    29: ******************************************** 530498
[M::ha_hist_line]    30: ******************************************** 531607
[M::ha_hist_line]    31: ********************************************** 554981
[M::ha_hist_line]    32: ************************************************* 600404
[M::ha_hist_line]    33: ******************************************************* 665478
[M::ha_hist_line]    34: ************************************************************* 745711
[M::ha_hist_line]    35: ******************************************************************** 826863
[M::ha_hist_line]    36: *************************************************************************** 909074
[M::ha_hist_line]    37: ********************************************************************************* 979064
[M::ha_hist_line]    38: ************************************************************************************* 1033962
[M::ha_hist_line]    39: ***************************************************************************************** 1078639
[M::ha_hist_line]    40: ******************************************************************************************* 1104082
[M::ha_hist_line]    41: ******************************************************************************************* 1110272
[M::ha_hist_line]    42: ****************************************************************************************** 1095098
[M::ha_hist_line]    43: *************************************************************************************** 1057565
[M::ha_hist_line]    44: ********************************************************************************** 998234
[M::ha_hist_line]    45: ***************************************************************************** 929862
[M::ha_hist_line]    46: ********************************************************************** 852680
[M::ha_hist_line]    47: *************************************************************** 762167
[M::ha_hist_line]    48: ******************************************************** 677906
[M::ha_hist_line]    49: ************************************************ 588313
[M::ha_hist_line]    50: ***************************************** 500896
[M::ha_hist_line]    51: *********************************** 419455
[M::ha_hist_line]    52: ***************************** 346445
[M::ha_hist_line]    53: *********************** 283517
[M::ha_hist_line]    54: ******************* 227417
[M::ha_hist_line]    55: *************** 180770
[M::ha_hist_line]    56: ************ 142170
[M::ha_hist_line]    57: ********* 111322
[M::ha_hist_line]    58: ******* 85827
[M::ha_hist_line]    59: ***** 65114
[M::ha_hist_line]    60: **** 49406
[M::ha_hist_line]    61: *** 38179
[M::ha_hist_line]    62: ** 29740
[M::ha_hist_line]    63: ** 23654
[M::ha_hist_line]    64: ** 19197
[M::ha_hist_line]    65: * 15894
[M::ha_hist_line]    66: * 13491
[M::ha_hist_line]    67: * 11823
[M::ha_hist_line]    68: * 10343
[M::ha_hist_line]    69: * 9357
[M::ha_hist_line]    70: * 8514
[M::ha_hist_line]    71: * 7948
[M::ha_hist_line]    72: * 7704
[M::ha_hist_line]    73: * 7651
[M::ha_hist_line]    74: * 7563
[M::ha_hist_line]    75: * 7309
[M::ha_hist_line]    76: * 7152
[M::ha_hist_line]    77: * 6987
[M::ha_hist_line]    78: * 6814
[M::ha_hist_line]    79: * 6663
[M::ha_hist_line]    80: * 6519
[M::ha_hist_line]    81: * 6265
[M::ha_hist_line]    82: * 6187
[M::ha_hist_line]  rest: *************************** 322950
[M::ha_analyze_count] left: none
[M::ha_analyze_count] right: count[41] = 1110272
[M::ha_pt_gen] peak_hom: 41; peak_het: 20
[M::ha_ct_shrink::2008.154*10.27] ==> counted 38032496 distinct minimizer k-mers
[M::ha_pt_gen::] counting in normal mode
[M::yak_count] collected 1223409563 minimizers
[M::yak_count] collected 0 minimizers
[M::ha_pt_gen::2471.697*10.89] ==> indexed 1201099456 positions, counted 38032496 distinct minimizer k-mers
[M::ha_assemble::12675.129*15.00@32.961GB] ==> corrected reads for round 1
[M::ha_assemble] # bases: 49822062233; # corrected bases: 106907655; # recorrected bases: 125132
[M::ha_assemble] size of buffer: 7.308GB
[M::yak_count] collected 1216263632 minimizers
[M::yak_count] collected 0 minimizers
[M::ha_pt_gen::13052.302*14.99] ==> counted 38388291 distinct minimizer k-mers
[M::ha_pt_gen] count[4095] = 0 (for sanity check)
[M::ha_analyze_count] lowest: count[6] = 100281
[M::ha_analyze_count] highest: count[20] = 1204111
[M::ha_hist_line]     1: ****************************************************************************************************> 1584441
[M::ha_hist_line]     2: ***************** 204909
[M::ha_hist_line]     3: *********** 126826
[M::ha_hist_line]     4: ********* 107319
[M::ha_hist_line]     5: ******** 101147
[M::ha_hist_line]     6: ******** 100281
[M::ha_hist_line]     7: ********* 108345
[M::ha_hist_line]     8: ********** 125121
[M::ha_hist_line]     9: ************* 154014
[M::ha_hist_line]    10: **************** 196986
[M::ha_hist_line]    11: ********************* 254255
[M::ha_hist_line]    12: **************************** 339556
[M::ha_hist_line]    13: ************************************* 445698
[M::ha_hist_line]    14: ************************************************ 575014
[M::ha_hist_line]    15: *********************************************************** 713951
[M::ha_hist_line]    16: *********************************************************************** 856809
[M::ha_hist_line]    17: ********************************************************************************** 988771
[M::ha_hist_line]    18: ******************************************************************************************* 1100398
[M::ha_hist_line]    19: ************************************************************************************************* 1169980
[M::ha_hist_line]    20: **************************************************************************************************** 1204111
[M::ha_hist_line]    21: *************************************************************************************************** 1186757
[M::ha_hist_line]    22: ********************************************************************************************** 1133462
[M::ha_hist_line]    23: *************************************************************************************** 1049518
[M::ha_hist_line]    24: ****************************************************************************** 943693
[M::ha_hist_line]    25: ********************************************************************* 832850
[M::ha_hist_line]    26: ************************************************************ 725114
[M::ha_hist_line]    27: ***************************************************** 635865
[M::ha_hist_line]    28: *********************************************** 568500
[M::ha_hist_line]    29: ******************************************** 524211
[M::ha_hist_line]    30: ******************************************* 513222
[M::ha_hist_line]    31: ******************************************** 525818
[M::ha_hist_line]    32: *********************************************** 560061
[M::ha_hist_line]    33: *************************************************** 615457
[M::ha_hist_line]    34: ********************************************************* 686644
[M::ha_hist_line]    35: **************************************************************** 766539
[M::ha_hist_line]    36: *********************************************************************** 855031
[M::ha_hist_line]    37: ***************************************************************************** 928486
[M::ha_hist_line]    38: ********************************************************************************** 990865
[M::ha_hist_line]    39: *************************************************************************************** 1044586
[M::ha_hist_line]    40: ****************************************************************************************** 1077713
[M::ha_hist_line]    41: ******************************************************************************************* 1098223
[M::ha_hist_line]    42: ******************************************************************************************* 1100884
[M::ha_hist_line]    43: ***************************************************************************************** 1075563
[M::ha_hist_line]    44: ************************************************************************************* 1028829
[M::ha_hist_line]    45: ******************************************************************************** 966872
[M::ha_hist_line]    46: *************************************************************************** 901837
[M::ha_hist_line]    47: ******************************************************************** 817343
[M::ha_hist_line]    48: ************************************************************* 733170
[M::ha_hist_line]    49: ****************************************************** 647268
[M::ha_hist_line]    50: ********************************************** 556831
[M::ha_hist_line]    51: *************************************** 474910
[M::ha_hist_line]    52: ********************************* 394455
[M::ha_hist_line]    53: *************************** 326750
[M::ha_hist_line]    54: ********************** 267192
[M::ha_hist_line]    55: ****************** 213571
[M::ha_hist_line]    56: ************** 168767
[M::ha_hist_line]    57: *********** 132918
[M::ha_hist_line]    58: ********* 105338
[M::ha_hist_line]    59: ******* 79145
[M::ha_hist_line]    60: ***** 59968
[M::ha_hist_line]    61: **** 46095
[M::ha_hist_line]    62: *** 35586
[M::ha_hist_line]    63: ** 27973
[M::ha_hist_line]    64: ** 21895
[M::ha_hist_line]    65: ** 18464
[M::ha_hist_line]    66: * 15024
[M::ha_hist_line]    67: * 12871
[M::ha_hist_line]    68: * 11259
[M::ha_hist_line]    69: * 9741
[M::ha_hist_line]    70: * 9229
[M::ha_hist_line]    71: * 8298
[M::ha_hist_line]    72: * 7755
[M::ha_hist_line]    73: * 7352
[M::ha_hist_line]    74: * 7386
[M::ha_hist_line]    75: * 7309
[M::ha_hist_line]    76: * 7089
[M::ha_hist_line]    77: * 6907
[M::ha_hist_line]    78: * 6533
[M::ha_hist_line]    79: * 6583
[M::ha_hist_line]    80: * 6563
[M::ha_hist_line]    81: * 6366
[M::ha_hist_line]    82: * 6235
[M::ha_hist_line]  rest: *************************** 323620
[M::ha_analyze_count] left: none
[M::ha_analyze_count] right: count[42] = 1100884
[M::ha_pt_gen] peak_hom: 42; peak_het: 20
[M::ha_ct_shrink::13052.498*14.99] ==> counted 36803850 distinct minimizer k-mers
[M::ha_pt_gen::] counting in normal mode
[M::yak_count] collected 1216263632 minimizers
[M::yak_count] collected 0 minimizers
[M::ha_pt_gen::13468.736*15.00] ==> indexed 1214679191 positions, counted 36803850 distinct minimizer k-mers
[M::ha_assemble::24557.020*15.45@44.084GB] ==> corrected reads for round 2
[M::ha_assemble] # bases: 49798430739; # corrected bases: 3126924; # recorrected bases: 33218
[M::ha_assemble] size of buffer: 7.128GB
[M::yak_count] collected 1215496941 minimizers
[M::yak_count] collected 0 minimizers
[M::ha_pt_gen::25037.245*15.44] ==> counted 37575876 distinct minimizer k-mers
[M::ha_pt_gen] count[4095] = 0 (for sanity check)
[M::ha_analyze_count] lowest: count[5] = 96750
[M::ha_analyze_count] highest: count[20] = 1204004
[M::ha_hist_line]     1: ************************************************************************ 865673
[M::ha_hist_line]     2: ************* 154557
[M::ha_hist_line]     3: ********* 109555
[M::ha_hist_line]     4: ******** 99219
[M::ha_hist_line]     5: ******** 96750
[M::ha_hist_line]     6: ******** 97296
[M::ha_hist_line]     7: ********* 105887
[M::ha_hist_line]     8: ********** 123606
[M::ha_hist_line]     9: ************* 152377
[M::ha_hist_line]    10: **************** 195950
[M::ha_hist_line]    11: ********************* 253328
[M::ha_hist_line]    12: **************************** 338627
[M::ha_hist_line]    13: ************************************* 444415
[M::ha_hist_line]    14: ************************************************ 574212
[M::ha_hist_line]    15: *********************************************************** 713243
[M::ha_hist_line]    16: *********************************************************************** 855928
[M::ha_hist_line]    17: ********************************************************************************** 988270
[M::ha_hist_line]    18: ******************************************************************************************* 1099735
[M::ha_hist_line]    19: ************************************************************************************************* 1169611
[M::ha_hist_line]    20: **************************************************************************************************** 1204004
[M::ha_hist_line]    21: *************************************************************************************************** 1187327
[M::ha_hist_line]    22: ********************************************************************************************** 1133415
[M::ha_hist_line]    23: *************************************************************************************** 1049569
[M::ha_hist_line]    24: ****************************************************************************** 943886
[M::ha_hist_line]    25: ********************************************************************* 833451
[M::ha_hist_line]    26: ************************************************************ 724987
[M::ha_hist_line]    27: ***************************************************** 636005
[M::ha_hist_line]    28: *********************************************** 568542
[M::ha_hist_line]    29: ******************************************** 523975
[M::ha_hist_line]    30: ******************************************* 512496
[M::ha_hist_line]    31: ******************************************** 525046
[M::ha_hist_line]    32: ********************************************** 559515
[M::ha_hist_line]    33: *************************************************** 614555
[M::ha_hist_line]    34: ********************************************************* 685829
[M::ha_hist_line]    35: **************************************************************** 765288
[M::ha_hist_line]    36: *********************************************************************** 854166
[M::ha_hist_line]    37: ***************************************************************************** 927726
[M::ha_hist_line]    38: ********************************************************************************** 990029
[M::ha_hist_line]    39: *************************************************************************************** 1044220
[M::ha_hist_line]    40: ***************************************************************************************** 1077065
[M::ha_hist_line]    41: ******************************************************************************************* 1098391
[M::ha_hist_line]    42: ******************************************************************************************* 1100975
[M::ha_hist_line]    43: ***************************************************************************************** 1075839
[M::ha_hist_line]    44: ************************************************************************************** 1029439
[M::ha_hist_line]    45: ******************************************************************************** 966904
[M::ha_hist_line]    46: *************************************************************************** 902874
[M::ha_hist_line]    47: ******************************************************************** 818089
[M::ha_hist_line]    48: ************************************************************* 733919
[M::ha_hist_line]    49: ****************************************************** 647919
[M::ha_hist_line]    50: ********************************************** 557806
[M::ha_hist_line]    51: **************************************** 476003
[M::ha_hist_line]    52: ********************************* 394842
[M::ha_hist_line]    53: *************************** 327822
[M::ha_hist_line]    54: ********************** 267591
[M::ha_hist_line]    55: ****************** 214187
[M::ha_hist_line]    56: ************** 169083
[M::ha_hist_line]    57: *********** 133075
[M::ha_hist_line]    58: ********* 105743
[M::ha_hist_line]    59: ******* 79492
[M::ha_hist_line]    60: ***** 60105
[M::ha_hist_line]    61: **** 46193
[M::ha_hist_line]    62: *** 35799
[M::ha_hist_line]    63: ** 27999
[M::ha_hist_line]    64: ** 21846
[M::ha_hist_line]    65: ** 18525
[M::ha_hist_line]    66: * 15057
[M::ha_hist_line]    67: * 12781
[M::ha_hist_line]    68: * 11446
[M::ha_hist_line]    69: * 9783
[M::ha_hist_line]    70: * 9213
[M::ha_hist_line]    71: * 8205
[M::ha_hist_line]    72: * 7704
[M::ha_hist_line]    73: * 7344
[M::ha_hist_line]    74: * 7339
[M::ha_hist_line]    75: * 7426
[M::ha_hist_line]    76: * 7007
[M::ha_hist_line]    77: * 6995
[M::ha_hist_line]    78: * 6546
[M::ha_hist_line]    79: * 6519
[M::ha_hist_line]    80: * 6537
[M::ha_hist_line]    81: * 6375
[M::ha_hist_line]    82: * 6172
[M::ha_hist_line]  rest: *************************** 323632
[M::ha_analyze_count] left: none
[M::ha_analyze_count] right: count[42] = 1100975
[M::ha_pt_gen] peak_hom: 42; peak_het: 20
[M::ha_ct_shrink::25037.423*15.44] ==> counted 36710203 distinct minimizer k-mers
[M::ha_pt_gen::] counting in normal mode
[M::yak_count] collected 1215496941 minimizers
[M::yak_count] collected 0 minimizers
[M::ha_pt_gen::25479.862*15.44] ==> indexed 1214631268 positions, counted 36710203 distinct minimizer k-mers
[M::ha_assemble::37546.715*15.62@69.172GB] ==> corrected reads for round 3
[M::ha_assemble] # bases: 49797353259; # corrected bases: 411532; # recorrected bases: 29182
[M::ha_assemble] size of buffer: 7.107GB
[M::yak_count] collected 1215345819 minimizers
[M::yak_count] collected 0 minimizers
[M::ha_pt_gen::37974.908*15.61] ==> counted 37473086 distinct minimizer k-mers
[M::ha_pt_gen] count[4095] = 0 (for sanity check)
[M::ha_analyze_count] lowest: count[5] = 95580
[M::ha_analyze_count] highest: count[20] = 1203920
[M::ha_hist_line]     1: ***************************************************************** 780077
[M::ha_hist_line]     2: ************ 146674
[M::ha_hist_line]     3: ********* 106000
[M::ha_hist_line]     4: ******** 97740
[M::ha_hist_line]     5: ******** 95580
[M::ha_hist_line]     6: ******** 96618
[M::ha_hist_line]     7: ********* 105418
[M::ha_hist_line]     8: ********** 123325
[M::ha_hist_line]     9: ************* 152258
[M::ha_hist_line]    10: **************** 195697
[M::ha_hist_line]    11: ********************* 253053
[M::ha_hist_line]    12: **************************** 338515
[M::ha_hist_line]    13: ************************************* 444408
[M::ha_hist_line]    14: ************************************************ 574009
[M::ha_hist_line]    15: *********************************************************** 713346
[M::ha_hist_line]    16: *********************************************************************** 855820
[M::ha_hist_line]    17: ********************************************************************************** 988156
[M::ha_hist_line]    18: ******************************************************************************************* 1099688
[M::ha_hist_line]    19: ************************************************************************************************* 1169592
[M::ha_hist_line]    20: **************************************************************************************************** 1203920
[M::ha_hist_line]    21: *************************************************************************************************** 1187323
[M::ha_hist_line]    22: ********************************************************************************************** 1133434
[M::ha_hist_line]    23: *************************************************************************************** 1049511
[M::ha_hist_line]    24: ****************************************************************************** 943861
[M::ha_hist_line]    25: ********************************************************************* 833404
[M::ha_hist_line]    26: ************************************************************ 725030
[M::ha_hist_line]    27: ***************************************************** 635966
[M::ha_hist_line]    28: *********************************************** 568433
[M::ha_hist_line]    29: ******************************************** 523898
[M::ha_hist_line]    30: ******************************************* 512446
[M::ha_hist_line]    31: ******************************************** 525040
[M::ha_hist_line]    32: ********************************************** 559496
[M::ha_hist_line]    33: *************************************************** 614565
[M::ha_hist_line]    34: ********************************************************* 685716
[M::ha_hist_line]    35: **************************************************************** 765221
[M::ha_hist_line]    36: *********************************************************************** 854149
[M::ha_hist_line]    37: ***************************************************************************** 927591
[M::ha_hist_line]    38: ********************************************************************************** 990044
[M::ha_hist_line]    39: *************************************************************************************** 1044176
[M::ha_hist_line]    40: ***************************************************************************************** 1076981
[M::ha_hist_line]    41: ******************************************************************************************* 1098374
[M::ha_hist_line]    42: ******************************************************************************************* 1101034
[M::ha_hist_line]    43: ***************************************************************************************** 1075782
[M::ha_hist_line]    44: ************************************************************************************** 1029513
[M::ha_hist_line]    45: ******************************************************************************** 966976
[M::ha_hist_line]    46: *************************************************************************** 902830
[M::ha_hist_line]    47: ******************************************************************** 818039
[M::ha_hist_line]    48: ************************************************************* 734063
[M::ha_hist_line]    49: ****************************************************** 648028
[M::ha_hist_line]    50: ********************************************** 557799
[M::ha_hist_line]    51: **************************************** 475994
[M::ha_hist_line]    52: ********************************* 394869
[M::ha_hist_line]    53: *************************** 327930
[M::ha_hist_line]    54: ********************** 267601
[M::ha_hist_line]    55: ****************** 214335
[M::ha_hist_line]    56: ************** 169049
[M::ha_hist_line]    57: *********** 133032
[M::ha_hist_line]    58: ********* 105718
[M::ha_hist_line]    59: ******* 79568
[M::ha_hist_line]    60: ***** 60060
[M::ha_hist_line]    61: **** 46236
[M::ha_hist_line]    62: *** 35822
[M::ha_hist_line]    63: ** 27992
[M::ha_hist_line]    64: ** 21865
[M::ha_hist_line]    65: ** 18482
[M::ha_hist_line]    66: * 15086
[M::ha_hist_line]    67: * 12768
[M::ha_hist_line]    68: * 11417
[M::ha_hist_line]    69: * 9771
[M::ha_hist_line]    70: * 9184
[M::ha_hist_line]    71: * 8206
[M::ha_hist_line]    72: * 7714
[M::ha_hist_line]    73: * 7321
[M::ha_hist_line]    74: * 7291
[M::ha_hist_line]    75: * 7449
[M::ha_hist_line]    76: * 7009
[M::ha_hist_line]    77: * 7028
[M::ha_hist_line]    78: * 6520
[M::ha_hist_line]    79: * 6508
[M::ha_hist_line]    80: * 6582
[M::ha_hist_line]    81: * 6369
[M::ha_hist_line]    82: * 6154
[M::ha_hist_line]  rest: *************************** 323539
[M::ha_analyze_count] left: none
[M::ha_analyze_count] right: count[42] = 1101034
[M::ha_pt_gen] peak_hom: 42; peak_het: 20
[M::ha_ct_shrink::37975.071*15.61] ==> counted 36693009 distinct minimizer k-mers
[M::ha_pt_gen::] counting in normal mode
[M::yak_count] collected 1215345819 minimizers
[M::yak_count] collected 0 minimizers
[M::ha_pt_gen::38408.810*15.61] ==> indexed 1214565742 positions, counted 36693009 distinct minimizer k-mers
[M::ha_assemble::40009.903*15.63@72.688GB] ==> found overlaps for the final round
[M::ha_print_ovlp_stat] # overlaps: 162576773
[M::ha_print_ovlp_stat] # strong overlaps: 140423240
[M::ha_print_ovlp_stat] # weak overlaps: 22153533
[M::ha_print_ovlp_stat] # exact overlaps: 158664231
[M::ha_print_ovlp_stat] # inexact overlaps: 3912542
[M::ha_print_ovlp_stat] # overlaps without large indels: 162383651
[M::ha_print_ovlp_stat] # reverse overlaps: 274027561
Writing reads to disk... 
Reads has been written.
Writing ma_hit_ts to disk... 
ma_hit_ts has been written.
Writing ma_hit_ts to disk... 
ma_hit_ts has been written.
bin files have been written.
[M::purge_dups] homozygous read coverage threshold: 41
[M::purge_dups] purge duplication coverage threshold: 52
Writing raw unitig GFA to disk... 
Writing processed unitig GFA to disk... 
[M::purge_dups] homozygous read coverage threshold: 41
[M::purge_dups] purge duplication coverage threshold: 52
[M::mc_solve_core::1.775] ==> Partition
ERROR-purge
[M::adjust_utg_by_primary] primary contig coverage range: [34, infinity]
Writing MCZ_orn_366493.bp.p_ctg.gfa to disk... 
[M::adjust_utg_by_trio] primary contig coverage range: [34, infinity]
Writing MCZ_orn_366493.bp.hap1.p_ctg.gfa to disk... 
[M::adjust_utg_by_trio] primary contig coverage range: [34, infinity]
Writing MCZ_orn_366493.bp.hap2.p_ctg.gfa to disk... 
Inconsistency threshold for low-quality regions in BED files: 70%
[M::main] Version: 0.16.1-r375
[M::main] CMD: ../hifiasm -t16 -o MCZ_orn_366493 /hlilab/21data/Scott-bird/MCZ_orn_366493/reads/r64190e_20211001_172407.fa.gz /hlilab/21data/Scott-bird/MCZ_orn_366493/reads/r64190e_20211004_172316.fa.gz
[M::main] Real time: 41443.490 sec; CPU: 629447.129 sec; Peak RSS: 72.688 GB
