[M::ha_analyze_count] lowest: count[6] = 2622806
[M::ha_analyze_count] highest: count[40] = 29749964
[M::ha_hist_line]     2: ******************************* 9189912
[M::ha_hist_line]     3: ************** 4017052
[M::ha_hist_line]     4: ********** 2998270
[M::ha_hist_line]     5: ********* 2661242
[M::ha_hist_line]     6: ********* 2622806
[M::ha_hist_line]     7: ********** 2883299
[M::ha_hist_line]     8: ************ 3437565
[M::ha_hist_line]     9: *************** 4339426
[M::ha_hist_line]    10: ******************* 5711163
[M::ha_hist_line]    11: ************************* 7442968
[M::ha_hist_line]    12: ********************************* 9828979
[M::ha_hist_line]    13: ****************************************** 12602324
[M::ha_hist_line]    14: ***************************************************** 15876280
[M::ha_hist_line]    15: **************************************************************** 19174541
[M::ha_hist_line]    16: *************************************************************************** 22339207
[M::ha_hist_line]    17: ************************************************************************************ 24976438
[M::ha_hist_line]    18: ****************************************************************************************** 26810097
[M::ha_hist_line]    19: ********************************************************************************************* 27696289
[M::ha_hist_line]    20: ********************************************************************************************* 27541992
[M::ha_hist_line]    21: ***************************************************************************************** 26397953
[M::ha_hist_line]    22: *********************************************************************************** 24620124
[M::ha_hist_line]    23: *************************************************************************** 22289277
[M::ha_hist_line]    24: ******************************************************************* 19890665
[M::ha_hist_line]    25: *********************************************************** 17637972
[M::ha_hist_line]    26: ***************************************************** 15803836
[M::ha_hist_line]    27: ************************************************* 14608098
[M::ha_hist_line]    28: *********************************************** 14032666
[M::ha_hist_line]    29: ************************************************ 14230881
[M::ha_hist_line]    30: *************************************************** 15181672
[M::ha_hist_line]    31: ******************************************************* 16470918
[M::ha_hist_line]    32: ************************************************************** 18320649
[M::ha_hist_line]    33: ********************************************************************* 20401167
[M::ha_hist_line]    34: **************************************************************************** 22569706
[M::ha_hist_line]    35: *********************************************************************************** 24686031
[M::ha_hist_line]    36: ****************************************************************************************** 26696392
[M::ha_hist_line]    37: *********************************************************************************************** 28126237
[M::ha_hist_line]    38: ************************************************************************************************** 29239146
[M::ha_hist_line]    39: **************************************************************************************************** 29720215
[M::ha_hist_line]    40: **************************************************************************************************** 29749964
[M::ha_hist_line]    41: ************************************************************************************************** 29158983
[M::ha_hist_line]    42: ********************************************************************************************** 27967059
[M::ha_hist_line]    43: **************************************************************************************** 26237652
[M::ha_hist_line]    44: ********************************************************************************* 24209436
[M::ha_hist_line]    45: ************************************************************************** 21992065
[M::ha_hist_line]    46: ****************************************************************** 19640288
[M::ha_hist_line]    47: ********************************************************** 17155905
[M::ha_hist_line]    48: ************************************************* 14711420
[M::ha_hist_line]    49: ***************************************** 12341348
[M::ha_hist_line]    50: ********************************** 10197791
[M::ha_hist_line]    51: **************************** 8291784
[M::ha_hist_line]    52: ********************** 6646635
[M::ha_hist_line]    53: ****************** 5209164
[M::ha_hist_line]    54: ************** 4059230
[M::ha_hist_line]    55: ********** 3097601
[M::ha_hist_line]    56: ******** 2335638
[M::ha_hist_line]    57: ****** 1774481
[M::ha_hist_line]    58: **** 1298145
[M::ha_hist_line]    59: *** 953433
[M::ha_hist_line]    60: ** 706961
[M::ha_hist_line]    61: ** 521484
[M::ha_hist_line]    62: * 380382
[M::ha_hist_line]    63: * 278510
[M::ha_hist_line]    64: * 204229
[M::ha_hist_line]    65: * 159847
[M::ha_hist_line]  rest: ******************* 5702141
[M::ha_analyze_count] left: count[19] = 27696289
[M::ha_analyze_count] right: none
[M::ha_ft_gen] peak_hom: 40; peak_het: 19
[M::ha_ct_shrink::1105.603*8.53] ==> counted 2080590 distinct minimizer k-mers
[M::ha_ft_gen::1108.563*8.51@33.096GB] ==> filtered out 2080590 k-mers occurring 200 or more times
[M::ha_opt_update_cov] updated max_n_chain to 200
[M::yak_count] collected 467799525 minimizers
[M::yak_count] collected 180435977 minimizers
[M::yak_count] collected 374614061 minimizers
[M::yak_count] collected 146314586 minimizers
[M::ha_pt_gen::2002.690*7.85] ==> counted 59488358 distinct minimizer k-mers
[M::ha_pt_gen] count[4095] = 0 (for sanity check)
[M::ha_analyze_count] lowest: count[6] = 144256
[M::ha_analyze_count] highest: count[19] = 1224024
[M::ha_hist_line]     1: ****************************************************************************************************> 21630602
[M::ha_hist_line]     2: *************************************************************************** 918665
[M::ha_hist_line]     3: ************************** 323422
[M::ha_hist_line]     4: **************** 199212
[M::ha_hist_line]     5: ************* 157319
[M::ha_hist_line]     6: ************ 144256
[M::ha_hist_line]     7: ************ 151259
[M::ha_hist_line]     8: ************** 175030
[M::ha_hist_line]     9: ****************** 215465
[M::ha_hist_line]    10: *********************** 278999
[M::ha_hist_line]    11: ***************************** 358328
[M::ha_hist_line]    12: ************************************** 464757
[M::ha_hist_line]    13: ************************************************ 590804
[M::ha_hist_line]    14: ************************************************************ 734036
[M::ha_hist_line]    15: ************************************************************************ 876688
[M::ha_hist_line]    16: *********************************************************************************** 1013436
[M::ha_hist_line]    17: ******************************************************************************************** 1123276
[M::ha_hist_line]    18: ************************************************************************************************** 1194266
[M::ha_hist_line]    19: **************************************************************************************************** 1224024
[M::ha_hist_line]    20: *************************************************************************************************** 1208704
[M::ha_hist_line]    21: ********************************************************************************************** 1151421
[M::ha_hist_line]    22: *************************************************************************************** 1065373
[M::ha_hist_line]    23: ****************************************************************************** 957108
[M::ha_hist_line]    24: ********************************************************************* 846328
[M::ha_hist_line]    25: ************************************************************* 744644
[M::ha_hist_line]    26: ****************************************************** 661722
[M::ha_hist_line]    27: ************************************************* 603850
[M::ha_hist_line]    28: *********************************************** 573460
[M::ha_hist_line]    29: *********************************************** 575672
[M::ha_hist_line]    30: ************************************************** 606373
[M::ha_hist_line]    31: ***************************************************** 651561
[M::ha_hist_line]    32: *********************************************************** 719132
[M::ha_hist_line]    33: ***************************************************************** 795544
[M::ha_hist_line]    34: *********************************************************************** 873558
[M::ha_hist_line]    35: ****************************************************************************** 953081
[M::ha_hist_line]    36: ************************************************************************************ 1023938
[M::ha_hist_line]    37: **************************************************************************************** 1073887
[M::ha_hist_line]    38: ******************************************************************************************* 1111020
[M::ha_hist_line]    39: ******************************************************************************************** 1124719
[M::ha_hist_line]    40: ******************************************************************************************** 1121954
[M::ha_hist_line]    41: ***************************************************************************************** 1094212
[M::ha_hist_line]    42: ************************************************************************************* 1044579
[M::ha_hist_line]    43: ******************************************************************************** 977870
[M::ha_hist_line]    44: ************************************************************************* 897496
[M::ha_hist_line]    45: ****************************************************************** 811822
[M::ha_hist_line]    46: *********************************************************** 724684
[M::ha_hist_line]    47: *************************************************** 629566
[M::ha_hist_line]    48: ******************************************** 539630
[M::ha_hist_line]    49: ************************************* 450586
[M::ha_hist_line]    50: ****************************** 371809
[M::ha_hist_line]    51: ************************* 301926
[M::ha_hist_line]    52: ******************** 242827
[M::ha_hist_line]    53: **************** 189901
[M::ha_hist_line]    54: ************ 148492
[M::ha_hist_line]    55: ********* 114830
[M::ha_hist_line]    56: ******* 87191
[M::ha_hist_line]    57: ***** 67083
[M::ha_hist_line]    58: **** 49854
[M::ha_hist_line]    59: *** 38065
[M::ha_hist_line]    60: ** 29336
[M::ha_hist_line]    61: ** 22310
[M::ha_hist_line]    62: * 17429
[M::ha_hist_line]    63: * 13672
[M::ha_hist_line]    64: * 11271
[M::ha_hist_line]    65: * 9817
[M::ha_hist_line]    66: * 8626
[M::ha_hist_line]    67: * 7941
[M::ha_hist_line]    68: * 7304
[M::ha_hist_line]    69: * 6872
[M::ha_hist_line]    70: * 6745
[M::ha_hist_line]    71: * 6334
[M::ha_hist_line]    72: * 6364
[M::ha_hist_line]  rest: *************************** 335021
[M::ha_analyze_count] left: none
[M::ha_analyze_count] right: count[39] = 1124719
[M::ha_pt_gen] peak_hom: 39; peak_het: 19
[M::ha_ct_shrink::2002.869*7.85] ==> counted 37857756 distinct minimizer k-mers
[M::ha_pt_gen::] counting in normal mode
[M::yak_count] collected 1169164149 minimizers
[M::yak_count] collected 0 minimizers
[M::yak_count] collected 0 minimizers
[M::yak_count] collected 0 minimizers
[M::ha_pt_gen::2238.132*8.74] ==> indexed 1147533547 positions, counted 37857756 distinct minimizer k-mers
[M::ha_assemble::7936.921*19.60@35.016GB] ==> corrected reads for round 1
[M::ha_assemble] # bases: 46883451209; # corrected bases: 99752786; # recorrected bases: 80703
[M::ha_assemble] size of buffer: 11.176GB
[M::yak_count] collected 1162985041 minimizers
[M::yak_count] collected 0 minimizers
[M::yak_count] collected 0 minimizers
[M::yak_count] collected 0 minimizers
[M::ha_pt_gen::8130.074*19.55] ==> counted 38227671 distinct minimizer k-mers
[M::ha_pt_gen] count[4095] = 0 (for sanity check)
[M::ha_analyze_count] lowest: count[5] = 108446
[M::ha_analyze_count] highest: count[19] = 1206926
[M::ha_hist_line]     1: ****************************************************************************************************> 1500583
[M::ha_hist_line]     2: ******************* 225155
[M::ha_hist_line]     3: *********** 138109
[M::ha_hist_line]     4: ********** 114733
[M::ha_hist_line]     5: ********* 108446
[M::ha_hist_line]     6: ********* 111140
[M::ha_hist_line]     7: ********** 126177
[M::ha_hist_line]     8: ************* 151715
[M::ha_hist_line]     9: **************** 191585
[M::ha_hist_line]    10: ********************* 252091
[M::ha_hist_line]    11: *************************** 327259
[M::ha_hist_line]    12: *********************************** 426697
[M::ha_hist_line]    13: ********************************************* 546050
[M::ha_hist_line]    14: ********************************************************* 684307
[M::ha_hist_line]    15: ******************************************************************** 825352
[M::ha_hist_line]    16: ******************************************************************************** 963815
[M::ha_hist_line]    17: ****************************************************************************************** 1081115
[M::ha_hist_line]    18: ************************************************************************************************ 1163170
[M::ha_hist_line]    19: **************************************************************************************************** 1206926
[M::ha_hist_line]    20: **************************************************************************************************** 1205104
[M::ha_hist_line]    21: ************************************************************************************************ 1163376
[M::ha_hist_line]    22: ****************************************************************************************** 1084248
[M::ha_hist_line]    23: ********************************************************************************* 982645
[M::ha_hist_line]    24: ************************************************************************ 873360
[M::ha_hist_line]    25: **************************************************************** 768012
[M::ha_hist_line]    26: ******************************************************** 675334
[M::ha_hist_line]    27: ************************************************** 609294
[M::ha_hist_line]    28: *********************************************** 568958
[M::ha_hist_line]    29: ********************************************** 554136
[M::ha_hist_line]    30: ************************************************ 574427
[M::ha_hist_line]    31: *************************************************** 611056
[M::ha_hist_line]    32: ******************************************************* 668490
[M::ha_hist_line]    33: ************************************************************** 743004
[M::ha_hist_line]    34: ******************************************************************** 817898
[M::ha_hist_line]    35: ************************************************************************** 895248
[M::ha_hist_line]    36: ********************************************************************************* 975295
[M::ha_hist_line]    37: ************************************************************************************** 1033153
[M::ha_hist_line]    38: ****************************************************************************************** 1080772
[M::ha_hist_line]    39: ******************************************************************************************** 1107650
[M::ha_hist_line]    40: ********************************************************************************************* 1117960
[M::ha_hist_line]    41: ******************************************************************************************** 1106618
[M::ha_hist_line]    42: ***************************************************************************************** 1071043
[M::ha_hist_line]    43: ************************************************************************************ 1012166
[M::ha_hist_line]    44: ****************************************************************************** 942577
[M::ha_hist_line]    45: ************************************************************************ 866458
[M::ha_hist_line]    46: **************************************************************** 777994
[M::ha_hist_line]    47: ********************************************************* 688341
[M::ha_hist_line]    48: ************************************************* 596852
[M::ha_hist_line]    49: ****************************************** 507354
[M::ha_hist_line]    50: *********************************** 423223
[M::ha_hist_line]    51: ***************************** 349002
[M::ha_hist_line]    52: *********************** 283617
[M::ha_hist_line]    53: ******************* 224872
[M::ha_hist_line]    54: *************** 177746
[M::ha_hist_line]    55: *********** 137346
[M::ha_hist_line]    56: ********* 105547
[M::ha_hist_line]    57: ******* 81973
[M::ha_hist_line]    58: ***** 61891
[M::ha_hist_line]    59: **** 45973
[M::ha_hist_line]    60: *** 35965
[M::ha_hist_line]    61: ** 27046
[M::ha_hist_line]    62: ** 21237
[M::ha_hist_line]    63: * 16843
[M::ha_hist_line]    64: * 12788
[M::ha_hist_line]    65: * 10485
[M::ha_hist_line]    66: * 9133
[M::ha_hist_line]    67: * 8294
[M::ha_hist_line]    68: * 7651
[M::ha_hist_line]    69: * 7165
[M::ha_hist_line]    70: * 6488
[M::ha_hist_line]    71: * 6350
[M::ha_hist_line]    72: * 6408
[M::ha_hist_line]    73: * 6091
[M::ha_hist_line]  rest: *************************** 331289
[M::ha_analyze_count] left: none
[M::ha_analyze_count] right: count[40] = 1117960
[M::ha_pt_gen] peak_hom: 40; peak_het: 19
[M::ha_ct_shrink::8130.247*19.55] ==> counted 36727088 distinct minimizer k-mers
[M::ha_pt_gen::] counting in normal mode
[M::yak_count] collected 1162985041 minimizers
[M::yak_count] collected 0 minimizers
[M::yak_count] collected 0 minimizers
[M::yak_count] collected 0 minimizers
[M::ha_pt_gen::8337.552*19.51] ==> indexed 1161484458 positions, counted 36727088 distinct minimizer k-mers
[M::ha_assemble::12909.408*21.06@48.727GB] ==> corrected reads for round 2
[M::ha_assemble] # bases: 46868034051; # corrected bases: 2852346; # recorrected bases: 28841
[M::ha_assemble] size of buffer: 10.955GB
[M::yak_count] collected 1162208884 minimizers
[M::yak_count] collected 0 minimizers
[M::yak_count] collected 0 minimizers
[M::yak_count] collected 0 minimizers
[M::ha_pt_gen::13095.270*21.01] ==> counted 37375408 distinct minimizer k-mers
[M::ha_pt_gen] count[4095] = 0 (for sanity check)
[M::ha_analyze_count] lowest: count[5] = 103832
[M::ha_analyze_count] highest: count[19] = 1206764
[M::ha_hist_line]     1: ************************************************************** 750238
[M::ha_hist_line]     2: ************** 167671
[M::ha_hist_line]     3: ********** 118458
[M::ha_hist_line]     4: ********* 106221
[M::ha_hist_line]     5: ********* 103832
[M::ha_hist_line]     6: ********* 107925
[M::ha_hist_line]     7: ********** 123750
[M::ha_hist_line]     8: ************ 150821
[M::ha_hist_line]     9: **************** 190571
[M::ha_hist_line]    10: ********************* 250831
[M::ha_hist_line]    11: *************************** 326848
[M::ha_hist_line]    12: *********************************** 425675
[M::ha_hist_line]    13: ********************************************* 545180
[M::ha_hist_line]    14: ********************************************************* 683799
[M::ha_hist_line]    15: ******************************************************************** 824433
[M::ha_hist_line]    16: ******************************************************************************** 963094
[M::ha_hist_line]    17: ***************************************************************************************** 1079886
[M::ha_hist_line]    18: ************************************************************************************************ 1162752
[M::ha_hist_line]    19: **************************************************************************************************** 1206764
[M::ha_hist_line]    20: **************************************************************************************************** 1205178
[M::ha_hist_line]    21: ************************************************************************************************ 1162912
[M::ha_hist_line]    22: ****************************************************************************************** 1084777
[M::ha_hist_line]    23: ********************************************************************************* 982493
[M::ha_hist_line]    24: ************************************************************************ 873954
[M::ha_hist_line]    25: **************************************************************** 767788
[M::ha_hist_line]    26: ******************************************************** 675227
[M::ha_hist_line]    27: ************************************************** 608918
[M::ha_hist_line]    28: *********************************************** 569179
[M::ha_hist_line]    29: ********************************************** 553689
[M::ha_hist_line]    30: ************************************************ 573828
[M::ha_hist_line]    31: *************************************************** 610374
[M::ha_hist_line]    32: ******************************************************* 667749
[M::ha_hist_line]    33: ************************************************************* 741872
[M::ha_hist_line]    34: ******************************************************************** 816796
[M::ha_hist_line]    35: ************************************************************************** 894609
[M::ha_hist_line]    36: ********************************************************************************* 974366
[M::ha_hist_line]    37: ************************************************************************************** 1032908
[M::ha_hist_line]    38: ***************************************************************************************** 1080023
[M::ha_hist_line]    39: ******************************************************************************************** 1107038
[M::ha_hist_line]    40: ********************************************************************************************* 1117719
[M::ha_hist_line]    41: ******************************************************************************************** 1107319
[M::ha_hist_line]    42: ***************************************************************************************** 1071872
[M::ha_hist_line]    43: ************************************************************************************ 1012784
[M::ha_hist_line]    44: ****************************************************************************** 943367
[M::ha_hist_line]    45: ************************************************************************ 866978
[M::ha_hist_line]    46: ***************************************************************** 779288
[M::ha_hist_line]    47: ********************************************************* 688952
[M::ha_hist_line]    48: ************************************************** 597389
[M::ha_hist_line]    49: ****************************************** 508601
[M::ha_hist_line]    50: *********************************** 424132
[M::ha_hist_line]    51: ***************************** 349385
[M::ha_hist_line]    52: ************************ 284278
[M::ha_hist_line]    53: ******************* 225603
[M::ha_hist_line]    54: *************** 178136
[M::ha_hist_line]    55: *********** 137601
[M::ha_hist_line]    56: ********* 105755
[M::ha_hist_line]    57: ******* 82343
[M::ha_hist_line]    58: ***** 62147
[M::ha_hist_line]    59: **** 46150
[M::ha_hist_line]    60: *** 35959
[M::ha_hist_line]    61: ** 27178
[M::ha_hist_line]    62: ** 21179
[M::ha_hist_line]    63: * 16732
[M::ha_hist_line]    64: * 12884
[M::ha_hist_line]    65: * 10521
[M::ha_hist_line]    66: * 9201
[M::ha_hist_line]    67: * 8286
[M::ha_hist_line]    68: * 7687
[M::ha_hist_line]    69: * 7082
[M::ha_hist_line]    70: * 6646
[M::ha_hist_line]    71: * 6313
[M::ha_hist_line]    72: * 6311
[M::ha_hist_line]  rest: **************************** 337203
[M::ha_analyze_count] left: none
[M::ha_analyze_count] right: count[40] = 1117719
[M::ha_pt_gen] peak_hom: 40; peak_het: 19
[M::ha_ct_shrink::13095.379*21.01] ==> counted 36625170 distinct minimizer k-mers
[M::ha_pt_gen::] counting in normal mode
[M::yak_count] collected 1162208884 minimizers
[M::yak_count] collected 0 minimizers
[M::yak_count] collected 0 minimizers
[M::yak_count] collected 0 minimizers
[M::ha_pt_gen::13286.134*20.97] ==> indexed 1161458646 positions, counted 36625170 distinct minimizer k-mers
[M::ha_assemble::17733.276*21.70@67.208GB] ==> corrected reads for round 3
[M::ha_assemble] # bases: 46867142702; # corrected bases: 352441; # recorrected bases: 24472
[M::ha_assemble] size of buffer: 11.018GB
[M::yak_count] collected 1162056275 minimizers
[M::yak_count] collected 0 minimizers
[M::yak_count] collected 0 minimizers
[M::yak_count] collected 0 minimizers
[M::ha_pt_gen::17906.832*21.67] ==> counted 37270125 distinct minimizer k-mers
[M::ha_pt_gen] count[4095] = 0 (for sanity check)
[M::ha_analyze_count] lowest: count[5] = 102779
[M::ha_analyze_count] highest: count[19] = 1206660
[M::ha_hist_line]     1: ******************************************************* 663541
[M::ha_hist_line]     2: ************* 157993
[M::ha_hist_line]     3: ********** 114953
[M::ha_hist_line]     4: ********* 104630
[M::ha_hist_line]     5: ********* 102779
[M::ha_hist_line]     6: ********* 107303
[M::ha_hist_line]     7: ********** 123454
[M::ha_hist_line]     8: ************ 150404
[M::ha_hist_line]     9: **************** 190345
[M::ha_hist_line]    10: ********************* 250738
[M::ha_hist_line]    11: *************************** 326820
[M::ha_hist_line]    12: *********************************** 425601
[M::ha_hist_line]    13: ********************************************* 545141
[M::ha_hist_line]    14: ********************************************************* 683763
[M::ha_hist_line]    15: ******************************************************************** 824354
[M::ha_hist_line]    16: ******************************************************************************** 962985
[M::ha_hist_line]    17: ***************************************************************************************** 1079752
[M::ha_hist_line]    18: ************************************************************************************************ 1162667
[M::ha_hist_line]    19: **************************************************************************************************** 1206660
[M::ha_hist_line]    20: **************************************************************************************************** 1205150
[M::ha_hist_line]    21: ************************************************************************************************ 1162906
[M::ha_hist_line]    22: ****************************************************************************************** 1084674
[M::ha_hist_line]    23: ********************************************************************************* 982391
[M::ha_hist_line]    24: ************************************************************************ 873923
[M::ha_hist_line]    25: **************************************************************** 767848
[M::ha_hist_line]    26: ******************************************************** 675185
[M::ha_hist_line]    27: ************************************************** 608960
[M::ha_hist_line]    28: *********************************************** 569196
[M::ha_hist_line]    29: ********************************************** 553693
[M::ha_hist_line]    30: ************************************************ 573750
[M::ha_hist_line]    31: *************************************************** 610319
[M::ha_hist_line]    32: ******************************************************* 667613
[M::ha_hist_line]    33: ************************************************************* 741886
[M::ha_hist_line]    34: ******************************************************************** 816711
[M::ha_hist_line]    35: ************************************************************************** 894504
[M::ha_hist_line]    36: ********************************************************************************* 974514
[M::ha_hist_line]    37: ************************************************************************************** 1032867
[M::ha_hist_line]    38: ****************************************************************************************** 1080098
[M::ha_hist_line]    39: ******************************************************************************************** 1106970
[M::ha_hist_line]    40: ********************************************************************************************* 1117612
[M::ha_hist_line]    41: ******************************************************************************************** 1107352
[M::ha_hist_line]    42: ***************************************************************************************** 1071886
[M::ha_hist_line]    43: ************************************************************************************ 1012776
[M::ha_hist_line]    44: ****************************************************************************** 943449
[M::ha_hist_line]    45: ************************************************************************ 867021
[M::ha_hist_line]    46: ***************************************************************** 779251
[M::ha_hist_line]    47: ********************************************************* 688952
[M::ha_hist_line]    48: ************************************************** 597415
[M::ha_hist_line]    49: ****************************************** 508604
[M::ha_hist_line]    50: *********************************** 424219
[M::ha_hist_line]    51: ***************************** 349390
[M::ha_hist_line]    52: ************************ 284303
[M::ha_hist_line]    53: ******************* 225618
[M::ha_hist_line]    54: *************** 178171
[M::ha_hist_line]    55: *********** 137615
[M::ha_hist_line]    56: ********* 105798
[M::ha_hist_line]    57: ******* 82290
[M::ha_hist_line]    58: ***** 62127
[M::ha_hist_line]    59: **** 46125
[M::ha_hist_line]    60: *** 36016
[M::ha_hist_line]    61: ** 27175
[M::ha_hist_line]    62: ** 21192
[M::ha_hist_line]    63: * 16743
[M::ha_hist_line]    64: * 12862
[M::ha_hist_line]    65: * 10514
[M::ha_hist_line]    66: * 9189
[M::ha_hist_line]    67: * 8286
[M::ha_hist_line]    68: * 7639
[M::ha_hist_line]    69: * 7174
[M::ha_hist_line]    70: * 6590
[M::ha_hist_line]    71: * 6255
[M::ha_hist_line]    72: * 6324
[M::ha_hist_line]  rest: **************************** 337151
[M::ha_analyze_count] left: none
[M::ha_analyze_count] right: count[40] = 1117612
[M::ha_pt_gen] peak_hom: 40; peak_het: 19
[M::ha_ct_shrink::17906.965*21.67] ==> counted 36606584 distinct minimizer k-mers
[M::ha_pt_gen::] counting in normal mode
[M::yak_count] collected 1162056275 minimizers
[M::yak_count] collected 0 minimizers
[M::yak_count] collected 0 minimizers
[M::yak_count] collected 0 minimizers
[M::ha_pt_gen::18118.279*21.61] ==> indexed 1161392734 positions, counted 36606584 distinct minimizer k-mers
[M::ha_assemble::18958.150*21.70@71.615GB] ==> found overlaps for the final round
[M::ha_print_ovlp_stat] # overlaps: 129176444
[M::ha_print_ovlp_stat] # strong overlaps: 111553767
[M::ha_print_ovlp_stat] # weak overlaps: 17622677
[M::ha_print_ovlp_stat] # exact overlaps: 126235998
[M::ha_print_ovlp_stat] # inexact overlaps: 2940446
[M::ha_print_ovlp_stat] # overlaps without large indels: 129025557
[M::ha_print_ovlp_stat] # reverse overlaps: 210398154
Writing reads to disk... 
Reads has been written.
Writing ma_hit_ts to disk... 
ma_hit_ts has been written.
Writing ma_hit_ts to disk... 
ma_hit_ts has been written.
bin files have been written.
[M::purge_dups] homozygous read coverage threshold: 40
[M::purge_dups] purge duplication coverage threshold: 50
Writing raw unitig GFA to disk... 
Writing processed unitig GFA to disk... 
[M::purge_dups] homozygous read coverage threshold: 40
[M::purge_dups] purge duplication coverage threshold: 50
[M::mc_solve_core::1.285] ==> Partition
ERROR-purge
ERROR-purge
[M::adjust_utg_by_primary] primary contig coverage range: [34, infinity]
Writing MCZ_Orn_366499.bp.p_ctg.gfa to disk... 
[M::adjust_utg_by_trio] primary contig coverage range: [34, infinity]
Writing MCZ_Orn_366499.bp.hap1.p_ctg.gfa to disk... 
[M::adjust_utg_by_trio] primary contig coverage range: [34, infinity]
Writing MCZ_Orn_366499.bp.hap2.p_ctg.gfa to disk... 
Inconsistency threshold for low-quality regions in BED files: 70%
[M::main] Version: 0.16.1-r375
[M::main] CMD: ../../hifiasm/hifiasm -t 24 -o MCZ_Orn_366499 /n/holylfs05/LABS/informatics/Everyone/scrubjay/RAW_DATA/MCZ_Orn_366499/r64086e_20211119_195343/demultiplex.bc1010_BAK8A_OA--bc1010_BAK8A_OA.hifi_reads.fastq.gz /n/holylfs05/LABS/informatics/Everyone/scrubjay/RAW_DATA/MCZ_Orn_366499/r64086e_20211119_195343/demultiplex.bc1021_BAK8B_OA--bc1021_BAK8B_OA.hifi_reads.fastq.gz /n/holylfs05/LABS/informatics/Everyone/scrubjay/RAW_DATA/MCZ_Orn_366499/r64190e_20211123_171400/demultiplex.bc1010_BAK8A_OA--bc1010_BAK8A_OA.hifi_reads.fastq.gz /n/holylfs05/LABS/informatics/Everyone/scrubjay/RAW_DATA/MCZ_Orn_366499/r64190e_20211123_171400/demultiplex.bc1021_BAK8B_OA--bc1021_BAK8B_OA.hifi_reads.fastq.gz
[M::main] Real time: 19959.422 sec; CPU: 414466.347 sec; Peak RSS: 71.615 GB
