[M::ha_analyze_count] lowest: count[8] = 3787152
[M::ha_analyze_count] highest: count[40] = 29140128
[M::ha_hist_line]     2: ****************************************************************************************************> 29731085
[M::ha_hist_line]     3: ************************************************************************* 21163094
[M::ha_hist_line]     4: ************************************************* 14302315
[M::ha_hist_line]     5: ***************************** 8377831
[M::ha_hist_line]     6: ****************** 5192349
[M::ha_hist_line]     7: ************* 3919051
[M::ha_hist_line]     8: ************* 3787152
[M::ha_hist_line]     9: *************** 4381720
[M::ha_hist_line]    10: ******************* 5503599
[M::ha_hist_line]    11: ************************* 7171743
[M::ha_hist_line]    12: ******************************** 9266042
[M::ha_hist_line]    13: **************************************** 11771441
[M::ha_hist_line]    14: *************************************************** 14795333
[M::ha_hist_line]    15: ************************************************************** 18003149
[M::ha_hist_line]    16: ************************************************************************ 21009616
[M::ha_hist_line]    17: ********************************************************************************* 23673620
[M::ha_hist_line]    18: **************************************************************************************** 25710598
[M::ha_hist_line]    19: ********************************************************************************************* 27041176
[M::ha_hist_line]    20: ********************************************************************************************** 27294500
[M::ha_hist_line]    21: ******************************************************************************************* 26590506
[M::ha_hist_line]    22: ************************************************************************************** 25113843
[M::ha_hist_line]    23: ******************************************************************************* 23161403
[M::ha_hist_line]    24: ************************************************************************ 20848065
[M::ha_hist_line]    25: **************************************************************** 18605748
[M::ha_hist_line]    26: ********************************************************* 16583807
[M::ha_hist_line]    27: **************************************************** 15127749
[M::ha_hist_line]    28: ************************************************* 14173594
[M::ha_hist_line]    29: ************************************************ 13896780
[M::ha_hist_line]    30: ************************************************* 14199705
[M::ha_hist_line]    31: **************************************************** 15142634
[M::ha_hist_line]    32: ********************************************************* 16516231
[M::ha_hist_line]    33: *************************************************************** 18304921
[M::ha_hist_line]    34: ********************************************************************** 20369325
[M::ha_hist_line]    35: ***************************************************************************** 22421343
[M::ha_hist_line]    36: ************************************************************************************ 24405311
[M::ha_hist_line]    37: ****************************************************************************************** 26235053
[M::ha_hist_line]    38: *********************************************************************************************** 27644493
[M::ha_hist_line]    39: ************************************************************************************************** 28630543
[M::ha_hist_line]    40: **************************************************************************************************** 29140128
[M::ha_hist_line]    41: **************************************************************************************************** 29064854
[M::ha_hist_line]    42: ************************************************************************************************* 28317194
[M::ha_hist_line]    43: ********************************************************************************************* 27154156
[M::ha_hist_line]    44: **************************************************************************************** 25618689
[M::ha_hist_line]    45: ********************************************************************************* 23722765
[M::ha_hist_line]    46: ************************************************************************** 21443228
[M::ha_hist_line]    47: ****************************************************************** 19151525
[M::ha_hist_line]    48: ********************************************************* 16702323
[M::ha_hist_line]    49: ************************************************* 14355270
[M::ha_hist_line]    50: ****************************************** 12133250
[M::ha_hist_line]    51: *********************************** 10115538
[M::ha_hist_line]    52: **************************** 8248547
[M::ha_hist_line]    53: *********************** 6595088
[M::ha_hist_line]    54: ****************** 5170328
[M::ha_hist_line]    55: ************** 3998027
[M::ha_hist_line]    56: *********** 3072714
[M::ha_hist_line]    57: ******** 2334053
[M::ha_hist_line]    58: ****** 1730192
[M::ha_hist_line]    59: **** 1294193
[M::ha_hist_line]    60: *** 956697
[M::ha_hist_line]    61: ** 698747
[M::ha_hist_line]    62: ** 520858
[M::ha_hist_line]    63: * 392354
[M::ha_hist_line]    64: * 288836
[M::ha_hist_line]    65: * 215999
[M::ha_hist_line]    66: * 168827
[M::ha_hist_line]  rest: ********************* 5979917
[M::ha_analyze_count] left: count[20] = 27294500
[M::ha_analyze_count] right: none
[M::ha_ft_gen] peak_hom: 40; peak_het: 20
[M::ha_ct_shrink::1202.679*8.28] ==> counted 2259973 distinct minimizer k-mers
[M::ha_ft_gen::1207.641*8.25@33.016GB] ==> filtered out 2259973 k-mers occurring 200 or more times
[M::ha_opt_update_cov] updated max_n_chain to 200
[M::yak_count] collected 589830346 minimizers
[M::yak_count] collected 611214056 minimizers
[M::ha_pt_gen::2106.386*7.40] ==> counted 60990640 distinct minimizer k-mers
[M::ha_pt_gen] count[4095] = 0 (for sanity check)
[M::ha_analyze_count] lowest: count[8] = 184624
[M::ha_analyze_count] highest: count[20] = 1203015
[M::ha_hist_line]     1: ****************************************************************************************************> 20825638
[M::ha_hist_line]     2: ****************************************************************************************************> 1671878
[M::ha_hist_line]     3: ********************************************************************************* 972635
[M::ha_hist_line]     4: **************************************************** 627560
[M::ha_hist_line]     5: ******************************* 370537
[M::ha_hist_line]     6: ******************** 239055
[M::ha_hist_line]     7: **************** 187350
[M::ha_hist_line]     8: *************** 184624
[M::ha_hist_line]     9: ****************** 214221
[M::ha_hist_line]    10: ********************** 267191
[M::ha_hist_line]    11: ***************************** 343725
[M::ha_hist_line]    12: ************************************* 439227
[M::ha_hist_line]    13: ********************************************** 553136
[M::ha_hist_line]    14: ********************************************************* 686991
[M::ha_hist_line]    15: ********************************************************************* 824809
[M::ha_hist_line]    16: ******************************************************************************* 955711
[M::ha_hist_line]    17: ***************************************************************************************** 1067879
[M::ha_hist_line]    18: ************************************************************************************************ 1149734
[M::ha_hist_line]    19: **************************************************************************************************** 1200189
[M::ha_hist_line]    20: **************************************************************************************************** 1203015
[M::ha_hist_line]    21: ************************************************************************************************* 1164167
[M::ha_hist_line]    22: ******************************************************************************************* 1091527
[M::ha_hist_line]    23: *********************************************************************************** 999133
[M::ha_hist_line]    24: ************************************************************************** 891163
[M::ha_hist_line]    25: ****************************************************************** 788029
[M::ha_hist_line]    26: ********************************************************** 697151
[M::ha_hist_line]    27: **************************************************** 628533
[M::ha_hist_line]    28: ************************************************ 581680
[M::ha_hist_line]    29: *********************************************** 563232
[M::ha_hist_line]    30: *********************************************** 569148
[M::ha_hist_line]    31: ************************************************** 602242
[M::ha_hist_line]    32: ****************************************************** 651100
[M::ha_hist_line]    33: ************************************************************ 716300
[M::ha_hist_line]    34: ****************************************************************** 791839
[M::ha_hist_line]    35: ************************************************************************ 868822
[M::ha_hist_line]    36: ****************************************************************************** 940143
[M::ha_hist_line]    37: *********************************************************************************** 1003746
[M::ha_hist_line]    38: **************************************************************************************** 1055376
[M::ha_hist_line]    39: ****************************************************************************************** 1088181
[M::ha_hist_line]    40: ******************************************************************************************** 1101170
[M::ha_hist_line]    41: ******************************************************************************************* 1093563
[M::ha_hist_line]    42: **************************************************************************************** 1063707
[M::ha_hist_line]    43: ************************************************************************************ 1015533
[M::ha_hist_line]    44: ******************************************************************************* 955756
[M::ha_hist_line]    45: ************************************************************************* 880585
[M::ha_hist_line]    46: ****************************************************************** 794217
[M::ha_hist_line]    47: *********************************************************** 706279
[M::ha_hist_line]    48: *************************************************** 613791
[M::ha_hist_line]    49: ******************************************** 527506
[M::ha_hist_line]    50: ************************************* 444886
[M::ha_hist_line]    51: ******************************* 369936
[M::ha_hist_line]    52: ************************* 301693
[M::ha_hist_line]    53: ******************** 241346
[M::ha_hist_line]    54: **************** 189063
[M::ha_hist_line]    55: ************ 147624
[M::ha_hist_line]    56: ********* 114092
[M::ha_hist_line]    57: ******* 87794
[M::ha_hist_line]    58: ***** 66040
[M::ha_hist_line]    59: **** 50472
[M::ha_hist_line]    60: *** 38269
[M::ha_hist_line]    61: ** 29257
[M::ha_hist_line]    62: ** 22678
[M::ha_hist_line]    63: ** 18260
[M::ha_hist_line]    64: * 14348
[M::ha_hist_line]    65: * 11808
[M::ha_hist_line]    66: * 10055
[M::ha_hist_line]    67: * 9150
[M::ha_hist_line]    68: * 8384
[M::ha_hist_line]    69: * 7629
[M::ha_hist_line]    70: * 7172
[M::ha_hist_line]    71: * 6684
[M::ha_hist_line]    72: * 6408
[M::ha_hist_line]    73: * 6299
[M::ha_hist_line]    74: * 6113
[M::ha_hist_line]    75: * 6077
[M::ha_hist_line]  rest: **************************** 340379
[M::ha_analyze_count] left: none
[M::ha_analyze_count] right: count[40] = 1101170
[M::ha_pt_gen] peak_hom: 40; peak_het: 20
[M::ha_ct_shrink::2106.655*7.40] ==> counted 40165002 distinct minimizer k-mers
[M::ha_pt_gen::] counting in normal mode
[M::yak_count] collected 1201044402 minimizers
[M::yak_count] collected 0 minimizers
[M::ha_pt_gen::2430.744*8.07] ==> indexed 1180218764 positions, counted 40165002 distinct minimizer k-mers
[M::ha_assemble::7397.363*18.71@36.880GB] ==> corrected reads for round 1
[M::ha_assemble] # bases: 48404226126; # corrected bases: 100433226; # recorrected bases: 69921
[M::ha_assemble] size of buffer: 12.320GB
[M::yak_count] collected 1195508451 minimizers
[M::yak_count] collected 0 minimizers
[M::ha_pt_gen::7594.738*18.60] ==> counted 41491159 distinct minimizer k-mers
[M::ha_pt_gen] count[4095] = 0 (for sanity check)
[M::ha_analyze_count] lowest: count[8] = 165587
[M::ha_analyze_count] highest: count[20] = 1193046
[M::ha_hist_line]     1: ****************************************************************************************************> 2328466
[M::ha_hist_line]     2: **************************************************************************************** 1050869
[M::ha_hist_line]     3: ***************************************************************** 778386
[M::ha_hist_line]     4: *********************************************** 560988
[M::ha_hist_line]     5: **************************** 336729
[M::ha_hist_line]     6: ****************** 215985
[M::ha_hist_line]     7: ************** 168537
[M::ha_hist_line]     8: ************** 165587
[M::ha_hist_line]     9: **************** 195109
[M::ha_hist_line]    10: ********************* 245597
[M::ha_hist_line]    11: *************************** 317831
[M::ha_hist_line]    12: ********************************** 408536
[M::ha_hist_line]    13: ******************************************* 517069
[M::ha_hist_line]    14: ****************************************************** 645975
[M::ha_hist_line]    15: ***************************************************************** 780683
[M::ha_hist_line]    16: **************************************************************************** 912447
[M::ha_hist_line]    17: ************************************************************************************** 1029268
[M::ha_hist_line]    18: ********************************************************************************************** 1118549
[M::ha_hist_line]    19: *************************************************************************************************** 1180695
[M::ha_hist_line]    20: **************************************************************************************************** 1193046
[M::ha_hist_line]    21: ************************************************************************************************** 1169024
[M::ha_hist_line]    22: ********************************************************************************************* 1105069
[M::ha_hist_line]    23: ************************************************************************************** 1021637
[M::ha_hist_line]    24: ***************************************************************************** 912976
[M::ha_hist_line]    25: ******************************************************************** 811079
[M::ha_hist_line]    26: ************************************************************ 715115
[M::ha_hist_line]    27: ***************************************************** 638096
[M::ha_hist_line]    28: ************************************************* 582472
[M::ha_hist_line]    29: ********************************************** 552551
[M::ha_hist_line]    30: ********************************************** 549449
[M::ha_hist_line]    31: ************************************************ 571683
[M::ha_hist_line]    32: *************************************************** 613938
[M::ha_hist_line]    33: ******************************************************** 671801
[M::ha_hist_line]    34: ************************************************************** 744288
[M::ha_hist_line]    35: ********************************************************************* 819258
[M::ha_hist_line]    36: *************************************************************************** 893168
[M::ha_hist_line]    37: ********************************************************************************* 961099
[M::ha_hist_line]    38: ************************************************************************************* 1020033
[M::ha_hist_line]    39: ***************************************************************************************** 1064329
[M::ha_hist_line]    40: ******************************************************************************************* 1088825
[M::ha_hist_line]    41: ******************************************************************************************** 1094469
[M::ha_hist_line]    42: ****************************************************************************************** 1072365
[M::ha_hist_line]    43: *************************************************************************************** 1036527
[M::ha_hist_line]    44: *********************************************************************************** 988569
[M::ha_hist_line]    45: ***************************************************************************** 921602
[M::ha_hist_line]    46: ********************************************************************** 840605
[M::ha_hist_line]    47: *************************************************************** 755351
[M::ha_hist_line]    48: ******************************************************** 666620
[M::ha_hist_line]    49: ************************************************* 579090
[M::ha_hist_line]    50: ***************************************** 492005
[M::ha_hist_line]    51: *********************************** 415025
[M::ha_hist_line]    52: ***************************** 342680
[M::ha_hist_line]    53: *********************** 278759
[M::ha_hist_line]    54: ****************** 220711
[M::ha_hist_line]    55: ************** 172303
[M::ha_hist_line]    56: *********** 134949
[M::ha_hist_line]    57: ********* 104941
[M::ha_hist_line]    58: ******* 79116
[M::ha_hist_line]    59: ***** 60337
[M::ha_hist_line]    60: **** 46318
[M::ha_hist_line]    61: *** 34773
[M::ha_hist_line]    62: ** 27062
[M::ha_hist_line]    63: ** 21212
[M::ha_hist_line]    64: * 16665
[M::ha_hist_line]    65: * 13403
[M::ha_hist_line]    66: * 11132
[M::ha_hist_line]    67: * 9758
[M::ha_hist_line]    68: * 8594
[M::ha_hist_line]    69: * 8079
[M::ha_hist_line]    70: * 7340
[M::ha_hist_line]    71: * 6801
[M::ha_hist_line]    72: * 6378
[M::ha_hist_line]    73: * 6317
[M::ha_hist_line]    74: * 6001
[M::ha_hist_line]  rest: ***************************** 349060
[M::ha_analyze_count] left: none
[M::ha_analyze_count] right: count[41] = 1094469
[M::ha_pt_gen] peak_hom: 41; peak_het: 20
[M::ha_ct_shrink::7594.924*18.60] ==> counted 39162693 distinct minimizer k-mers
[M::ha_pt_gen::] counting in normal mode
[M::yak_count] collected 1195508451 minimizers
[M::yak_count] collected 0 minimizers
[M::ha_pt_gen::7829.781*18.49] ==> indexed 1193179985 positions, counted 39162693 distinct minimizer k-mers
[M::ha_assemble::12040.511*20.37@49.280GB] ==> corrected reads for round 2
[M::ha_assemble] # bases: 48413903846; # corrected bases: 2902988; # recorrected bases: 30695
[M::ha_assemble] size of buffer: 11.993GB
[M::yak_count] collected 1194715141 minimizers
[M::yak_count] collected 0 minimizers
[M::ha_pt_gen::12215.290*20.31] ==> counted 40608114 distinct minimizer k-mers
[M::ha_pt_gen] count[4095] = 0 (for sanity check)
[M::ha_analyze_count] lowest: count[8] = 164586
[M::ha_analyze_count] highest: count[20] = 1192317
[M::ha_hist_line]     1: ****************************************************************************************************> 1542991
[M::ha_hist_line]     2: *********************************************************************************** 993738
[M::ha_hist_line]     3: **************************************************************** 758719
[M::ha_hist_line]     4: ********************************************** 554021
[M::ha_hist_line]     5: **************************** 332655
[M::ha_hist_line]     6: ****************** 213442
[M::ha_hist_line]     7: ************** 166662
[M::ha_hist_line]     8: ************** 164586
[M::ha_hist_line]     9: **************** 194052
[M::ha_hist_line]    10: ********************* 244774
[M::ha_hist_line]    11: *************************** 317125
[M::ha_hist_line]    12: ********************************** 407826
[M::ha_hist_line]    13: ******************************************* 515963
[M::ha_hist_line]    14: ****************************************************** 645479
[M::ha_hist_line]    15: ***************************************************************** 779932
[M::ha_hist_line]    16: **************************************************************************** 911264
[M::ha_hist_line]    17: ************************************************************************************** 1028652
[M::ha_hist_line]    18: ********************************************************************************************** 1118173
[M::ha_hist_line]    19: *************************************************************************************************** 1180121
[M::ha_hist_line]    20: **************************************************************************************************** 1192317
[M::ha_hist_line]    21: ************************************************************************************************** 1168961
[M::ha_hist_line]    22: ********************************************************************************************* 1105382
[M::ha_hist_line]    23: ************************************************************************************** 1021881
[M::ha_hist_line]    24: ***************************************************************************** 913445
[M::ha_hist_line]    25: ******************************************************************** 811330
[M::ha_hist_line]    26: ************************************************************ 714951
[M::ha_hist_line]    27: ****************************************************** 638417
[M::ha_hist_line]    28: ************************************************* 582087
[M::ha_hist_line]    29: ********************************************** 552502
[M::ha_hist_line]    30: ********************************************** 548836
[M::ha_hist_line]    31: ************************************************ 571005
[M::ha_hist_line]    32: *************************************************** 613172
[M::ha_hist_line]    33: ******************************************************** 671209
[M::ha_hist_line]    34: ************************************************************** 743112
[M::ha_hist_line]    35: ********************************************************************* 818485
[M::ha_hist_line]    36: *************************************************************************** 891852
[M::ha_hist_line]    37: ********************************************************************************* 959981
[M::ha_hist_line]    38: ************************************************************************************* 1019166
[M::ha_hist_line]    39: ***************************************************************************************** 1064254
[M::ha_hist_line]    40: ******************************************************************************************* 1088460
[M::ha_hist_line]    41: ******************************************************************************************** 1094383
[M::ha_hist_line]    42: ****************************************************************************************** 1072509
[M::ha_hist_line]    43: *************************************************************************************** 1036624
[M::ha_hist_line]    44: *********************************************************************************** 989382
[M::ha_hist_line]    45: ***************************************************************************** 922740
[M::ha_hist_line]    46: *********************************************************************** 841613
[M::ha_hist_line]    47: *************************************************************** 756456
[M::ha_hist_line]    48: ******************************************************** 667231
[M::ha_hist_line]    49: ************************************************* 580127
[M::ha_hist_line]    50: ***************************************** 492957
[M::ha_hist_line]    51: *********************************** 416008
[M::ha_hist_line]    52: ***************************** 343742
[M::ha_hist_line]    53: *********************** 279453
[M::ha_hist_line]    54: ******************* 221404
[M::ha_hist_line]    55: ************** 172714
[M::ha_hist_line]    56: *********** 135380
[M::ha_hist_line]    57: ********* 105268
[M::ha_hist_line]    58: ******* 79542
[M::ha_hist_line]    59: ***** 60525
[M::ha_hist_line]    60: **** 46524
[M::ha_hist_line]    61: *** 34888
[M::ha_hist_line]    62: ** 27049
[M::ha_hist_line]    63: ** 21241
[M::ha_hist_line]    64: * 16695
[M::ha_hist_line]    65: * 13343
[M::ha_hist_line]    66: * 11166
[M::ha_hist_line]    67: * 9955
[M::ha_hist_line]    68: * 8435
[M::ha_hist_line]    69: * 8019
[M::ha_hist_line]    70: * 7378
[M::ha_hist_line]    71: * 6848
[M::ha_hist_line]    72: * 6417
[M::ha_hist_line]    73: * 6359
[M::ha_hist_line]    74: * 6079
[M::ha_hist_line]  rest: ***************************** 348680
[M::ha_analyze_count] left: none
[M::ha_analyze_count] right: count[41] = 1094383
[M::ha_pt_gen] peak_hom: 41; peak_het: 20
[M::ha_ct_shrink::12215.424*20.31] ==> counted 39065123 distinct minimizer k-mers
[M::ha_pt_gen::] counting in normal mode
[M::yak_count] collected 1194715141 minimizers
[M::yak_count] collected 0 minimizers
[M::ha_pt_gen::12423.869*20.23] ==> indexed 1193172150 positions, counted 39065123 distinct minimizer k-mers
[M::ha_assemble::16613.507*21.16@70.983GB] ==> corrected reads for round 3
[M::ha_assemble] # bases: 48413662461; # corrected bases: 352036; # recorrected bases: 24729
[M::ha_assemble] size of buffer: 12.037GB
[M::yak_count] collected 1194566440 minimizers
[M::yak_count] collected 0 minimizers
[M::ha_pt_gen::16815.255*21.08] ==> counted 40499711 distinct minimizer k-mers
[M::ha_pt_gen] count[4095] = 0 (for sanity check)
[M::ha_analyze_count] lowest: count[8] = 164376
[M::ha_analyze_count] highest: count[20] = 1192345
[M::ha_hist_line]     1: ****************************************************************************************************> 1451967
[M::ha_hist_line]     2: *********************************************************************************** 984073
[M::ha_hist_line]     3: *************************************************************** 755394
[M::ha_hist_line]     4: ********************************************** 552720
[M::ha_hist_line]     5: **************************** 331893
[M::ha_hist_line]     6: ****************** 212880
[M::ha_hist_line]     7: ************** 166408
[M::ha_hist_line]     8: ************** 164376
[M::ha_hist_line]     9: **************** 193901
[M::ha_hist_line]    10: ********************* 244729
[M::ha_hist_line]    11: *************************** 316966
[M::ha_hist_line]    12: ********************************** 407824
[M::ha_hist_line]    13: ******************************************* 515905
[M::ha_hist_line]    14: ****************************************************** 645427
[M::ha_hist_line]    15: ***************************************************************** 779825
[M::ha_hist_line]    16: **************************************************************************** 911273
[M::ha_hist_line]    17: ************************************************************************************** 1028419
[M::ha_hist_line]    18: ********************************************************************************************** 1118090
[M::ha_hist_line]    19: *************************************************************************************************** 1180068
[M::ha_hist_line]    20: **************************************************************************************************** 1192345
[M::ha_hist_line]    21: ************************************************************************************************** 1168832
[M::ha_hist_line]    22: ********************************************************************************************* 1105315
[M::ha_hist_line]    23: ************************************************************************************** 1021982
[M::ha_hist_line]    24: ***************************************************************************** 913307
[M::ha_hist_line]    25: ******************************************************************** 811339
[M::ha_hist_line]    26: ************************************************************ 714986
[M::ha_hist_line]    27: ****************************************************** 638369
[M::ha_hist_line]    28: ************************************************* 582073
[M::ha_hist_line]    29: ********************************************** 552497
[M::ha_hist_line]    30: ********************************************** 548827
[M::ha_hist_line]    31: ************************************************ 570966
[M::ha_hist_line]    32: *************************************************** 613079
[M::ha_hist_line]    33: ******************************************************** 671211
[M::ha_hist_line]    34: ************************************************************** 743009
[M::ha_hist_line]    35: ********************************************************************* 818395
[M::ha_hist_line]    36: *************************************************************************** 891790
[M::ha_hist_line]    37: ********************************************************************************* 959982
[M::ha_hist_line]    38: ************************************************************************************* 1019180
[M::ha_hist_line]    39: ***************************************************************************************** 1064163
[M::ha_hist_line]    40: ******************************************************************************************* 1088511
[M::ha_hist_line]    41: ******************************************************************************************** 1094387
[M::ha_hist_line]    42: ****************************************************************************************** 1072467
[M::ha_hist_line]    43: *************************************************************************************** 1036605
[M::ha_hist_line]    44: *********************************************************************************** 989369
[M::ha_hist_line]    45: ***************************************************************************** 922799
[M::ha_hist_line]    46: *********************************************************************** 841640
[M::ha_hist_line]    47: *************************************************************** 756601
[M::ha_hist_line]    48: ******************************************************** 667163
[M::ha_hist_line]    49: ************************************************* 580130
[M::ha_hist_line]    50: ***************************************** 493102
[M::ha_hist_line]    51: *********************************** 415986
[M::ha_hist_line]    52: ***************************** 343799
[M::ha_hist_line]    53: *********************** 279539
[M::ha_hist_line]    54: ******************* 221348
[M::ha_hist_line]    55: ************** 172821
[M::ha_hist_line]    56: *********** 135307
[M::ha_hist_line]    57: ********* 105277
[M::ha_hist_line]    58: ******* 79544
[M::ha_hist_line]    59: ***** 60491
[M::ha_hist_line]    60: **** 46554
[M::ha_hist_line]    61: *** 34923
[M::ha_hist_line]    62: ** 27030
[M::ha_hist_line]    63: ** 21281
[M::ha_hist_line]    64: * 16689
[M::ha_hist_line]    65: * 13383
[M::ha_hist_line]    66: * 11135
[M::ha_hist_line]    67: * 9948
[M::ha_hist_line]    68: * 8441
[M::ha_hist_line]    69: * 7961
[M::ha_hist_line]    70: * 7433
[M::ha_hist_line]    71: * 6841
[M::ha_hist_line]    72: * 6465
[M::ha_hist_line]    73: * 6313
[M::ha_hist_line]    74: * 6121
[M::ha_hist_line]  rest: ***************************** 348522
[M::ha_analyze_count] left: none
[M::ha_analyze_count] right: count[41] = 1094387
[M::ha_pt_gen] peak_hom: 41; peak_het: 20
[M::ha_ct_shrink::16815.424*21.08] ==> counted 39047744 distinct minimizer k-mers
[M::ha_pt_gen::] counting in normal mode
[M::yak_count] collected 1194566440 minimizers
[M::yak_count] collected 0 minimizers
[M::ha_pt_gen::17043.439*21.00] ==> indexed 1193114473 positions, counted 39047744 distinct minimizer k-mers
[M::ha_assemble::17801.128*21.12@74.572GB] ==> found overlaps for the final round
[M::ha_print_ovlp_stat] # overlaps: 132086459
[M::ha_print_ovlp_stat] # strong overlaps: 114564860
[M::ha_print_ovlp_stat] # weak overlaps: 17521599
[M::ha_print_ovlp_stat] # exact overlaps: 129213072
[M::ha_print_ovlp_stat] # inexact overlaps: 2873387
[M::ha_print_ovlp_stat] # overlaps without large indels: 131943239
[M::ha_print_ovlp_stat] # reverse overlaps: 221780801
Writing reads to disk... 
Reads has been written.
Writing ma_hit_ts to disk... 
ma_hit_ts has been written.
Writing ma_hit_ts to disk... 
ma_hit_ts has been written.
bin files have been written.
[M::purge_dups] homozygous read coverage threshold: 40
[M::purge_dups] purge duplication coverage threshold: 51
Writing raw unitig GFA to disk... 
Writing processed unitig GFA to disk... 
[M::purge_dups] homozygous read coverage threshold: 40
[M::purge_dups] purge duplication coverage threshold: 51
[M::mc_solve_core::1.336] ==> Partition
ERROR-purge
ERROR-purge
[M::adjust_utg_by_primary] primary contig coverage range: [34, infinity]
Writing MCZ_Orn_365335.bp.p_ctg.gfa to disk... 
[M::adjust_utg_by_trio] primary contig coverage range: [34, infinity]
Writing MCZ_Orn_365335.bp.hap1.p_ctg.gfa to disk... 
[M::adjust_utg_by_trio] primary contig coverage range: [34, infinity]
Writing MCZ_Orn_365335.bp.hap2.p_ctg.gfa to disk... 
Inconsistency threshold for low-quality regions in BED files: 70%
[M::main] Version: 0.16.1-r375
[M::main] CMD: ../../hifiasm/hifiasm -t 24 -o MCZ_Orn_365335 /n/holylfs05/LABS/informatics/Everyone/scrubjay/00_raw_data/MCZ_Orn_365335/r64190e_20211008_180934/demultiplex.bc1002_BAK8A_OA--bc1002_BAK8A_OA.hifi_reads.fastq.gz /n/holylfs05/LABS/informatics/Everyone/scrubjay/00_raw_data/MCZ_Orn_365335/r64190e_20211012_151719/demultiplex.bc1002_BAK8A_OA--bc1002_BAK8A_OA.hifi_reads.fastq.gz
[M::main] Real time: 18777.802 sec; CPU: 378635.440 sec; Peak RSS: 74.572 GB
