[M::ha_analyze_count] lowest: count[6] = 2476020
[M::ha_analyze_count] highest: count[40] = 29233145
[M::ha_hist_line]     2: ********************************* 9653650
[M::ha_hist_line]     3: ************** 3975748
[M::ha_hist_line]     4: ********** 2944192
[M::ha_hist_line]     5: ********* 2509850
[M::ha_hist_line]     6: ******** 2476020
[M::ha_hist_line]     7: ********* 2663168
[M::ha_hist_line]     8: *********** 3074957
[M::ha_hist_line]     9: ************* 3735035
[M::ha_hist_line]    10: ***************** 4874657
[M::ha_hist_line]    11: ********************** 6425154
[M::ha_hist_line]    12: ***************************** 8571271
[M::ha_hist_line]    13: ************************************** 11247800
[M::ha_hist_line]    14: ************************************************* 14299012
[M::ha_hist_line]    15: ************************************************************ 17521756
[M::ha_hist_line]    16: *********************************************************************** 20884567
[M::ha_hist_line]    17: ********************************************************************************* 23800187
[M::ha_hist_line]    18: ***************************************************************************************** 25944334
[M::ha_hist_line]    19: ********************************************************************************************* 27275715
[M::ha_hist_line]    20: ********************************************************************************************** 27451511
[M::ha_hist_line]    21: ******************************************************************************************* 26642925
[M::ha_hist_line]    22: ************************************************************************************** 25230626
[M::ha_hist_line]    23: ******************************************************************************* 23061850
[M::ha_hist_line]    24: *********************************************************************** 20657867
[M::ha_hist_line]    25: *************************************************************** 18352188
[M::ha_hist_line]    26: ******************************************************** 16337401
[M::ha_hist_line]    27: *************************************************** 14809120
[M::ha_hist_line]    28: ************************************************ 13972703
[M::ha_hist_line]    29: *********************************************** 13665100
[M::ha_hist_line]    30: ************************************************ 14059576
[M::ha_hist_line]    31: **************************************************** 15151312
[M::ha_hist_line]    32: ********************************************************* 16765368
[M::ha_hist_line]    33: **************************************************************** 18608536
[M::ha_hist_line]    34: *********************************************************************** 20705774
[M::ha_hist_line]    35: ****************************************************************************** 22747189
[M::ha_hist_line]    36: ************************************************************************************ 24661971
[M::ha_hist_line]    37: ****************************************************************************************** 26438080
[M::ha_hist_line]    38: *********************************************************************************************** 27904374
[M::ha_hist_line]    39: *************************************************************************************************** 28796252
[M::ha_hist_line]    40: **************************************************************************************************** 29233145
[M::ha_hist_line]    41: **************************************************************************************************** 29106625
[M::ha_hist_line]    42: ************************************************************************************************* 28453384
[M::ha_hist_line]    43: ********************************************************************************************* 27190616
[M::ha_hist_line]    44: *************************************************************************************** 25447266
[M::ha_hist_line]    45: ******************************************************************************** 23501355
[M::ha_hist_line]    46: ************************************************************************* 21314722
[M::ha_hist_line]    47: ***************************************************************** 19104612
[M::ha_hist_line]    48: ********************************************************* 16795142
[M::ha_hist_line]    49: ************************************************** 14555507
[M::ha_hist_line]    50: ****************************************** 12359691
[M::ha_hist_line]    51: *********************************** 10334490
[M::ha_hist_line]    52: ***************************** 8507299
[M::ha_hist_line]    53: ************************ 6903598
[M::ha_hist_line]    54: ******************* 5551028
[M::ha_hist_line]    55: *************** 4387462
[M::ha_hist_line]    56: ************ 3430566
[M::ha_hist_line]    57: ********* 2645290
[M::ha_hist_line]    58: ******* 2020860
[M::ha_hist_line]    59: ***** 1543632
[M::ha_hist_line]    60: **** 1168184
[M::ha_hist_line]    61: *** 890683
[M::ha_hist_line]    62: ** 667515
[M::ha_hist_line]    63: ** 512177
[M::ha_hist_line]    64: * 388616
[M::ha_hist_line]    65: * 299126
[M::ha_hist_line]    66: * 225982
[M::ha_hist_line]    67: * 180710
[M::ha_hist_line]    68: * 151992
[M::ha_hist_line]  rest: ********************* 6151860
[M::ha_analyze_count] left: count[20] = 27451511
[M::ha_analyze_count] right: none
[M::ha_ft_gen] peak_hom: 40; peak_het: 20
[M::ha_ct_shrink::1596.516*10.37] ==> counted 2255348 distinct minimizer k-mers
[M::ha_ft_gen::1601.592*10.34@32.734GB] ==> filtered out 2255348 k-mers occurring 200 or more times
[M::ha_opt_update_cov] updated max_n_chain to 200
[M::yak_count] collected 601310456 minimizers
[M::yak_count] collected 604096286 minimizers
[M::ha_pt_gen::2152.770*11.32] ==> counted 60554066 distinct minimizer k-mers
[M::ha_pt_gen] count[4095] = 0 (for sanity check)
[M::ha_analyze_count] lowest: count[6] = 139303
[M::ha_analyze_count] highest: count[19] = 1215865
[M::ha_hist_line]     1: ****************************************************************************************************> 22448303
[M::ha_hist_line]     2: ********************************************************************************** 993257
[M::ha_hist_line]     3: **************************** 342123
[M::ha_hist_line]     4: ***************** 205843
[M::ha_hist_line]     5: ************* 155148
[M::ha_hist_line]     6: *********** 139303
[M::ha_hist_line]     7: ************ 140958
[M::ha_hist_line]     8: ************* 156230
[M::ha_hist_line]     9: *************** 186071
[M::ha_hist_line]    10: ******************* 236737
[M::ha_hist_line]    11: ************************* 308582
[M::ha_hist_line]    12: ********************************* 405188
[M::ha_hist_line]    13: ******************************************* 526475
[M::ha_hist_line]    14: ****************************************************** 661376
[M::ha_hist_line]    15: ****************************************************************** 803537
[M::ha_hist_line]    16: ****************************************************************************** 950022
[M::ha_hist_line]    17: **************************************************************************************** 1072218
[M::ha_hist_line]    18: ************************************************************************************************ 1162388
[M::ha_hist_line]    19: **************************************************************************************************** 1215865
[M::ha_hist_line]    20: **************************************************************************************************** 1212853
[M::ha_hist_line]    21: ************************************************************************************************ 1171195
[M::ha_hist_line]    22: ******************************************************************************************* 1101796
[M::ha_hist_line]    23: ********************************************************************************** 1002109
[M::ha_hist_line]    24: ************************************************************************* 890319
[M::ha_hist_line]    25: **************************************************************** 783575
[M::ha_hist_line]    26: ********************************************************* 690483
[M::ha_hist_line]    27: *************************************************** 620843
[M::ha_hist_line]    28: *********************************************** 575308
[M::ha_hist_line]    29: ********************************************** 557193
[M::ha_hist_line]    30: *********************************************** 566300
[M::ha_hist_line]    31: ************************************************** 604485
[M::ha_hist_line]    32: ****************************************************** 660644
[M::ha_hist_line]    33: ************************************************************ 729156
[M::ha_hist_line]    34: ****************************************************************** 806379
[M::ha_hist_line]    35: ************************************************************************ 880701
[M::ha_hist_line]    36: ****************************************************************************** 950838
[M::ha_hist_line]    37: *********************************************************************************** 1014286
[M::ha_hist_line]    38: **************************************************************************************** 1065910
[M::ha_hist_line]    39: ****************************************************************************************** 1096191
[M::ha_hist_line]    40: ******************************************************************************************* 1105629
[M::ha_hist_line]    41: ****************************************************************************************** 1098654
[M::ha_hist_line]    42: **************************************************************************************** 1065361
[M::ha_hist_line]    43: *********************************************************************************** 1014408
[M::ha_hist_line]    44: ****************************************************************************** 946680
[M::ha_hist_line]    45: ************************************************************************ 871973
[M::ha_hist_line]    46: ***************************************************************** 788607
[M::ha_hist_line]    47: ********************************************************** 703899
[M::ha_hist_line]    48: *************************************************** 617770
[M::ha_hist_line]    49: ******************************************** 533890
[M::ha_hist_line]    50: ************************************* 453551
[M::ha_hist_line]    51: ******************************* 377453
[M::ha_hist_line]    52: ************************* 309612
[M::ha_hist_line]    53: ********************* 252494
[M::ha_hist_line]    54: ***************** 202749
[M::ha_hist_line]    55: ************* 160923
[M::ha_hist_line]    56: ********** 126155
[M::ha_hist_line]    57: ******** 98691
[M::ha_hist_line]    58: ****** 76320
[M::ha_hist_line]    59: ***** 59474
[M::ha_hist_line]    60: **** 45781
[M::ha_hist_line]    61: *** 35764
[M::ha_hist_line]    62: ** 27895
[M::ha_hist_line]    63: ** 22378
[M::ha_hist_line]    64: * 17995
[M::ha_hist_line]    65: * 14645
[M::ha_hist_line]    66: * 12202
[M::ha_hist_line]    67: * 10309
[M::ha_hist_line]    68: * 9518
[M::ha_hist_line]    69: * 8652
[M::ha_hist_line]    70: * 8188
[M::ha_hist_line]    71: * 7706
[M::ha_hist_line]    72: * 7283
[M::ha_hist_line]    73: * 7112
[M::ha_hist_line]    74: * 7021
[M::ha_hist_line]    75: * 6609
[M::ha_hist_line]    76: * 6564
[M::ha_hist_line]    77: * 6508
[M::ha_hist_line]    78: * 6437
[M::ha_hist_line]    79: * 6132
[M::ha_hist_line]  rest: *************************** 324886
[M::ha_analyze_count] left: none
[M::ha_analyze_count] right: count[40] = 1105629
[M::ha_pt_gen] peak_hom: 40; peak_het: 19
[M::ha_ct_shrink::2152.908*11.33] ==> counted 38105763 distinct minimizer k-mers
[M::ha_pt_gen::] counting in normal mode
[M::yak_count] collected 1205406742 minimizers
[M::yak_count] collected 0 minimizers
[M::ha_pt_gen::2466.036*13.04] ==> indexed 1182958439 positions, counted 38105763 distinct minimizer k-mers
[M::ha_assemble::9312.319*26.94@38.937GB] ==> corrected reads for round 1
[M::ha_assemble] # bases: 48577062138; # corrected bases: 114287333; # recorrected bases: 127860
[M::ha_assemble] size of buffer: 13.981GB
[M::yak_count] collected 1198323606 minimizers
[M::yak_count] collected 0 minimizers
[M::ha_pt_gen::9581.534*26.94] ==> counted 38585813 distinct minimizer k-mers
[M::ha_pt_gen] count[4095] = 0 (for sanity check)
[M::ha_analyze_count] lowest: count[5] = 97844
[M::ha_analyze_count] highest: count[20] = 1206068
[M::ha_hist_line]     1: ****************************************************************************************************> 1800450
[M::ha_hist_line]     2: **************** 195151
[M::ha_hist_line]     3: ********** 123619
[M::ha_hist_line]     4: ********* 106038
[M::ha_hist_line]     5: ******** 97844
[M::ha_hist_line]     6: ******** 100732
[M::ha_hist_line]     7: ********* 112357
[M::ha_hist_line]     8: *********** 133264
[M::ha_hist_line]     9: ************* 162073
[M::ha_hist_line]    10: ****************** 211954
[M::ha_hist_line]    11: *********************** 278303
[M::ha_hist_line]    12: ******************************* 369237
[M::ha_hist_line]    13: **************************************** 482923
[M::ha_hist_line]    14: *************************************************** 612959
[M::ha_hist_line]    15: ************************************************************** 749985
[M::ha_hist_line]    16: ************************************************************************** 898195
[M::ha_hist_line]    17: ************************************************************************************* 1029561
[M::ha_hist_line]    18: ********************************************************************************************* 1122142
[M::ha_hist_line]    19: *************************************************************************************************** 1190218
[M::ha_hist_line]    20: **************************************************************************************************** 1206068
[M::ha_hist_line]    21: ************************************************************************************************* 1175200
[M::ha_hist_line]    22: ********************************************************************************************* 1118012
[M::ha_hist_line]    23: ************************************************************************************* 1026537
[M::ha_hist_line]    24: **************************************************************************** 918319
[M::ha_hist_line]    25: ******************************************************************* 809975
[M::ha_hist_line]    26: *********************************************************** 712597
[M::ha_hist_line]    27: **************************************************** 631731
[M::ha_hist_line]    28: ************************************************ 576647
[M::ha_hist_line]    29: ********************************************* 545709
[M::ha_hist_line]    30: ********************************************* 541217
[M::ha_hist_line]    31: *********************************************** 567459
[M::ha_hist_line]    32: *************************************************** 619820
[M::ha_hist_line]    33: ******************************************************** 676567
[M::ha_hist_line]    34: ************************************************************** 752902
[M::ha_hist_line]    35: ******************************************************************** 825793
[M::ha_hist_line]    36: *************************************************************************** 898981
[M::ha_hist_line]    37: ******************************************************************************** 966355
[M::ha_hist_line]    38: ************************************************************************************* 1030562
[M::ha_hist_line]    39: ***************************************************************************************** 1068468
[M::ha_hist_line]    40: ****************************************************************************************** 1091101
[M::ha_hist_line]    41: ******************************************************************************************* 1095312
[M::ha_hist_line]    42: ****************************************************************************************** 1080842
[M::ha_hist_line]    43: ************************************************************************************** 1042882
[M::ha_hist_line]    44: ********************************************************************************** 984828
[M::ha_hist_line]    45: **************************************************************************** 911356
[M::ha_hist_line]    46: ********************************************************************* 837537
[M::ha_hist_line]    47: *************************************************************** 757756
[M::ha_hist_line]    48: ******************************************************** 671476
[M::ha_hist_line]    49: ************************************************* 589008
[M::ha_hist_line]    50: ****************************************** 505109
[M::ha_hist_line]    51: *********************************** 426948
[M::ha_hist_line]    52: ***************************** 354777
[M::ha_hist_line]    53: ************************ 290308
[M::ha_hist_line]    54: ******************** 236948
[M::ha_hist_line]    55: **************** 190693
[M::ha_hist_line]    56: ************ 150699
[M::ha_hist_line]    57: ********** 118205
[M::ha_hist_line]    58: ******** 92099
[M::ha_hist_line]    59: ****** 71758
[M::ha_hist_line]    60: ***** 55374
[M::ha_hist_line]    61: **** 43188
[M::ha_hist_line]    62: *** 33612
[M::ha_hist_line]    63: ** 26672
[M::ha_hist_line]    64: ** 20982
[M::ha_hist_line]    65: * 17405
[M::ha_hist_line]    66: * 13811
[M::ha_hist_line]    67: * 11440
[M::ha_hist_line]    68: * 10040
[M::ha_hist_line]    69: * 9069
[M::ha_hist_line]    70: * 8391
[M::ha_hist_line]    71: * 7852
[M::ha_hist_line]    72: * 7397
[M::ha_hist_line]    73: * 7139
[M::ha_hist_line]    74: * 7074
[M::ha_hist_line]    75: * 6684
[M::ha_hist_line]    76: * 6478
[M::ha_hist_line]    77: * 6321
[M::ha_hist_line]    78: * 6354
[M::ha_hist_line]    79: * 6297
[M::ha_hist_line]  rest: *************************** 328667
[M::ha_analyze_count] left: none
[M::ha_analyze_count] right: count[41] = 1095312
[M::ha_pt_gen] peak_hom: 41; peak_het: 20
[M::ha_ct_shrink::9581.791*26.94] ==> counted 36785363 distinct minimizer k-mers
[M::ha_pt_gen::] counting in normal mode
[M::yak_count] collected 1198323606 minimizers
[M::yak_count] collected 0 minimizers
[M::ha_pt_gen::9873.731*27.00] ==> indexed 1196523156 positions, counted 36785363 distinct minimizer k-mers
[M::ha_assemble::15696.077*28.84@55.217GB] ==> corrected reads for round 2
[M::ha_assemble] # bases: 48530637502; # corrected bases: 3439927; # recorrected bases: 27168
[M::ha_assemble] size of buffer: 13.777GB
[M::yak_count] collected 1197583377 minimizers
[M::yak_count] collected 0 minimizers
[M::ha_pt_gen::15935.426*28.83] ==> counted 37757447 distinct minimizer k-mers
[M::ha_pt_gen] count[4095] = 0 (for sanity check)
[M::ha_analyze_count] lowest: count[5] = 93353
[M::ha_analyze_count] highest: count[20] = 1205705
[M::ha_hist_line]     1: ***************************************************************************************** 1067466
[M::ha_hist_line]     2: ************ 140193
[M::ha_hist_line]     3: ********* 105461
[M::ha_hist_line]     4: ******** 98034
[M::ha_hist_line]     5: ******** 93353
[M::ha_hist_line]     6: ******** 98196
[M::ha_hist_line]     7: ********* 110753
[M::ha_hist_line]     8: *********** 131854
[M::ha_hist_line]     9: ************* 161322
[M::ha_hist_line]    10: ***************** 210947
[M::ha_hist_line]    11: *********************** 277917
[M::ha_hist_line]    12: ******************************* 368759
[M::ha_hist_line]    13: **************************************** 482089
[M::ha_hist_line]    14: *************************************************** 611690
[M::ha_hist_line]    15: ************************************************************** 749399
[M::ha_hist_line]    16: ************************************************************************** 897326
[M::ha_hist_line]    17: ************************************************************************************* 1028758
[M::ha_hist_line]    18: ********************************************************************************************* 1121320
[M::ha_hist_line]    19: *************************************************************************************************** 1190280
[M::ha_hist_line]    20: **************************************************************************************************** 1205705
[M::ha_hist_line]    21: ************************************************************************************************** 1175602
[M::ha_hist_line]    22: ********************************************************************************************* 1117838
[M::ha_hist_line]    23: ************************************************************************************* 1026528
[M::ha_hist_line]    24: **************************************************************************** 918356
[M::ha_hist_line]    25: ******************************************************************* 810578
[M::ha_hist_line]    26: *********************************************************** 712676
[M::ha_hist_line]    27: **************************************************** 631875
[M::ha_hist_line]    28: ************************************************ 576241
[M::ha_hist_line]    29: ********************************************* 545239
[M::ha_hist_line]    30: ********************************************* 540876
[M::ha_hist_line]    31: *********************************************** 567035
[M::ha_hist_line]    32: *************************************************** 618586
[M::ha_hist_line]    33: ******************************************************** 676060
[M::ha_hist_line]    34: ************************************************************** 751923
[M::ha_hist_line]    35: ******************************************************************** 824884
[M::ha_hist_line]    36: ************************************************************************** 898084
[M::ha_hist_line]    37: ******************************************************************************** 965736
[M::ha_hist_line]    38: ************************************************************************************* 1029996
[M::ha_hist_line]    39: ***************************************************************************************** 1068369
[M::ha_hist_line]    40: ****************************************************************************************** 1090829
[M::ha_hist_line]    41: ******************************************************************************************* 1095721
[M::ha_hist_line]    42: ****************************************************************************************** 1080335
[M::ha_hist_line]    43: *************************************************************************************** 1043597
[M::ha_hist_line]    44: ********************************************************************************** 985623
[M::ha_hist_line]    45: **************************************************************************** 912021
[M::ha_hist_line]    46: ********************************************************************** 838271
[M::ha_hist_line]    47: *************************************************************** 758595
[M::ha_hist_line]    48: ******************************************************** 672510
[M::ha_hist_line]    49: ************************************************* 589518
[M::ha_hist_line]    50: ****************************************** 505846
[M::ha_hist_line]    51: *********************************** 427990
[M::ha_hist_line]    52: ***************************** 355371
[M::ha_hist_line]    53: ************************ 291204
[M::ha_hist_line]    54: ******************** 237430
[M::ha_hist_line]    55: **************** 190982
[M::ha_hist_line]    56: ************* 151083
[M::ha_hist_line]    57: ********** 118568
[M::ha_hist_line]    58: ******** 92200
[M::ha_hist_line]    59: ****** 71891
[M::ha_hist_line]    60: ***** 55558
[M::ha_hist_line]    61: **** 43355
[M::ha_hist_line]    62: *** 33820
[M::ha_hist_line]    63: ** 26586
[M::ha_hist_line]    64: ** 21000
[M::ha_hist_line]    65: * 17338
[M::ha_hist_line]    66: * 14003
[M::ha_hist_line]    67: * 11372
[M::ha_hist_line]    68: * 10011
[M::ha_hist_line]    69: * 9208
[M::ha_hist_line]    70: * 8381
[M::ha_hist_line]    71: * 7877
[M::ha_hist_line]    72: * 7417
[M::ha_hist_line]    73: * 7142
[M::ha_hist_line]    74: * 7070
[M::ha_hist_line]    75: * 6812
[M::ha_hist_line]    76: * 6379
[M::ha_hist_line]    77: * 6318
[M::ha_hist_line]    78: * 6346
[M::ha_hist_line]    79: * 6322
[M::ha_hist_line]  rest: *************************** 328243
[M::ha_analyze_count] left: none
[M::ha_analyze_count] right: count[41] = 1095721
[M::ha_pt_gen] peak_hom: 41; peak_het: 20
[M::ha_ct_shrink::15935.575*28.83] ==> counted 36689981 distinct minimizer k-mers
[M::ha_pt_gen::] counting in normal mode
[M::yak_count] collected 1197583377 minimizers
[M::yak_count] collected 0 minimizers
[M::ha_pt_gen::16193.254*28.83] ==> indexed 1196515911 positions, counted 36689981 distinct minimizer k-mers
[M::ha_assemble::21975.172*29.65@79.853GB] ==> corrected reads for round 3
[M::ha_assemble] # bases: 48528877362; # corrected bases: 381488; # recorrected bases: 28902
[M::ha_assemble] size of buffer: 13.882GB
[M::yak_count] collected 1197461643 minimizers
[M::yak_count] collected 0 minimizers
[M::ha_pt_gen::22218.046*29.63] ==> counted 37660651 distinct minimizer k-mers
[M::ha_pt_gen] count[4095] = 0 (for sanity check)
[M::ha_analyze_count] lowest: count[5] = 92803
[M::ha_analyze_count] highest: count[20] = 1205743
[M::ha_hist_line]     1: ********************************************************************************** 985452
[M::ha_hist_line]     2: *********** 132107
[M::ha_hist_line]     3: ********* 102516
[M::ha_hist_line]     4: ******** 96643
[M::ha_hist_line]     5: ******** 92803
[M::ha_hist_line]     6: ******** 97783
[M::ha_hist_line]     7: ********* 110537
[M::ha_hist_line]     8: *********** 131742
[M::ha_hist_line]     9: ************* 161345
[M::ha_hist_line]    10: ***************** 210795
[M::ha_hist_line]    11: *********************** 277769
[M::ha_hist_line]    12: ******************************* 368677
[M::ha_hist_line]    13: **************************************** 481904
[M::ha_hist_line]    14: *************************************************** 611668
[M::ha_hist_line]    15: ************************************************************** 749405
[M::ha_hist_line]    16: ************************************************************************** 897177
[M::ha_hist_line]    17: ************************************************************************************* 1028667
[M::ha_hist_line]    18: ********************************************************************************************* 1121218
[M::ha_hist_line]    19: *************************************************************************************************** 1190306
[M::ha_hist_line]    20: **************************************************************************************************** 1205743
[M::ha_hist_line]    21: ************************************************************************************************* 1175492
[M::ha_hist_line]    22: ********************************************************************************************* 1117764
[M::ha_hist_line]    23: ************************************************************************************* 1026512
[M::ha_hist_line]    24: **************************************************************************** 918361
[M::ha_hist_line]    25: ******************************************************************* 810622
[M::ha_hist_line]    26: *********************************************************** 712627
[M::ha_hist_line]    27: **************************************************** 631960
[M::ha_hist_line]    28: ************************************************ 576211
[M::ha_hist_line]    29: ********************************************* 545235
[M::ha_hist_line]    30: ********************************************* 540764
[M::ha_hist_line]    31: *********************************************** 566946
[M::ha_hist_line]    32: *************************************************** 618532
[M::ha_hist_line]    33: ******************************************************** 676076
[M::ha_hist_line]    34: ************************************************************** 751797
[M::ha_hist_line]    35: ******************************************************************** 824945
[M::ha_hist_line]    36: ************************************************************************** 898125
[M::ha_hist_line]    37: ******************************************************************************** 965705
[M::ha_hist_line]    38: ************************************************************************************* 1029878
[M::ha_hist_line]    39: ***************************************************************************************** 1068390
[M::ha_hist_line]    40: ****************************************************************************************** 1090831
[M::ha_hist_line]    41: ******************************************************************************************* 1095717
[M::ha_hist_line]    42: ****************************************************************************************** 1080332
[M::ha_hist_line]    43: *************************************************************************************** 1043615
[M::ha_hist_line]    44: ********************************************************************************** 985672
[M::ha_hist_line]    45: **************************************************************************** 911977
[M::ha_hist_line]    46: ********************************************************************** 838298
[M::ha_hist_line]    47: *************************************************************** 758662
[M::ha_hist_line]    48: ******************************************************** 672573
[M::ha_hist_line]    49: ************************************************* 589484
[M::ha_hist_line]    50: ****************************************** 505904
[M::ha_hist_line]    51: *********************************** 427956
[M::ha_hist_line]    52: ***************************** 355458
[M::ha_hist_line]    53: ************************ 291156
[M::ha_hist_line]    54: ******************** 237534
[M::ha_hist_line]    55: **************** 191060
[M::ha_hist_line]    56: ************* 151120
[M::ha_hist_line]    57: ********** 118480
[M::ha_hist_line]    58: ******** 92204
[M::ha_hist_line]    59: ****** 71929
[M::ha_hist_line]    60: ***** 55626
[M::ha_hist_line]    61: **** 43337
[M::ha_hist_line]    62: *** 33816
[M::ha_hist_line]    63: ** 26578
[M::ha_hist_line]    64: ** 21029
[M::ha_hist_line]    65: * 17340
[M::ha_hist_line]    66: * 13959
[M::ha_hist_line]    67: * 11385
[M::ha_hist_line]    68: * 9952
[M::ha_hist_line]    69: * 9221
[M::ha_hist_line]    70: * 8401
[M::ha_hist_line]    71: * 7876
[M::ha_hist_line]    72: * 7407
[M::ha_hist_line]    73: * 7153
[M::ha_hist_line]    74: * 7045
[M::ha_hist_line]    75: * 6822
[M::ha_hist_line]    76: * 6352
[M::ha_hist_line]    77: * 6353
[M::ha_hist_line]    78: * 6332
[M::ha_hist_line]    79: * 6285
[M::ha_hist_line]    80: * 6068
[M::ha_hist_line]  rest: *************************** 322153
[M::ha_analyze_count] left: none
[M::ha_analyze_count] right: count[41] = 1095717
[M::ha_pt_gen] peak_hom: 41; peak_het: 20
[M::ha_ct_shrink::22218.195*29.63] ==> counted 36675199 distinct minimizer k-mers
[M::ha_pt_gen::] counting in normal mode
[M::yak_count] collected 1197461643 minimizers
[M::yak_count] collected 0 minimizers
[M::ha_pt_gen::22493.804*29.61] ==> indexed 1196476191 positions, counted 36675199 distinct minimizer k-mers
[M::ha_assemble::23545.534*29.71@84.024GB] ==> found overlaps for the final round
[M::ha_print_ovlp_stat] # overlaps: 140610750
[M::ha_print_ovlp_stat] # strong overlaps: 121784150
[M::ha_print_ovlp_stat] # weak overlaps: 18826600
[M::ha_print_ovlp_stat] # exact overlaps: 136750739
[M::ha_print_ovlp_stat] # inexact overlaps: 3860011
[M::ha_print_ovlp_stat] # overlaps without large indels: 140417462
[M::ha_print_ovlp_stat] # reverse overlaps: 232786351
Writing reads to disk... 
Reads has been written.
Writing ma_hit_ts to disk... 
ma_hit_ts has been written.
Writing ma_hit_ts to disk... 
ma_hit_ts has been written.
bin files have been written.
[M::purge_dups] homozygous read coverage threshold: 40
[M::purge_dups] purge duplication coverage threshold: 51
Writing raw unitig GFA to disk... 
Writing processed unitig GFA to disk... 
[M::purge_dups] homozygous read coverage threshold: 40
[M::purge_dups] purge duplication coverage threshold: 51
[M::mc_solve_core::1.696] ==> Partition
[M::adjust_utg_by_primary] primary contig coverage range: [34, infinity]
Writing MCZ_orn_366494.bp.p_ctg.gfa to disk... 
[M::adjust_utg_by_trio] primary contig coverage range: [34, infinity]
Writing MCZ_orn_366494.bp.hap1.p_ctg.gfa to disk... 
[M::adjust_utg_by_trio] primary contig coverage range: [34, infinity]
Writing MCZ_orn_366494.bp.hap2.p_ctg.gfa to disk... 
Inconsistency threshold for low-quality regions in BED files: 70%
[M::main] Version: 0.16.1-r375
[M::main] CMD: ../hifiasm -t32 -o MCZ_orn_366494 /hlilab/21data/Scott-bird/MCZ_orn_366494/reads/r64086e_20211008_181539.fa.gz /hlilab/21data/Scott-bird/MCZ_orn_366494/reads/r64190e_20211012_151719.fa.gz
[M::main] Real time: 24830.677 sec; CPU: 706521.248 sec; Peak RSS: 84.024 GB
