[M::ha_analyze_count] lowest: count[11] = 6469920
[M::ha_analyze_count] highest: count[42] = 30456961
[M::ha_hist_line]     2: ************************************************************************ 21953115
[M::ha_hist_line]     3: ********************************************************* 17397246
[M::ha_hist_line]     4: ********************************************************* 17258194
[M::ha_hist_line]     5: ***************************************************** 16213092
[M::ha_hist_line]     6: ************************************************ 14500408
[M::ha_hist_line]     7: **************************************** 12104971
[M::ha_hist_line]     8: ******************************** 9599891
[M::ha_hist_line]     9: ************************* 7697375
[M::ha_hist_line]    10: ********************** 6650621
[M::ha_hist_line]    11: ********************* 6469920
[M::ha_hist_line]    12: *********************** 7112616
[M::ha_hist_line]    13: **************************** 8416633
[M::ha_hist_line]    14: ********************************** 10337861
[M::ha_hist_line]    15: ****************************************** 12707648
[M::ha_hist_line]    16: ************************************************** 15195891
[M::ha_hist_line]    17: ********************************************************** 17755740
[M::ha_hist_line]    18: ***************************************************************** 19792242
[M::ha_hist_line]    19: *********************************************************************** 21505820
[M::ha_hist_line]    20: ************************************************************************** 22490294
[M::ha_hist_line]    21: *************************************************************************** 22711258
[M::ha_hist_line]    22: ************************************************************************* 22240595
[M::ha_hist_line]    23: ********************************************************************* 21109905
[M::ha_hist_line]    24: **************************************************************** 19586983
[M::ha_hist_line]    25: *********************************************************** 17865315
[M::ha_hist_line]    26: ***************************************************** 16063836
[M::ha_hist_line]    27: ************************************************ 14554256
[M::ha_hist_line]    28: ******************************************** 13522157
[M::ha_hist_line]    29: ****************************************** 12934928
[M::ha_hist_line]    30: ****************************************** 12822746
[M::ha_hist_line]    31: ******************************************** 13345624
[M::ha_hist_line]    32: *********************************************** 14428364
[M::ha_hist_line]    33: **************************************************** 15910010
[M::ha_hist_line]    34: ********************************************************** 17704038
[M::ha_hist_line]    35: ***************************************************************** 19715753
[M::ha_hist_line]    36: ************************************************************************ 21916690
[M::ha_hist_line]    37: ******************************************************************************* 23990251
[M::ha_hist_line]    38: ************************************************************************************* 25984945
[M::ha_hist_line]    39: ******************************************************************************************* 27727871
[M::ha_hist_line]    40: ************************************************************************************************ 29110566
[M::ha_hist_line]    41: *************************************************************************************************** 30057764
[M::ha_hist_line]    42: **************************************************************************************************** 30456961
[M::ha_hist_line]    43: **************************************************************************************************** 30404020
[M::ha_hist_line]    44: ************************************************************************************************** 29742243
[M::ha_hist_line]    45: ********************************************************************************************** 28554584
[M::ha_hist_line]    46: **************************************************************************************** 26897640
[M::ha_hist_line]    47: ********************************************************************************** 24930630
[M::ha_hist_line]    48: ************************************************************************** 22638964
[M::ha_hist_line]    49: ****************************************************************** 20205364
[M::ha_hist_line]    50: ********************************************************** 17684310
[M::ha_hist_line]    51: ************************************************** 15229202
[M::ha_hist_line]    52: ****************************************** 12831980
[M::ha_hist_line]    53: *********************************** 10730103
[M::ha_hist_line]    54: ***************************** 8803398
[M::ha_hist_line]    55: ************************ 7162843
[M::ha_hist_line]    56: ******************* 5709684
[M::ha_hist_line]    57: *************** 4437658
[M::ha_hist_line]    58: *********** 3459517
[M::ha_hist_line]    59: ********* 2670833
[M::ha_hist_line]    60: ******* 1993271
[M::ha_hist_line]    61: ***** 1490622
[M::ha_hist_line]    62: **** 1112120
[M::ha_hist_line]    63: *** 839733
[M::ha_hist_line]    64: ** 614112
[M::ha_hist_line]    65: * 451199
[M::ha_hist_line]    66: * 347258
[M::ha_hist_line]    67: * 270979
[M::ha_hist_line]    68: * 216168
[M::ha_hist_line]    69: * 172206
[M::ha_hist_line]  rest: ******************** 6217221
[M::ha_analyze_count] left: count[21] = 22711258
[M::ha_analyze_count] right: none
[M::ha_ft_gen] peak_hom: 42; peak_het: 21
[M::ha_ct_shrink::1503.277*9.27] ==> counted 2028988 distinct minimizer k-mers
[M::ha_ft_gen::1507.441*9.25@32.796GB] ==> filtered out 2028988 k-mers occurring 210 or more times
[M::ha_opt_update_cov] updated max_n_chain to 210
[M::yak_count] collected 681682623 minimizers
[M::yak_count] collected 613743776 minimizers
[M::ha_pt_gen::2047.294*10.77] ==> counted 68345791 distinct minimizer k-mers
[M::ha_pt_gen] count[4095] = 0 (for sanity check)
[M::ha_analyze_count] lowest: count[10] = 302123
[M::ha_analyze_count] highest: count[42] = 1152907
[M::ha_hist_line]     1: ****************************************************************************************************> 26984148
[M::ha_hist_line]     2: ****************************************************************************************************> 1564560
[M::ha_hist_line]     3: ****************************************************************************** 903231
[M::ha_hist_line]     4: ******************************************************************* 777721
[M::ha_hist_line]     5: ************************************************************ 687762
[M::ha_hist_line]     6: **************************************************** 599123
[M::ha_hist_line]     7: ******************************************* 498336
[M::ha_hist_line]     8: *********************************** 402206
[M::ha_hist_line]     9: ***************************** 333603
[M::ha_hist_line]    10: ************************** 302123
[M::ha_hist_line]    11: ************************** 304562
[M::ha_hist_line]    12: ****************************** 340657
[M::ha_hist_line]    13: *********************************** 404175
[M::ha_hist_line]    14: ******************************************* 492123
[M::ha_hist_line]    15: **************************************************** 600230
[M::ha_hist_line]    16: ************************************************************** 709961
[M::ha_hist_line]    17: *********************************************************************** 823111
[M::ha_hist_line]    18: ******************************************************************************* 908846
[M::ha_hist_line]    19: ************************************************************************************* 978266
[M::ha_hist_line]    20: **************************************************************************************** 1016057
[M::ha_hist_line]    21: **************************************************************************************** 1018364
[M::ha_hist_line]    22: ************************************************************************************** 989390
[M::ha_hist_line]    23: ********************************************************************************* 930719
[M::ha_hist_line]    24: ************************************************************************** 858841
[M::ha_hist_line]    25: ******************************************************************* 775837
[M::ha_hist_line]    26: ************************************************************ 690277
[M::ha_hist_line]    27: ****************************************************** 619199
[M::ha_hist_line]    28: ************************************************* 567823
[M::ha_hist_line]    29: ********************************************** 535187
[M::ha_hist_line]    30: ********************************************* 523918
[M::ha_hist_line]    31: *********************************************** 539202
[M::ha_hist_line]    32: ************************************************** 576404
[M::ha_hist_line]    33: ******************************************************* 630428
[M::ha_hist_line]    34: ************************************************************ 694411
[M::ha_hist_line]    35: ******************************************************************* 770458
[M::ha_hist_line]    36: ************************************************************************** 850754
[M::ha_hist_line]    37: ******************************************************************************** 926060
[M::ha_hist_line]    38: *************************************************************************************** 1000368
[M::ha_hist_line]    39: ******************************************************************************************** 1061889
[M::ha_hist_line]    40: ************************************************************************************************ 1110259
[M::ha_hist_line]    41: *************************************************************************************************** 1139432
[M::ha_hist_line]    42: **************************************************************************************************** 1152907
[M::ha_hist_line]    43: *************************************************************************************************** 1145654
[M::ha_hist_line]    44: ************************************************************************************************* 1115139
[M::ha_hist_line]    45: ******************************************************************************************** 1065998
[M::ha_hist_line]    46: *************************************************************************************** 999541
[M::ha_hist_line]    47: ******************************************************************************** 922744
[M::ha_hist_line]    48: ************************************************************************ 833646
[M::ha_hist_line]    49: **************************************************************** 743620
[M::ha_hist_line]    50: ******************************************************** 647859
[M::ha_hist_line]    51: ************************************************ 555650
[M::ha_hist_line]    52: ***************************************** 467522
[M::ha_hist_line]    53: ********************************** 390757
[M::ha_hist_line]    54: **************************** 318980
[M::ha_hist_line]    55: *********************** 259588
[M::ha_hist_line]    56: ****************** 206326
[M::ha_hist_line]    57: ************** 160885
[M::ha_hist_line]    58: *********** 125865
[M::ha_hist_line]    59: ********* 98230
[M::ha_hist_line]    60: ****** 73591
[M::ha_hist_line]    61: ***** 55760
[M::ha_hist_line]    62: **** 42776
[M::ha_hist_line]    63: *** 32922
[M::ha_hist_line]    64: ** 25079
[M::ha_hist_line]    65: ** 19417
[M::ha_hist_line]    66: * 15715
[M::ha_hist_line]    67: * 12951
[M::ha_hist_line]    68: * 11240
[M::ha_hist_line]    69: * 9492
[M::ha_hist_line]    70: * 8677
[M::ha_hist_line]    71: * 7641
[M::ha_hist_line]    72: * 7416
[M::ha_hist_line]    73: * 6920
[M::ha_hist_line]    74: * 6797
[M::ha_hist_line]    75: * 6575
[M::ha_hist_line]    76: * 6408
[M::ha_hist_line]    77: * 6458
[M::ha_hist_line]    78: * 6273
[M::ha_hist_line]    79: * 6164
[M::ha_hist_line]    80: * 6003
[M::ha_hist_line]    81: * 6391
[M::ha_hist_line]    82: * 6001
[M::ha_hist_line]    83: * 6031
[M::ha_hist_line]  rest: ************************** 302161
[M::ha_analyze_count] left: count[21] = 1018364
[M::ha_analyze_count] right: none
[M::ha_pt_gen] peak_hom: 42; peak_het: 21
[M::ha_ct_shrink::2047.410*10.77] ==> counted 41361643 distinct minimizer k-mers
[M::ha_pt_gen::] counting in normal mode
[M::yak_count] collected 1295426399 minimizers
[M::yak_count] collected 0 minimizers
[M::ha_pt_gen::2411.797*12.53] ==> indexed 1268442251 positions, counted 41361643 distinct minimizer k-mers
[M::ha_assemble::7933.931*26.06@42.121GB] ==> corrected reads for round 1
[M::ha_assemble] # bases: 52120860746; # corrected bases: 118656658; # recorrected bases: 106729
[M::ha_assemble] size of buffer: 15.369GB
[M::yak_count] collected 1288258378 minimizers
[M::yak_count] collected 0 minimizers
[M::ha_pt_gen::8198.271*26.08] ==> counted 43560398 distinct minimizer k-mers
[M::ha_pt_gen] count[4095] = 0 (for sanity check)
[M::ha_analyze_count] lowest: count[11] = 283652
[M::ha_analyze_count] highest: count[43] = 1141528
[M::ha_hist_line]     1: ****************************************************************************************************> 3575417
[M::ha_hist_line]     2: *************************************************************** 717399
[M::ha_hist_line]     3: ********************************************************* 652593
[M::ha_hist_line]     4: *********************************************************** 669779
[M::ha_hist_line]     5: ******************************************************* 626782
[M::ha_hist_line]     6: ************************************************* 564165
[M::ha_hist_line]     7: ****************************************** 477288
[M::ha_hist_line]     8: ********************************** 387280
[M::ha_hist_line]     9: **************************** 318916
[M::ha_hist_line]    10: ************************* 286579
[M::ha_hist_line]    11: ************************* 283652
[M::ha_hist_line]    12: **************************** 315214
[M::ha_hist_line]    13: ********************************* 371037
[M::ha_hist_line]    14: **************************************** 453444
[M::ha_hist_line]    15: ************************************************* 557450
[M::ha_hist_line]    16: ********************************************************** 662290
[M::ha_hist_line]    17: ******************************************************************** 776618
[M::ha_hist_line]    18: **************************************************************************** 867590
[M::ha_hist_line]    19: *********************************************************************************** 944504
[M::ha_hist_line]    20: *************************************************************************************** 992735
[M::ha_hist_line]    21: ***************************************************************************************** 1010329
[M::ha_hist_line]    22: *************************************************************************************** 991014
[M::ha_hist_line]    23: *********************************************************************************** 944585
[M::ha_hist_line]    24: ***************************************************************************** 876259
[M::ha_hist_line]    25: ********************************************************************** 798587
[M::ha_hist_line]    26: ************************************************************** 712235
[M::ha_hist_line]    27: ******************************************************** 635905
[M::ha_hist_line]    28: ************************************************** 574129
[M::ha_hist_line]    29: *********************************************** 534714
[M::ha_hist_line]    30: ********************************************* 511656
[M::ha_hist_line]    31: ********************************************* 511711
[M::ha_hist_line]    32: *********************************************** 537938
[M::ha_hist_line]    33: *************************************************** 582756
[M::ha_hist_line]    34: ******************************************************** 638987
[M::ha_hist_line]    35: ************************************************************** 707836
[M::ha_hist_line]    36: ********************************************************************* 790733
[M::ha_hist_line]    37: **************************************************************************** 863438
[M::ha_hist_line]    38: ********************************************************************************** 937016
[M::ha_hist_line]    39: ***************************************************************************************** 1010970
[M::ha_hist_line]    40: ********************************************************************************************* 1064738
[M::ha_hist_line]    41: ************************************************************************************************* 1112628
[M::ha_hist_line]    42: *************************************************************************************************** 1134238
[M::ha_hist_line]    43: **************************************************************************************************** 1141528
[M::ha_hist_line]    44: *************************************************************************************************** 1128154
[M::ha_hist_line]    45: ************************************************************************************************ 1094265
[M::ha_hist_line]    46: ******************************************************************************************* 1040768
[M::ha_hist_line]    47: ************************************************************************************** 976359
[M::ha_hist_line]    48: ****************************************************************************** 893603
[M::ha_hist_line]    49: *********************************************************************** 810529
[M::ha_hist_line]    50: *************************************************************** 716669
[M::ha_hist_line]    51: ******************************************************* 623704
[M::ha_hist_line]    52: *********************************************** 531915
[M::ha_hist_line]    53: *************************************** 449663
[M::ha_hist_line]    54: ********************************* 372349
[M::ha_hist_line]    55: *************************** 306725
[M::ha_hist_line]    56: ********************** 249950
[M::ha_hist_line]    57: ***************** 194976
[M::ha_hist_line]    58: ************** 154733
[M::ha_hist_line]    59: *********** 121578
[M::ha_hist_line]    60: ******** 93032
[M::ha_hist_line]    61: ****** 69904
[M::ha_hist_line]    62: ***** 53540
[M::ha_hist_line]    63: **** 40966
[M::ha_hist_line]    64: *** 31510
[M::ha_hist_line]    65: ** 24226
[M::ha_hist_line]    66: ** 18533
[M::ha_hist_line]    67: * 15239
[M::ha_hist_line]    68: * 12345
[M::ha_hist_line]    69: * 10511
[M::ha_hist_line]    70: * 9431
[M::ha_hist_line]    71: * 8391
[M::ha_hist_line]    72: * 7847
[M::ha_hist_line]    73: * 6913
[M::ha_hist_line]    74: * 6534
[M::ha_hist_line]    75: * 6532
[M::ha_hist_line]    76: * 6314
[M::ha_hist_line]    77: * 6438
[M::ha_hist_line]    78: * 6062
[M::ha_hist_line]    79: * 6079
[M::ha_hist_line]    80: * 5822
[M::ha_hist_line]    81: * 5891
[M::ha_hist_line]    82: * 6106
[M::ha_hist_line]    83: * 6137
[M::ha_hist_line]    84: * 5920
[M::ha_hist_line]  rest: ************************** 299573
[M::ha_analyze_count] left: count[21] = 1010329
[M::ha_analyze_count] right: none
[M::ha_pt_gen] peak_hom: 43; peak_het: 21
[M::ha_ct_shrink::8198.450*26.08] ==> counted 39984981 distinct minimizer k-mers
[M::ha_pt_gen::] counting in normal mode
[M::yak_count] collected 1288258378 minimizers
[M::yak_count] collected 0 minimizers
[M::ha_pt_gen::8489.078*26.14] ==> indexed 1284682961 positions, counted 39984981 distinct minimizer k-mers
[M::ha_assemble::13091.927*28.19@57.868GB] ==> corrected reads for round 2
[M::ha_assemble] # bases: 52100344790; # corrected bases: 3779527; # recorrected bases: 30966
[M::ha_assemble] size of buffer: 14.321GB
[M::yak_count] collected 1287327993 minimizers
[M::yak_count] collected 0 minimizers
[M::ha_pt_gen::13343.679*28.19] ==> counted 42505999 distinct minimizer k-mers
[M::ha_pt_gen] count[4095] = 0 (for sanity check)
[M::ha_analyze_count] lowest: count[11] = 283779
[M::ha_analyze_count] highest: count[43] = 1141718
[M::ha_hist_line]     1: ****************************************************************************************************> 2658295
[M::ha_hist_line]     2: ******************************************************** 638113
[M::ha_hist_line]     3: ****************************************************** 618500
[M::ha_hist_line]     4: ********************************************************* 654311
[M::ha_hist_line]     5: ****************************************************** 622010
[M::ha_hist_line]     6: ************************************************* 562492
[M::ha_hist_line]     7: ****************************************** 476952
[M::ha_hist_line]     8: ********************************** 387690
[M::ha_hist_line]     9: **************************** 319873
[M::ha_hist_line]    10: ************************* 286484
[M::ha_hist_line]    11: ************************* 283779
[M::ha_hist_line]    12: **************************** 314768
[M::ha_hist_line]    13: ******************************** 370078
[M::ha_hist_line]    14: **************************************** 452985
[M::ha_hist_line]    15: ************************************************* 556428
[M::ha_hist_line]    16: ********************************************************** 660932
[M::ha_hist_line]    17: ******************************************************************** 775266
[M::ha_hist_line]    18: **************************************************************************** 867514
[M::ha_hist_line]    19: *********************************************************************************** 943279
[M::ha_hist_line]    20: *************************************************************************************** 992761
[M::ha_hist_line]    21: **************************************************************************************** 1010040
[M::ha_hist_line]    22: *************************************************************************************** 990591
[M::ha_hist_line]    23: *********************************************************************************** 944440
[M::ha_hist_line]    24: ***************************************************************************** 876598
[M::ha_hist_line]    25: ********************************************************************** 799011
[M::ha_hist_line]    26: ************************************************************** 712308
[M::ha_hist_line]    27: ******************************************************** 636184
[M::ha_hist_line]    28: ************************************************** 574186
[M::ha_hist_line]    29: *********************************************** 534920
[M::ha_hist_line]    30: ********************************************* 511001
[M::ha_hist_line]    31: ********************************************* 511253
[M::ha_hist_line]    32: *********************************************** 536858
[M::ha_hist_line]    33: *************************************************** 581770
[M::ha_hist_line]    34: ******************************************************** 638296
[M::ha_hist_line]    35: ************************************************************** 707042
[M::ha_hist_line]    36: ********************************************************************* 789856
[M::ha_hist_line]    37: **************************************************************************** 862334
[M::ha_hist_line]    38: ********************************************************************************** 936088
[M::ha_hist_line]    39: **************************************************************************************** 1009117
[M::ha_hist_line]    40: ********************************************************************************************* 1064200
[M::ha_hist_line]    41: ************************************************************************************************* 1112287
[M::ha_hist_line]    42: *************************************************************************************************** 1133658
[M::ha_hist_line]    43: **************************************************************************************************** 1141718
[M::ha_hist_line]    44: *************************************************************************************************** 1128856
[M::ha_hist_line]    45: ************************************************************************************************ 1094367
[M::ha_hist_line]    46: ******************************************************************************************* 1041559
[M::ha_hist_line]    47: ************************************************************************************** 977143
[M::ha_hist_line]    48: ****************************************************************************** 894552
[M::ha_hist_line]    49: *********************************************************************** 811478
[M::ha_hist_line]    50: *************************************************************** 718051
[M::ha_hist_line]    51: ******************************************************* 624821
[M::ha_hist_line]    52: *********************************************** 533159
[M::ha_hist_line]    53: *************************************** 450811
[M::ha_hist_line]    54: ********************************* 373242
[M::ha_hist_line]    55: *************************** 307436
[M::ha_hist_line]    56: ********************** 250919
[M::ha_hist_line]    57: ***************** 195679
[M::ha_hist_line]    58: ************** 155150
[M::ha_hist_line]    59: *********** 121956
[M::ha_hist_line]    60: ******** 93397
[M::ha_hist_line]    61: ****** 70001
[M::ha_hist_line]    62: ***** 53651
[M::ha_hist_line]    63: **** 40978
[M::ha_hist_line]    64: *** 31547
[M::ha_hist_line]    65: ** 24250
[M::ha_hist_line]    66: ** 18655
[M::ha_hist_line]    67: * 15295
[M::ha_hist_line]    68: * 12386
[M::ha_hist_line]    69: * 10508
[M::ha_hist_line]    70: * 9322
[M::ha_hist_line]    71: * 8349
[M::ha_hist_line]    72: * 7894
[M::ha_hist_line]    73: * 6904
[M::ha_hist_line]    74: * 6475
[M::ha_hist_line]    75: * 6533
[M::ha_hist_line]    76: * 6358
[M::ha_hist_line]    77: * 6390
[M::ha_hist_line]    78: * 6020
[M::ha_hist_line]    79: * 6120
[M::ha_hist_line]    80: * 5938
[M::ha_hist_line]    81: * 5879
[M::ha_hist_line]    82: * 6038
[M::ha_hist_line]    83: * 6165
[M::ha_hist_line]    84: * 6005
[M::ha_hist_line]  rest: ************************** 299496
[M::ha_analyze_count] left: count[21] = 1010040
[M::ha_analyze_count] right: none
[M::ha_pt_gen] peak_hom: 43; peak_het: 21
[M::ha_ct_shrink::13343.801*28.19] ==> counted 39847704 distinct minimizer k-mers
[M::ha_pt_gen::] counting in normal mode
[M::yak_count] collected 1287327993 minimizers
[M::yak_count] collected 0 minimizers
[M::ha_pt_gen::13626.246*28.19] ==> indexed 1284669698 positions, counted 39847704 distinct minimizer k-mers
[M::ha_assemble::18273.302*29.15@83.332GB] ==> corrected reads for round 3
[M::ha_assemble] # bases: 52099166291; # corrected bases: 493548; # recorrected bases: 31742
[M::ha_assemble] size of buffer: 14.150GB
[M::yak_count] collected 1287155180 minimizers
[M::yak_count] collected 0 minimizers
[M::ha_pt_gen::18528.694*29.14] ==> counted 42367617 distinct minimizer k-mers
[M::ha_pt_gen] count[4095] = 0 (for sanity check)
[M::ha_analyze_count] lowest: count[11] = 284045
[M::ha_analyze_count] highest: count[43] = 1141743
[M::ha_hist_line]     1: ****************************************************************************************************> 2546507
[M::ha_hist_line]     2: ******************************************************* 622474
[M::ha_hist_line]     3: ****************************************************** 611049
[M::ha_hist_line]     4: ********************************************************* 650521
[M::ha_hist_line]     5: ****************************************************** 620704
[M::ha_hist_line]     6: ************************************************* 562697
[M::ha_hist_line]     7: ****************************************** 477961
[M::ha_hist_line]     8: ********************************** 388401
[M::ha_hist_line]     9: **************************** 320265
[M::ha_hist_line]    10: ************************* 286601
[M::ha_hist_line]    11: ************************* 284045
[M::ha_hist_line]    12: **************************** 314608
[M::ha_hist_line]    13: ******************************** 370121
[M::ha_hist_line]    14: **************************************** 452755
[M::ha_hist_line]    15: ************************************************* 556536
[M::ha_hist_line]    16: ********************************************************** 660853
[M::ha_hist_line]    17: ******************************************************************** 775176
[M::ha_hist_line]    18: **************************************************************************** 867376
[M::ha_hist_line]    19: *********************************************************************************** 943189
[M::ha_hist_line]    20: *************************************************************************************** 992828
[M::ha_hist_line]    21: **************************************************************************************** 1009920
[M::ha_hist_line]    22: *************************************************************************************** 990395
[M::ha_hist_line]    23: *********************************************************************************** 944400
[M::ha_hist_line]    24: ***************************************************************************** 876597
[M::ha_hist_line]    25: ********************************************************************** 798977
[M::ha_hist_line]    26: ************************************************************** 712381
[M::ha_hist_line]    27: ******************************************************** 636069
[M::ha_hist_line]    28: ************************************************** 574184
[M::ha_hist_line]    29: *********************************************** 534890
[M::ha_hist_line]    30: ********************************************* 510964
[M::ha_hist_line]    31: ********************************************* 511235
[M::ha_hist_line]    32: *********************************************** 536902
[M::ha_hist_line]    33: *************************************************** 581775
[M::ha_hist_line]    34: ******************************************************** 638141
[M::ha_hist_line]    35: ************************************************************** 706978
[M::ha_hist_line]    36: ********************************************************************* 789805
[M::ha_hist_line]    37: **************************************************************************** 862290
[M::ha_hist_line]    38: ********************************************************************************** 936050
[M::ha_hist_line]    39: **************************************************************************************** 1009181
[M::ha_hist_line]    40: ********************************************************************************************* 1064043
[M::ha_hist_line]    41: ************************************************************************************************* 1112231
[M::ha_hist_line]    42: *************************************************************************************************** 1133704
[M::ha_hist_line]    43: **************************************************************************************************** 1141743
[M::ha_hist_line]    44: *************************************************************************************************** 1128741
[M::ha_hist_line]    45: ************************************************************************************************ 1094368
[M::ha_hist_line]    46: ******************************************************************************************* 1041650
[M::ha_hist_line]    47: ************************************************************************************** 977157
[M::ha_hist_line]    48: ****************************************************************************** 894599
[M::ha_hist_line]    49: *********************************************************************** 811637
[M::ha_hist_line]    50: *************************************************************** 718069
[M::ha_hist_line]    51: ******************************************************* 624843
[M::ha_hist_line]    52: *********************************************** 533292
[M::ha_hist_line]    53: *************************************** 450683
[M::ha_hist_line]    54: ********************************* 373364
[M::ha_hist_line]    55: *************************** 307430
[M::ha_hist_line]    56: ********************** 250969
[M::ha_hist_line]    57: ***************** 195678
[M::ha_hist_line]    58: ************** 155167
[M::ha_hist_line]    59: *********** 122003
[M::ha_hist_line]    60: ******** 93413
[M::ha_hist_line]    61: ****** 69985
[M::ha_hist_line]    62: ***** 53684
[M::ha_hist_line]    63: **** 40909
[M::ha_hist_line]    64: *** 31570
[M::ha_hist_line]    65: ** 24248
[M::ha_hist_line]    66: ** 18724
[M::ha_hist_line]    67: * 15233
[M::ha_hist_line]    68: * 12373
[M::ha_hist_line]    69: * 10499
[M::ha_hist_line]    70: * 9315
[M::ha_hist_line]    71: * 8320
[M::ha_hist_line]    72: * 7876
[M::ha_hist_line]    73: * 6892
[M::ha_hist_line]    74: * 6507
[M::ha_hist_line]    75: * 6526
[M::ha_hist_line]    76: * 6412
[M::ha_hist_line]    77: * 6368
[M::ha_hist_line]    78: * 6046
[M::ha_hist_line]    79: * 6067
[M::ha_hist_line]    80: * 5938
[M::ha_hist_line]    81: * 5907
[M::ha_hist_line]    82: * 6050
[M::ha_hist_line]    83: * 6169
[M::ha_hist_line]    84: * 5935
[M::ha_hist_line]  rest: ************************** 299479
[M::ha_analyze_count] left: count[21] = 1009920
[M::ha_analyze_count] right: none
[M::ha_pt_gen] peak_hom: 43; peak_het: 21
[M::ha_ct_shrink::18528.809*29.14] ==> counted 39821110 distinct minimizer k-mers
[M::ha_pt_gen::] counting in normal mode
[M::yak_count] collected 1287155180 minimizers
[M::yak_count] collected 0 minimizers
[M::ha_pt_gen::18823.630*29.09] ==> indexed 1284608673 positions, counted 39821110 distinct minimizer k-mers
[M::ha_assemble::19590.532*29.20@88.159GB] ==> found overlaps for the final round
[M::ha_print_ovlp_stat] # overlaps: 153349281
[M::ha_print_ovlp_stat] # strong overlaps: 135780430
[M::ha_print_ovlp_stat] # weak overlaps: 17568851
[M::ha_print_ovlp_stat] # exact overlaps: 149340395
[M::ha_print_ovlp_stat] # inexact overlaps: 4008886
[M::ha_print_ovlp_stat] # overlaps without large indels: 153109989
[M::ha_print_ovlp_stat] # reverse overlaps: 259888443
Writing reads to disk... 
Reads has been written.
Writing ma_hit_ts to disk... 
ma_hit_ts has been written.
Writing ma_hit_ts to disk... 
ma_hit_ts has been written.
bin files have been written.
[M::purge_dups] homozygous read coverage threshold: 42
[M::purge_dups] purge duplication coverage threshold: 53
Writing raw unitig GFA to disk... 
Writing processed unitig GFA to disk... 
[M::purge_dups] homozygous read coverage threshold: 42
[M::purge_dups] purge duplication coverage threshold: 53
[M::mc_solve_core::1.996] ==> Partition
ERROR-purge
[M::adjust_utg_by_primary] primary contig coverage range: [35, infinity]
Writing MCZ_orn_365326.bp.p_ctg.gfa to disk... 
[M::adjust_utg_by_trio] primary contig coverage range: [35, infinity]
Writing MCZ_orn_365326.bp.hap1.p_ctg.gfa to disk... 
[M::adjust_utg_by_trio] primary contig coverage range: [35, infinity]
Writing MCZ_orn_365326.bp.hap2.p_ctg.gfa to disk... 
Inconsistency threshold for low-quality regions in BED files: 70%
[M::main] Version: 0.16.1-r375
[M::main] CMD: ../hifiasm -o MCZ_orn_365326 -t32 batch1.fa.gz batch2.fa.gz
[M::main] Real time: 20990.583 sec; CPU: 581220.891 sec; Peak RSS: 88.159 GB
