[M::ha_analyze_count] lowest: count[6] = 2634098
[M::ha_analyze_count] highest: count[40] = 31740233
[M::ha_hist_line]     2: ******************************* 9836203
[M::ha_hist_line]     3: ************* 4126850
[M::ha_hist_line]     4: ********** 3117784
[M::ha_hist_line]     5: ********* 2744047
[M::ha_hist_line]     6: ******** 2634098
[M::ha_hist_line]     7: ********* 2725136
[M::ha_hist_line]     8: ********** 3107695
[M::ha_hist_line]     9: *********** 3587467
[M::ha_hist_line]    10: ************** 4552520
[M::ha_hist_line]    11: ****************** 5825558
[M::ha_hist_line]    12: ************************ 7661549
[M::ha_hist_line]    13: ******************************* 9846754
[M::ha_hist_line]    14: *************************************** 12433879
[M::ha_hist_line]    15: ************************************************ 15241422
[M::ha_hist_line]    16: ********************************************************* 17942171
[M::ha_hist_line]    17: **************************************************************** 20247391
[M::ha_hist_line]    18: ********************************************************************* 21986075
[M::ha_hist_line]    19: ************************************************************************* 23090256
[M::ha_hist_line]    20: ************************************************************************** 23351860
[M::ha_hist_line]    21: ************************************************************************ 22819945
[M::ha_hist_line]    22: ******************************************************************** 21661313
[M::ha_hist_line]    23: *************************************************************** 19985204
[M::ha_hist_line]    24: ********************************************************* 18206223
[M::ha_hist_line]    25: **************************************************** 16441309
[M::ha_hist_line]    26: *********************************************** 15006371
[M::ha_hist_line]    27: ******************************************** 14103914
[M::ha_hist_line]    28: ******************************************* 13784613
[M::ha_hist_line]    29: ******************************************** 13920955
[M::ha_hist_line]    30: *********************************************** 14775099
[M::ha_hist_line]    31: *************************************************** 16149008
[M::ha_hist_line]    32: ********************************************************* 17954965
[M::ha_hist_line]    33: *************************************************************** 20088748
[M::ha_hist_line]    34: *********************************************************************** 22401978
[M::ha_hist_line]    35: ****************************************************************************** 24802954
[M::ha_hist_line]    36: ************************************************************************************** 27141743
[M::ha_hist_line]    37: ******************************************************************************************** 29087111
[M::ha_hist_line]    38: ************************************************************************************************ 30549660
[M::ha_hist_line]    39: *************************************************************************************************** 31401797
[M::ha_hist_line]    40: **************************************************************************************************** 31740233
[M::ha_hist_line]    41: *************************************************************************************************** 31452053
[M::ha_hist_line]    42: ************************************************************************************************* 30661266
[M::ha_hist_line]    43: ******************************************************************************************** 29331867
[M::ha_hist_line]    44: *************************************************************************************** 27502843
[M::ha_hist_line]    45: ******************************************************************************** 25321698
[M::ha_hist_line]    46: ************************************************************************ 22896322
[M::ha_hist_line]    47: **************************************************************** 20378743
[M::ha_hist_line]    48: ******************************************************** 17730270
[M::ha_hist_line]    49: *********************************************** 15021478
[M::ha_hist_line]    50: **************************************** 12637582
[M::ha_hist_line]    51: ********************************* 10476634
[M::ha_hist_line]    52: *************************** 8518909
[M::ha_hist_line]    53: ********************* 6817804
[M::ha_hist_line]    54: ***************** 5344113
[M::ha_hist_line]    55: ************* 4158193
[M::ha_hist_line]    56: ********** 3199964
[M::ha_hist_line]    57: ******** 2412896
[M::ha_hist_line]    58: ****** 1810159
[M::ha_hist_line]    59: **** 1349575
[M::ha_hist_line]    60: *** 996466
[M::ha_hist_line]    61: ** 733254
[M::ha_hist_line]    62: ** 530320
[M::ha_hist_line]    63: * 386456
[M::ha_hist_line]    64: * 295554
[M::ha_hist_line]    65: * 235274
[M::ha_hist_line]    66: * 192099
[M::ha_hist_line]  rest: ********************* 6711275
[M::ha_analyze_count] left: count[20] = 23351860
[M::ha_analyze_count] right: none
[M::ha_ft_gen] peak_hom: 40; peak_het: 20
[M::ha_ct_shrink::1705.809*10.18] ==> counted 2267165 distinct minimizer k-mers
[M::ha_ft_gen::1709.048*10.16@32.808GB] ==> filtered out 2267165 k-mers occurring 200 or more times
[M::ha_opt_update_cov] updated max_n_chain to 200
[M::yak_count] collected 581106390 minimizers
[M::yak_count] collected 644211111 minimizers
[M::ha_pt_gen::2247.214*10.78] ==> counted 62358068 distinct minimizer k-mers
[M::ha_pt_gen] count[4095] = 0 (for sanity check)
[M::ha_analyze_count] lowest: count[7] = 148970
[M::ha_analyze_count] highest: count[40] = 1199657
[M::ha_hist_line]     1: ****************************************************************************************************> 24504725
[M::ha_hist_line]     2: ***************************************************************************************** 1062105
[M::ha_hist_line]     3: ******************************* 368349
[M::ha_hist_line]     4: ******************* 222653
[M::ha_hist_line]     5: ************** 171312
[M::ha_hist_line]     6: ************* 151046
[M::ha_hist_line]     7: ************ 148970
[M::ha_hist_line]     8: ************** 163324
[M::ha_hist_line]     9: *************** 184420
[M::ha_hist_line]    10: ******************* 228828
[M::ha_hist_line]    11: ************************ 288419
[M::ha_hist_line]    12: ******************************* 372924
[M::ha_hist_line]    13: *************************************** 472621
[M::ha_hist_line]    14: ************************************************* 590890
[M::ha_hist_line]    15: ************************************************************ 715085
[M::ha_hist_line]    16: ********************************************************************** 835102
[M::ha_hist_line]    17: ****************************************************************************** 933675
[M::ha_hist_line]    18: ************************************************************************************ 1005011
[M::ha_hist_line]    19: *************************************************************************************** 1046956
[M::ha_hist_line]    20: **************************************************************************************** 1049765
[M::ha_hist_line]    21: ************************************************************************************* 1018650
[M::ha_hist_line]    22: ******************************************************************************** 957973
[M::ha_hist_line]    23: ************************************************************************* 878666
[M::ha_hist_line]    24: ****************************************************************** 792306
[M::ha_hist_line]    25: *********************************************************** 707633
[M::ha_hist_line]    26: ***************************************************** 638664
[M::ha_hist_line]    27: ************************************************* 591529
[M::ha_hist_line]    28: *********************************************** 569691
[M::ha_hist_line]    29: *********************************************** 566387
[M::ha_hist_line]    30: ************************************************** 595041
[M::ha_hist_line]    31: ****************************************************** 642677
[M::ha_hist_line]    32: *********************************************************** 707963
[M::ha_hist_line]    33: ****************************************************************** 787933
[M::ha_hist_line]    34: ************************************************************************* 873250
[M::ha_hist_line]    35: ******************************************************************************** 959821
[M::ha_hist_line]    36: *************************************************************************************** 1045887
[M::ha_hist_line]    37: ********************************************************************************************* 1115335
[M::ha_hist_line]    38: ************************************************************************************************* 1165188
[M::ha_hist_line]    39: *************************************************************************************************** 1192411
[M::ha_hist_line]    40: **************************************************************************************************** 1199657
[M::ha_hist_line]    41: *************************************************************************************************** 1184624
[M::ha_hist_line]    42: ************************************************************************************************ 1148980
[M::ha_hist_line]    43: ******************************************************************************************* 1096477
[M::ha_hist_line]    44: ************************************************************************************* 1022575
[M::ha_hist_line]    45: ****************************************************************************** 938784
[M::ha_hist_line]    46: *********************************************************************** 846042
[M::ha_hist_line]    47: ************************************************************** 749305
[M::ha_hist_line]    48: ****************************************************** 650064
[M::ha_hist_line]    49: ********************************************** 549646
[M::ha_hist_line]    50: ************************************** 460324
[M::ha_hist_line]    51: ******************************** 381783
[M::ha_hist_line]    52: ************************** 309687
[M::ha_hist_line]    53: ********************* 247479
[M::ha_hist_line]    54: **************** 194901
[M::ha_hist_line]    55: ************* 152570
[M::ha_hist_line]    56: ********** 117599
[M::ha_hist_line]    57: ******* 89912
[M::ha_hist_line]    58: ****** 68170
[M::ha_hist_line]    59: **** 51975
[M::ha_hist_line]    60: *** 39447
[M::ha_hist_line]    61: ** 29935
[M::ha_hist_line]    62: ** 22768
[M::ha_hist_line]    63: * 17822
[M::ha_hist_line]    64: * 14636
[M::ha_hist_line]    65: * 12407
[M::ha_hist_line]    66: * 10817
[M::ha_hist_line]    67: * 9334
[M::ha_hist_line]    68: * 8507
[M::ha_hist_line]    69: * 8051
[M::ha_hist_line]    70: * 7674
[M::ha_hist_line]    71: * 7383
[M::ha_hist_line]    72: * 7136
[M::ha_hist_line]    73: * 7045
[M::ha_hist_line]    74: * 6743
[M::ha_hist_line]    75: * 6616
[M::ha_hist_line]    76: * 6621
[M::ha_hist_line]    77: * 6527
[M::ha_hist_line]    78: * 6684
[M::ha_hist_line]    79: * 6481
[M::ha_hist_line]    80: * 6251
[M::ha_hist_line]    81: * 6245
[M::ha_hist_line]    82: * 6035
[M::ha_hist_line]  rest: ************************** 313164
[M::ha_analyze_count] left: count[20] = 1049765
[M::ha_analyze_count] right: none
[M::ha_pt_gen] peak_hom: 40; peak_het: 20
[M::ha_ct_shrink::2247.321*10.78] ==> counted 37853343 distinct minimizer k-mers
[M::ha_pt_gen::] counting in normal mode
[M::yak_count] collected 1225317501 minimizers
[M::yak_count] collected 0 minimizers
[M::ha_pt_gen::2547.611*12.25] ==> indexed 1200812776 positions, counted 37853343 distinct minimizer k-mers
[M::ha_assemble::8418.094*25.99@40.440GB] ==> corrected reads for round 1
[M::ha_assemble] # bases: 49666460433; # corrected bases: 121073722; # recorrected bases: 104370
[M::ha_assemble] size of buffer: 14.831GB
[M::yak_count] collected 1217751361 minimizers
[M::yak_count] collected 0 minimizers
[M::ha_pt_gen::8664.827*26.00] ==> counted 38144483 distinct minimizer k-mers
[M::ha_pt_gen] count[4095] = 0 (for sanity check)
[M::ha_analyze_count] lowest: count[5] = 109600
[M::ha_analyze_count] highest: count[40] = 1186250
[M::ha_hist_line]     1: ****************************************************************************************************> 1685222
[M::ha_hist_line]     2: ******************* 226007
[M::ha_hist_line]     3: ************ 137737
[M::ha_hist_line]     4: ********** 117218
[M::ha_hist_line]     5: ********* 109600
[M::ha_hist_line]     6: ********* 109821
[M::ha_hist_line]     7: ********** 118424
[M::ha_hist_line]     8: ************ 137532
[M::ha_hist_line]     9: ************* 159648
[M::ha_hist_line]    10: ***************** 203815
[M::ha_hist_line]    11: ********************** 258394
[M::ha_hist_line]    12: **************************** 336737
[M::ha_hist_line]    13: ************************************ 432426
[M::ha_hist_line]    14: ********************************************** 543541
[M::ha_hist_line]    15: ******************************************************** 668744
[M::ha_hist_line]    16: ****************************************************************** 784630
[M::ha_hist_line]    17: *************************************************************************** 891625
[M::ha_hist_line]    18: ********************************************************************************** 971936
[M::ha_hist_line]    19: ************************************************************************************** 1020452
[M::ha_hist_line]    20: **************************************************************************************** 1040411
[M::ha_hist_line]    21: ************************************************************************************** 1019946
[M::ha_hist_line]    22: ********************************************************************************** 970378
[M::ha_hist_line]    23: **************************************************************************** 898339
[M::ha_hist_line]    24: ********************************************************************* 816377
[M::ha_hist_line]    25: ************************************************************* 727687
[M::ha_hist_line]    26: ******************************************************* 650858
[M::ha_hist_line]    27: ************************************************** 591939
[M::ha_hist_line]    28: *********************************************** 562593
[M::ha_hist_line]    29: ********************************************** 545842
[M::ha_hist_line]    30: *********************************************** 560407
[M::ha_hist_line]    31: ************************************************** 598532
[M::ha_hist_line]    32: ******************************************************* 653430
[M::ha_hist_line]    33: ************************************************************* 723313
[M::ha_hist_line]    34: ******************************************************************** 806059
[M::ha_hist_line]    35: *************************************************************************** 889979
[M::ha_hist_line]    36: *********************************************************************************** 981548
[M::ha_hist_line]    37: ***************************************************************************************** 1061191
[M::ha_hist_line]    38: ********************************************************************************************** 1119274
[M::ha_hist_line]    39: ************************************************************************************************** 1164078
[M::ha_hist_line]    40: **************************************************************************************************** 1186250
[M::ha_hist_line]    41: **************************************************************************************************** 1183217
[M::ha_hist_line]    42: ************************************************************************************************** 1166554
[M::ha_hist_line]    43: *********************************************************************************************** 1127363
[M::ha_hist_line]    44: ****************************************************************************************** 1067884
[M::ha_hist_line]    45: ************************************************************************************ 993557
[M::ha_hist_line]    46: ***************************************************************************** 908144
[M::ha_hist_line]    47: ********************************************************************* 818887
[M::ha_hist_line]    48: ************************************************************* 718659
[M::ha_hist_line]    49: **************************************************** 621172
[M::ha_hist_line]    50: ******************************************** 524910
[M::ha_hist_line]    51: ************************************* 440375
[M::ha_hist_line]    52: ******************************* 363510
[M::ha_hist_line]    53: ************************* 293407
[M::ha_hist_line]    54: ******************** 234168
[M::ha_hist_line]    55: *************** 183837
[M::ha_hist_line]    56: ************ 143849
[M::ha_hist_line]    57: ********* 112294
[M::ha_hist_line]    58: ******* 84810
[M::ha_hist_line]    59: ***** 64654
[M::ha_hist_line]    60: **** 49660
[M::ha_hist_line]    61: *** 37509
[M::ha_hist_line]    62: ** 28584
[M::ha_hist_line]    63: ** 21287
[M::ha_hist_line]    64: * 17328
[M::ha_hist_line]    65: * 13958
[M::ha_hist_line]    66: * 12054
[M::ha_hist_line]    67: * 10507
[M::ha_hist_line]    68: * 9136
[M::ha_hist_line]    69: * 8166
[M::ha_hist_line]    70: * 7640
[M::ha_hist_line]    71: * 7217
[M::ha_hist_line]    72: * 7229
[M::ha_hist_line]    73: * 6991
[M::ha_hist_line]    74: * 6537
[M::ha_hist_line]    75: * 6612
[M::ha_hist_line]    76: * 6493
[M::ha_hist_line]    77: * 6499
[M::ha_hist_line]    78: * 6432
[M::ha_hist_line]    79: * 6584
[M::ha_hist_line]    80: * 6169
[M::ha_hist_line]    81: * 6365
[M::ha_hist_line]    82: * 5986
[M::ha_hist_line]  rest: *************************** 316349
[M::ha_analyze_count] left: count[20] = 1040411
[M::ha_analyze_count] right: none
[M::ha_pt_gen] peak_hom: 40; peak_het: 20
[M::ha_ct_shrink::8665.069*25.99] ==> counted 36459261 distinct minimizer k-mers
[M::ha_pt_gen::] counting in normal mode
[M::yak_count] collected 1217751361 minimizers
[M::yak_count] collected 0 minimizers
[M::ha_pt_gen::8926.565*26.01] ==> indexed 1216066139 positions, counted 36459261 distinct minimizer k-mers
[M::ha_assemble::13612.292*28.06@57.479GB] ==> corrected reads for round 2
[M::ha_assemble] # bases: 49649713236; # corrected bases: 3807203; # recorrected bases: 27282
[M::ha_assemble] size of buffer: 14.275GB
[M::yak_count] collected 1216773567 minimizers
[M::yak_count] collected 0 minimizers
[M::ha_pt_gen::13835.977*28.05] ==> counted 37063265 distinct minimizer k-mers
[M::ha_pt_gen] count[4095] = 0 (for sanity check)
[M::ha_analyze_count] lowest: count[5] = 102979
[M::ha_analyze_count] highest: count[40] = 1185849
[M::ha_hist_line]     1: ************************************************************** 737089
[M::ha_hist_line]     2: ************* 152540
[M::ha_hist_line]     3: ********* 111582
[M::ha_hist_line]     4: ********* 105344
[M::ha_hist_line]     5: ********* 102979
[M::ha_hist_line]     6: ********* 105698
[M::ha_hist_line]     7: ********** 115690
[M::ha_hist_line]     8: *********** 136324
[M::ha_hist_line]     9: ************* 158071
[M::ha_hist_line]    10: ***************** 202735
[M::ha_hist_line]    11: ********************** 257005
[M::ha_hist_line]    12: **************************** 335887
[M::ha_hist_line]    13: ************************************ 431375
[M::ha_hist_line]    14: ********************************************** 542555
[M::ha_hist_line]    15: ******************************************************** 667825
[M::ha_hist_line]    16: ****************************************************************** 783570
[M::ha_hist_line]    17: *************************************************************************** 890220
[M::ha_hist_line]    18: ********************************************************************************** 970928
[M::ha_hist_line]    19: ************************************************************************************** 1020402
[M::ha_hist_line]    20: **************************************************************************************** 1040170
[M::ha_hist_line]    21: ************************************************************************************** 1020020
[M::ha_hist_line]    22: ********************************************************************************** 970222
[M::ha_hist_line]    23: **************************************************************************** 898642
[M::ha_hist_line]    24: ********************************************************************* 816912
[M::ha_hist_line]    25: ************************************************************* 727901
[M::ha_hist_line]    26: ******************************************************* 650824
[M::ha_hist_line]    27: ************************************************** 592123
[M::ha_hist_line]    28: *********************************************** 562481
[M::ha_hist_line]    29: ********************************************** 545431
[M::ha_hist_line]    30: *********************************************** 559647
[M::ha_hist_line]    31: ************************************************** 596933
[M::ha_hist_line]    32: ******************************************************* 652292
[M::ha_hist_line]    33: ************************************************************* 722234
[M::ha_hist_line]    34: ******************************************************************** 805177
[M::ha_hist_line]    35: *************************************************************************** 888461
[M::ha_hist_line]    36: *********************************************************************************** 980610
[M::ha_hist_line]    37: ***************************************************************************************** 1059792
[M::ha_hist_line]    38: ********************************************************************************************** 1118138
[M::ha_hist_line]    39: ************************************************************************************************** 1164217
[M::ha_hist_line]    40: **************************************************************************************************** 1185849
[M::ha_hist_line]    41: **************************************************************************************************** 1183479
[M::ha_hist_line]    42: ************************************************************************************************** 1166678
[M::ha_hist_line]    43: *********************************************************************************************** 1127913
[M::ha_hist_line]    44: ****************************************************************************************** 1068738
[M::ha_hist_line]    45: ************************************************************************************ 994733
[M::ha_hist_line]    46: ***************************************************************************** 908746
[M::ha_hist_line]    47: ********************************************************************* 820309
[M::ha_hist_line]    48: ************************************************************* 719926
[M::ha_hist_line]    49: **************************************************** 622473
[M::ha_hist_line]    50: ******************************************** 525710
[M::ha_hist_line]    51: ************************************* 441289
[M::ha_hist_line]    52: ******************************* 364866
[M::ha_hist_line]    53: ************************* 294309
[M::ha_hist_line]    54: ******************** 234894
[M::ha_hist_line]    55: **************** 184504
[M::ha_hist_line]    56: ************ 144428
[M::ha_hist_line]    57: ********** 112710
[M::ha_hist_line]    58: ******* 85122
[M::ha_hist_line]    59: ***** 64809
[M::ha_hist_line]    60: **** 49718
[M::ha_hist_line]    61: *** 37798
[M::ha_hist_line]    62: ** 28803
[M::ha_hist_line]    63: ** 21394
[M::ha_hist_line]    64: * 17301
[M::ha_hist_line]    65: * 13969
[M::ha_hist_line]    66: * 12091
[M::ha_hist_line]    67: * 10524
[M::ha_hist_line]    68: * 9188
[M::ha_hist_line]    69: * 8197
[M::ha_hist_line]    70: * 7664
[M::ha_hist_line]    71: * 7220
[M::ha_hist_line]    72: * 7222
[M::ha_hist_line]    73: * 6904
[M::ha_hist_line]    74: * 6548
[M::ha_hist_line]    75: * 6651
[M::ha_hist_line]    76: * 6372
[M::ha_hist_line]    77: * 6426
[M::ha_hist_line]    78: * 6306
[M::ha_hist_line]    79: * 6483
[M::ha_hist_line]    80: * 6144
[M::ha_hist_line]    81: * 6368
[M::ha_hist_line]    82: * 5969
[M::ha_hist_line]  rest: *************************** 316474
[M::ha_analyze_count] left: count[20] = 1040170
[M::ha_analyze_count] right: none
[M::ha_pt_gen] peak_hom: 40; peak_het: 20
[M::ha_ct_shrink::13836.094*28.05] ==> counted 36326176 distinct minimizer k-mers
[M::ha_pt_gen::] counting in normal mode
[M::yak_count] collected 1216773567 minimizers
[M::yak_count] collected 0 minimizers
[M::ha_pt_gen::14101.239*28.01] ==> indexed 1216036478 positions, counted 36326176 distinct minimizer k-mers
[M::ha_assemble::18694.249*28.98@80.328GB] ==> corrected reads for round 3
[M::ha_assemble] # bases: 49648621808; # corrected bases: 440790; # recorrected bases: 26697
[M::ha_assemble] size of buffer: 14.211GB
[M::yak_count] collected 1216586763 minimizers
[M::yak_count] collected 0 minimizers
[M::ha_pt_gen::18917.184*28.96] ==> counted 36930854 distinct minimizer k-mers
[M::ha_pt_gen] count[4095] = 0 (for sanity check)
[M::ha_analyze_count] lowest: count[5] = 101830
[M::ha_analyze_count] highest: count[40] = 1185653
[M::ha_hist_line]     1: ***************************************************** 629982
[M::ha_hist_line]     2: ************ 138697
[M::ha_hist_line]     3: ********* 106601
[M::ha_hist_line]     4: ********* 102910
[M::ha_hist_line]     5: ********* 101830
[M::ha_hist_line]     6: ********* 105002
[M::ha_hist_line]     7: ********** 115314
[M::ha_hist_line]     8: *********** 136044
[M::ha_hist_line]     9: ************* 157805
[M::ha_hist_line]    10: ***************** 202555
[M::ha_hist_line]    11: ********************** 257090
[M::ha_hist_line]    12: **************************** 335676
[M::ha_hist_line]    13: ************************************ 431394
[M::ha_hist_line]    14: ********************************************** 542532
[M::ha_hist_line]    15: ******************************************************** 667501
[M::ha_hist_line]    16: ****************************************************************** 783599
[M::ha_hist_line]    17: *************************************************************************** 890261
[M::ha_hist_line]    18: ********************************************************************************** 970846
[M::ha_hist_line]    19: ************************************************************************************** 1020177
[M::ha_hist_line]    20: **************************************************************************************** 1040193
[M::ha_hist_line]    21: ************************************************************************************** 1019874
[M::ha_hist_line]    22: ********************************************************************************** 970219
[M::ha_hist_line]    23: **************************************************************************** 898622
[M::ha_hist_line]    24: ********************************************************************* 816835
[M::ha_hist_line]    25: ************************************************************* 727893
[M::ha_hist_line]    26: ******************************************************* 650919
[M::ha_hist_line]    27: ************************************************** 592144
[M::ha_hist_line]    28: *********************************************** 562324
[M::ha_hist_line]    29: ********************************************** 545450
[M::ha_hist_line]    30: *********************************************** 559562
[M::ha_hist_line]    31: ************************************************** 596839
[M::ha_hist_line]    32: ******************************************************* 652275
[M::ha_hist_line]    33: ************************************************************* 722221
[M::ha_hist_line]    34: ******************************************************************** 805060
[M::ha_hist_line]    35: *************************************************************************** 888439
[M::ha_hist_line]    36: *********************************************************************************** 980650
[M::ha_hist_line]    37: ***************************************************************************************** 1059698
[M::ha_hist_line]    38: ********************************************************************************************** 1118100
[M::ha_hist_line]    39: ************************************************************************************************** 1164277
[M::ha_hist_line]    40: **************************************************************************************************** 1185653
[M::ha_hist_line]    41: **************************************************************************************************** 1183630
[M::ha_hist_line]    42: ************************************************************************************************** 1166636
[M::ha_hist_line]    43: *********************************************************************************************** 1127905
[M::ha_hist_line]    44: ****************************************************************************************** 1068851
[M::ha_hist_line]    45: ************************************************************************************ 994778
[M::ha_hist_line]    46: ***************************************************************************** 908714
[M::ha_hist_line]    47: ********************************************************************* 820376
[M::ha_hist_line]    48: ************************************************************* 719882
[M::ha_hist_line]    49: ***************************************************** 622502
[M::ha_hist_line]    50: ******************************************** 525789
[M::ha_hist_line]    51: ************************************* 441357
[M::ha_hist_line]    52: ******************************* 364885
[M::ha_hist_line]    53: ************************* 294385
[M::ha_hist_line]    54: ******************** 234822
[M::ha_hist_line]    55: **************** 184568
[M::ha_hist_line]    56: ************ 144382
[M::ha_hist_line]    57: ********** 112757
[M::ha_hist_line]    58: ******* 85140
[M::ha_hist_line]    59: ***** 64804
[M::ha_hist_line]    60: **** 49713
[M::ha_hist_line]    61: *** 37782
[M::ha_hist_line]    62: ** 28802
[M::ha_hist_line]    63: ** 21386
[M::ha_hist_line]    64: * 17333
[M::ha_hist_line]    65: * 13981
[M::ha_hist_line]    66: * 12055
[M::ha_hist_line]    67: * 10537
[M::ha_hist_line]    68: * 9207
[M::ha_hist_line]    69: * 8173
[M::ha_hist_line]    70: * 7651
[M::ha_hist_line]    71: * 7215
[M::ha_hist_line]    72: * 7224
[M::ha_hist_line]    73: * 6897
[M::ha_hist_line]    74: * 6524
[M::ha_hist_line]    75: * 6671
[M::ha_hist_line]    76: * 6376
[M::ha_hist_line]    77: * 6399
[M::ha_hist_line]    78: * 6310
[M::ha_hist_line]    79: * 6494
[M::ha_hist_line]    80: * 6097
[M::ha_hist_line]    81: * 6401
[M::ha_hist_line]    82: * 5985
[M::ha_hist_line]  rest: *************************** 316415
[M::ha_analyze_count] left: count[20] = 1040193
[M::ha_analyze_count] right: none
[M::ha_pt_gen] peak_hom: 40; peak_het: 20
[M::ha_ct_shrink::18917.325*28.96] ==> counted 36300872 distinct minimizer k-mers
[M::ha_pt_gen::] counting in normal mode
[M::yak_count] collected 1216586763 minimizers
[M::yak_count] collected 0 minimizers
[M::ha_pt_gen::19169.280*28.93] ==> indexed 1215956781 positions, counted 36300872 distinct minimizer k-mers
[M::ha_assemble::19904.928*29.04@84.952GB] ==> found overlaps for the final round
[M::ha_print_ovlp_stat] # overlaps: 136386609
[M::ha_print_ovlp_stat] # strong overlaps: 121442920
[M::ha_print_ovlp_stat] # weak overlaps: 14943689
[M::ha_print_ovlp_stat] # exact overlaps: 133157331
[M::ha_print_ovlp_stat] # inexact overlaps: 3229278
[M::ha_print_ovlp_stat] # overlaps without large indels: 136222926
[M::ha_print_ovlp_stat] # reverse overlaps: 241019533
Writing reads to disk... 
Reads has been written.
Writing ma_hit_ts to disk... 
ma_hit_ts has been written.
Writing ma_hit_ts to disk... 
ma_hit_ts has been written.
bin files have been written.
[M::purge_dups] homozygous read coverage threshold: 40
[M::purge_dups] purge duplication coverage threshold: 50
Writing raw unitig GFA to disk... 
Writing processed unitig GFA to disk... 
[M::purge_dups] homozygous read coverage threshold: 40
[M::purge_dups] purge duplication coverage threshold: 50
[M::mc_solve_core::1.602] ==> Partition
ERROR-purge
ERROR-purge
ERROR-purge
[M::adjust_utg_by_primary] primary contig coverage range: [34, infinity]
Writing MCZ_orn_365338.bp.p_ctg.gfa to disk... 
[M::adjust_utg_by_trio] primary contig coverage range: [34, infinity]
Writing MCZ_orn_365338.bp.hap1.p_ctg.gfa to disk... 
[M::adjust_utg_by_trio] primary contig coverage range: [34, infinity]
Writing MCZ_orn_365338.bp.hap2.p_ctg.gfa to disk... 
Inconsistency threshold for low-quality regions in BED files: 70%
[M::main] Version: 0.16.1-r375
[M::main] CMD: ../hifiasm -t32 -o MCZ_orn_365338 batch1.fa.gz batch2.fa.gz
[M::main] Real time: 21648.305 sec; CPU: 583753.121 sec; Peak RSS: 84.952 GB
