[M::ha_analyze_count] lowest: count[5] = 3313865
[M::ha_analyze_count] highest: count[35] = 32518834
[M::ha_hist_line]     2: ********************* 6878747
[M::ha_hist_line]     3: ************ 3766534
[M::ha_hist_line]     4: ********** 3335257
[M::ha_hist_line]     5: ********** 3313865
[M::ha_hist_line]     6: *********** 3531154
[M::ha_hist_line]     7: ************* 4173391
[M::ha_hist_line]     8: ***************** 5439991
[M::ha_hist_line]     9: *********************** 7318011
[M::ha_hist_line]    10: ******************************* 9981645
[M::ha_hist_line]    11: ***************************************** 13259985
[M::ha_hist_line]    12: **************************************************** 17007482
[M::ha_hist_line]    13: ***************************************************************** 21004078
[M::ha_hist_line]    14: **************************************************************************** 24664320
[M::ha_hist_line]    15: ************************************************************************************* 27793661
[M::ha_hist_line]    16: ******************************************************************************************* 29743220
[M::ha_hist_line]    17: ********************************************************************************************* 30387321
[M::ha_hist_line]    18: ******************************************************************************************** 29789774
[M::ha_hist_line]    19: ************************************************************************************** 28104466
[M::ha_hist_line]    20: ******************************************************************************* 25835361
[M::ha_hist_line]    21: *********************************************************************** 23191029
[M::ha_hist_line]    22: **************************************************************** 20712069
[M::ha_hist_line]    23: ********************************************************** 18749346
[M::ha_hist_line]    24: ****************************************************** 17568176
[M::ha_hist_line]    25: ***************************************************** 17210465
[M::ha_hist_line]    26: ****************************************************** 17722582
[M::ha_hist_line]    27: ********************************************************** 18973280
[M::ha_hist_line]    28: **************************************************************** 20781013
[M::ha_hist_line]    29: *********************************************************************** 23109371
[M::ha_hist_line]    30: ******************************************************************************* 25572235
[M::ha_hist_line]    31: ************************************************************************************** 27952749
[M::ha_hist_line]    32: ******************************************************************************************** 29879452
[M::ha_hist_line]    33: ************************************************************************************************* 31396327
[M::ha_hist_line]    34: **************************************************************************************************** 32362755
[M::ha_hist_line]    35: **************************************************************************************************** 32518834
[M::ha_hist_line]    36: *************************************************************************************************** 32053077
[M::ha_hist_line]    37: ********************************************************************************************** 30711220
[M::ha_hist_line]    38: **************************************************************************************** 28737619
[M::ha_hist_line]    39: ********************************************************************************* 26394539
[M::ha_hist_line]    40: ************************************************************************* 23703510
[M::ha_hist_line]    41: **************************************************************** 20707460
[M::ha_hist_line]    42: ******************************************************* 17844278
[M::ha_hist_line]    43: ********************************************** 15043195
[M::ha_hist_line]    44: ************************************** 12429439
[M::ha_hist_line]    45: ******************************* 10067485
[M::ha_hist_line]    46: ************************ 7906474
[M::ha_hist_line]    47: ******************* 6149559
[M::ha_hist_line]    48: ************** 4713843
[M::ha_hist_line]    49: *********** 3532463
[M::ha_hist_line]    50: ******** 2600674
[M::ha_hist_line]    51: ****** 1866409
[M::ha_hist_line]    52: **** 1360887
[M::ha_hist_line]    53: *** 943607
[M::ha_hist_line]    54: ** 651680
[M::ha_hist_line]    55: * 459203
[M::ha_hist_line]    56: * 331712
[M::ha_hist_line]    57: * 251598
[M::ha_hist_line]    58: * 189733
[M::ha_hist_line]  rest: ****************** 5731104
[M::ha_analyze_count] left: count[17] = 30387321
[M::ha_analyze_count] right: none
[M::ha_ft_gen] peak_hom: 35; peak_het: 17
[M::ha_ct_shrink::1017.325*8.23] ==> counted 2084765 distinct minimizer k-mers
[M::ha_ft_gen::1020.469*8.20@33.078GB] ==> filtered out 2084765 k-mers occurring 175 or more times
[M::ha_opt_update_cov] updated max_n_chain to 175
[M::yak_count] collected 452529457 minimizers
[M::yak_count] collected 580901037 minimizers
[M::ha_pt_gen::1787.966*7.40] ==> counted 54316626 distinct minimizer k-mers
[M::ha_pt_gen] count[4095] = 0 (for sanity check)
[M::ha_analyze_count] lowest: count[5] = 176640
[M::ha_analyze_count] highest: count[17] = 1342921
[M::ha_hist_line]     1: ****************************************************************************************************> 16742800
[M::ha_hist_line]     2: *************************************************** 681142
[M::ha_hist_line]     3: ******************** 272899
[M::ha_hist_line]     4: *************** 196331
[M::ha_hist_line]     5: ************* 176640
[M::ha_hist_line]     6: ************* 179093
[M::ha_hist_line]     7: *************** 206026
[M::ha_hist_line]     8: ******************** 263507
[M::ha_hist_line]     9: ************************** 348170
[M::ha_hist_line]    10: *********************************** 468833
[M::ha_hist_line]    11: ********************************************** 616050
[M::ha_hist_line]    12: ********************************************************** 782466
[M::ha_hist_line]    13: *********************************************************************** 956264
[M::ha_hist_line]    14: *********************************************************************************** 1113021
[M::ha_hist_line]    15: ********************************************************************************************* 1244511
[M::ha_hist_line]    16: *************************************************************************************************** 1324010
[M::ha_hist_line]    17: **************************************************************************************************** 1342921
[M::ha_hist_line]    18: ************************************************************************************************* 1307891
[M::ha_hist_line]    19: ******************************************************************************************* 1224476
[M::ha_hist_line]    20: *********************************************************************************** 1117544
[M::ha_hist_line]    21: ************************************************************************** 992277
[M::ha_hist_line]    22: ***************************************************************** 877084
[M::ha_hist_line]    23: ********************************************************** 783315
[M::ha_hist_line]    24: ****************************************************** 723562
[M::ha_hist_line]    25: **************************************************** 699659
[M::ha_hist_line]    26: ***************************************************** 710144
[M::ha_hist_line]    27: ******************************************************** 751905
[M::ha_hist_line]    28: ************************************************************* 814704
[M::ha_hist_line]    29: ******************************************************************* 898983
[M::ha_hist_line]    30: ************************************************************************** 987847
[M::ha_hist_line]    31: ******************************************************************************** 1074541
[M::ha_hist_line]    32: ************************************************************************************* 1142201
[M::ha_hist_line]    33: ***************************************************************************************** 1195415
[M::ha_hist_line]    34: ******************************************************************************************* 1226830
[M::ha_hist_line]    35: ******************************************************************************************* 1228448
[M::ha_hist_line]    36: ****************************************************************************************** 1206178
[M::ha_hist_line]    37: ************************************************************************************** 1148329
[M::ha_hist_line]    38: ******************************************************************************** 1074048
[M::ha_hist_line]    39: ************************************************************************* 981379
[M::ha_hist_line]    40: ***************************************************************** 876669
[M::ha_hist_line]    41: ********************************************************* 765121
[M::ha_hist_line]    42: ************************************************* 657393
[M::ha_hist_line]    43: ***************************************** 553226
[M::ha_hist_line]    44: ********************************** 456361
[M::ha_hist_line]    45: *************************** 368311
[M::ha_hist_line]    46: ********************** 289942
[M::ha_hist_line]    47: ***************** 225635
[M::ha_hist_line]    48: ************* 173605
[M::ha_hist_line]    49: ********** 131345
[M::ha_hist_line]    50: ******* 97453
[M::ha_hist_line]    51: ***** 71306
[M::ha_hist_line]    52: **** 53153
[M::ha_hist_line]    53: *** 38037
[M::ha_hist_line]    54: ** 27652
[M::ha_hist_line]    55: ** 21069
[M::ha_hist_line]    56: * 16420
[M::ha_hist_line]    57: * 13411
[M::ha_hist_line]    58: * 11379
[M::ha_hist_line]    59: * 9640
[M::ha_hist_line]    60: * 8777
[M::ha_hist_line]    61: * 8450
[M::ha_hist_line]    62: * 7697
[M::ha_hist_line]    63: * 7308
[M::ha_hist_line]    64: * 7134
[M::ha_hist_line]    65: * 7018
[M::ha_hist_line]    66: * 7036
[M::ha_hist_line]  rest: ************************ 324634
[M::ha_analyze_count] left: none
[M::ha_analyze_count] right: count[35] = 1228448
[M::ha_pt_gen] peak_hom: 35; peak_het: 17
[M::ha_ct_shrink::1788.203*7.40] ==> counted 37573826 distinct minimizer k-mers
[M::ha_pt_gen::] counting in normal mode
[M::yak_count] collected 1033430494 minimizers
[M::yak_count] collected 0 minimizers
[M::ha_pt_gen::2056.884*8.06] ==> indexed 1016687694 positions, counted 37573826 distinct minimizer k-mers
[M::ha_assemble::5824.254*18.29@33.078GB] ==> corrected reads for round 1
[M::ha_assemble] # bases: 41643941813; # corrected bases: 84523247; # recorrected bases: 60839
[M::ha_assemble] size of buffer: 10.437GB
[M::yak_count] collected 1028725140 minimizers
[M::yak_count] collected 0 minimizers
[M::ha_pt_gen::6001.113*18.20] ==> counted 38058778 distinct minimizer k-mers
[M::ha_pt_gen] count[4095] = 0 (for sanity check)
[M::ha_analyze_count] lowest: count[5] = 140562
[M::ha_analyze_count] highest: count[17] = 1328852
[M::ha_hist_line]     1: ************************************************************************************************* 1283186
[M::ha_hist_line]     2: ************** 191971
[M::ha_hist_line]     3: ********** 137490
[M::ha_hist_line]     4: ********** 134757
[M::ha_hist_line]     5: *********** 140562
[M::ha_hist_line]     6: ************ 152963
[M::ha_hist_line]     7: ************** 183486
[M::ha_hist_line]     8: ****************** 239140
[M::ha_hist_line]     9: ************************ 320271
[M::ha_hist_line]    10: ********************************* 435804
[M::ha_hist_line]    11: ******************************************* 577531
[M::ha_hist_line]    12: ******************************************************** 738539
[M::ha_hist_line]    13: ********************************************************************* 911284
[M::ha_hist_line]    14: ******************************************************************************** 1067442
[M::ha_hist_line]    15: ******************************************************************************************* 1208563
[M::ha_hist_line]    16: ************************************************************************************************** 1297957
[M::ha_hist_line]    17: **************************************************************************************************** 1328852
[M::ha_hist_line]    18: *************************************************************************************************** 1309763
[M::ha_hist_line]    19: ********************************************************************************************* 1234418
[M::ha_hist_line]    20: ************************************************************************************** 1137409
[M::ha_hist_line]    21: **************************************************************************** 1013758
[M::ha_hist_line]    22: ******************************************************************* 895741
[M::ha_hist_line]    23: ************************************************************ 794357
[M::ha_hist_line]    24: ****************************************************** 723621
[M::ha_hist_line]    25: **************************************************** 686444
[M::ha_hist_line]    26: **************************************************** 687765
[M::ha_hist_line]    27: ****************************************************** 718618
[M::ha_hist_line]    28: ********************************************************** 773067
[M::ha_hist_line]    29: **************************************************************** 850706
[M::ha_hist_line]    30: *********************************************************************** 939851
[M::ha_hist_line]    31: ***************************************************************************** 1027561
[M::ha_hist_line]    32: *********************************************************************************** 1103036
[M::ha_hist_line]    33: **************************************************************************************** 1163938
[M::ha_hist_line]    34: ******************************************************************************************* 1204507
[M::ha_hist_line]    35: ******************************************************************************************** 1222563
[M::ha_hist_line]    36: ******************************************************************************************* 1211499
[M::ha_hist_line]    37: **************************************************************************************** 1173023
[M::ha_hist_line]    38: *********************************************************************************** 1102651
[M::ha_hist_line]    39: ***************************************************************************** 1024360
[M::ha_hist_line]    40: ********************************************************************** 925019
[M::ha_hist_line]    41: ************************************************************* 816217
[M::ha_hist_line]    42: ***************************************************** 708240
[M::ha_hist_line]    43: ********************************************* 603780
[M::ha_hist_line]    44: ************************************** 503001
[M::ha_hist_line]    45: ******************************* 412023
[M::ha_hist_line]    46: ************************* 327794
[M::ha_hist_line]    47: ******************* 257224
[M::ha_hist_line]    48: *************** 200255
[M::ha_hist_line]    49: ************ 154135
[M::ha_hist_line]    50: ********* 115372
[M::ha_hist_line]    51: ****** 83302
[M::ha_hist_line]    52: ***** 63811
[M::ha_hist_line]    53: *** 45879
[M::ha_hist_line]    54: ** 33095
[M::ha_hist_line]    55: ** 23910
[M::ha_hist_line]    56: * 18762
[M::ha_hist_line]    57: * 15245
[M::ha_hist_line]    58: * 12308
[M::ha_hist_line]    59: * 10513
[M::ha_hist_line]    60: * 8997
[M::ha_hist_line]    61: * 8612
[M::ha_hist_line]    62: * 7895
[M::ha_hist_line]    63: * 7242
[M::ha_hist_line]    64: * 7114
[M::ha_hist_line]    65: * 6919
[M::ha_hist_line]    66: * 6842
[M::ha_hist_line]    67: * 6862
[M::ha_hist_line]  rest: ************************ 319956
[M::ha_analyze_count] left: none
[M::ha_analyze_count] right: count[35] = 1222563
[M::ha_pt_gen] peak_hom: 35; peak_het: 17
[M::ha_ct_shrink::6001.252*18.20] ==> counted 36775592 distinct minimizer k-mers
[M::ha_pt_gen::] counting in normal mode
[M::yak_count] collected 1028725140 minimizers
[M::yak_count] collected 0 minimizers
[M::ha_pt_gen::6221.545*18.06] ==> indexed 1027441954 positions, counted 36775592 distinct minimizer k-mers
[M::ha_assemble::9390.224*20.03@43.379GB] ==> corrected reads for round 2
[M::ha_assemble] # bases: 41640086319; # corrected bases: 2341525; # recorrected bases: 26488
[M::ha_assemble] size of buffer: 10.242GB
[M::yak_count] collected 1028173543 minimizers
[M::yak_count] collected 0 minimizers
[M::ha_pt_gen::9536.117*19.99] ==> counted 37408932 distinct minimizer k-mers
[M::ha_pt_gen] count[4095] = 0 (for sanity check)
[M::ha_analyze_count] lowest: count[5] = 137473
[M::ha_analyze_count] highest: count[17] = 1328790
[M::ha_hist_line]     1: ***************************************************** 704320
[M::ha_hist_line]     2: *********** 150370
[M::ha_hist_line]     3: ********* 123866
[M::ha_hist_line]     4: ********** 128823
[M::ha_hist_line]     5: ********** 137473
[M::ha_hist_line]     6: *********** 151360
[M::ha_hist_line]     7: ************** 182246
[M::ha_hist_line]     8: ****************** 238230
[M::ha_hist_line]     9: ************************ 319518
[M::ha_hist_line]    10: ********************************* 434965
[M::ha_hist_line]    11: ******************************************* 576588
[M::ha_hist_line]    12: ******************************************************** 737764
[M::ha_hist_line]    13: ********************************************************************* 910431
[M::ha_hist_line]    14: ******************************************************************************** 1066390
[M::ha_hist_line]    15: ******************************************************************************************* 1207649
[M::ha_hist_line]    16: ************************************************************************************************** 1297710
[M::ha_hist_line]    17: **************************************************************************************************** 1328790
[M::ha_hist_line]    18: *************************************************************************************************** 1309530
[M::ha_hist_line]    19: ********************************************************************************************* 1234575
[M::ha_hist_line]    20: ************************************************************************************** 1137486
[M::ha_hist_line]    21: **************************************************************************** 1014066
[M::ha_hist_line]    22: ******************************************************************* 895725
[M::ha_hist_line]    23: ************************************************************ 794481
[M::ha_hist_line]    24: ****************************************************** 723632
[M::ha_hist_line]    25: **************************************************** 685963
[M::ha_hist_line]    26: **************************************************** 686947
[M::ha_hist_line]    27: ****************************************************** 718316
[M::ha_hist_line]    28: ********************************************************** 772161
[M::ha_hist_line]    29: **************************************************************** 850158
[M::ha_hist_line]    30: *********************************************************************** 938590
[M::ha_hist_line]    31: ***************************************************************************** 1027426
[M::ha_hist_line]    32: *********************************************************************************** 1102233
[M::ha_hist_line]    33: **************************************************************************************** 1163428
[M::ha_hist_line]    34: ******************************************************************************************* 1203782
[M::ha_hist_line]    35: ******************************************************************************************** 1222724
[M::ha_hist_line]    36: ******************************************************************************************* 1211533
[M::ha_hist_line]    37: **************************************************************************************** 1173225
[M::ha_hist_line]    38: *********************************************************************************** 1103647
[M::ha_hist_line]    39: ***************************************************************************** 1025345
[M::ha_hist_line]    40: ********************************************************************** 926033
[M::ha_hist_line]    41: ************************************************************* 816432
[M::ha_hist_line]    42: ***************************************************** 709545
[M::ha_hist_line]    43: ********************************************* 604350
[M::ha_hist_line]    44: ************************************** 503840
[M::ha_hist_line]    45: ******************************* 412786
[M::ha_hist_line]    46: ************************* 328310
[M::ha_hist_line]    47: ******************* 257687
[M::ha_hist_line]    48: *************** 200702
[M::ha_hist_line]    49: ************ 154400
[M::ha_hist_line]    50: ********* 115673
[M::ha_hist_line]    51: ****** 83334
[M::ha_hist_line]    52: ***** 63908
[M::ha_hist_line]    53: *** 46193
[M::ha_hist_line]    54: ** 33076
[M::ha_hist_line]    55: ** 23925
[M::ha_hist_line]    56: * 18870
[M::ha_hist_line]    57: * 15170
[M::ha_hist_line]    58: * 12222
[M::ha_hist_line]    59: * 10585
[M::ha_hist_line]    60: * 9096
[M::ha_hist_line]    61: * 8545
[M::ha_hist_line]    62: * 7955
[M::ha_hist_line]    63: * 7215
[M::ha_hist_line]    64: * 7023
[M::ha_hist_line]    65: * 6881
[M::ha_hist_line]    66: * 6856
[M::ha_hist_line]    67: * 6850
[M::ha_hist_line]  rest: ************************ 320004
[M::ha_analyze_count] left: none
[M::ha_analyze_count] right: count[35] = 1222724
[M::ha_pt_gen] peak_hom: 35; peak_het: 17
[M::ha_ct_shrink::9536.218*19.99] ==> counted 36704612 distinct minimizer k-mers
[M::ha_pt_gen::] counting in normal mode
[M::yak_count] collected 1028173543 minimizers
[M::yak_count] collected 0 minimizers
[M::ha_pt_gen::9730.706*19.89] ==> indexed 1027469223 positions, counted 36704612 distinct minimizer k-mers
[M::ha_assemble::12887.822*20.85@60.359GB] ==> corrected reads for round 3
[M::ha_assemble] # bases: 41639556369; # corrected bases: 290737; # recorrected bases: 21396
[M::ha_assemble] size of buffer: 10.330GB
[M::yak_count] collected 1028064985 minimizers
[M::yak_count] collected 0 minimizers
[M::ha_pt_gen::13054.826*20.79] ==> counted 37331320 distinct minimizer k-mers
[M::ha_pt_gen] count[4095] = 0 (for sanity check)
[M::ha_analyze_count] lowest: count[5] = 136880
[M::ha_analyze_count] highest: count[17] = 1328696
[M::ha_hist_line]     1: ************************************************ 639420
[M::ha_hist_line]     2: *********** 143744
[M::ha_hist_line]     3: ********* 121211
[M::ha_hist_line]     4: ********** 127746
[M::ha_hist_line]     5: ********** 136880
[M::ha_hist_line]     6: *********** 150832
[M::ha_hist_line]     7: ************** 182115
[M::ha_hist_line]     8: ****************** 238098
[M::ha_hist_line]     9: ************************ 319357
[M::ha_hist_line]    10: ********************************* 434934
[M::ha_hist_line]    11: ******************************************* 576581
[M::ha_hist_line]    12: ******************************************************** 737763
[M::ha_hist_line]    13: ********************************************************************* 910325
[M::ha_hist_line]    14: ******************************************************************************** 1066325
[M::ha_hist_line]    15: ******************************************************************************************* 1207626
[M::ha_hist_line]    16: ************************************************************************************************** 1297610
[M::ha_hist_line]    17: **************************************************************************************************** 1328696
[M::ha_hist_line]    18: *************************************************************************************************** 1309415
[M::ha_hist_line]    19: ********************************************************************************************* 1234544
[M::ha_hist_line]    20: ************************************************************************************** 1137459
[M::ha_hist_line]    21: **************************************************************************** 1014065
[M::ha_hist_line]    22: ******************************************************************* 895745
[M::ha_hist_line]    23: ************************************************************ 794447
[M::ha_hist_line]    24: ****************************************************** 723602
[M::ha_hist_line]    25: **************************************************** 685819
[M::ha_hist_line]    26: **************************************************** 687021
[M::ha_hist_line]    27: ****************************************************** 718303
[M::ha_hist_line]    28: ********************************************************** 772095
[M::ha_hist_line]    29: **************************************************************** 850145
[M::ha_hist_line]    30: *********************************************************************** 938569
[M::ha_hist_line]    31: ***************************************************************************** 1027349
[M::ha_hist_line]    32: *********************************************************************************** 1102259
[M::ha_hist_line]    33: **************************************************************************************** 1163403
[M::ha_hist_line]    34: ******************************************************************************************* 1203739
[M::ha_hist_line]    35: ******************************************************************************************** 1222650
[M::ha_hist_line]    36: ******************************************************************************************* 1211558
[M::ha_hist_line]    37: **************************************************************************************** 1173332
[M::ha_hist_line]    38: *********************************************************************************** 1103624
[M::ha_hist_line]    39: ***************************************************************************** 1025350
[M::ha_hist_line]    40: ********************************************************************** 926072
[M::ha_hist_line]    41: ************************************************************* 816398
[M::ha_hist_line]    42: ***************************************************** 709556
[M::ha_hist_line]    43: ********************************************* 604463
[M::ha_hist_line]    44: ************************************** 503794
[M::ha_hist_line]    45: ******************************* 412832
[M::ha_hist_line]    46: ************************* 328375
[M::ha_hist_line]    47: ******************* 257690
[M::ha_hist_line]    48: *************** 200746
[M::ha_hist_line]    49: ************ 154334
[M::ha_hist_line]    50: ********* 115627
[M::ha_hist_line]    51: ****** 83358
[M::ha_hist_line]    52: ***** 63948
[M::ha_hist_line]    53: *** 46199
[M::ha_hist_line]    54: ** 33098
[M::ha_hist_line]    55: ** 23891
[M::ha_hist_line]    56: * 18852
[M::ha_hist_line]    57: * 15190
[M::ha_hist_line]    58: * 12223
[M::ha_hist_line]    59: * 10544
[M::ha_hist_line]    60: * 9126
[M::ha_hist_line]    61: * 8542
[M::ha_hist_line]    62: * 7967
[M::ha_hist_line]    63: * 7227
[M::ha_hist_line]    64: * 6998
[M::ha_hist_line]    65: * 6893
[M::ha_hist_line]    66: * 6868
[M::ha_hist_line]    67: * 6833
[M::ha_hist_line]  rest: ************************ 319920
[M::ha_analyze_count] left: none
[M::ha_analyze_count] right: count[35] = 1222650
[M::ha_pt_gen] peak_hom: 35; peak_het: 17
[M::ha_ct_shrink::13054.995*20.79] ==> counted 36691900 distinct minimizer k-mers
[M::ha_pt_gen::] counting in normal mode
[M::yak_count] collected 1028064985 minimizers
[M::yak_count] collected 0 minimizers
[M::ha_pt_gen::13298.059*20.66] ==> indexed 1027425565 positions, counted 36691900 distinct minimizer k-mers
[M::ha_assemble::13894.847*20.80@65.041GB] ==> found overlaps for the final round
[M::ha_print_ovlp_stat] # overlaps: 100088479
[M::ha_print_ovlp_stat] # strong overlaps: 86551020
[M::ha_print_ovlp_stat] # weak overlaps: 13537459
[M::ha_print_ovlp_stat] # exact overlaps: 97754657
[M::ha_print_ovlp_stat] # inexact overlaps: 2333822
[M::ha_print_ovlp_stat] # overlaps without large indels: 99957370
[M::ha_print_ovlp_stat] # reverse overlaps: 167913509
Writing reads to disk... 
Reads has been written.
Writing ma_hit_ts to disk... 
ma_hit_ts has been written.
Writing ma_hit_ts to disk... 
ma_hit_ts has been written.
bin files have been written.
[M::purge_dups] homozygous read coverage threshold: 34
[M::purge_dups] purge duplication coverage threshold: 43
Writing raw unitig GFA to disk... 
Writing processed unitig GFA to disk... 
[M::purge_dups] homozygous read coverage threshold: 34
[M::purge_dups] purge duplication coverage threshold: 43
[M::mc_solve_core::1.247] ==> Partition
ERROR-purge
ERROR-purge
ERROR-purge
ERROR-purge
[M::adjust_utg_by_primary] primary contig coverage range: [28, infinity]
Writing MCZ_Orn_366488.bp.p_ctg.gfa to disk... 
[M::adjust_utg_by_trio] primary contig coverage range: [28, infinity]
Writing MCZ_Orn_366488.bp.hap1.p_ctg.gfa to disk... 
[M::adjust_utg_by_trio] primary contig coverage range: [28, infinity]
Writing MCZ_Orn_366488.bp.hap2.p_ctg.gfa to disk... 
Inconsistency threshold for low-quality regions in BED files: 70%
[M::main] Version: 0.16.1-r375
[M::main] CMD: ../../hifiasm/hifiasm -t 24 -o MCZ_Orn_366488 /n/holylfs05/LABS/informatics/Everyone/scrubjay/00_raw_data/MCZ_Orn_366488/r64086e_20211022_174503/demultiplex.bc1011_BAK8A_OA--bc1011_BAK8A_OA.hifi_reads.fastq.gz /n/holylfs05/LABS/informatics/Everyone/scrubjay/00_raw_data/MCZ_Orn_366488/r64190e_20211018_182817/demultiplex.bc1011_BAK8A_OA--bc1011_BAK8A_OA.hifi_reads.fastq.gz
[M::main] Real time: 14701.421 sec; CPU: 291158.572 sec; Peak RSS: 65.041 GB
