[M::ha_analyze_count] lowest: count[5] = 2417416
[M::ha_analyze_count] highest: count[37] = 33830448
[M::ha_hist_line]     2: *************** 5063406
[M::ha_hist_line]     3: ******** 2697343
[M::ha_hist_line]     4: ******* 2442727
[M::ha_hist_line]     5: ******* 2417416
[M::ha_hist_line]     6: ******** 2608481
[M::ha_hist_line]     7: ********* 2951519
[M::ha_hist_line]     8: *********** 3596113
[M::ha_hist_line]     9: ************* 4472201
[M::ha_hist_line]    10: ***************** 5900844
[M::ha_hist_line]    11: *********************** 7874317
[M::ha_hist_line]    12: ******************************* 10329357
[M::ha_hist_line]    13: *************************************** 13107207
[M::ha_hist_line]    14: ************************************************ 16079464
[M::ha_hist_line]    15: ******************************************************** 18902997
[M::ha_hist_line]    16: *************************************************************** 21255892
[M::ha_hist_line]    17: ******************************************************************** 22937051
[M::ha_hist_line]    18: ********************************************************************** 23749034
[M::ha_hist_line]    19: ********************************************************************** 23627005
[M::ha_hist_line]    20: ******************************************************************* 22697829
[M::ha_hist_line]    21: ************************************************************** 21076894
[M::ha_hist_line]    22: ********************************************************* 19207560
[M::ha_hist_line]    23: *************************************************** 17263591
[M::ha_hist_line]    24: *********************************************** 15801337
[M::ha_hist_line]    25: ******************************************** 14817834
[M::ha_hist_line]    26: ******************************************* 14420588
[M::ha_hist_line]    27: ******************************************* 14580641
[M::ha_hist_line]    28: ********************************************** 15664012
[M::ha_hist_line]    29: *************************************************** 17264746
[M::ha_hist_line]    30: ********************************************************* 19449534
[M::ha_hist_line]    31: ***************************************************************** 21982120
[M::ha_hist_line]    32: ************************************************************************* 24664509
[M::ha_hist_line]    33: ********************************************************************************* 27423146
[M::ha_hist_line]    34: **************************************************************************************** 29796015
[M::ha_hist_line]    35: ********************************************************************************************** 31787617
[M::ha_hist_line]    36: ************************************************************************************************** 33196425
[M::ha_hist_line]    37: **************************************************************************************************** 33830448
[M::ha_hist_line]    38: **************************************************************************************************** 33822709
[M::ha_hist_line]    39: ************************************************************************************************** 33080970
[M::ha_hist_line]    40: ********************************************************************************************** 31722704
[M::ha_hist_line]    41: **************************************************************************************** 29728781
[M::ha_hist_line]    42: ********************************************************************************* 27284830
[M::ha_hist_line]    43: ************************************************************************* 24644087
[M::ha_hist_line]    44: **************************************************************** 21763868
[M::ha_hist_line]    45: ******************************************************* 18763154
[M::ha_hist_line]    46: *********************************************** 15833125
[M::ha_hist_line]    47: *************************************** 13298315
[M::ha_hist_line]    48: ******************************** 10943222
[M::ha_hist_line]    49: ************************** 8821835
[M::ha_hist_line]    50: ********************* 7002856
[M::ha_hist_line]    51: **************** 5478514
[M::ha_hist_line]    52: ************ 4216655
[M::ha_hist_line]    53: ********* 3171808
[M::ha_hist_line]    54: ******* 2356830
[M::ha_hist_line]    55: ***** 1742365
[M::ha_hist_line]    56: **** 1281704
[M::ha_hist_line]    57: *** 920477
[M::ha_hist_line]    58: ** 651796
[M::ha_hist_line]    59: * 457923
[M::ha_hist_line]    60: * 336816
[M::ha_hist_line]    61: * 253875
[M::ha_hist_line]    62: * 195785
[M::ha_hist_line]  rest: ***************** 5685458
[M::ha_analyze_count] left: count[18] = 23749034
[M::ha_analyze_count] right: none
[M::ha_ft_gen] peak_hom: 37; peak_het: 18
[M::ha_ct_shrink::1035.447*8.54] ==> counted 1768887 distinct minimizer k-mers
[M::ha_ft_gen::1037.583*8.52@33.087GB] ==> filtered out 1768887 k-mers occurring 185 or more times
[M::ha_opt_update_cov] updated max_n_chain to 185
[M::yak_count] collected 570206294 minimizers
[M::yak_count] collected 553469282 minimizers
[M::ha_pt_gen::1807.889*7.59] ==> counted 51626655 distinct minimizer k-mers
[M::ha_pt_gen] count[4095] = 0 (for sanity check)
[M::ha_analyze_count] lowest: count[5] = 119935
[M::ha_analyze_count] highest: count[37] = 1282593
[M::ha_hist_line]     1: ****************************************************************************************************> 15325822
[M::ha_hist_line]     2: ******************************** 408025
[M::ha_hist_line]     3: ************ 156542
[M::ha_hist_line]     4: ********** 125390
[M::ha_hist_line]     5: ********* 119935
[M::ha_hist_line]     6: ********** 127434
[M::ha_hist_line]     7: *********** 144242
[M::ha_hist_line]     8: ************** 173990
[M::ha_hist_line]     9: ***************** 215225
[M::ha_hist_line]    10: ********************** 281048
[M::ha_hist_line]    11: ***************************** 372411
[M::ha_hist_line]    12: ************************************** 484497
[M::ha_hist_line]    13: ************************************************ 610678
[M::ha_hist_line]    14: ********************************************************** 743833
[M::ha_hist_line]    15: ******************************************************************** 867669
[M::ha_hist_line]    16: **************************************************************************** 969856
[M::ha_hist_line]    17: ********************************************************************************* 1041267
[M::ha_hist_line]    18: *********************************************************************************** 1068861
[M::ha_hist_line]    19: ********************************************************************************** 1056492
[M::ha_hist_line]    20: ******************************************************************************* 1008009
[M::ha_hist_line]    21: ************************************************************************ 927999
[M::ha_hist_line]    22: ***************************************************************** 839066
[M::ha_hist_line]    23: ********************************************************** 743792
[M::ha_hist_line]    24: **************************************************** 672967
[M::ha_hist_line]    25: ************************************************ 621831
[M::ha_hist_line]    26: ********************************************** 594949
[M::ha_hist_line]    27: ********************************************** 593202
[M::ha_hist_line]    28: ************************************************* 628753
[M::ha_hist_line]    29: ***************************************************** 685046
[M::ha_hist_line]    30: ************************************************************ 765286
[M::ha_hist_line]    31: ******************************************************************* 859019
[M::ha_hist_line]    32: *************************************************************************** 958380
[M::ha_hist_line]    33: *********************************************************************************** 1059006
[M::ha_hist_line]    34: ***************************************************************************************** 1145882
[M::ha_hist_line]    35: *********************************************************************************************** 1218044
[M::ha_hist_line]    36: *************************************************************************************************** 1266492
[M::ha_hist_line]    37: **************************************************************************************************** 1282593
[M::ha_hist_line]    38: **************************************************************************************************** 1280410
[M::ha_hist_line]    39: ************************************************************************************************* 1246148
[M::ha_hist_line]    40: ********************************************************************************************* 1190153
[M::ha_hist_line]    41: *************************************************************************************** 1110678
[M::ha_hist_line]    42: ******************************************************************************* 1016367
[M::ha_hist_line]    43: *********************************************************************** 913422
[M::ha_hist_line]    44: *************************************************************** 804051
[M::ha_hist_line]    45: ****************************************************** 690773
[M::ha_hist_line]    46: ********************************************* 583578
[M::ha_hist_line]    47: ************************************** 488086
[M::ha_hist_line]    48: ******************************* 399980
[M::ha_hist_line]    49: ************************* 323062
[M::ha_hist_line]    50: ******************** 256138
[M::ha_hist_line]    51: **************** 201267
[M::ha_hist_line]    52: ************ 154862
[M::ha_hist_line]    53: ********* 117175
[M::ha_hist_line]    54: ******* 88168
[M::ha_hist_line]    55: ***** 65938
[M::ha_hist_line]    56: **** 49440
[M::ha_hist_line]    57: *** 36432
[M::ha_hist_line]    58: ** 26961
[M::ha_hist_line]    59: ** 20136
[M::ha_hist_line]    60: * 15847
[M::ha_hist_line]    61: * 12918
[M::ha_hist_line]    62: * 10864
[M::ha_hist_line]    63: * 9276
[M::ha_hist_line]    64: * 8287
[M::ha_hist_line]    65: * 7846
[M::ha_hist_line]    66: * 7401
[M::ha_hist_line]    67: * 7131
[M::ha_hist_line]    68: * 7065
[M::ha_hist_line]    69: * 6727
[M::ha_hist_line]    70: * 6743
[M::ha_hist_line]    71: * 6541
[M::ha_hist_line]    72: * 6516
[M::ha_hist_line]    73: * 6469
[M::ha_hist_line]  rest: ********************** 280266
[M::ha_analyze_count] left: count[18] = 1068861
[M::ha_analyze_count] right: none
[M::ha_pt_gen] peak_hom: 37; peak_het: 18
[M::ha_ct_shrink::1808.092*7.59] ==> counted 36300833 distinct minimizer k-mers
[M::ha_pt_gen::] counting in normal mode
[M::yak_count] collected 1123675576 minimizers
[M::yak_count] collected 0 minimizers
[M::ha_pt_gen::2104.729*8.27] ==> indexed 1108349754 positions, counted 36300833 distinct minimizer k-mers
[M::ha_assemble::5370.339*17.75@33.087GB] ==> corrected reads for round 1
[M::ha_assemble] # bases: 42680133156; # corrected bases: 76721811; # recorrected bases: 67410
[M::ha_assemble] size of buffer: 8.210GB
[M::yak_count] collected 1121842460 minimizers
[M::yak_count] collected 0 minimizers
[M::ha_pt_gen::5548.832*17.64] ==> counted 36800249 distinct minimizer k-mers
[M::ha_pt_gen] count[4095] = 0 (for sanity check)
[M::ha_analyze_count] lowest: count[5] = 107091
[M::ha_analyze_count] highest: count[38] = 1275609
[M::ha_hist_line]     1: ******************************************************************** 869627
[M::ha_hist_line]     2: *********** 139232
[M::ha_hist_line]     3: ******** 105429
[M::ha_hist_line]     4: ******** 104350
[M::ha_hist_line]     5: ******** 107091
[M::ha_hist_line]     6: ********* 118475
[M::ha_hist_line]     7: *********** 134433
[M::ha_hist_line]     8: ************* 164886
[M::ha_hist_line]     9: **************** 202697
[M::ha_hist_line]    10: ********************* 263181
[M::ha_hist_line]    11: *************************** 349735
[M::ha_hist_line]    12: ************************************ 457794
[M::ha_hist_line]    13: ********************************************* 578567
[M::ha_hist_line]    14: ******************************************************** 711713
[M::ha_hist_line]    15: ****************************************************************** 836410
[M::ha_hist_line]    16: ************************************************************************** 941339
[M::ha_hist_line]    17: ******************************************************************************** 1020936
[M::ha_hist_line]    18: *********************************************************************************** 1056957
[M::ha_hist_line]    19: *********************************************************************************** 1054831
[M::ha_hist_line]    20: ******************************************************************************** 1015527
[M::ha_hist_line]    21: ************************************************************************** 940029
[M::ha_hist_line]    22: ******************************************************************* 855458
[M::ha_hist_line]    23: *********************************************************** 757043
[M::ha_hist_line]    24: ***************************************************** 681544
[M::ha_hist_line]    25: ************************************************* 624535
[M::ha_hist_line]    26: ********************************************** 588197
[M::ha_hist_line]    27: ********************************************* 577016
[M::ha_hist_line]    28: *********************************************** 600948
[M::ha_hist_line]    29: *************************************************** 649455
[M::ha_hist_line]    30: ********************************************************* 721526
[M::ha_hist_line]    31: *************************************************************** 809247
[M::ha_hist_line]    32: *********************************************************************** 905603
[M::ha_hist_line]    33: ******************************************************************************* 1010838
[M::ha_hist_line]    34: ************************************************************************************** 1101686
[M::ha_hist_line]    35: ******************************************************************************************** 1179414
[M::ha_hist_line]    36: ************************************************************************************************* 1239940
[M::ha_hist_line]    37: **************************************************************************************************** 1270607
[M::ha_hist_line]    38: **************************************************************************************************** 1275609
[M::ha_hist_line]    39: *************************************************************************************************** 1259868
[M::ha_hist_line]    40: *********************************************************************************************** 1209747
[M::ha_hist_line]    41: ****************************************************************************************** 1144294
[M::ha_hist_line]    42: *********************************************************************************** 1057079
[M::ha_hist_line]    43: *************************************************************************** 961393
[M::ha_hist_line]    44: ******************************************************************* 857210
[M::ha_hist_line]    45: ********************************************************** 742769
[M::ha_hist_line]    46: ************************************************* 630937
[M::ha_hist_line]    47: ****************************************** 532836
[M::ha_hist_line]    48: *********************************** 442542
[M::ha_hist_line]    49: **************************** 359319
[M::ha_hist_line]    50: *********************** 288925
[M::ha_hist_line]    51: ****************** 228355
[M::ha_hist_line]    52: ************** 177604
[M::ha_hist_line]    53: *********** 137276
[M::ha_hist_line]    54: ******** 102496
[M::ha_hist_line]    55: ****** 77621
[M::ha_hist_line]    56: ***** 58409
[M::ha_hist_line]    57: *** 42903
[M::ha_hist_line]    58: ** 31679
[M::ha_hist_line]    59: ** 23640
[M::ha_hist_line]    60: * 18219
[M::ha_hist_line]    61: * 13993
[M::ha_hist_line]    62: * 11782
[M::ha_hist_line]    63: * 10130
[M::ha_hist_line]    64: * 9086
[M::ha_hist_line]    65: * 7880
[M::ha_hist_line]    66: * 7347
[M::ha_hist_line]    67: * 7215
[M::ha_hist_line]    68: * 7118
[M::ha_hist_line]    69: * 6868
[M::ha_hist_line]    70: * 6585
[M::ha_hist_line]    71: * 6515
[M::ha_hist_line]    72: * 6570
[M::ha_hist_line]  rest: *********************** 292134
[M::ha_analyze_count] left: count[18] = 1056957
[M::ha_analyze_count] right: none
[M::ha_pt_gen] peak_hom: 38; peak_het: 18
[M::ha_ct_shrink::5548.996*17.64] ==> counted 35930622 distinct minimizer k-mers
[M::ha_pt_gen::] counting in normal mode
[M::yak_count] collected 1121842460 minimizers
[M::yak_count] collected 0 minimizers
[M::ha_pt_gen::5763.158*17.53] ==> indexed 1120972833 positions, counted 35930622 distinct minimizer k-mers
[M::ha_assemble::8541.500*19.59@40.939GB] ==> corrected reads for round 2
[M::ha_assemble] # bases: 42676453003; # corrected bases: 1633954; # recorrected bases: 31690
[M::ha_assemble] size of buffer: 8.316GB
[M::yak_count] collected 1121700849 minimizers
[M::yak_count] collected 0 minimizers
[M::ha_pt_gen::8698.185*19.52] ==> counted 36453522 distinct minimizer k-mers
[M::ha_pt_gen] count[4095] = 0 (for sanity check)
[M::ha_analyze_count] lowest: count[5] = 106508
[M::ha_analyze_count] highest: count[38] = 1276160
[M::ha_hist_line]     1: ****************************************** 538330
[M::ha_hist_line]     2: ********** 129943
[M::ha_hist_line]     3: ******** 101673
[M::ha_hist_line]     4: ******** 103270
[M::ha_hist_line]     5: ******** 106508
[M::ha_hist_line]     6: ********* 117829
[M::ha_hist_line]     7: *********** 134381
[M::ha_hist_line]     8: ************* 164416
[M::ha_hist_line]     9: **************** 202409
[M::ha_hist_line]    10: ********************* 262971
[M::ha_hist_line]    11: *************************** 349296
[M::ha_hist_line]    12: ************************************ 457369
[M::ha_hist_line]    13: ********************************************* 577988
[M::ha_hist_line]    14: ******************************************************** 711461
[M::ha_hist_line]    15: ***************************************************************** 835672
[M::ha_hist_line]    16: ************************************************************************** 941011
[M::ha_hist_line]    17: ******************************************************************************** 1020730
[M::ha_hist_line]    18: *********************************************************************************** 1056436
[M::ha_hist_line]    19: *********************************************************************************** 1054843
[M::ha_hist_line]    20: ******************************************************************************** 1015741
[M::ha_hist_line]    21: ************************************************************************** 940360
[M::ha_hist_line]    22: ******************************************************************* 855440
[M::ha_hist_line]    23: *********************************************************** 757430
[M::ha_hist_line]    24: ***************************************************** 681720
[M::ha_hist_line]    25: ************************************************* 624580
[M::ha_hist_line]    26: ********************************************** 588051
[M::ha_hist_line]    27: ********************************************* 576970
[M::ha_hist_line]    28: *********************************************** 600368
[M::ha_hist_line]    29: *************************************************** 649028
[M::ha_hist_line]    30: ******************************************************** 720848
[M::ha_hist_line]    31: *************************************************************** 808741
[M::ha_hist_line]    32: *********************************************************************** 904768
[M::ha_hist_line]    33: ******************************************************************************* 1010191
[M::ha_hist_line]    34: ************************************************************************************** 1101048
[M::ha_hist_line]    35: ******************************************************************************************** 1178943
[M::ha_hist_line]    36: ************************************************************************************************* 1239017
[M::ha_hist_line]    37: **************************************************************************************************** 1270356
[M::ha_hist_line]    38: **************************************************************************************************** 1276160
[M::ha_hist_line]    39: *************************************************************************************************** 1260087
[M::ha_hist_line]    40: *********************************************************************************************** 1210076
[M::ha_hist_line]    41: ****************************************************************************************** 1145186
[M::ha_hist_line]    42: *********************************************************************************** 1057444
[M::ha_hist_line]    43: *************************************************************************** 962110
[M::ha_hist_line]    44: ******************************************************************* 858248
[M::ha_hist_line]    45: ********************************************************** 743456
[M::ha_hist_line]    46: ************************************************* 631574
[M::ha_hist_line]    47: ****************************************** 533300
[M::ha_hist_line]    48: *********************************** 443521
[M::ha_hist_line]    49: **************************** 359806
[M::ha_hist_line]    50: *********************** 289389
[M::ha_hist_line]    51: ****************** 228708
[M::ha_hist_line]    52: ************** 177884
[M::ha_hist_line]    53: *********** 137563
[M::ha_hist_line]    54: ******** 102677
[M::ha_hist_line]    55: ****** 77706
[M::ha_hist_line]    56: ***** 58516
[M::ha_hist_line]    57: *** 42993
[M::ha_hist_line]    58: ** 31759
[M::ha_hist_line]    59: ** 23556
[M::ha_hist_line]    60: * 18229
[M::ha_hist_line]    61: * 14111
[M::ha_hist_line]    62: * 11691
[M::ha_hist_line]    63: * 10208
[M::ha_hist_line]    64: * 8992
[M::ha_hist_line]    65: * 7892
[M::ha_hist_line]    66: * 7314
[M::ha_hist_line]    67: * 7317
[M::ha_hist_line]    68: * 7057
[M::ha_hist_line]    69: * 6862
[M::ha_hist_line]    70: * 6577
[M::ha_hist_line]    71: * 6487
[M::ha_hist_line]    72: * 6554
[M::ha_hist_line]  rest: *********************** 292376
[M::ha_analyze_count] left: count[18] = 1056436
[M::ha_analyze_count] right: none
[M::ha_pt_gen] peak_hom: 38; peak_het: 18
[M::ha_ct_shrink::8698.332*19.52] ==> counted 35915192 distinct minimizer k-mers
[M::ha_pt_gen::] counting in normal mode
[M::yak_count] collected 1121700849 minimizers
[M::yak_count] collected 0 minimizers
[M::ha_pt_gen::8942.208*19.37] ==> indexed 1121162519 positions, counted 35915192 distinct minimizer k-mers
[M::ha_assemble::11700.089*20.43@60.459GB] ==> corrected reads for round 3
[M::ha_assemble] # bases: 42676060023; # corrected bases: 207299; # recorrected bases: 25958
[M::ha_assemble] size of buffer: 8.260GB
[M::yak_count] collected 1121678904 minimizers
[M::yak_count] collected 0 minimizers
[M::ha_pt_gen::11867.619*20.36] ==> counted 36423752 distinct minimizer k-mers
[M::ha_pt_gen] count[4095] = 0 (for sanity check)
[M::ha_analyze_count] lowest: count[5] = 106428
[M::ha_analyze_count] highest: count[38] = 1276157
[M::ha_hist_line]     1: **************************************** 511294
[M::ha_hist_line]     2: ********** 128307
[M::ha_hist_line]     3: ******** 101024
[M::ha_hist_line]     4: ******** 103191
[M::ha_hist_line]     5: ******** 106428
[M::ha_hist_line]     6: ********* 117700
[M::ha_hist_line]     7: *********** 134340
[M::ha_hist_line]     8: ************* 164284
[M::ha_hist_line]     9: **************** 202499
[M::ha_hist_line]    10: ********************* 262916
[M::ha_hist_line]    11: *************************** 349260
[M::ha_hist_line]    12: ************************************ 457428
[M::ha_hist_line]    13: ********************************************* 577845
[M::ha_hist_line]    14: ******************************************************** 711504
[M::ha_hist_line]    15: ***************************************************************** 835675
[M::ha_hist_line]    16: ************************************************************************** 940984
[M::ha_hist_line]    17: ******************************************************************************** 1020580
[M::ha_hist_line]    18: *********************************************************************************** 1056525
[M::ha_hist_line]    19: *********************************************************************************** 1054860
[M::ha_hist_line]    20: ******************************************************************************** 1015702
[M::ha_hist_line]    21: ************************************************************************** 940337
[M::ha_hist_line]    22: ******************************************************************* 855367
[M::ha_hist_line]    23: *********************************************************** 757524
[M::ha_hist_line]    24: ***************************************************** 681639
[M::ha_hist_line]    25: ************************************************* 624661
[M::ha_hist_line]    26: ********************************************** 588039
[M::ha_hist_line]    27: ********************************************* 576861
[M::ha_hist_line]    28: *********************************************** 600397
[M::ha_hist_line]    29: *************************************************** 649013
[M::ha_hist_line]    30: ******************************************************** 720802
[M::ha_hist_line]    31: *************************************************************** 808795
[M::ha_hist_line]    32: *********************************************************************** 904619
[M::ha_hist_line]    33: ******************************************************************************* 1010165
[M::ha_hist_line]    34: ************************************************************************************** 1101000
[M::ha_hist_line]    35: ******************************************************************************************** 1178955
[M::ha_hist_line]    36: ************************************************************************************************* 1238972
[M::ha_hist_line]    37: **************************************************************************************************** 1270366
[M::ha_hist_line]    38: **************************************************************************************************** 1276157
[M::ha_hist_line]    39: *************************************************************************************************** 1260157
[M::ha_hist_line]    40: *********************************************************************************************** 1210019
[M::ha_hist_line]    41: ****************************************************************************************** 1145252
[M::ha_hist_line]    42: *********************************************************************************** 1057495
[M::ha_hist_line]    43: *************************************************************************** 962150
[M::ha_hist_line]    44: ******************************************************************* 858266
[M::ha_hist_line]    45: ********************************************************** 743512
[M::ha_hist_line]    46: ************************************************* 631640
[M::ha_hist_line]    47: ****************************************** 533322
[M::ha_hist_line]    48: *********************************** 443559
[M::ha_hist_line]    49: **************************** 359799
[M::ha_hist_line]    50: *********************** 289405
[M::ha_hist_line]    51: ****************** 228798
[M::ha_hist_line]    52: ************** 177854
[M::ha_hist_line]    53: *********** 137594
[M::ha_hist_line]    54: ******** 102697
[M::ha_hist_line]    55: ****** 77687
[M::ha_hist_line]    56: ***** 58509
[M::ha_hist_line]    57: *** 43008
[M::ha_hist_line]    58: ** 31766
[M::ha_hist_line]    59: ** 23601
[M::ha_hist_line]    60: * 18205
[M::ha_hist_line]    61: * 14084
[M::ha_hist_line]    62: * 11696
[M::ha_hist_line]    63: * 10219
[M::ha_hist_line]    64: * 9015
[M::ha_hist_line]    65: * 7868
[M::ha_hist_line]    66: * 7325
[M::ha_hist_line]    67: * 7327
[M::ha_hist_line]    68: * 7046
[M::ha_hist_line]    69: * 6868
[M::ha_hist_line]    70: * 6548
[M::ha_hist_line]    71: * 6535
[M::ha_hist_line]    72: * 6523
[M::ha_hist_line]  rest: *********************** 292388
[M::ha_analyze_count] left: count[18] = 1056525
[M::ha_analyze_count] right: none
[M::ha_pt_gen] peak_hom: 38; peak_het: 18
[M::ha_ct_shrink::11867.731*20.36] ==> counted 35912458 distinct minimizer k-mers
[M::ha_pt_gen::] counting in normal mode
[M::yak_count] collected 1121678904 minimizers
[M::yak_count] collected 0 minimizers
[M::ha_pt_gen::12098.581*20.24] ==> indexed 1121167610 positions, counted 35912458 distinct minimizer k-mers
[M::ha_assemble::12694.807*20.40@65.062GB] ==> found overlaps for the final round
[M::ha_print_ovlp_stat] # overlaps: 137450315
[M::ha_print_ovlp_stat] # strong overlaps: 116545747
[M::ha_print_ovlp_stat] # weak overlaps: 20904568
[M::ha_print_ovlp_stat] # exact overlaps: 134349931
[M::ha_print_ovlp_stat] # inexact overlaps: 3100384
[M::ha_print_ovlp_stat] # overlaps without large indels: 137262647
[M::ha_print_ovlp_stat] # reverse overlaps: 155586228
Writing reads to disk... 
Reads has been written.
Writing ma_hit_ts to disk... 
ma_hit_ts has been written.
Writing ma_hit_ts to disk... 
ma_hit_ts has been written.
bin files have been written.
[M::purge_dups] homozygous read coverage threshold: 37
[M::purge_dups] purge duplication coverage threshold: 47
Writing raw unitig GFA to disk... 
Writing processed unitig GFA to disk... 
[M::purge_dups] homozygous read coverage threshold: 37
[M::purge_dups] purge duplication coverage threshold: 47
[M::mc_solve_core::1.038] ==> Partition
ERROR-purge
[M::adjust_utg_by_primary] primary contig coverage range: [31, infinity]
Writing MCZ_Cryo_8788.bp.p_ctg.gfa to disk... 
[M::adjust_utg_by_trio] primary contig coverage range: [31, infinity]
Writing MCZ_Cryo_8788.bp.hap1.p_ctg.gfa to disk... 
[M::adjust_utg_by_trio] primary contig coverage range: [31, infinity]
Writing MCZ_Cryo_8788.bp.hap2.p_ctg.gfa to disk... 
Inconsistency threshold for low-quality regions in BED files: 70%
[M::main] Version: 0.16.1-r375
[M::main] CMD: ../../hifiasm/hifiasm -t 24 -o MCZ_Cryo_8788 /n/holylfs05/LABS/informatics/Everyone/scrubjay/00_raw_data/MCZ_Cryo_8788/r64086e_20211022_174503/demultiplex.bc1012_BAK8A_OA--bc1012_BAK8A_OA.hifi_reads.fastq.gz /n/holylfs05/LABS/informatics/Everyone/scrubjay/00_raw_data/MCZ_Cryo_8788/r64190e_20211026_181807/demultiplex.bc1012_BAK8A_OA--bc1012_BAK8A_OA.hifi_reads.fastq.gz
[M::main] Real time: 13368.426 sec; CPU: 260145.874 sec; Peak RSS: 65.062 GB
