[M::ha_analyze_count] lowest: count[7] = 2057023
[M::ha_analyze_count] highest: count[47] = 29336062
[M::ha_hist_line]     2: ******************************************************************* 19572120
[M::ha_hist_line]     3: ****************** 5414414
[M::ha_hist_line]     4: *********** 3249876
[M::ha_hist_line]     5: ********* 2505314
[M::ha_hist_line]     6: ******** 2275795
[M::ha_hist_line]     7: ******* 2057023
[M::ha_hist_line]     8: ******* 2076437
[M::ha_hist_line]     9: ******** 2244197
[M::ha_hist_line]    10: ********* 2584747
[M::ha_hist_line]    11: ********** 3046429
[M::ha_hist_line]    12: ************* 3776487
[M::ha_hist_line]    13: **************** 4789268
[M::ha_hist_line]    14: ********************* 6152351
[M::ha_hist_line]    15: *************************** 7877977
[M::ha_hist_line]    16: ********************************** 9933322
[M::ha_hist_line]    17: ****************************************** 12182724
[M::ha_hist_line]    18: ************************************************** 14583787
[M::ha_hist_line]    19: ********************************************************* 16742293
[M::ha_hist_line]    20: **************************************************************** 18751442
[M::ha_hist_line]    21: ********************************************************************* 20278435
[M::ha_hist_line]    22: ************************************************************************* 21314765
[M::ha_hist_line]    23: ************************************************************************* 21527456
[M::ha_hist_line]    24: ************************************************************************ 21123444
[M::ha_hist_line]    25: ******************************************************************** 20091260
[M::ha_hist_line]    26: *************************************************************** 18619364
[M::ha_hist_line]    27: ********************************************************** 16883871
[M::ha_hist_line]    28: **************************************************** 15179664
[M::ha_hist_line]    29: ********************************************** 13543246
[M::ha_hist_line]    30: ***************************************** 12169491
[M::ha_hist_line]    31: ************************************** 11129376
[M::ha_hist_line]    32: ************************************ 10638577
[M::ha_hist_line]    33: ************************************ 10650399
[M::ha_hist_line]    34: ************************************** 11135127
[M::ha_hist_line]    35: ***************************************** 12037206
[M::ha_hist_line]    36: ********************************************** 13382643
[M::ha_hist_line]    37: *************************************************** 14987473
[M::ha_hist_line]    38: ********************************************************** 16952154
[M::ha_hist_line]    39: ***************************************************************** 19016163
[M::ha_hist_line]    40: ************************************************************************ 21066721
[M::ha_hist_line]    41: ******************************************************************************* 23097742
[M::ha_hist_line]    42: ************************************************************************************* 25035411
[M::ha_hist_line]    43: ******************************************************************************************* 26682598
[M::ha_hist_line]    44: *********************************************************************************************** 27958152
[M::ha_hist_line]    45: ************************************************************************************************** 28759983
[M::ha_hist_line]    46: **************************************************************************************************** 29223697
[M::ha_hist_line]    47: **************************************************************************************************** 29336062
[M::ha_hist_line]    48: ************************************************************************************************** 28864485
[M::ha_hist_line]    49: *********************************************************************************************** 27877512
[M::ha_hist_line]    50: ****************************************************************************************** 26384046
[M::ha_hist_line]    51: ************************************************************************************ 24664813
[M::ha_hist_line]    52: ***************************************************************************** 22565934
[M::ha_hist_line]    53: ********************************************************************* 20353289
[M::ha_hist_line]    54: ************************************************************** 18136755
[M::ha_hist_line]    55: ****************************************************** 15871647
[M::ha_hist_line]    56: *********************************************** 13697396
[M::ha_hist_line]    57: **************************************** 11598205
[M::ha_hist_line]    58: ********************************* 9725570
[M::ha_hist_line]    59: *************************** 8035630
[M::ha_hist_line]    60: ********************** 6558649
[M::ha_hist_line]    61: ****************** 5305293
[M::ha_hist_line]    62: ************** 4197730
[M::ha_hist_line]    63: *********** 3286553
[M::ha_hist_line]    64: ********* 2522080
[M::ha_hist_line]    65: ****** 1901461
[M::ha_hist_line]    66: ***** 1417816
[M::ha_hist_line]    67: **** 1062159
[M::ha_hist_line]    68: *** 785814
[M::ha_hist_line]    69: ** 576722
[M::ha_hist_line]    70: * 439564
[M::ha_hist_line]    71: * 336121
[M::ha_hist_line]    72: * 258720
[M::ha_hist_line]    73: * 212602
[M::ha_hist_line]    74: * 174777
[M::ha_hist_line]    75: * 149340
[M::ha_hist_line]  rest: *********************** 6782649
[M::ha_analyze_count] left: count[23] = 21527456
[M::ha_analyze_count] right: none
[M::ha_ft_gen] peak_hom: 47; peak_het: 23
[M::ha_ct_shrink::1398.263*8.35] ==> counted 2152002 distinct minimizer k-mers
[M::ha_ft_gen::1400.948*8.33@33.116GB] ==> filtered out 2152002 k-mers occurring 235 or more times
[M::ha_opt_update_cov] updated max_n_chain to 235
[M::yak_count] collected 728315671 minimizers
[M::yak_count] collected 693559723 minimizers
[M::ha_pt_gen::2497.058*7.24] ==> counted 73360171 distinct minimizer k-mers
[M::ha_pt_gen] count[4095] = 0 (for sanity check)
[M::ha_analyze_count] lowest: count[8] = 121793
[M::ha_analyze_count] highest: count[46] = 1108401
[M::ha_hist_line]     1: ****************************************************************************************************> 34411406
[M::ha_hist_line]     2: ****************************************************************************************************> 1764705
[M::ha_hist_line]     3: ************************************************ 526603
[M::ha_hist_line]     4: ************************* 279186
[M::ha_hist_line]     5: ***************** 190790
[M::ha_hist_line]     6: ************** 152486
[M::ha_hist_line]     7: ************ 128832
[M::ha_hist_line]     8: *********** 121793
[M::ha_hist_line]     9: *********** 125640
[M::ha_hist_line]    10: ************ 138044
[M::ha_hist_line]    11: ************** 158638
[M::ha_hist_line]    12: ***************** 192413
[M::ha_hist_line]    13: ********************** 239759
[M::ha_hist_line]    14: *************************** 303619
[M::ha_hist_line]    15: ********************************** 382216
[M::ha_hist_line]    16: ******************************************* 477157
[M::ha_hist_line]    17: **************************************************** 578811
[M::ha_hist_line]    18: ************************************************************** 685997
[M::ha_hist_line]    19: ********************************************************************** 779017
[M::ha_hist_line]    20: ****************************************************************************** 865974
[M::ha_hist_line]    21: ************************************************************************************ 929593
[M::ha_hist_line]    22: *************************************************************************************** 967623
[M::ha_hist_line]    23: **************************************************************************************** 970471
[M::ha_hist_line]    24: ************************************************************************************* 945102
[M::ha_hist_line]    25: ********************************************************************************* 893514
[M::ha_hist_line]    26: ************************************************************************** 820716
[M::ha_hist_line]    27: ******************************************************************* 740139
[M::ha_hist_line]    28: *********************************************************** 657011
[M::ha_hist_line]    29: **************************************************** 581426
[M::ha_hist_line]    30: *********************************************** 518371
[M::ha_hist_line]    31: ****************************************** 468593
[M::ha_hist_line]    32: **************************************** 442530
[M::ha_hist_line]    33: *************************************** 437568
[M::ha_hist_line]    34: ***************************************** 451794
[M::ha_hist_line]    35: ******************************************** 485094
[M::ha_hist_line]    36: ************************************************ 534396
[M::ha_hist_line]    37: ****************************************************** 595250
[M::ha_hist_line]    38: ************************************************************ 668671
[M::ha_hist_line]    39: ******************************************************************* 744450
[M::ha_hist_line]    40: ************************************************************************** 820921
[M::ha_hist_line]    41: ********************************************************************************* 895158
[M::ha_hist_line]    42: *************************************************************************************** 967331
[M::ha_hist_line]    43: ******************************************************************************************** 1022171
[M::ha_hist_line]    44: ************************************************************************************************ 1067242
[M::ha_hist_line]    45: *************************************************************************************************** 1093826
[M::ha_hist_line]    46: **************************************************************************************************** 1108401
[M::ha_hist_line]    47: **************************************************************************************************** 1107134
[M::ha_hist_line]    48: ************************************************************************************************** 1082314
[M::ha_hist_line]    49: ********************************************************************************************** 1041004
[M::ha_hist_line]    50: ***************************************************************************************** 981125
[M::ha_hist_line]    51: ********************************************************************************** 911840
[M::ha_hist_line]    52: *************************************************************************** 830360
[M::ha_hist_line]    53: ******************************************************************* 745870
[M::ha_hist_line]    54: ************************************************************ 662072
[M::ha_hist_line]    55: **************************************************** 578382
[M::ha_hist_line]    56: ********************************************* 496396
[M::ha_hist_line]    57: ************************************** 419777
[M::ha_hist_line]    58: ******************************** 351913
[M::ha_hist_line]    59: ************************** 289799
[M::ha_hist_line]    60: ********************* 236402
[M::ha_hist_line]    61: ***************** 191384
[M::ha_hist_line]    62: ************** 151289
[M::ha_hist_line]    63: *********** 118499
[M::ha_hist_line]    64: ******** 91846
[M::ha_hist_line]    65: ****** 69711
[M::ha_hist_line]    66: ***** 52919
[M::ha_hist_line]    67: **** 40618
[M::ha_hist_line]    68: *** 31005
[M::ha_hist_line]    69: ** 24022
[M::ha_hist_line]    70: ** 19413
[M::ha_hist_line]    71: * 15417
[M::ha_hist_line]    72: * 12930
[M::ha_hist_line]    73: * 11189
[M::ha_hist_line]    74: * 9915
[M::ha_hist_line]    75: * 8941
[M::ha_hist_line]    76: * 8323
[M::ha_hist_line]    77: * 7778
[M::ha_hist_line]    78: * 7179
[M::ha_hist_line]    79: * 7215
[M::ha_hist_line]    80: * 6729
[M::ha_hist_line]    81: * 6420
[M::ha_hist_line]    82: * 6412
[M::ha_hist_line]    83: * 6340
[M::ha_hist_line]    84: * 6491
[M::ha_hist_line]    85: * 6149
[M::ha_hist_line]    86: * 5968
[M::ha_hist_line]    87: * 5858
[M::ha_hist_line]    88: * 5773
[M::ha_hist_line]  rest: ******************************** 359602
[M::ha_analyze_count] left: count[23] = 970471
[M::ha_analyze_count] right: none
[M::ha_pt_gen] peak_hom: 46; peak_het: 23
[M::ha_ct_shrink::2497.327*7.24] ==> counted 38948765 distinct minimizer k-mers
[M::ha_pt_gen::] counting in normal mode
[M::yak_count] collected 1421875394 minimizers
[M::yak_count] collected 0 minimizers
[M::ha_pt_gen::2839.728*7.93] ==> indexed 1387463988 positions, counted 38948765 distinct minimizer k-mers
[M::ha_assemble::10321.857*19.49@43.163GB] ==> corrected reads for round 1
[M::ha_assemble] # bases: 58263795869; # corrected bases: 148942152; # recorrected bases: 139012
[M::ha_assemble] size of buffer: 14.199GB
[M::yak_count] collected 1410155277 minimizers
[M::yak_count] collected 0 minimizers
[M::ha_pt_gen::10551.014*19.38] ==> counted 40035849 distinct minimizer k-mers
[M::ha_pt_gen] count[4095] = 0 (for sanity check)
[M::ha_analyze_count] lowest: count[7] = 83813
[M::ha_analyze_count] highest: count[47] = 1094753
[M::ha_hist_line]     1: ****************************************************************************************************> 3279547
[M::ha_hist_line]     2: ******************************************** 481291
[M::ha_hist_line]     3: **************** 171790
[M::ha_hist_line]     4: ********** 114028
[M::ha_hist_line]     5: ********* 93471
[M::ha_hist_line]     6: ******** 89219
[M::ha_hist_line]     7: ******** 83813
[M::ha_hist_line]     8: ******** 86236
[M::ha_hist_line]     9: ********* 96527
[M::ha_hist_line]    10: ********** 112228
[M::ha_hist_line]    11: ************ 132506
[M::ha_hist_line]    12: *************** 163368
[M::ha_hist_line]    13: ******************* 207181
[M::ha_hist_line]    14: ************************ 264293
[M::ha_hist_line]    15: ******************************* 337281
[M::ha_hist_line]    16: *************************************** 425077
[M::ha_hist_line]    17: ************************************************ 522070
[M::ha_hist_line]    18: ********************************************************* 627011
[M::ha_hist_line]    19: ****************************************************************** 723025
[M::ha_hist_line]    20: ************************************************************************** 814791
[M::ha_hist_line]    21: ********************************************************************************* 887025
[M::ha_hist_line]    22: ************************************************************************************** 940948
[M::ha_hist_line]    23: *************************************************************************************** 956729
[M::ha_hist_line]    24: *************************************************************************************** 948480
[M::ha_hist_line]    25: *********************************************************************************** 908197
[M::ha_hist_line]    26: ****************************************************************************** 848647
[M::ha_hist_line]    27: ********************************************************************** 771417
[M::ha_hist_line]    28: *************************************************************** 688708
[M::ha_hist_line]    29: ******************************************************** 609168
[M::ha_hist_line]    30: ************************************************* 539722
[M::ha_hist_line]    31: ******************************************** 481023
[M::ha_hist_line]    32: **************************************** 438417
[M::ha_hist_line]    33: ************************************** 420629
[M::ha_hist_line]    34: *************************************** 421599
[M::ha_hist_line]    35: **************************************** 440924
[M::ha_hist_line]    36: ******************************************** 483295
[M::ha_hist_line]    37: ************************************************ 527166
[M::ha_hist_line]    38: ****************************************************** 591527
[M::ha_hist_line]    39: ************************************************************* 665626
[M::ha_hist_line]    40: ******************************************************************** 741467
[M::ha_hist_line]    41: ************************************************************************** 815280
[M::ha_hist_line]    42: ********************************************************************************* 887659
[M::ha_hist_line]    43: **************************************************************************************** 957941
[M::ha_hist_line]    44: ********************************************************************************************* 1015831
[M::ha_hist_line]    45: ************************************************************************************************ 1054052
[M::ha_hist_line]    46: *************************************************************************************************** 1082899
[M::ha_hist_line]    47: **************************************************************************************************** 1094753
[M::ha_hist_line]    48: **************************************************************************************************** 1093252
[M::ha_hist_line]    49: ************************************************************************************************** 1072837
[M::ha_hist_line]    50: ********************************************************************************************** 1028349
[M::ha_hist_line]    51: ***************************************************************************************** 973195
[M::ha_hist_line]    52: *********************************************************************************** 903952
[M::ha_hist_line]    53: *************************************************************************** 824414
[M::ha_hist_line]    54: ******************************************************************** 744674
[M::ha_hist_line]    55: ************************************************************ 662326
[M::ha_hist_line]    56: ***************************************************** 578345
[M::ha_hist_line]    57: ********************************************* 496890
[M::ha_hist_line]    58: *************************************** 422030
[M::ha_hist_line]    59: ******************************** 353314
[M::ha_hist_line]    60: *************************** 293636
[M::ha_hist_line]    61: ********************** 239794
[M::ha_hist_line]    62: ****************** 193642
[M::ha_hist_line]    63: ************** 154538
[M::ha_hist_line]    64: *********** 121415
[M::ha_hist_line]    65: ********* 94044
[M::ha_hist_line]    66: ******* 72423
[M::ha_hist_line]    67: ***** 55162
[M::ha_hist_line]    68: **** 41846
[M::ha_hist_line]    69: *** 31853
[M::ha_hist_line]    70: ** 24258
[M::ha_hist_line]    71: ** 19469
[M::ha_hist_line]    72: * 15481
[M::ha_hist_line]    73: * 12963
[M::ha_hist_line]    74: * 11239
[M::ha_hist_line]    75: * 9864
[M::ha_hist_line]    76: * 9043
[M::ha_hist_line]    77: * 8114
[M::ha_hist_line]    78: * 7517
[M::ha_hist_line]    79: * 7034
[M::ha_hist_line]    80: * 6718
[M::ha_hist_line]    81: * 6322
[M::ha_hist_line]    82: * 6519
[M::ha_hist_line]    83: * 5992
[M::ha_hist_line]    84: * 6042
[M::ha_hist_line]    85: * 6277
[M::ha_hist_line]    86: * 5977
[M::ha_hist_line]    87: * 5890
[M::ha_hist_line]    88: * 5687
[M::ha_hist_line]    89: * 5543
[M::ha_hist_line]  rest: ******************************** 354087
[M::ha_analyze_count] left: count[23] = 956729
[M::ha_analyze_count] right: none
[M::ha_pt_gen] peak_hom: 47; peak_het: 23
[M::ha_ct_shrink::10551.165*19.38] ==> counted 36756302 distinct minimizer k-mers
[M::ha_pt_gen::] counting in normal mode
[M::yak_count] collected 1410155277 minimizers
[M::yak_count] collected 0 minimizers
[M::ha_pt_gen::10825.271*19.26] ==> indexed 1406875730 positions, counted 36756302 distinct minimizer k-mers
[M::ha_assemble::16963.661*20.93@58.363GB] ==> corrected reads for round 2
[M::ha_assemble] # bases: 58236278036; # corrected bases: 5101412; # recorrected bases: 33736
[M::ha_assemble] size of buffer: 12.316GB
[M::yak_count] collected 1408568766 minimizers
[M::yak_count] collected 0 minimizers
[M::ha_pt_gen::17177.056*20.86] ==> counted 38528057 distinct minimizer k-mers
[M::ha_pt_gen] count[4095] = 0 (for sanity check)
[M::ha_analyze_count] lowest: count[5] = 81324
[M::ha_analyze_count] highest: count[47] = 1094922
[M::ha_hist_line]     1: ****************************************************************************************************> 1988314
[M::ha_hist_line]     2: ********************************** 371258
[M::ha_hist_line]     3: ************ 130895
[M::ha_hist_line]     4: ********* 94061
[M::ha_hist_line]     5: ******* 81324
[M::ha_hist_line]     6: ******* 81524
[M::ha_hist_line]     7: ******* 78530
[M::ha_hist_line]     8: ******** 82381
[M::ha_hist_line]     9: ********* 93711
[M::ha_hist_line]    10: ********** 109657
[M::ha_hist_line]    11: ************ 130509
[M::ha_hist_line]    12: *************** 161894
[M::ha_hist_line]    13: ******************* 205817
[M::ha_hist_line]    14: ************************ 263208
[M::ha_hist_line]    15: ******************************* 335956
[M::ha_hist_line]    16: *************************************** 423594
[M::ha_hist_line]    17: ************************************************ 520711
[M::ha_hist_line]    18: ********************************************************* 625508
[M::ha_hist_line]    19: ****************************************************************** 721810
[M::ha_hist_line]    20: ************************************************************************** 813795
[M::ha_hist_line]    21: ********************************************************************************* 885899
[M::ha_hist_line]    22: ************************************************************************************** 940535
[M::ha_hist_line]    23: *************************************************************************************** 956539
[M::ha_hist_line]    24: *************************************************************************************** 948479
[M::ha_hist_line]    25: *********************************************************************************** 908343
[M::ha_hist_line]    26: ****************************************************************************** 849123
[M::ha_hist_line]    27: ********************************************************************** 771326
[M::ha_hist_line]    28: *************************************************************** 689051
[M::ha_hist_line]    29: ******************************************************** 609890
[M::ha_hist_line]    30: ************************************************* 539741
[M::ha_hist_line]    31: ******************************************** 481160
[M::ha_hist_line]    32: **************************************** 438894
[M::ha_hist_line]    33: ************************************** 419761
[M::ha_hist_line]    34: ************************************** 420926
[M::ha_hist_line]    35: **************************************** 440088
[M::ha_hist_line]    36: ******************************************** 481949
[M::ha_hist_line]    37: ************************************************ 525933
[M::ha_hist_line]    38: ****************************************************** 589793
[M::ha_hist_line]    39: ************************************************************* 664018
[M::ha_hist_line]    40: ******************************************************************** 739874
[M::ha_hist_line]    41: ************************************************************************** 813569
[M::ha_hist_line]    42: ********************************************************************************* 886568
[M::ha_hist_line]    43: *************************************************************************************** 956568
[M::ha_hist_line]    44: ********************************************************************************************* 1014860
[M::ha_hist_line]    45: ************************************************************************************************ 1053396
[M::ha_hist_line]    46: *************************************************************************************************** 1081734
[M::ha_hist_line]    47: **************************************************************************************************** 1094922
[M::ha_hist_line]    48: **************************************************************************************************** 1092840
[M::ha_hist_line]    49: ************************************************************************************************** 1073313
[M::ha_hist_line]    50: ********************************************************************************************** 1029339
[M::ha_hist_line]    51: ***************************************************************************************** 974139
[M::ha_hist_line]    52: *********************************************************************************** 905165
[M::ha_hist_line]    53: *************************************************************************** 825854
[M::ha_hist_line]    54: ******************************************************************** 746442
[M::ha_hist_line]    55: ************************************************************* 663882
[M::ha_hist_line]    56: ***************************************************** 579942
[M::ha_hist_line]    57: ********************************************** 498382
[M::ha_hist_line]    58: *************************************** 423331
[M::ha_hist_line]    59: ******************************** 354412
[M::ha_hist_line]    60: *************************** 294883
[M::ha_hist_line]    61: ********************** 240630
[M::ha_hist_line]    62: ****************** 194368
[M::ha_hist_line]    63: ************** 155410
[M::ha_hist_line]    64: *********** 121875
[M::ha_hist_line]    65: ********* 94305
[M::ha_hist_line]    66: ******* 72850
[M::ha_hist_line]    67: ***** 55497
[M::ha_hist_line]    68: **** 42015
[M::ha_hist_line]    69: *** 32038
[M::ha_hist_line]    70: ** 24295
[M::ha_hist_line]    71: ** 19632
[M::ha_hist_line]    72: * 15524
[M::ha_hist_line]    73: * 13039
[M::ha_hist_line]    74: * 11287
[M::ha_hist_line]    75: * 9744
[M::ha_hist_line]    76: * 8990
[M::ha_hist_line]    77: * 8155
[M::ha_hist_line]    78: * 7598
[M::ha_hist_line]    79: * 6951
[M::ha_hist_line]    80: * 6697
[M::ha_hist_line]    81: * 6314
[M::ha_hist_line]    82: * 6436
[M::ha_hist_line]    83: * 5961
[M::ha_hist_line]    84: * 6111
[M::ha_hist_line]    85: * 6237
[M::ha_hist_line]    86: * 5867
[M::ha_hist_line]    87: * 5825
[M::ha_hist_line]    88: * 5713
[M::ha_hist_line]    89: * 5527
[M::ha_hist_line]  rest: ******************************** 353846
[M::ha_analyze_count] left: count[23] = 956539
[M::ha_analyze_count] right: none
[M::ha_pt_gen] peak_hom: 47; peak_het: 23
[M::ha_ct_shrink::17177.218*20.86] ==> counted 36539743 distinct minimizer k-mers
[M::ha_pt_gen::] counting in normal mode
[M::yak_count] collected 1408568766 minimizers
[M::yak_count] collected 0 minimizers
[M::ha_pt_gen::17457.597*20.75] ==> indexed 1406580452 positions, counted 36539743 distinct minimizer k-mers
[M::ha_assemble::23531.710*21.56@89.739GB] ==> corrected reads for round 3
[M::ha_assemble] # bases: 58234594148; # corrected bases: 670040; # recorrected bases: 36479
[M::ha_assemble] size of buffer: 12.231GB
[M::yak_count] collected 1408222265 minimizers
[M::yak_count] collected 0 minimizers
[M::ha_pt_gen::23742.971*21.50] ==> counted 38320940 distinct minimizer k-mers
[M::ha_pt_gen] count[4095] = 0 (for sanity check)
[M::ha_analyze_count] lowest: count[5] = 78495
[M::ha_analyze_count] highest: count[47] = 1095029
[M::ha_hist_line]     1: ****************************************************************************************************> 1828384
[M::ha_hist_line]     2: ******************************** 348497
[M::ha_hist_line]     3: *********** 121814
[M::ha_hist_line]     4: ******** 89172
[M::ha_hist_line]     5: ******* 78495
[M::ha_hist_line]     6: ******* 79813
[M::ha_hist_line]     7: ******* 77275
[M::ha_hist_line]     8: ******* 81690
[M::ha_hist_line]     9: ******** 93071
[M::ha_hist_line]    10: ********** 109243
[M::ha_hist_line]    11: ************ 130032
[M::ha_hist_line]    12: *************** 161731
[M::ha_hist_line]    13: ******************* 205685
[M::ha_hist_line]    14: ************************ 263110
[M::ha_hist_line]    15: ******************************* 335814
[M::ha_hist_line]    16: *************************************** 423357
[M::ha_hist_line]    17: ************************************************ 520653
[M::ha_hist_line]    18: ********************************************************* 625382
[M::ha_hist_line]    19: ****************************************************************** 721789
[M::ha_hist_line]    20: ************************************************************************** 813836
[M::ha_hist_line]    21: ********************************************************************************* 885524
[M::ha_hist_line]    22: ************************************************************************************** 940448
[M::ha_hist_line]    23: *************************************************************************************** 956508
[M::ha_hist_line]    24: *************************************************************************************** 948395
[M::ha_hist_line]    25: *********************************************************************************** 908291
[M::ha_hist_line]    26: ****************************************************************************** 848904
[M::ha_hist_line]    27: ********************************************************************** 771437
[M::ha_hist_line]    28: *************************************************************** 689046
[M::ha_hist_line]    29: ******************************************************** 609774
[M::ha_hist_line]    30: ************************************************* 539751
[M::ha_hist_line]    31: ******************************************** 481268
[M::ha_hist_line]    32: **************************************** 438801
[M::ha_hist_line]    33: ************************************** 419708
[M::ha_hist_line]    34: ************************************** 420949
[M::ha_hist_line]    35: **************************************** 439968
[M::ha_hist_line]    36: ******************************************** 481800
[M::ha_hist_line]    37: ************************************************ 525908
[M::ha_hist_line]    38: ****************************************************** 589628
[M::ha_hist_line]    39: ************************************************************* 663971
[M::ha_hist_line]    40: ******************************************************************** 739722
[M::ha_hist_line]    41: ************************************************************************** 813638
[M::ha_hist_line]    42: ********************************************************************************* 886551
[M::ha_hist_line]    43: *************************************************************************************** 956460
[M::ha_hist_line]    44: ********************************************************************************************* 1014662
[M::ha_hist_line]    45: ************************************************************************************************ 1053438
[M::ha_hist_line]    46: *************************************************************************************************** 1081673
[M::ha_hist_line]    47: **************************************************************************************************** 1095029
[M::ha_hist_line]    48: **************************************************************************************************** 1092811
[M::ha_hist_line]    49: ************************************************************************************************** 1073370
[M::ha_hist_line]    50: ********************************************************************************************** 1029285
[M::ha_hist_line]    51: ***************************************************************************************** 974098
[M::ha_hist_line]    52: *********************************************************************************** 905216
[M::ha_hist_line]    53: *************************************************************************** 825901
[M::ha_hist_line]    54: ******************************************************************** 746411
[M::ha_hist_line]    55: ************************************************************* 663934
[M::ha_hist_line]    56: ***************************************************** 580058
[M::ha_hist_line]    57: ********************************************** 498432
[M::ha_hist_line]    58: *************************************** 423307
[M::ha_hist_line]    59: ******************************** 354515
[M::ha_hist_line]    60: *************************** 294818
[M::ha_hist_line]    61: ********************** 240641
[M::ha_hist_line]    62: ****************** 194454
[M::ha_hist_line]    63: ************** 155423
[M::ha_hist_line]    64: *********** 121880
[M::ha_hist_line]    65: ********* 94343
[M::ha_hist_line]    66: ******* 72885
[M::ha_hist_line]    67: ***** 55475
[M::ha_hist_line]    68: **** 42013
[M::ha_hist_line]    69: *** 31995
[M::ha_hist_line]    70: ** 24272
[M::ha_hist_line]    71: ** 19625
[M::ha_hist_line]    72: * 15570
[M::ha_hist_line]    73: * 13080
[M::ha_hist_line]    74: * 11236
[M::ha_hist_line]    75: * 9730
[M::ha_hist_line]    76: * 8984
[M::ha_hist_line]    77: * 8125
[M::ha_hist_line]    78: * 7623
[M::ha_hist_line]    79: * 6992
[M::ha_hist_line]    80: * 6723
[M::ha_hist_line]    81: * 6276
[M::ha_hist_line]    82: * 6460
[M::ha_hist_line]    83: * 5941
[M::ha_hist_line]    84: * 6134
[M::ha_hist_line]    85: * 6201
[M::ha_hist_line]    86: * 5870
[M::ha_hist_line]    87: * 5825
[M::ha_hist_line]    88: * 5662
[M::ha_hist_line]    89: * 5517
[M::ha_hist_line]  rest: ******************************** 353734
[M::ha_analyze_count] left: count[23] = 956508
[M::ha_analyze_count] right: none
[M::ha_pt_gen] peak_hom: 47; peak_het: 23
[M::ha_ct_shrink::23743.097*21.50] ==> counted 36492556 distinct minimizer k-mers
[M::ha_pt_gen::] counting in normal mode
[M::yak_count] collected 1408222265 minimizers
[M::yak_count] collected 0 minimizers
[M::ha_pt_gen::24026.430*21.42] ==> indexed 1406393881 positions, counted 36492556 distinct minimizer k-mers
[M::ha_assemble::25054.016*21.51@95.693GB] ==> found overlaps for the final round
[M::ha_print_ovlp_stat] # overlaps: 187577651
[M::ha_print_ovlp_stat] # strong overlaps: 168074114
[M::ha_print_ovlp_stat] # weak overlaps: 19503537
[M::ha_print_ovlp_stat] # exact overlaps: 182741592
[M::ha_print_ovlp_stat] # inexact overlaps: 4836059
[M::ha_print_ovlp_stat] # overlaps without large indels: 187293175
[M::ha_print_ovlp_stat] # reverse overlaps: 336793374
Writing reads to disk... 
Reads has been written.
Writing ma_hit_ts to disk... 
ma_hit_ts has been written.
Writing ma_hit_ts to disk... 
ma_hit_ts has been written.
bin files have been written.
[M::purge_dups] homozygous read coverage threshold: 46
[M::purge_dups] purge duplication coverage threshold: 58
Writing raw unitig GFA to disk... 
Writing processed unitig GFA to disk... 
[M::purge_dups] homozygous read coverage threshold: 46
[M::purge_dups] purge duplication coverage threshold: 58
[M::mc_solve_core::1.148] ==> Partition
ERROR-purge
ERROR-purge
ERROR-purge
ERROR-purge
[M::adjust_utg_by_primary] primary contig coverage range: [39, infinity]
Writing MCZ_Orn_365327.bp.p_ctg.gfa to disk... 
[M::adjust_utg_by_trio] primary contig coverage range: [39, infinity]
Writing MCZ_Orn_365327.bp.hap1.p_ctg.gfa to disk... 
[M::adjust_utg_by_trio] primary contig coverage range: [39, infinity]
Writing MCZ_Orn_365327.bp.hap2.p_ctg.gfa to disk... 
Inconsistency threshold for low-quality regions in BED files: 70%
[M::main] Version: 0.16.1-r375
[M::main] CMD: ../../hifiasm/hifiasm -t 24 -o MCZ_Orn_365327 /n/holylfs05/LABS/informatics/Everyone/scrubjay/00_raw_data/MCZ_Orn_365327/r64190e_20211026_181807/demultiplex.bc1020_BAK8B_OA--bc1020_BAK8B_OA.hifi_reads.fastq.gz /n/holylfs05/LABS/informatics/Everyone/scrubjay/00_raw_data/MCZ_Orn_365327/r64190e_20211029_164637/demultiplex.bc1020_BAK8B_OA--bc1020_BAK8B_OA.hifi_reads.fastq.gz
[M::main] Real time: 26600.616 sec; CPU: 542790.832 sec; Peak RSS: 95.693 GB
