[M::ha_analyze_count] lowest: count[7] = 1980104
[M::ha_analyze_count] highest: count[51] = 26531902
[M::ha_hist_line]     2: ****************************************************************************************************> 28760172
[M::ha_hist_line]     3: ************************************ 9670166
[M::ha_hist_line]     4: **************** 4262256
[M::ha_hist_line]     5: ********** 2614074
[M::ha_hist_line]     6: ******** 2139008
[M::ha_hist_line]     7: ******* 1980104
[M::ha_hist_line]     8: ******* 1984194
[M::ha_hist_line]     9: ******** 1996953
[M::ha_hist_line]    10: ******** 2141508
[M::ha_hist_line]    11: ********* 2388292
[M::ha_hist_line]    12: *********** 2874306
[M::ha_hist_line]    13: ************* 3486856
[M::ha_hist_line]    14: ***************** 4418529
[M::ha_hist_line]    15: ********************* 5611362
[M::ha_hist_line]    16: *************************** 7135194
[M::ha_hist_line]    17: ********************************** 9029899
[M::ha_hist_line]    18: ******************************************* 11357011
[M::ha_hist_line]    19: **************************************************** 13760402
[M::ha_hist_line]    20: ************************************************************* 16197086
[M::ha_hist_line]    21: ********************************************************************** 18619411
[M::ha_hist_line]    22: ******************************************************************************* 20836591
[M::ha_hist_line]    23: ************************************************************************************* 22664308
[M::ha_hist_line]    24: ****************************************************************************************** 23774700
[M::ha_hist_line]    25: ******************************************************************************************* 24083856
[M::ha_hist_line]    26: ***************************************************************************************** 23706320
[M::ha_hist_line]    27: ************************************************************************************* 22631507
[M::ha_hist_line]    28: ******************************************************************************* 21073783
[M::ha_hist_line]    29: ************************************************************************ 19056951
[M::ha_hist_line]    30: *************************************************************** 16828955
[M::ha_hist_line]    31: ******************************************************** 14777538
[M::ha_hist_line]    32: ************************************************ 12821645
[M::ha_hist_line]    33: ****************************************** 11124773
[M::ha_hist_line]    34: ************************************* 9820109
[M::ha_hist_line]    35: ********************************** 8909547
[M::ha_hist_line]    36: ******************************** 8434597
[M::ha_hist_line]    37: ******************************** 8488859
[M::ha_hist_line]    38: ********************************** 8907697
[M::ha_hist_line]    39: ************************************* 9713425
[M::ha_hist_line]    40: ***************************************** 10961853
[M::ha_hist_line]    41: *********************************************** 12423849
[M::ha_hist_line]    42: ***************************************************** 14125719
[M::ha_hist_line]    43: ************************************************************ 15984584
[M::ha_hist_line]    44: ******************************************************************* 17874319
[M::ha_hist_line]    45: ************************************************************************** 19761246
[M::ha_hist_line]    46: ********************************************************************************* 21502586
[M::ha_hist_line]    47: *************************************************************************************** 23121437
[M::ha_hist_line]    48: ******************************************************************************************** 24525486
[M::ha_hist_line]    49: ************************************************************************************************ 25548091
[M::ha_hist_line]    50: *************************************************************************************************** 26208584
[M::ha_hist_line]    51: **************************************************************************************************** 26531902
[M::ha_hist_line]    52: **************************************************************************************************** 26411274
[M::ha_hist_line]    53: ************************************************************************************************* 25662911
[M::ha_hist_line]    54: ********************************************************************************************* 24622340
[M::ha_hist_line]    55: **************************************************************************************** 23275415
[M::ha_hist_line]    56: ********************************************************************************** 21725819
[M::ha_hist_line]    57: *************************************************************************** 20001355
[M::ha_hist_line]    58: ******************************************************************** 18063806
[M::ha_hist_line]    59: ************************************************************* 16067135
[M::ha_hist_line]    60: ***************************************************** 14171536
[M::ha_hist_line]    61: ********************************************** 12283997
[M::ha_hist_line]    62: **************************************** 10542311
[M::ha_hist_line]    63: ********************************** 8913490
[M::ha_hist_line]    64: **************************** 7441155
[M::ha_hist_line]    65: *********************** 6117024
[M::ha_hist_line]    66: ******************* 4963182
[M::ha_hist_line]    67: *************** 3964830
[M::ha_hist_line]    68: ************ 3154872
[M::ha_hist_line]    69: ********* 2462995
[M::ha_hist_line]    70: ******* 1918535
[M::ha_hist_line]    71: ****** 1469014
[M::ha_hist_line]    72: **** 1132708
[M::ha_hist_line]    73: *** 864467
[M::ha_hist_line]    74: *** 664380
[M::ha_hist_line]    75: ** 507160
[M::ha_hist_line]    76: * 385927
[M::ha_hist_line]    77: * 298835
[M::ha_hist_line]    78: * 230670
[M::ha_hist_line]    79: * 183218
[M::ha_hist_line]    80: * 151737
[M::ha_hist_line]  rest: ************************ 6237996
[M::ha_analyze_count] left: count[25] = 24083856
[M::ha_analyze_count] right: none
[M::ha_ft_gen] peak_hom: 51; peak_het: 25
[M::ha_ct_shrink::1432.727*8.33] ==> counted 2127376 distinct minimizer k-mers
[M::ha_ft_gen::1435.437*8.32@33.085GB] ==> filtered out 2127376 k-mers occurring 255 or more times
[M::ha_opt_update_cov] updated max_n_chain to 255
[M::yak_count] collected 742792282 minimizers
[M::yak_count] collected 776924224 minimizers
[M::ha_pt_gen::2560.035*7.26] ==> counted 71554395 distinct minimizer k-mers
[M::ha_pt_gen] count[4095] = 0 (for sanity check)
[M::ha_analyze_count] lowest: count[9] = 106338
[M::ha_analyze_count] highest: count[25] = 1066294
[M::ha_hist_line]     1: ****************************************************************************************************> 31910455
[M::ha_hist_line]     2: ****************************************************************************************************> 1962936
[M::ha_hist_line]     3: *********************************************************** 623889
[M::ha_hist_line]     4: ************************** 282237
[M::ha_hist_line]     5: **************** 170859
[M::ha_hist_line]     6: ************ 131017
[M::ha_hist_line]     7: *********** 113579
[M::ha_hist_line]     8: ********** 108386
[M::ha_hist_line]     9: ********** 106338
[M::ha_hist_line]    10: ********** 111941
[M::ha_hist_line]    11: ************ 123758
[M::ha_hist_line]    12: ************** 145598
[M::ha_hist_line]    13: **************** 175416
[M::ha_hist_line]    14: ******************** 217864
[M::ha_hist_line]    15: ************************** 272448
[M::ha_hist_line]    16: ******************************** 341476
[M::ha_hist_line]    17: **************************************** 427730
[M::ha_hist_line]    18: ************************************************** 530705
[M::ha_hist_line]    19: ************************************************************ 636116
[M::ha_hist_line]    20: ********************************************************************** 742812
[M::ha_hist_line]    21: ******************************************************************************* 847580
[M::ha_hist_line]    22: **************************************************************************************** 941979
[M::ha_hist_line]    23: *********************************************************************************************** 1016346
[M::ha_hist_line]    24: *************************************************************************************************** 1058046
[M::ha_hist_line]    25: **************************************************************************************************** 1066294
[M::ha_hist_line]    26: ************************************************************************************************** 1040657
[M::ha_hist_line]    27: ********************************************************************************************* 989045
[M::ha_hist_line]    28: ************************************************************************************** 914782
[M::ha_hist_line]    29: ***************************************************************************** 822112
[M::ha_hist_line]    30: ******************************************************************** 722361
[M::ha_hist_line]    31: *********************************************************** 630531
[M::ha_hist_line]    32: *************************************************** 542700
[M::ha_hist_line]    33: ******************************************** 467948
[M::ha_hist_line]    34: ************************************** 409822
[M::ha_hist_line]    35: *********************************** 368546
[M::ha_hist_line]    36: ********************************* 346997
[M::ha_hist_line]    37: ******************************** 345635
[M::ha_hist_line]    38: ********************************** 360986
[M::ha_hist_line]    39: ************************************* 390905
[M::ha_hist_line]    40: ***************************************** 437820
[M::ha_hist_line]    41: ********************************************** 493046
[M::ha_hist_line]    42: **************************************************** 557702
[M::ha_hist_line]    43: *********************************************************** 627968
[M::ha_hist_line]    44: ***************************************************************** 697711
[M::ha_hist_line]    45: ************************************************************************ 767631
[M::ha_hist_line]    46: ****************************************************************************** 832119
[M::ha_hist_line]    47: *********************************************************************************** 890253
[M::ha_hist_line]    48: **************************************************************************************** 940255
[M::ha_hist_line]    49: ******************************************************************************************* 972811
[M::ha_hist_line]    50: ********************************************************************************************* 995453
[M::ha_hist_line]    51: ********************************************************************************************** 1000832
[M::ha_hist_line]    52: ********************************************************************************************* 992939
[M::ha_hist_line]    53: ****************************************************************************************** 958610
[M::ha_hist_line]    54: ************************************************************************************** 918149
[M::ha_hist_line]    55: ********************************************************************************* 862997
[M::ha_hist_line]    56: *************************************************************************** 802521
[M::ha_hist_line]    57: ********************************************************************* 734832
[M::ha_hist_line]    58: ************************************************************** 660093
[M::ha_hist_line]    59: ******************************************************* 586671
[M::ha_hist_line]    60: ************************************************ 515584
[M::ha_hist_line]    61: ****************************************** 445362
[M::ha_hist_line]    62: ************************************ 381742
[M::ha_hist_line]    63: ****************************** 321407
[M::ha_hist_line]    64: ************************* 266880
[M::ha_hist_line]    65: ********************* 219783
[M::ha_hist_line]    66: ***************** 178133
[M::ha_hist_line]    67: ************* 143331
[M::ha_hist_line]    68: *********** 114421
[M::ha_hist_line]    69: ******** 88897
[M::ha_hist_line]    70: ******* 70707
[M::ha_hist_line]    71: ***** 54923
[M::ha_hist_line]    72: **** 43037
[M::ha_hist_line]    73: *** 33582
[M::ha_hist_line]    74: *** 27067
[M::ha_hist_line]    75: ** 21187
[M::ha_hist_line]    76: ** 16962
[M::ha_hist_line]    77: * 13997
[M::ha_hist_line]    78: * 11448
[M::ha_hist_line]    79: * 9917
[M::ha_hist_line]    80: * 8861
[M::ha_hist_line]    81: * 7901
[M::ha_hist_line]    82: * 7136
[M::ha_hist_line]    83: * 6649
[M::ha_hist_line]    84: * 6390
[M::ha_hist_line]    85: * 6166
[M::ha_hist_line]    86: * 5816
[M::ha_hist_line]    87: * 5640
[M::ha_hist_line]    88: * 5475
[M::ha_hist_line]  rest: ********************************** 366749
[M::ha_analyze_count] left: none
[M::ha_analyze_count] right: count[51] = 1000832
[M::ha_pt_gen] peak_hom: 51; peak_het: 25
[M::ha_ct_shrink::2560.318*7.26] ==> counted 39643940 distinct minimizer k-mers
[M::ha_pt_gen::] counting in normal mode
[M::yak_count] collected 1519716506 minimizers
[M::yak_count] collected 0 minimizers
[M::ha_pt_gen::2871.827*7.84] ==> indexed 1487806051 positions, counted 39643940 distinct minimizer k-mers
[M::ha_assemble::11042.922*19.67@42.162GB] ==> corrected reads for round 1
[M::ha_assemble] # bases: 60986546375; # corrected bases: 135727287; # recorrected bases: 158988
[M::ha_assemble] size of buffer: 12.059GB
[M::yak_count] collected 1510536238 minimizers
[M::yak_count] collected 0 minimizers
[M::ha_pt_gen::11255.921*19.62] ==> counted 41150763 distinct minimizer k-mers
[M::ha_pt_gen] count[4095] = 0 (for sanity check)
[M::ha_analyze_count] lowest: count[7] = 79755
[M::ha_analyze_count] highest: count[25] = 1053407
[M::ha_hist_line]     1: ****************************************************************************************************> 3342974
[M::ha_hist_line]     2: ******************************************************************************* 834229
[M::ha_hist_line]     3: ******************************* 324968
[M::ha_hist_line]     4: ************** 152423
[M::ha_hist_line]     5: ********* 96239
[M::ha_hist_line]     6: ******** 83584
[M::ha_hist_line]     7: ******** 79755
[M::ha_hist_line]     8: ******** 83520
[M::ha_hist_line]     9: ******** 86511
[M::ha_hist_line]    10: ********* 95230
[M::ha_hist_line]    11: ********** 106112
[M::ha_hist_line]    12: ************ 127919
[M::ha_hist_line]    13: *************** 155937
[M::ha_hist_line]    14: ****************** 194757
[M::ha_hist_line]    15: *********************** 243803
[M::ha_hist_line]    16: ***************************** 305698
[M::ha_hist_line]    17: ************************************ 384279
[M::ha_hist_line]    18: ********************************************** 481121
[M::ha_hist_line]    19: ******************************************************* 584165
[M::ha_hist_line]    20: ***************************************************************** 686952
[M::ha_hist_line]    21: *************************************************************************** 791181
[M::ha_hist_line]    22: ************************************************************************************* 890453
[M::ha_hist_line]    23: ********************************************************************************************* 976495
[M::ha_hist_line]    24: ************************************************************************************************** 1033492
[M::ha_hist_line]    25: **************************************************************************************************** 1053407
[M::ha_hist_line]    26: *************************************************************************************************** 1045725
[M::ha_hist_line]    27: *********************************************************************************************** 1003831
[M::ha_hist_line]    28: ****************************************************************************************** 944180
[M::ha_hist_line]    29: ********************************************************************************* 858175
[M::ha_hist_line]    30: ************************************************************************ 762774
[M::ha_hist_line]    31: *************************************************************** 668641
[M::ha_hist_line]    32: ******************************************************* 577993
[M::ha_hist_line]    33: *********************************************** 496282
[M::ha_hist_line]    34: ***************************************** 429905
[M::ha_hist_line]    35: ************************************ 379971
[M::ha_hist_line]    36: ********************************* 344395
[M::ha_hist_line]    37: ******************************** 332203
[M::ha_hist_line]    38: ******************************** 338014
[M::ha_hist_line]    39: ********************************** 354198
[M::ha_hist_line]    40: ************************************* 389118
[M::ha_hist_line]    41: ****************************************** 438809
[M::ha_hist_line]    42: *********************************************** 497865
[M::ha_hist_line]    43: ***************************************************** 560788
[M::ha_hist_line]    44: ************************************************************ 630639
[M::ha_hist_line]    45: ******************************************************************* 703297
[M::ha_hist_line]    46: ************************************************************************* 769011
[M::ha_hist_line]    47: ******************************************************************************* 830854
[M::ha_hist_line]    48: ************************************************************************************ 887555
[M::ha_hist_line]    49: ***************************************************************************************** 933131
[M::ha_hist_line]    50: ******************************************************************************************** 965470
[M::ha_hist_line]    51: ********************************************************************************************** 987874
[M::ha_hist_line]    52: ********************************************************************************************** 993919
[M::ha_hist_line]    53: ********************************************************************************************* 982473
[M::ha_hist_line]    54: ****************************************************************************************** 948129
[M::ha_hist_line]    55: ************************************************************************************** 905492
[M::ha_hist_line]    56: ********************************************************************************* 852755
[M::ha_hist_line]    57: *************************************************************************** 793718
[M::ha_hist_line]    58: ********************************************************************* 724933
[M::ha_hist_line]    59: ************************************************************** 652326
[M::ha_hist_line]    60: ******************************************************* 581306
[M::ha_hist_line]    61: ************************************************ 510099
[M::ha_hist_line]    62: ****************************************** 441629
[M::ha_hist_line]    63: ************************************ 377616
[M::ha_hist_line]    64: ****************************** 318748
[M::ha_hist_line]    65: ************************* 266373
[M::ha_hist_line]    66: ********************* 220578
[M::ha_hist_line]    67: ***************** 178633
[M::ha_hist_line]    68: ************** 144296
[M::ha_hist_line]    69: *********** 114474
[M::ha_hist_line]    70: ******** 89533
[M::ha_hist_line]    71: ******* 70435
[M::ha_hist_line]    72: ***** 55363
[M::ha_hist_line]    73: **** 43369
[M::ha_hist_line]    74: *** 34190
[M::ha_hist_line]    75: *** 27112
[M::ha_hist_line]    76: ** 21543
[M::ha_hist_line]    77: ** 17069
[M::ha_hist_line]    78: * 13841
[M::ha_hist_line]    79: * 11703
[M::ha_hist_line]    80: * 10079
[M::ha_hist_line]    81: * 8752
[M::ha_hist_line]    82: * 7781
[M::ha_hist_line]    83: * 7109
[M::ha_hist_line]    84: * 6574
[M::ha_hist_line]    85: * 6132
[M::ha_hist_line]    86: * 6067
[M::ha_hist_line]    87: * 5625
[M::ha_hist_line]    88: * 5600
[M::ha_hist_line]  rest: *********************************** 369487
[M::ha_analyze_count] left: none
[M::ha_analyze_count] right: count[52] = 993919
[M::ha_pt_gen] peak_hom: 52; peak_het: 25
[M::ha_ct_shrink::11256.180*19.62] ==> counted 37807789 distinct minimizer k-mers
[M::ha_pt_gen::] counting in normal mode
[M::yak_count] collected 1510536238 minimizers
[M::yak_count] collected 0 minimizers
[M::ha_pt_gen::11487.108*19.58] ==> indexed 1507193264 positions, counted 37807789 distinct minimizer k-mers
[M::ha_assemble::18309.251*21.19@58.321GB] ==> corrected reads for round 2
[M::ha_assemble] # bases: 60941751333; # corrected bases: 3740070; # recorrected bases: 31055
[M::ha_assemble] size of buffer: 11.848GB
[M::yak_count] collected 1509520529 minimizers
[M::yak_count] collected 0 minimizers
[M::ha_pt_gen::18507.244*21.16] ==> counted 40113923 distinct minimizer k-mers
[M::ha_pt_gen] count[4095] = 0 (for sanity check)
[M::ha_analyze_count] lowest: count[7] = 77526
[M::ha_analyze_count] highest: count[25] = 1052934
[M::ha_hist_line]     1: ****************************************************************************************************> 2441483
[M::ha_hist_line]     2: ************************************************************************ 758523
[M::ha_hist_line]     3: **************************** 298837
[M::ha_hist_line]     4: ************* 141013
[M::ha_hist_line]     5: ********* 90249
[M::ha_hist_line]     6: ******** 79294
[M::ha_hist_line]     7: ******* 77526
[M::ha_hist_line]     8: ******** 81807
[M::ha_hist_line]     9: ******** 85059
[M::ha_hist_line]    10: ********* 94428
[M::ha_hist_line]    11: ********** 105097
[M::ha_hist_line]    12: ************ 127406
[M::ha_hist_line]    13: *************** 155390
[M::ha_hist_line]    14: ****************** 194016
[M::ha_hist_line]    15: *********************** 243256
[M::ha_hist_line]    16: ***************************** 305190
[M::ha_hist_line]    17: ************************************ 383570
[M::ha_hist_line]    18: ********************************************** 480286
[M::ha_hist_line]    19: ******************************************************* 583323
[M::ha_hist_line]    20: ***************************************************************** 686320
[M::ha_hist_line]    21: *************************************************************************** 790336
[M::ha_hist_line]    22: ************************************************************************************ 889643
[M::ha_hist_line]    23: ********************************************************************************************* 976144
[M::ha_hist_line]    24: ************************************************************************************************** 1033063
[M::ha_hist_line]    25: **************************************************************************************************** 1052934
[M::ha_hist_line]    26: *************************************************************************************************** 1046105
[M::ha_hist_line]    27: *********************************************************************************************** 1003627
[M::ha_hist_line]    28: ****************************************************************************************** 944653
[M::ha_hist_line]    29: ********************************************************************************** 858239
[M::ha_hist_line]    30: ************************************************************************ 763172
[M::ha_hist_line]    31: **************************************************************** 669111
[M::ha_hist_line]    32: ******************************************************* 578481
[M::ha_hist_line]    33: *********************************************** 496509
[M::ha_hist_line]    34: ***************************************** 429890
[M::ha_hist_line]    35: ************************************ 379962
[M::ha_hist_line]    36: ********************************* 344586
[M::ha_hist_line]    37: ******************************** 331945
[M::ha_hist_line]    38: ******************************** 337450
[M::ha_hist_line]    39: ********************************** 353732
[M::ha_hist_line]    40: ************************************* 388858
[M::ha_hist_line]    41: ****************************************** 437943
[M::ha_hist_line]    42: *********************************************** 496516
[M::ha_hist_line]    43: ***************************************************** 559681
[M::ha_hist_line]    44: ************************************************************ 629859
[M::ha_hist_line]    45: ******************************************************************* 702382
[M::ha_hist_line]    46: ************************************************************************* 768458
[M::ha_hist_line]    47: ******************************************************************************* 829701
[M::ha_hist_line]    48: ************************************************************************************ 886574
[M::ha_hist_line]    49: ***************************************************************************************** 932817
[M::ha_hist_line]    50: ******************************************************************************************** 965270
[M::ha_hist_line]    51: ********************************************************************************************** 987729
[M::ha_hist_line]    52: ********************************************************************************************** 993561
[M::ha_hist_line]    53: ********************************************************************************************* 983114
[M::ha_hist_line]    54: ****************************************************************************************** 948253
[M::ha_hist_line]    55: ************************************************************************************** 906220
[M::ha_hist_line]    56: ********************************************************************************* 853304
[M::ha_hist_line]    57: *************************************************************************** 794798
[M::ha_hist_line]    58: ********************************************************************* 725827
[M::ha_hist_line]    59: ************************************************************** 653392
[M::ha_hist_line]    60: ******************************************************* 581953
[M::ha_hist_line]    61: ************************************************* 511085
[M::ha_hist_line]    62: ****************************************** 442397
[M::ha_hist_line]    63: ************************************ 378337
[M::ha_hist_line]    64: ****************************** 319294
[M::ha_hist_line]    65: ************************* 266995
[M::ha_hist_line]    66: ********************* 221414
[M::ha_hist_line]    67: ***************** 179084
[M::ha_hist_line]    68: ************** 144647
[M::ha_hist_line]    69: *********** 114710
[M::ha_hist_line]    70: ********* 89649
[M::ha_hist_line]    71: ******* 70657
[M::ha_hist_line]    72: ***** 55529
[M::ha_hist_line]    73: **** 43524
[M::ha_hist_line]    74: *** 34245
[M::ha_hist_line]    75: *** 27195
[M::ha_hist_line]    76: ** 21626
[M::ha_hist_line]    77: ** 17106
[M::ha_hist_line]    78: * 13849
[M::ha_hist_line]    79: * 11693
[M::ha_hist_line]    80: * 10061
[M::ha_hist_line]    81: * 8725
[M::ha_hist_line]    82: * 7750
[M::ha_hist_line]    83: * 7068
[M::ha_hist_line]    84: * 6472
[M::ha_hist_line]    85: * 6069
[M::ha_hist_line]    86: * 6264
[M::ha_hist_line]    87: * 5694
[M::ha_hist_line]    88: * 5534
[M::ha_hist_line]  rest: *********************************** 369385
[M::ha_analyze_count] left: none
[M::ha_analyze_count] right: count[52] = 993561
[M::ha_pt_gen] peak_hom: 52; peak_het: 25
[M::ha_ct_shrink::18507.358*21.16] ==> counted 37672440 distinct minimizer k-mers
[M::ha_pt_gen::] counting in normal mode
[M::yak_count] collected 1509520529 minimizers
[M::yak_count] collected 0 minimizers
[M::ha_pt_gen::18764.357*21.10] ==> indexed 1507079046 positions, counted 37672440 distinct minimizer k-mers
[M::ha_assemble::25528.377*21.84@95.327GB] ==> corrected reads for round 3
[M::ha_assemble] # bases: 60939944240; # corrected bases: 465523; # recorrected bases: 30130
[M::ha_assemble] size of buffer: 11.703GB
[M::yak_count] collected 1509335064 minimizers
[M::yak_count] collected 0 minimizers
[M::ha_pt_gen::25747.854*21.79] ==> counted 39984326 distinct minimizer k-mers
[M::ha_pt_gen] count[4095] = 0 (for sanity check)
[M::ha_analyze_count] lowest: count[7] = 76814
[M::ha_analyze_count] highest: count[25] = 1052780
[M::ha_hist_line]     1: ****************************************************************************************************> 2334257
[M::ha_hist_line]     2: *********************************************************************** 746941
[M::ha_hist_line]     3: **************************** 294782
[M::ha_hist_line]     4: ************* 138494
[M::ha_hist_line]     5: ******** 89380
[M::ha_hist_line]     6: ******* 78577
[M::ha_hist_line]     7: ******* 76814
[M::ha_hist_line]     8: ******** 81468
[M::ha_hist_line]     9: ******** 84913
[M::ha_hist_line]    10: ********* 94265
[M::ha_hist_line]    11: ********** 104978
[M::ha_hist_line]    12: ************ 127313
[M::ha_hist_line]    13: *************** 155366
[M::ha_hist_line]    14: ****************** 194016
[M::ha_hist_line]    15: *********************** 243130
[M::ha_hist_line]    16: ***************************** 305100
[M::ha_hist_line]    17: ************************************ 383606
[M::ha_hist_line]    18: ********************************************** 480264
[M::ha_hist_line]    19: ******************************************************* 583206
[M::ha_hist_line]    20: ***************************************************************** 686209
[M::ha_hist_line]    21: *************************************************************************** 790277
[M::ha_hist_line]    22: ************************************************************************************* 889737
[M::ha_hist_line]    23: ********************************************************************************************* 975963
[M::ha_hist_line]    24: ************************************************************************************************** 1033050
[M::ha_hist_line]    25: **************************************************************************************************** 1052780
[M::ha_hist_line]    26: *************************************************************************************************** 1046063
[M::ha_hist_line]    27: *********************************************************************************************** 1003715
[M::ha_hist_line]    28: ****************************************************************************************** 944645
[M::ha_hist_line]    29: ********************************************************************************** 858154
[M::ha_hist_line]    30: ************************************************************************ 763155
[M::ha_hist_line]    31: **************************************************************** 669035
[M::ha_hist_line]    32: ******************************************************* 578501
[M::ha_hist_line]    33: *********************************************** 496583
[M::ha_hist_line]    34: ***************************************** 429853
[M::ha_hist_line]    35: ************************************ 379978
[M::ha_hist_line]    36: ********************************* 344508
[M::ha_hist_line]    37: ******************************** 331886
[M::ha_hist_line]    38: ******************************** 337406
[M::ha_hist_line]    39: ********************************** 353758
[M::ha_hist_line]    40: ************************************* 388679
[M::ha_hist_line]    41: ****************************************** 437982
[M::ha_hist_line]    42: *********************************************** 496515
[M::ha_hist_line]    43: ***************************************************** 559634
[M::ha_hist_line]    44: ************************************************************ 629875
[M::ha_hist_line]    45: ******************************************************************* 702299
[M::ha_hist_line]    46: ************************************************************************* 768414
[M::ha_hist_line]    47: ******************************************************************************* 829641
[M::ha_hist_line]    48: ************************************************************************************ 886548
[M::ha_hist_line]    49: ***************************************************************************************** 932790
[M::ha_hist_line]    50: ******************************************************************************************** 965322
[M::ha_hist_line]    51: ********************************************************************************************** 987656
[M::ha_hist_line]    52: ********************************************************************************************** 993537
[M::ha_hist_line]    53: ********************************************************************************************* 983057
[M::ha_hist_line]    54: ****************************************************************************************** 948309
[M::ha_hist_line]    55: ************************************************************************************** 906326
[M::ha_hist_line]    56: ********************************************************************************* 853271
[M::ha_hist_line]    57: *************************************************************************** 794787
[M::ha_hist_line]    58: ********************************************************************* 725879
[M::ha_hist_line]    59: ************************************************************** 653490
[M::ha_hist_line]    60: ******************************************************* 581956
[M::ha_hist_line]    61: ************************************************* 511149
[M::ha_hist_line]    62: ****************************************** 442438
[M::ha_hist_line]    63: ************************************ 378413
[M::ha_hist_line]    64: ****************************** 319289
[M::ha_hist_line]    65: ************************* 267037
[M::ha_hist_line]    66: ********************* 221386
[M::ha_hist_line]    67: ***************** 179151
[M::ha_hist_line]    68: ************** 144632
[M::ha_hist_line]    69: *********** 114745
[M::ha_hist_line]    70: ********* 89654
[M::ha_hist_line]    71: ******* 70654
[M::ha_hist_line]    72: ***** 55493
[M::ha_hist_line]    73: **** 43537
[M::ha_hist_line]    74: *** 34261
[M::ha_hist_line]    75: *** 27234
[M::ha_hist_line]    76: ** 21574
[M::ha_hist_line]    77: ** 17123
[M::ha_hist_line]    78: * 13883
[M::ha_hist_line]    79: * 11667
[M::ha_hist_line]    80: * 10058
[M::ha_hist_line]    81: * 8749
[M::ha_hist_line]    82: * 7709
[M::ha_hist_line]    83: * 7073
[M::ha_hist_line]    84: * 6459
[M::ha_hist_line]    85: * 6104
[M::ha_hist_line]    86: * 6230
[M::ha_hist_line]    87: * 5685
[M::ha_hist_line]    88: * 5547
[M::ha_hist_line]  rest: *********************************** 369299
[M::ha_analyze_count] left: none
[M::ha_analyze_count] right: count[52] = 993537
[M::ha_pt_gen] peak_hom: 52; peak_het: 25
[M::ha_ct_shrink::25747.986*21.79] ==> counted 37650069 distinct minimizer k-mers
[M::ha_pt_gen::] counting in normal mode
[M::yak_count] collected 1509335064 minimizers
[M::yak_count] collected 0 minimizers
[M::ha_pt_gen::25986.926*21.75] ==> indexed 1507000807 positions, counted 37650069 distinct minimizer k-mers
[M::ha_assemble::27196.865*21.84@99.940GB] ==> found overlaps for the final round
[M::ha_print_ovlp_stat] # overlaps: 239689821
[M::ha_print_ovlp_stat] # strong overlaps: 205178323
[M::ha_print_ovlp_stat] # weak overlaps: 34511498
[M::ha_print_ovlp_stat] # exact overlaps: 234610395
[M::ha_print_ovlp_stat] # inexact overlaps: 5079426
[M::ha_print_ovlp_stat] # overlaps without large indels: 239428939
[M::ha_print_ovlp_stat] # reverse overlaps: 377862452
Writing reads to disk... 
Reads has been written.
Writing ma_hit_ts to disk... 
ma_hit_ts has been written.
Writing ma_hit_ts to disk... 
ma_hit_ts has been written.
bin files have been written.
[M::purge_dups] homozygous read coverage threshold: 52
[M::purge_dups] purge duplication coverage threshold: 65
Writing raw unitig GFA to disk... 
Writing processed unitig GFA to disk... 
[M::purge_dups] homozygous read coverage threshold: 52
[M::purge_dups] purge duplication coverage threshold: 65
[M::mc_solve_core::1.508] ==> Partition
[M::adjust_utg_by_primary] primary contig coverage range: [44, infinity]
Writing MCZ_Orn_366498.bp.p_ctg.gfa to disk... 
[M::adjust_utg_by_trio] primary contig coverage range: [44, infinity]
Writing MCZ_Orn_366498.bp.hap1.p_ctg.gfa to disk... 
[M::adjust_utg_by_trio] primary contig coverage range: [44, infinity]
Writing MCZ_Orn_366498.bp.hap2.p_ctg.gfa to disk... 
Inconsistency threshold for low-quality regions in BED files: 70%
[M::main] Version: 0.16.1-r375
[M::main] CMD: ../../hifiasm/hifiasm -t 24 -o MCZ_Orn_366498 /n/holylfs05/LABS/informatics/Everyone/scrubjay/RAW_DATA/MCZ_Orn_366498/r64190e_20211112_191138/demultiplex.bc1022_BAK8B_OA--bc1022_BAK8B_OA.hifi_reads.fastq.gz /n/holylfs05/LABS/informatics/Everyone/scrubjay/RAW_DATA/MCZ_Orn_366498/r64190e_20211117_162136/demultiplex.bc1022_BAK8B_OA--bc1022_BAK8B_OA.hifi_reads.fastq.gz
[M::main] Real time: 28845.491 sec; CPU: 599253.633 sec; Peak RSS: 99.940 GB
