[M::ha_analyze_count] lowest: count[7] = 1972845
[M::ha_analyze_count] highest: count[45] = 31372995
[M::ha_hist_line]     2: ******************************* 9874884
[M::ha_hist_line]     3: ************ 3838645
[M::ha_hist_line]     4: ********* 2775016
[M::ha_hist_line]     5: ******* 2209804
[M::ha_hist_line]     6: ****** 1997243
[M::ha_hist_line]     7: ****** 1972845
[M::ha_hist_line]     8: ******* 2068370
[M::ha_hist_line]     9: ******* 2273827
[M::ha_hist_line]    10: ******** 2620849
[M::ha_hist_line]    11: ********** 3210323
[M::ha_hist_line]    12: ************* 4104168
[M::ha_hist_line]    13: ***************** 5400027
[M::ha_hist_line]    14: *********************** 7172353
[M::ha_hist_line]    15: ****************************** 9319727
[M::ha_hist_line]    16: ************************************* 11764916
[M::ha_hist_line]    17: ********************************************** 14394695
[M::ha_hist_line]    18: ****************************************************** 16957358
[M::ha_hist_line]    19: ************************************************************* 19257983
[M::ha_hist_line]    20: ******************************************************************* 21020318
[M::ha_hist_line]    21: ********************************************************************** 22110839
[M::ha_hist_line]    22: ************************************************************************ 22467106
[M::ha_hist_line]    23: ********************************************************************** 21980015
[M::ha_hist_line]    24: ******************************************************************* 20898430
[M::ha_hist_line]    25: ************************************************************* 19186631
[M::ha_hist_line]    26: ******************************************************* 17269775
[M::ha_hist_line]    27: ************************************************* 15291367
[M::ha_hist_line]    28: ******************************************* 13513853
[M::ha_hist_line]    29: ************************************** 12071377
[M::ha_hist_line]    30: *********************************** 11053454
[M::ha_hist_line]    31: ********************************** 10600375
[M::ha_hist_line]    32: ********************************** 10747692
[M::ha_hist_line]    33: ************************************ 11442397
[M::ha_hist_line]    34: ***************************************** 12715793
[M::ha_hist_line]    35: ********************************************** 14350688
[M::ha_hist_line]    36: **************************************************** 16395900
[M::ha_hist_line]    37: *********************************************************** 18601428
[M::ha_hist_line]    38: ******************************************************************* 21079110
[M::ha_hist_line]    39: *************************************************************************** 23606446
[M::ha_hist_line]    40: *********************************************************************************** 25920794
[M::ha_hist_line]    41: ***************************************************************************************** 27999611
[M::ha_hist_line]    42: ********************************************************************************************** 29581625
[M::ha_hist_line]    43: ************************************************************************************************** 30687307
[M::ha_hist_line]    44: **************************************************************************************************** 31240088
[M::ha_hist_line]    45: **************************************************************************************************** 31372995
[M::ha_hist_line]    46: *************************************************************************************************** 30916731
[M::ha_hist_line]    47: *********************************************************************************************** 29703361
[M::ha_hist_line]    48: ****************************************************************************************** 28088728
[M::ha_hist_line]    49: *********************************************************************************** 26123300
[M::ha_hist_line]    50: **************************************************************************** 23793508
[M::ha_hist_line]    51: ******************************************************************** 21232870
[M::ha_hist_line]    52: *********************************************************** 18639587
[M::ha_hist_line]    53: **************************************************** 16216773
[M::ha_hist_line]    54: ******************************************** 13831340
[M::ha_hist_line]    55: ************************************* 11586073
[M::ha_hist_line]    56: ****************************** 9565222
[M::ha_hist_line]    57: ************************* 7763276
[M::ha_hist_line]    58: ******************** 6170140
[M::ha_hist_line]    59: **************** 4905748
[M::ha_hist_line]    60: ************ 3786678
[M::ha_hist_line]    61: ********* 2912745
[M::ha_hist_line]    62: ******* 2196957
[M::ha_hist_line]    63: ***** 1641198
[M::ha_hist_line]    64: **** 1203570
[M::ha_hist_line]    65: *** 884536
[M::ha_hist_line]    66: ** 663872
[M::ha_hist_line]    67: ** 493425
[M::ha_hist_line]    68: * 369677
[M::ha_hist_line]    69: * 289147
[M::ha_hist_line]    70: * 228181
[M::ha_hist_line]    71: * 180750
[M::ha_hist_line]  rest: *********************** 7264959
[M::ha_analyze_count] left: count[22] = 22467106
[M::ha_analyze_count] right: none
[M::ha_ft_gen] peak_hom: 45; peak_het: 22
[M::ha_ct_shrink::1393.806*8.22] ==> counted 2404312 distinct minimizer k-mers
[M::ha_ft_gen::1396.388*8.20@33.062GB] ==> filtered out 2404312 k-mers occurring 225 or more times
[M::ha_opt_update_cov] updated max_n_chain to 225
[M::yak_count] collected 736117966 minimizers
[M::yak_count] collected 631448856 minimizers
[M::ha_pt_gen::2449.821*7.23] ==> counted 62565338 distinct minimizer k-mers
[M::ha_pt_gen] count[4095] = 0 (for sanity check)
[M::ha_analyze_count] lowest: count[8] = 112255
[M::ha_analyze_count] highest: count[45] = 1184291
[M::ha_hist_line]     1: ****************************************************************************************************> 24503289
[M::ha_hist_line]     2: ********************************************************************************************* 1105860
[M::ha_hist_line]     3: ******************************** 376899
[M::ha_hist_line]     4: ******************* 219338
[M::ha_hist_line]     5: ************* 153740
[M::ha_hist_line]     6: *********** 125269
[M::ha_hist_line]     7: ********** 113566
[M::ha_hist_line]     8: ********* 112255
[M::ha_hist_line]     9: ********** 117996
[M::ha_hist_line]    10: *********** 133149
[M::ha_hist_line]    11: ************* 159812
[M::ha_hist_line]    12: ***************** 203000
[M::ha_hist_line]    13: ********************** 263176
[M::ha_hist_line]    14: ***************************** 346237
[M::ha_hist_line]    15: ************************************** 446412
[M::ha_hist_line]    16: *********************************************** 558727
[M::ha_hist_line]    17: ********************************************************* 676605
[M::ha_hist_line]    18: ******************************************************************* 790866
[M::ha_hist_line]    19: *************************************************************************** 892206
[M::ha_hist_line]    20: ********************************************************************************** 967623
[M::ha_hist_line]    21: ************************************************************************************* 1006846
[M::ha_hist_line]    22: ************************************************************************************** 1019185
[M::ha_hist_line]    23: ************************************************************************************ 989586
[M::ha_hist_line]    24: ******************************************************************************* 933516
[M::ha_hist_line]    25: ************************************************************************ 850190
[M::ha_hist_line]    26: **************************************************************** 759403
[M::ha_hist_line]    27: ******************************************************** 666740
[M::ha_hist_line]    28: ************************************************* 583714
[M::ha_hist_line]    29: ******************************************* 515024
[M::ha_hist_line]    30: *************************************** 466325
[M::ha_hist_line]    31: ************************************* 440959
[M::ha_hist_line]    32: ************************************* 440755
[M::ha_hist_line]    33: *************************************** 464062
[M::ha_hist_line]    34: ******************************************* 509579
[M::ha_hist_line]    35: ************************************************ 570421
[M::ha_hist_line]    36: ******************************************************* 647213
[M::ha_hist_line]    37: ************************************************************** 731170
[M::ha_hist_line]    38: ********************************************************************** 825521
[M::ha_hist_line]    39: ***************************************************************************** 917109
[M::ha_hist_line]    40: ************************************************************************************* 1003026
[M::ha_hist_line]    41: ******************************************************************************************* 1077222
[M::ha_hist_line]    42: ************************************************************************************************ 1131730
[M::ha_hist_line]    43: *************************************************************************************************** 1168337
[M::ha_hist_line]    44: **************************************************************************************************** 1184179
[M::ha_hist_line]    45: **************************************************************************************************** 1184291
[M::ha_hist_line]    46: ************************************************************************************************** 1160214
[M::ha_hist_line]    47: ********************************************************************************************** 1110693
[M::ha_hist_line]    48: **************************************************************************************** 1045328
[M::ha_hist_line]    49: ********************************************************************************** 966294
[M::ha_hist_line]    50: ************************************************************************** 876817
[M::ha_hist_line]    51: ****************************************************************** 778030
[M::ha_hist_line]    52: ********************************************************** 682304
[M::ha_hist_line]    53: ************************************************** 592196
[M::ha_hist_line]    54: ****************************************** 502546
[M::ha_hist_line]    55: *********************************** 419759
[M::ha_hist_line]    56: ***************************** 345470
[M::ha_hist_line]    57: ************************ 280414
[M::ha_hist_line]    58: ******************* 223004
[M::ha_hist_line]    59: *************** 176933
[M::ha_hist_line]    60: ************ 137507
[M::ha_hist_line]    61: ********* 106640
[M::ha_hist_line]    62: ******* 81257
[M::ha_hist_line]    63: ***** 61746
[M::ha_hist_line]    64: **** 45946
[M::ha_hist_line]    65: *** 35104
[M::ha_hist_line]    66: ** 27645
[M::ha_hist_line]    67: ** 21427
[M::ha_hist_line]    68: * 17375
[M::ha_hist_line]    69: * 14300
[M::ha_hist_line]    70: * 12294
[M::ha_hist_line]    71: * 10464
[M::ha_hist_line]    72: * 9574
[M::ha_hist_line]    73: * 8841
[M::ha_hist_line]    74: * 8559
[M::ha_hist_line]    75: * 7875
[M::ha_hist_line]    76: * 7595
[M::ha_hist_line]    77: * 7388
[M::ha_hist_line]    78: * 6831
[M::ha_hist_line]    79: * 7220
[M::ha_hist_line]    80: * 7085
[M::ha_hist_line]    81: * 6920
[M::ha_hist_line]    82: * 6982
[M::ha_hist_line]    83: * 6827
[M::ha_hist_line]    84: * 6901
[M::ha_hist_line]    85: * 6872
[M::ha_hist_line]    86: * 6668
[M::ha_hist_line]    87: * 6447
[M::ha_hist_line]    88: * 6229
[M::ha_hist_line]    89: * 6294
[M::ha_hist_line]    90: * 6201
[M::ha_hist_line]    91: * 6089
[M::ha_hist_line]    92: * 5981
[M::ha_hist_line]    93: * 6089
[M::ha_hist_line]  rest: **************************** 326035
[M::ha_analyze_count] left: count[22] = 1019185
[M::ha_analyze_count] right: none
[M::ha_pt_gen] peak_hom: 45; peak_het: 22
[M::ha_ct_shrink::2450.085*7.23] ==> counted 38062049 distinct minimizer k-mers
[M::ha_pt_gen::] counting in normal mode
[M::yak_count] collected 1367566822 minimizers
[M::yak_count] collected 0 minimizers
[M::ha_pt_gen::2793.787*7.88] ==> indexed 1343063533 positions, counted 38062049 distinct minimizer k-mers
[M::ha_assemble::9663.159*19.26@40.024GB] ==> corrected reads for round 1
[M::ha_assemble] # bases: 57062766099; # corrected bases: 113009985; # recorrected bases: 133345
[M::ha_assemble] size of buffer: 12.156GB
[M::yak_count] collected 1358474567 minimizers
[M::yak_count] collected 0 minimizers
[M::ha_pt_gen::9891.237*19.15] ==> counted 38305454 distinct minimizer k-mers
[M::ha_pt_gen] count[4095] = 0 (for sanity check)
[M::ha_analyze_count] lowest: count[6] = 80117
[M::ha_analyze_count] highest: count[45] = 1177720
[M::ha_hist_line]     1: ****************************************************************************************************> 1776085
[M::ha_hist_line]     2: ****************** 209729
[M::ha_hist_line]     3: ********** 121865
[M::ha_hist_line]     4: ********* 100276
[M::ha_hist_line]     5: ******* 85499
[M::ha_hist_line]     6: ******* 80117
[M::ha_hist_line]     7: ******* 82099
[M::ha_hist_line]     8: ******* 87580
[M::ha_hist_line]     9: ******** 98378
[M::ha_hist_line]    10: ********** 114481
[M::ha_hist_line]    11: ************ 140250
[M::ha_hist_line]    12: *************** 180022
[M::ha_hist_line]    13: ******************** 236659
[M::ha_hist_line]    14: *************************** 313491
[M::ha_hist_line]    15: *********************************** 408272
[M::ha_hist_line]    16: ******************************************** 515984
[M::ha_hist_line]    17: ****************************************************** 633287
[M::ha_hist_line]    18: *************************************************************** 746666
[M::ha_hist_line]    19: ************************************************************************* 855273
[M::ha_hist_line]    20: ******************************************************************************* 935011
[M::ha_hist_line]    21: ************************************************************************************ 987993
[M::ha_hist_line]    22: ************************************************************************************** 1008892
[M::ha_hist_line]    23: ************************************************************************************ 992225
[M::ha_hist_line]    24: ******************************************************************************** 947996
[M::ha_hist_line]    25: ************************************************************************** 871655
[M::ha_hist_line]    26: ******************************************************************* 785208
[M::ha_hist_line]    27: *********************************************************** 691047
[M::ha_hist_line]    28: *************************************************** 605481
[M::ha_hist_line]    29: ********************************************* 529030
[M::ha_hist_line]    30: **************************************** 471909
[M::ha_hist_line]    31: ************************************* 435977
[M::ha_hist_line]    32: ************************************ 423058
[M::ha_hist_line]    33: ************************************* 437075
[M::ha_hist_line]    34: **************************************** 471023
[M::ha_hist_line]    35: ******************************************** 523099
[M::ha_hist_line]    36: ************************************************** 591637
[M::ha_hist_line]    37: ********************************************************* 668440
[M::ha_hist_line]    38: **************************************************************** 756542
[M::ha_hist_line]    39: ************************************************************************ 853396
[M::ha_hist_line]    40: ******************************************************************************** 941453
[M::ha_hist_line]    41: *************************************************************************************** 1023249
[M::ha_hist_line]    42: ******************************************************************************************** 1089042
[M::ha_hist_line]    43: ************************************************************************************************* 1137710
[M::ha_hist_line]    44: *************************************************************************************************** 1164148
[M::ha_hist_line]    45: **************************************************************************************************** 1177720
[M::ha_hist_line]    46: *************************************************************************************************** 1168893
[M::ha_hist_line]    47: ************************************************************************************************* 1139689
[M::ha_hist_line]    48: ******************************************************************************************** 1082652
[M::ha_hist_line]    49: *************************************************************************************** 1019373
[M::ha_hist_line]    50: ******************************************************************************* 934731
[M::ha_hist_line]    51: *********************************************************************** 839422
[M::ha_hist_line]    52: *************************************************************** 745759
[M::ha_hist_line]    53: ******************************************************** 654427
[M::ha_hist_line]    54: ************************************************ 563964
[M::ha_hist_line]    55: **************************************** 475296
[M::ha_hist_line]    56: ********************************** 399040
[M::ha_hist_line]    57: **************************** 326132
[M::ha_hist_line]    58: ********************** 264739
[M::ha_hist_line]    59: ****************** 209313
[M::ha_hist_line]    60: ************** 165864
[M::ha_hist_line]    61: *********** 129659
[M::ha_hist_line]    62: ********* 100261
[M::ha_hist_line]    63: ****** 75927
[M::ha_hist_line]    64: ***** 56888
[M::ha_hist_line]    65: **** 42786
[M::ha_hist_line]    66: *** 33196
[M::ha_hist_line]    67: ** 25887
[M::ha_hist_line]    68: ** 20527
[M::ha_hist_line]    69: * 16373
[M::ha_hist_line]    70: * 13653
[M::ha_hist_line]    71: * 11586
[M::ha_hist_line]    72: * 10200
[M::ha_hist_line]    73: * 9397
[M::ha_hist_line]    74: * 8269
[M::ha_hist_line]    75: * 8152
[M::ha_hist_line]    76: * 7973
[M::ha_hist_line]    77: * 7304
[M::ha_hist_line]    78: * 7127
[M::ha_hist_line]    79: * 6815
[M::ha_hist_line]    80: * 6949
[M::ha_hist_line]    81: * 6703
[M::ha_hist_line]    82: * 6615
[M::ha_hist_line]    83: * 6618
[M::ha_hist_line]    84: * 6750
[M::ha_hist_line]    85: * 6783
[M::ha_hist_line]    86: * 6761
[M::ha_hist_line]    87: * 6519
[M::ha_hist_line]    88: * 6205
[M::ha_hist_line]    89: * 6318
[M::ha_hist_line]    90: * 5960
[M::ha_hist_line]    91: * 5918
[M::ha_hist_line]    92: * 6106
[M::ha_hist_line]    93: * 5940
[M::ha_hist_line]  rest: **************************** 328006
[M::ha_analyze_count] left: count[22] = 1008892
[M::ha_analyze_count] right: none
[M::ha_pt_gen] peak_hom: 45; peak_het: 22
[M::ha_ct_shrink::9891.363*19.15] ==> counted 36529369 distinct minimizer k-mers
[M::ha_pt_gen::] counting in normal mode
[M::yak_count] collected 1358474567 minimizers
[M::yak_count] collected 0 minimizers
[M::ha_pt_gen::10162.333*19.03] ==> indexed 1356698482 positions, counted 36529369 distinct minimizer k-mers
[M::ha_assemble::15895.716*20.78@52.200GB] ==> corrected reads for round 2
[M::ha_assemble] # bases: 57024935548; # corrected bases: 3274716; # recorrected bases: 32851
[M::ha_assemble] size of buffer: 10.772GB
[M::yak_count] collected 1357498358 minimizers
[M::yak_count] collected 0 minimizers
[M::ha_pt_gen::16119.358*20.70] ==> counted 37437078 distinct minimizer k-mers
[M::ha_pt_gen] count[4095] = 0 (for sanity check)
[M::ha_analyze_count] lowest: count[6] = 75994
[M::ha_analyze_count] highest: count[45] = 1177741
[M::ha_hist_line]     1: *************************************************************************************** 1028924
[M::ha_hist_line]     2: ************* 148311
[M::ha_hist_line]     3: ******** 98031
[M::ha_hist_line]     4: ******** 89198
[M::ha_hist_line]     5: ******* 78870
[M::ha_hist_line]     6: ****** 75994
[M::ha_hist_line]     7: ******* 79345
[M::ha_hist_line]     8: ******* 85837
[M::ha_hist_line]     9: ******** 96738
[M::ha_hist_line]    10: ********** 113000
[M::ha_hist_line]    11: ************ 139089
[M::ha_hist_line]    12: *************** 179320
[M::ha_hist_line]    13: ******************** 235692
[M::ha_hist_line]    14: *************************** 312460
[M::ha_hist_line]    15: *********************************** 407488
[M::ha_hist_line]    16: ******************************************** 515559
[M::ha_hist_line]    17: ****************************************************** 632477
[M::ha_hist_line]    18: *************************************************************** 746105
[M::ha_hist_line]    19: ************************************************************************* 854827
[M::ha_hist_line]    20: ******************************************************************************* 934637
[M::ha_hist_line]    21: ************************************************************************************ 987876
[M::ha_hist_line]    22: ************************************************************************************** 1008299
[M::ha_hist_line]    23: ************************************************************************************ 992222
[M::ha_hist_line]    24: ******************************************************************************** 948081
[M::ha_hist_line]    25: ************************************************************************** 872029
[M::ha_hist_line]    26: ******************************************************************* 785302
[M::ha_hist_line]    27: *********************************************************** 691318
[M::ha_hist_line]    28: *************************************************** 605764
[M::ha_hist_line]    29: ********************************************* 529032
[M::ha_hist_line]    30: **************************************** 471540
[M::ha_hist_line]    31: ************************************* 435845
[M::ha_hist_line]    32: ************************************ 422819
[M::ha_hist_line]    33: ************************************* 436767
[M::ha_hist_line]    34: **************************************** 470225
[M::ha_hist_line]    35: ******************************************** 522400
[M::ha_hist_line]    36: ************************************************** 590834
[M::ha_hist_line]    37: ********************************************************* 667594
[M::ha_hist_line]    38: **************************************************************** 755212
[M::ha_hist_line]    39: ************************************************************************ 852854
[M::ha_hist_line]    40: ******************************************************************************** 941200
[M::ha_hist_line]    41: *************************************************************************************** 1021851
[M::ha_hist_line]    42: ******************************************************************************************** 1088527
[M::ha_hist_line]    43: ************************************************************************************************* 1137516
[M::ha_hist_line]    44: *************************************************************************************************** 1163895
[M::ha_hist_line]    45: **************************************************************************************************** 1177741
[M::ha_hist_line]    46: *************************************************************************************************** 1169092
[M::ha_hist_line]    47: ************************************************************************************************* 1140062
[M::ha_hist_line]    48: ******************************************************************************************** 1083181
[M::ha_hist_line]    49: *************************************************************************************** 1019946
[M::ha_hist_line]    50: ******************************************************************************* 935459
[M::ha_hist_line]    51: *********************************************************************** 839989
[M::ha_hist_line]    52: *************************************************************** 746427
[M::ha_hist_line]    53: ******************************************************** 655471
[M::ha_hist_line]    54: ************************************************ 565037
[M::ha_hist_line]    55: **************************************** 475858
[M::ha_hist_line]    56: ********************************** 399807
[M::ha_hist_line]    57: **************************** 326385
[M::ha_hist_line]    58: *********************** 265311
[M::ha_hist_line]    59: ****************** 209700
[M::ha_hist_line]    60: ************** 166073
[M::ha_hist_line]    61: *********** 130106
[M::ha_hist_line]    62: ********* 100483
[M::ha_hist_line]    63: ****** 76054
[M::ha_hist_line]    64: ***** 56968
[M::ha_hist_line]    65: **** 43005
[M::ha_hist_line]    66: *** 33223
[M::ha_hist_line]    67: ** 25839
[M::ha_hist_line]    68: ** 20488
[M::ha_hist_line]    69: * 16444
[M::ha_hist_line]    70: * 13616
[M::ha_hist_line]    71: * 11559
[M::ha_hist_line]    72: * 10280
[M::ha_hist_line]    73: * 9342
[M::ha_hist_line]    74: * 8305
[M::ha_hist_line]    75: * 8144
[M::ha_hist_line]    76: * 7843
[M::ha_hist_line]    77: * 7420
[M::ha_hist_line]    78: * 7087
[M::ha_hist_line]    79: * 6778
[M::ha_hist_line]    80: * 6950
[M::ha_hist_line]    81: * 6762
[M::ha_hist_line]    82: * 6686
[M::ha_hist_line]    83: * 6561
[M::ha_hist_line]    84: * 6686
[M::ha_hist_line]    85: * 6655
[M::ha_hist_line]    86: * 6760
[M::ha_hist_line]    87: * 6493
[M::ha_hist_line]    88: * 6140
[M::ha_hist_line]    89: * 6228
[M::ha_hist_line]    90: * 6060
[M::ha_hist_line]    91: * 5918
[M::ha_hist_line]    92: * 6039
[M::ha_hist_line]  rest: **************************** 333713
[M::ha_analyze_count] left: count[22] = 1008299
[M::ha_analyze_count] right: none
[M::ha_pt_gen] peak_hom: 45; peak_het: 22
[M::ha_ct_shrink::16119.535*20.70] ==> counted 36408154 distinct minimizer k-mers
[M::ha_pt_gen::] counting in normal mode
[M::yak_count] collected 1357498358 minimizers
[M::yak_count] collected 0 minimizers
[M::ha_pt_gen::16417.001*20.58] ==> indexed 1356469434 positions, counted 36408154 distinct minimizer k-mers
[M::ha_assemble::22098.246*21.43@90.332GB] ==> corrected reads for round 3
[M::ha_assemble] # bases: 57023442825; # corrected bases: 494252; # recorrected bases: 30243
[M::ha_assemble] size of buffer: 10.528GB
[M::yak_count] collected 1357290673 minimizers
[M::yak_count] collected 0 minimizers
[M::ha_pt_gen::22331.863*21.36] ==> counted 37317000 distinct minimizer k-mers
[M::ha_pt_gen] count[4095] = 0 (for sanity check)
[M::ha_analyze_count] lowest: count[6] = 75062
[M::ha_analyze_count] highest: count[45] = 1177763
[M::ha_hist_line]     1: ******************************************************************************* 934563
[M::ha_hist_line]     2: ************ 136339
[M::ha_hist_line]     3: ******** 92627
[M::ha_hist_line]     4: ******* 86715
[M::ha_hist_line]     5: ******* 77768
[M::ha_hist_line]     6: ****** 75062
[M::ha_hist_line]     7: ******* 78692
[M::ha_hist_line]     8: ******* 85236
[M::ha_hist_line]     9: ******** 96129
[M::ha_hist_line]    10: ********** 112685
[M::ha_hist_line]    11: ************ 139047
[M::ha_hist_line]    12: *************** 179051
[M::ha_hist_line]    13: ******************** 235766
[M::ha_hist_line]    14: *************************** 312495
[M::ha_hist_line]    15: *********************************** 407283
[M::ha_hist_line]    16: ******************************************** 515511
[M::ha_hist_line]    17: ****************************************************** 632394
[M::ha_hist_line]    18: *************************************************************** 746080
[M::ha_hist_line]    19: ************************************************************************* 854785
[M::ha_hist_line]    20: ******************************************************************************* 934554
[M::ha_hist_line]    21: ************************************************************************************ 987789
[M::ha_hist_line]    22: ************************************************************************************** 1008205
[M::ha_hist_line]    23: ************************************************************************************ 992284
[M::ha_hist_line]    24: ********************************************************************************* 948147
[M::ha_hist_line]    25: ************************************************************************** 871909
[M::ha_hist_line]    26: ******************************************************************* 785223
[M::ha_hist_line]    27: *********************************************************** 691250
[M::ha_hist_line]    28: *************************************************** 605827
[M::ha_hist_line]    29: ********************************************* 528913
[M::ha_hist_line]    30: **************************************** 471588
[M::ha_hist_line]    31: ************************************* 435684
[M::ha_hist_line]    32: ************************************ 422792
[M::ha_hist_line]    33: ************************************* 436753
[M::ha_hist_line]    34: **************************************** 470111
[M::ha_hist_line]    35: ******************************************** 522363
[M::ha_hist_line]    36: ************************************************** 590789
[M::ha_hist_line]    37: ********************************************************* 667532
[M::ha_hist_line]    38: **************************************************************** 755143
[M::ha_hist_line]    39: ************************************************************************ 852704
[M::ha_hist_line]    40: ******************************************************************************** 941188
[M::ha_hist_line]    41: *************************************************************************************** 1021798
[M::ha_hist_line]    42: ******************************************************************************************** 1088591
[M::ha_hist_line]    43: ************************************************************************************************* 1137439
[M::ha_hist_line]    44: *************************************************************************************************** 1163909
[M::ha_hist_line]    45: **************************************************************************************************** 1177763
[M::ha_hist_line]    46: *************************************************************************************************** 1169059
[M::ha_hist_line]    47: ************************************************************************************************* 1140040
[M::ha_hist_line]    48: ******************************************************************************************** 1083177
[M::ha_hist_line]    49: *************************************************************************************** 1019996
[M::ha_hist_line]    50: ******************************************************************************* 935554
[M::ha_hist_line]    51: *********************************************************************** 839973
[M::ha_hist_line]    52: *************************************************************** 746473
[M::ha_hist_line]    53: ******************************************************** 655468
[M::ha_hist_line]    54: ************************************************ 564994
[M::ha_hist_line]    55: **************************************** 475890
[M::ha_hist_line]    56: ********************************** 399844
[M::ha_hist_line]    57: **************************** 326450
[M::ha_hist_line]    58: *********************** 265330
[M::ha_hist_line]    59: ****************** 209706
[M::ha_hist_line]    60: ************** 166135
[M::ha_hist_line]    61: *********** 130058
[M::ha_hist_line]    62: ********* 100580
[M::ha_hist_line]    63: ****** 75984
[M::ha_hist_line]    64: ***** 57045
[M::ha_hist_line]    65: **** 42984
[M::ha_hist_line]    66: *** 33252
[M::ha_hist_line]    67: ** 25805
[M::ha_hist_line]    68: ** 20488
[M::ha_hist_line]    69: * 16442
[M::ha_hist_line]    70: * 13603
[M::ha_hist_line]    71: * 11531
[M::ha_hist_line]    72: * 10279
[M::ha_hist_line]    73: * 9334
[M::ha_hist_line]    74: * 8300
[M::ha_hist_line]    75: * 8133
[M::ha_hist_line]    76: * 7837
[M::ha_hist_line]    77: * 7408
[M::ha_hist_line]    78: * 7117
[M::ha_hist_line]    79: * 6749
[M::ha_hist_line]    80: * 7021
[M::ha_hist_line]    81: * 6727
[M::ha_hist_line]    82: * 6616
[M::ha_hist_line]    83: * 6596
[M::ha_hist_line]    84: * 6659
[M::ha_hist_line]    85: * 6657
[M::ha_hist_line]    86: * 6783
[M::ha_hist_line]    87: * 6517
[M::ha_hist_line]    88: * 6083
[M::ha_hist_line]    89: * 6234
[M::ha_hist_line]    90: * 6067
[M::ha_hist_line]  rest: ***************************** 345546
[M::ha_analyze_count] left: count[22] = 1008205
[M::ha_analyze_count] right: none
[M::ha_pt_gen] peak_hom: 45; peak_het: 22
[M::ha_ct_shrink::22332.026*21.36] ==> counted 36382437 distinct minimizer k-mers
[M::ha_pt_gen::] counting in normal mode
[M::yak_count] collected 1357290673 minimizers
[M::yak_count] collected 0 minimizers
[M::ha_pt_gen::22632.943*21.26] ==> indexed 1356356110 positions, counted 36382437 distinct minimizer k-mers
[M::ha_assemble::23598.194*21.37@95.444GB] ==> found overlaps for the final round
[M::ha_print_ovlp_stat] # overlaps: 241249853
[M::ha_print_ovlp_stat] # strong overlaps: 212289629
[M::ha_print_ovlp_stat] # weak overlaps: 28960224
[M::ha_print_ovlp_stat] # exact overlaps: 234665601
[M::ha_print_ovlp_stat] # inexact overlaps: 6584252
[M::ha_print_ovlp_stat] # overlaps without large indels: 240891445
[M::ha_print_ovlp_stat] # reverse overlaps: 458153097
Writing reads to disk... 
Reads has been written.
Writing ma_hit_ts to disk... 
ma_hit_ts has been written.
Writing ma_hit_ts to disk... 
ma_hit_ts has been written.
bin files have been written.
[M::purge_dups] homozygous read coverage threshold: 44
[M::purge_dups] purge duplication coverage threshold: 56
Writing raw unitig GFA to disk... 
Writing processed unitig GFA to disk... 
[M::purge_dups] homozygous read coverage threshold: 44
[M::purge_dups] purge duplication coverage threshold: 56
[M::mc_solve_core::1.435] ==> Partition
ERROR-purge
[M::adjust_utg_by_primary] primary contig coverage range: [37, infinity]
Writing MCZ_Orn_366487.bp.p_ctg.gfa to disk... 
[M::adjust_utg_by_trio] primary contig coverage range: [37, infinity]
Writing MCZ_Orn_366487.bp.hap1.p_ctg.gfa to disk... 
[M::adjust_utg_by_trio] primary contig coverage range: [37, infinity]
Writing MCZ_Orn_366487.bp.hap2.p_ctg.gfa to disk... 
Inconsistency threshold for low-quality regions in BED files: 70%
[M::main] Version: 0.16.1-r375
[M::main] CMD: ../../hifiasm/hifiasm -t 24 -o MCZ_Orn_366487 /n/holylfs05/LABS/informatics/Everyone/scrubjay/00_raw_data/MCZ_Orn_366487/r64086e_20211108_184524/demultiplex.bc1003_BAK8A_OA--bc1003_BAK8A_OA.hifi_reads.fastq.gz /n/holylfs05/LABS/informatics/Everyone/scrubjay/00_raw_data/MCZ_Orn_366487/r64190e_20211112_191138/demultiplex.bc1003_BAK8A_OA--bc1003_BAK8A_OA.hifi_reads.fastq.gz
[M::main] Real time: 25671.941 sec; CPU: 509690.021 sec; Peak RSS: 95.444 GB
