[M::ha_analyze_count] lowest: count[7] = 2045484
[M::ha_analyze_count] highest: count[44] = 28977772
[M::ha_hist_line]     2: ******************************* 9022944
[M::ha_hist_line]     3: ************ 3581050
[M::ha_hist_line]     4: ********* 2552851
[M::ha_hist_line]     5: ******* 2161924
[M::ha_hist_line]     6: ******* 2147210
[M::ha_hist_line]     7: ******* 2045484
[M::ha_hist_line]     8: ******** 2248163
[M::ha_hist_line]     9: ********* 2570610
[M::ha_hist_line]    10: *********** 3127370
[M::ha_hist_line]    11: ************* 3894438
[M::ha_hist_line]    12: ***************** 4908413
[M::ha_hist_line]    13: ********************** 6350620
[M::ha_hist_line]    14: **************************** 8011244
[M::ha_hist_line]    15: *********************************** 10083400
[M::ha_hist_line]    16: ******************************************* 12401864
[M::ha_hist_line]    17: *************************************************** 14707690
[M::ha_hist_line]    18: *********************************************************** 17049879
[M::ha_hist_line]    19: ****************************************************************** 19049142
[M::ha_hist_line]    20: *********************************************************************** 20535048
[M::ha_hist_line]    21: ************************************************************************** 21414646
[M::ha_hist_line]    22: *************************************************************************** 21669285
[M::ha_hist_line]    23: ************************************************************************* 21236161
[M::ha_hist_line]    24: ********************************************************************** 20364899
[M::ha_hist_line]    25: ****************************************************************** 19021432
[M::ha_hist_line]    26: ************************************************************ 17463627
[M::ha_hist_line]    27: ****************************************************** 15757638
[M::ha_hist_line]    28: ************************************************* 14145837
[M::ha_hist_line]    29: ********************************************* 12972092
[M::ha_hist_line]    30: ****************************************** 12110760
[M::ha_hist_line]    31: ***************************************** 11760195
[M::ha_hist_line]    32: ***************************************** 11998859
[M::ha_hist_line]    33: ******************************************** 12707730
[M::ha_hist_line]    34: ************************************************ 13818676
[M::ha_hist_line]    35: ***************************************************** 15347164
[M::ha_hist_line]    36: *********************************************************** 17015046
[M::ha_hist_line]    37: ***************************************************************** 18875719
[M::ha_hist_line]    38: ************************************************************************ 20919418
[M::ha_hist_line]    39: ******************************************************************************* 22887223
[M::ha_hist_line]    40: ************************************************************************************** 24778137
[M::ha_hist_line]    41: ******************************************************************************************* 26418001
[M::ha_hist_line]    42: ************************************************************************************************ 27714485
[M::ha_hist_line]    43: *************************************************************************************************** 28642381
[M::ha_hist_line]    44: **************************************************************************************************** 28977772
[M::ha_hist_line]    45: **************************************************************************************************** 28846681
[M::ha_hist_line]    46: ************************************************************************************************** 28337450
[M::ha_hist_line]    47: *********************************************************************************************** 27388107
[M::ha_hist_line]    48: ****************************************************************************************** 25966848
[M::ha_hist_line]    49: ************************************************************************************ 24290701
[M::ha_hist_line]    50: ***************************************************************************** 22363646
[M::ha_hist_line]    51: ********************************************************************** 20296587
[M::ha_hist_line]    52: *************************************************************** 18121101
[M::ha_hist_line]    53: ******************************************************* 15909567
[M::ha_hist_line]    54: *********************************************** 13755590
[M::ha_hist_line]    55: ***************************************** 11741644
[M::ha_hist_line]    56: ********************************** 9884752
[M::ha_hist_line]    57: **************************** 8230173
[M::ha_hist_line]    58: *********************** 6771775
[M::ha_hist_line]    59: ******************* 5415790
[M::ha_hist_line]    60: *************** 4286088
[M::ha_hist_line]    61: ************ 3353292
[M::ha_hist_line]    62: ********* 2614396
[M::ha_hist_line]    63: ******* 2032583
[M::ha_hist_line]    64: ***** 1551951
[M::ha_hist_line]    65: **** 1190864
[M::ha_hist_line]    66: *** 905450
[M::ha_hist_line]    67: ** 678071
[M::ha_hist_line]    68: ** 506068
[M::ha_hist_line]    69: * 380899
[M::ha_hist_line]    70: * 298129
[M::ha_hist_line]    71: * 238793
[M::ha_hist_line]    72: * 192633
[M::ha_hist_line]    73: * 155703
[M::ha_hist_line]  rest: ********************** 6500272
[M::ha_analyze_count] left: count[22] = 21669285
[M::ha_analyze_count] right: none
[M::ha_ft_gen] peak_hom: 44; peak_het: 22
[M::ha_ct_shrink::1292.120*8.55] ==> counted 2237958 distinct minimizer k-mers
[M::ha_ft_gen::1294.999*8.54@33.090GB] ==> filtered out 2237958 k-mers occurring 220 or more times
[M::ha_opt_update_cov] updated max_n_chain to 220
[M::yak_count] collected 657059634 minimizers
[M::yak_count] collected 682330435 minimizers
[M::ha_pt_gen::2321.007*7.38] ==> counted 60080926 distinct minimizer k-mers
[M::ha_pt_gen] count[4095] = 0 (for sanity check)
[M::ha_analyze_count] lowest: count[7] = 115951
[M::ha_analyze_count] highest: count[44] = 1097639
[M::ha_hist_line]     1: ****************************************************************************************************> 22573947
[M::ha_hist_line]     2: ***************************************************************************************** 981773
[M::ha_hist_line]     3: ****************************** 333769
[M::ha_hist_line]     4: ****************** 195108
[M::ha_hist_line]     5: ************* 144908
[M::ha_hist_line]     6: ************ 126862
[M::ha_hist_line]     7: *********** 115951
[M::ha_hist_line]     8: *********** 119107
[M::ha_hist_line]     9: ************ 132306
[M::ha_hist_line]    10: ************** 156829
[M::ha_hist_line]    11: ***************** 191833
[M::ha_hist_line]    12: ********************** 239611
[M::ha_hist_line]    13: **************************** 305192
[M::ha_hist_line]    14: *********************************** 382317
[M::ha_hist_line]    15: ******************************************* 477267
[M::ha_hist_line]    16: ***************************************************** 583591
[M::ha_hist_line]    17: ************************************************************** 684971
[M::ha_hist_line]    18: ************************************************************************ 788938
[M::ha_hist_line]    19: ******************************************************************************** 873216
[M::ha_hist_line]    20: ************************************************************************************* 936027
[M::ha_hist_line]    21: **************************************************************************************** 969740
[M::ha_hist_line]    22: ***************************************************************************************** 975848
[M::ha_hist_line]    23: *************************************************************************************** 951645
[M::ha_hist_line]    24: ********************************************************************************** 904044
[M::ha_hist_line]    25: **************************************************************************** 836710
[M::ha_hist_line]    26: ********************************************************************** 762930
[M::ha_hist_line]    27: ************************************************************** 681445
[M::ha_hist_line]    28: ******************************************************* 605175
[M::ha_hist_line]    29: ************************************************** 548502
[M::ha_hist_line]    30: ********************************************** 505176
[M::ha_hist_line]    31: ******************************************** 484447
[M::ha_hist_line]    32: ******************************************** 486813
[M::ha_hist_line]    33: ********************************************** 509956
[M::ha_hist_line]    34: ************************************************** 549354
[M::ha_hist_line]    35: ******************************************************* 603610
[M::ha_hist_line]    36: ************************************************************* 666119
[M::ha_hist_line]    37: ******************************************************************* 734734
[M::ha_hist_line]    38: ************************************************************************** 810163
[M::ha_hist_line]    39: ******************************************************************************** 882829
[M::ha_hist_line]    40: *************************************************************************************** 951028
[M::ha_hist_line]    41: ******************************************************************************************** 1012213
[M::ha_hist_line]    42: ************************************************************************************************ 1056350
[M::ha_hist_line]    43: *************************************************************************************************** 1087786
[M::ha_hist_line]    44: **************************************************************************************************** 1097639
[M::ha_hist_line]    45: *************************************************************************************************** 1087342
[M::ha_hist_line]    46: ************************************************************************************************* 1063867
[M::ha_hist_line]    47: ********************************************************************************************** 1027113
[M::ha_hist_line]    48: **************************************************************************************** 970818
[M::ha_hist_line]    49: ********************************************************************************** 904073
[M::ha_hist_line]    50: **************************************************************************** 831209
[M::ha_hist_line]    51: ******************************************************************** 750943
[M::ha_hist_line]    52: ************************************************************* 668210
[M::ha_hist_line]    53: ***************************************************** 585374
[M::ha_hist_line]    54: ********************************************** 505993
[M::ha_hist_line]    55: *************************************** 430838
[M::ha_hist_line]    56: ********************************* 362820
[M::ha_hist_line]    57: *************************** 301861
[M::ha_hist_line]    58: ********************** 246778
[M::ha_hist_line]    59: ****************** 197383
[M::ha_hist_line]    60: ************** 157739
[M::ha_hist_line]    61: *********** 123721
[M::ha_hist_line]    62: ********* 97116
[M::ha_hist_line]    63: ******* 76162
[M::ha_hist_line]    64: ***** 59274
[M::ha_hist_line]    65: **** 46032
[M::ha_hist_line]    66: *** 35917
[M::ha_hist_line]    67: *** 27730
[M::ha_hist_line]    68: ** 21693
[M::ha_hist_line]    69: ** 17314
[M::ha_hist_line]    70: * 14312
[M::ha_hist_line]    71: * 12008
[M::ha_hist_line]    72: * 10318
[M::ha_hist_line]    73: * 9222
[M::ha_hist_line]    74: * 8411
[M::ha_hist_line]    75: * 7860
[M::ha_hist_line]    76: * 7238
[M::ha_hist_line]    77: * 7185
[M::ha_hist_line]    78: * 7104
[M::ha_hist_line]    79: * 6720
[M::ha_hist_line]    80: * 6625
[M::ha_hist_line]    81: * 6248
[M::ha_hist_line]    82: * 6326
[M::ha_hist_line]    83: * 6292
[M::ha_hist_line]    84: * 6232
[M::ha_hist_line]    85: * 6191
[M::ha_hist_line]    86: * 5846
[M::ha_hist_line]    87: * 5742
[M::ha_hist_line]  rest: ****************************** 325947
[M::ha_analyze_count] left: count[22] = 975848
[M::ha_analyze_count] right: none
[M::ha_pt_gen] peak_hom: 44; peak_het: 22
[M::ha_ct_shrink::2321.282*7.38] ==> counted 37506979 distinct minimizer k-mers
[M::ha_pt_gen::] counting in normal mode
[M::yak_count] collected 1339390069 minimizers
[M::yak_count] collected 0 minimizers
[M::ha_pt_gen::2642.134*8.05] ==> indexed 1316816122 positions, counted 37506979 distinct minimizer k-mers
[M::ha_assemble::9244.026*19.35@40.545GB] ==> corrected reads for round 1
[M::ha_assemble] # bases: 54748898528; # corrected bases: 123023036; # recorrected bases: 85120
[M::ha_assemble] size of buffer: 13.031GB
[M::yak_count] collected 1332274031 minimizers
[M::yak_count] collected 0 minimizers
[M::ha_pt_gen::9457.726*19.25] ==> counted 37941127 distinct minimizer k-mers
[M::ha_pt_gen] count[4095] = 0 (for sanity check)
[M::ha_analyze_count] lowest: count[5] = 86912
[M::ha_analyze_count] highest: count[45] = 1087223
[M::ha_hist_line]     1: ****************************************************************************************************> 1697567
[M::ha_hist_line]     2: ********************** 238113
[M::ha_hist_line]     3: ************ 126135
[M::ha_hist_line]     4: ********* 98089
[M::ha_hist_line]     5: ******** 86912
[M::ha_hist_line]     6: ******** 88773
[M::ha_hist_line]     7: ******** 87295
[M::ha_hist_line]     8: ********* 98523
[M::ha_hist_line]     9: ********** 112900
[M::ha_hist_line]    10: ************* 138449
[M::ha_hist_line]    11: **************** 173226
[M::ha_hist_line]    12: ******************** 217897
[M::ha_hist_line]    13: ************************** 281386
[M::ha_hist_line]    14: ******************************** 353084
[M::ha_hist_line]    15: ***************************************** 443484
[M::ha_hist_line]    16: ************************************************** 545465
[M::ha_hist_line]    17: ************************************************************ 650297
[M::ha_hist_line]    18: ********************************************************************* 750422
[M::ha_hist_line]    19: ***************************************************************************** 842211
[M::ha_hist_line]    20: ************************************************************************************ 907889
[M::ha_hist_line]    21: *************************************************************************************** 949989
[M::ha_hist_line]    22: ***************************************************************************************** 967806
[M::ha_hist_line]    23: *************************************************************************************** 950342
[M::ha_hist_line]    24: ************************************************************************************ 912481
[M::ha_hist_line]    25: ****************************************************************************** 851364
[M::ha_hist_line]    26: ************************************************************************ 781655
[M::ha_hist_line]    27: ***************************************************************** 703096
[M::ha_hist_line]    28: ********************************************************* 621477
[M::ha_hist_line]    29: **************************************************** 560126
[M::ha_hist_line]    30: *********************************************** 508243
[M::ha_hist_line]    31: ******************************************** 476194
[M::ha_hist_line]    32: ******************************************* 470938
[M::ha_hist_line]    33: ********************************************* 485546
[M::ha_hist_line]    34: *********************************************** 515831
[M::ha_hist_line]    35: **************************************************** 564203
[M::ha_hist_line]    36: ********************************************************* 621977
[M::ha_hist_line]    37: *************************************************************** 681522
[M::ha_hist_line]    38: ********************************************************************** 759179
[M::ha_hist_line]    39: **************************************************************************** 829555
[M::ha_hist_line]    40: *********************************************************************************** 902192
[M::ha_hist_line]    41: ***************************************************************************************** 966629
[M::ha_hist_line]    42: ********************************************************************************************** 1020076
[M::ha_hist_line]    43: ************************************************************************************************** 1063432
[M::ha_hist_line]    44: **************************************************************************************************** 1081808
[M::ha_hist_line]    45: **************************************************************************************************** 1087223
[M::ha_hist_line]    46: *************************************************************************************************** 1074229
[M::ha_hist_line]    47: ************************************************************************************************ 1043952
[M::ha_hist_line]    48: ******************************************************************************************** 1000511
[M::ha_hist_line]    49: *************************************************************************************** 941015
[M::ha_hist_line]    50: ********************************************************************************* 877352
[M::ha_hist_line]    51: ************************************************************************** 800734
[M::ha_hist_line]    52: ****************************************************************** 722470
[M::ha_hist_line]    53: *********************************************************** 636576
[M::ha_hist_line]    54: *************************************************** 557973
[M::ha_hist_line]    55: ******************************************** 481761
[M::ha_hist_line]    56: ************************************* 407418
[M::ha_hist_line]    57: ******************************** 343535
[M::ha_hist_line]    58: ************************** 286053
[M::ha_hist_line]    59: ********************* 231770
[M::ha_hist_line]    60: ***************** 185582
[M::ha_hist_line]    61: ************* 146558
[M::ha_hist_line]    62: *********** 115614
[M::ha_hist_line]    63: ******** 91055
[M::ha_hist_line]    64: ******* 71679
[M::ha_hist_line]    65: ***** 55538
[M::ha_hist_line]    66: **** 43665
[M::ha_hist_line]    67: *** 33682
[M::ha_hist_line]    68: ** 25896
[M::ha_hist_line]    69: ** 20390
[M::ha_hist_line]    70: ** 16939
[M::ha_hist_line]    71: * 13454
[M::ha_hist_line]    72: * 11676
[M::ha_hist_line]    73: * 10176
[M::ha_hist_line]    74: * 8500
[M::ha_hist_line]    75: * 7930
[M::ha_hist_line]    76: * 7523
[M::ha_hist_line]    77: * 7224
[M::ha_hist_line]    78: * 6918
[M::ha_hist_line]    79: * 6682
[M::ha_hist_line]    80: * 6514
[M::ha_hist_line]    81: * 6411
[M::ha_hist_line]    82: * 6326
[M::ha_hist_line]    83: * 5983
[M::ha_hist_line]    84: * 6112
[M::ha_hist_line]    85: * 6153
[M::ha_hist_line]    86: * 5856
[M::ha_hist_line]    87: * 5857
[M::ha_hist_line]    88: * 5653
[M::ha_hist_line]  rest: ****************************** 323231
[M::ha_analyze_count] left: count[22] = 967806
[M::ha_analyze_count] right: none
[M::ha_pt_gen] peak_hom: 45; peak_het: 22
[M::ha_ct_shrink::9457.972*19.25] ==> counted 36243560 distinct minimizer k-mers
[M::ha_pt_gen::] counting in normal mode
[M::yak_count] collected 1332274031 minimizers
[M::yak_count] collected 0 minimizers
[M::ha_pt_gen::9703.220*19.14] ==> indexed 1330576464 positions, counted 36243560 distinct minimizer k-mers
[M::ha_assemble::15218.075*20.86@56.426GB] ==> corrected reads for round 2
[M::ha_assemble] # bases: 54749403257; # corrected bases: 3772476; # recorrected bases: 27043
[M::ha_assemble] size of buffer: 12.138GB
[M::yak_count] collected 1331254669 minimizers
[M::yak_count] collected 0 minimizers
[M::ha_pt_gen::15412.992*20.80] ==> counted 36914701 distinct minimizer k-mers
[M::ha_pt_gen] count[4095] = 0 (for sanity check)
[M::ha_analyze_count] lowest: count[5] = 78982
[M::ha_analyze_count] highest: count[45] = 1087536
[M::ha_hist_line]     1: ************************************************************************** 809201
[M::ha_hist_line]     2: *************** 167239
[M::ha_hist_line]     3: ********* 98064
[M::ha_hist_line]     4: ******** 84695
[M::ha_hist_line]     5: ******* 78982
[M::ha_hist_line]     6: ******** 84152
[M::ha_hist_line]     7: ******** 84089
[M::ha_hist_line]     8: ********* 96428
[M::ha_hist_line]     9: ********** 111354
[M::ha_hist_line]    10: ************* 137117
[M::ha_hist_line]    11: **************** 172183
[M::ha_hist_line]    12: ******************** 216825
[M::ha_hist_line]    13: ************************** 280710
[M::ha_hist_line]    14: ******************************** 351961
[M::ha_hist_line]    15: ***************************************** 442533
[M::ha_hist_line]    16: ************************************************** 545010
[M::ha_hist_line]    17: ************************************************************ 649510
[M::ha_hist_line]    18: ********************************************************************* 749122
[M::ha_hist_line]    19: ***************************************************************************** 841521
[M::ha_hist_line]    20: *********************************************************************************** 907614
[M::ha_hist_line]    21: *************************************************************************************** 949498
[M::ha_hist_line]    22: ***************************************************************************************** 967470
[M::ha_hist_line]    23: *************************************************************************************** 950499
[M::ha_hist_line]    24: ************************************************************************************ 912542
[M::ha_hist_line]    25: ****************************************************************************** 851688
[M::ha_hist_line]    26: ************************************************************************ 782131
[M::ha_hist_line]    27: ***************************************************************** 703168
[M::ha_hist_line]    28: ********************************************************* 621420
[M::ha_hist_line]    29: *************************************************** 559890
[M::ha_hist_line]    30: *********************************************** 508644
[M::ha_hist_line]    31: ******************************************** 475651
[M::ha_hist_line]    32: ******************************************* 470660
[M::ha_hist_line]    33: ********************************************* 485327
[M::ha_hist_line]    34: *********************************************** 514892
[M::ha_hist_line]    35: **************************************************** 563155
[M::ha_hist_line]    36: ********************************************************* 620746
[M::ha_hist_line]    37: *************************************************************** 680365
[M::ha_hist_line]    38: ********************************************************************** 758200
[M::ha_hist_line]    39: **************************************************************************** 828729
[M::ha_hist_line]    40: *********************************************************************************** 901457
[M::ha_hist_line]    41: ***************************************************************************************** 965999
[M::ha_hist_line]    42: ********************************************************************************************** 1019511
[M::ha_hist_line]    43: ************************************************************************************************** 1062992
[M::ha_hist_line]    44: *************************************************************************************************** 1081264
[M::ha_hist_line]    45: **************************************************************************************************** 1087536
[M::ha_hist_line]    46: *************************************************************************************************** 1074580
[M::ha_hist_line]    47: ************************************************************************************************ 1043436
[M::ha_hist_line]    48: ******************************************************************************************** 1001546
[M::ha_hist_line]    49: *************************************************************************************** 941715
[M::ha_hist_line]    50: ********************************************************************************* 878370
[M::ha_hist_line]    51: ************************************************************************** 801281
[M::ha_hist_line]    52: ******************************************************************* 723607
[M::ha_hist_line]    53: *********************************************************** 637359
[M::ha_hist_line]    54: *************************************************** 559122
[M::ha_hist_line]    55: ******************************************** 482898
[M::ha_hist_line]    56: ************************************** 408386
[M::ha_hist_line]    57: ******************************** 344387
[M::ha_hist_line]    58: ************************** 286969
[M::ha_hist_line]    59: ********************* 232300
[M::ha_hist_line]    60: ***************** 186037
[M::ha_hist_line]    61: ************** 146950
[M::ha_hist_line]    62: *********** 115981
[M::ha_hist_line]    63: ******** 91402
[M::ha_hist_line]    64: ******* 72033
[M::ha_hist_line]    65: ***** 55647
[M::ha_hist_line]    66: **** 43755
[M::ha_hist_line]    67: *** 33836
[M::ha_hist_line]    68: ** 26048
[M::ha_hist_line]    69: ** 20377
[M::ha_hist_line]    70: ** 16932
[M::ha_hist_line]    71: * 13405
[M::ha_hist_line]    72: * 11526
[M::ha_hist_line]    73: * 10110
[M::ha_hist_line]    74: * 8597
[M::ha_hist_line]    75: * 7856
[M::ha_hist_line]    76: * 7439
[M::ha_hist_line]    77: * 7284
[M::ha_hist_line]    78: * 7044
[M::ha_hist_line]    79: * 6774
[M::ha_hist_line]    80: * 6630
[M::ha_hist_line]    81: * 6373
[M::ha_hist_line]    82: * 6299
[M::ha_hist_line]    83: * 6092
[M::ha_hist_line]    84: * 6067
[M::ha_hist_line]    85: * 6144
[M::ha_hist_line]    86: * 5750
[M::ha_hist_line]    87: * 5772
[M::ha_hist_line]    88: * 5802
[M::ha_hist_line]  rest: ****************************** 323039
[M::ha_analyze_count] left: count[22] = 967470
[M::ha_analyze_count] right: none
[M::ha_pt_gen] peak_hom: 45; peak_het: 22
[M::ha_ct_shrink::15413.125*20.80] ==> counted 36105500 distinct minimizer k-mers
[M::ha_pt_gen::] counting in normal mode
[M::yak_count] collected 1331254669 minimizers
[M::yak_count] collected 0 minimizers
[M::ha_pt_gen::15668.237*20.70] ==> indexed 1330445468 positions, counted 36105500 distinct minimizer k-mers
[M::ha_assemble::21116.110*21.51@77.775GB] ==> corrected reads for round 3
[M::ha_assemble] # bases: 54748753431; # corrected bases: 450702; # recorrected bases: 26150
[M::ha_assemble] size of buffer: 12.117GB
[M::yak_count] collected 1331044753 minimizers
[M::yak_count] collected 0 minimizers
[M::ha_pt_gen::21319.548*21.46] ==> counted 36781157 distinct minimizer k-mers
[M::ha_pt_gen] count[4095] = 0 (for sanity check)
[M::ha_analyze_count] lowest: count[5] = 77184
[M::ha_analyze_count] highest: count[45] = 1087494
[M::ha_hist_line]     1: ***************************************************************** 706061
[M::ha_hist_line]     2: ************** 151490
[M::ha_hist_line]     3: ******** 92326
[M::ha_hist_line]     4: ******** 81650
[M::ha_hist_line]     5: ******* 77184
[M::ha_hist_line]     6: ******** 83132
[M::ha_hist_line]     7: ******** 83476
[M::ha_hist_line]     8: ********* 95854
[M::ha_hist_line]     9: ********** 110954
[M::ha_hist_line]    10: ************* 136957
[M::ha_hist_line]    11: **************** 171935
[M::ha_hist_line]    12: ******************** 216723
[M::ha_hist_line]    13: ************************** 280722
[M::ha_hist_line]    14: ******************************** 351837
[M::ha_hist_line]    15: ***************************************** 442514
[M::ha_hist_line]    16: ************************************************** 545003
[M::ha_hist_line]    17: ************************************************************ 649434
[M::ha_hist_line]    18: ********************************************************************* 749159
[M::ha_hist_line]    19: ***************************************************************************** 841457
[M::ha_hist_line]    20: *********************************************************************************** 907543
[M::ha_hist_line]    21: *************************************************************************************** 949356
[M::ha_hist_line]    22: ***************************************************************************************** 967588
[M::ha_hist_line]    23: *************************************************************************************** 950352
[M::ha_hist_line]    24: ************************************************************************************ 912528
[M::ha_hist_line]    25: ****************************************************************************** 851606
[M::ha_hist_line]    26: ************************************************************************ 782163
[M::ha_hist_line]    27: ***************************************************************** 703123
[M::ha_hist_line]    28: ********************************************************* 621379
[M::ha_hist_line]    29: *************************************************** 559838
[M::ha_hist_line]    30: *********************************************** 508629
[M::ha_hist_line]    31: ******************************************** 475646
[M::ha_hist_line]    32: ******************************************* 470583
[M::ha_hist_line]    33: ********************************************* 485314
[M::ha_hist_line]    34: *********************************************** 514838
[M::ha_hist_line]    35: **************************************************** 563174
[M::ha_hist_line]    36: ********************************************************* 620654
[M::ha_hist_line]    37: *************************************************************** 680363
[M::ha_hist_line]    38: ********************************************************************** 758130
[M::ha_hist_line]    39: **************************************************************************** 828660
[M::ha_hist_line]    40: *********************************************************************************** 901520
[M::ha_hist_line]    41: ***************************************************************************************** 965972
[M::ha_hist_line]    42: ********************************************************************************************** 1019419
[M::ha_hist_line]    43: ************************************************************************************************** 1062825
[M::ha_hist_line]    44: *************************************************************************************************** 1081428
[M::ha_hist_line]    45: **************************************************************************************************** 1087494
[M::ha_hist_line]    46: *************************************************************************************************** 1074432
[M::ha_hist_line]    47: ************************************************************************************************ 1043450
[M::ha_hist_line]    48: ******************************************************************************************** 1001650
[M::ha_hist_line]    49: *************************************************************************************** 941752
[M::ha_hist_line]    50: ********************************************************************************* 878341
[M::ha_hist_line]    51: ************************************************************************** 801318
[M::ha_hist_line]    52: ******************************************************************* 723652
[M::ha_hist_line]    53: *********************************************************** 637392
[M::ha_hist_line]    54: *************************************************** 559138
[M::ha_hist_line]    55: ******************************************** 482887
[M::ha_hist_line]    56: ************************************** 408534
[M::ha_hist_line]    57: ******************************** 344378
[M::ha_hist_line]    58: ************************** 286980
[M::ha_hist_line]    59: ********************* 232316
[M::ha_hist_line]    60: ***************** 186028
[M::ha_hist_line]    61: ************** 146957
[M::ha_hist_line]    62: *********** 115992
[M::ha_hist_line]    63: ******** 91442
[M::ha_hist_line]    64: ******* 72024
[M::ha_hist_line]    65: ***** 55641
[M::ha_hist_line]    66: **** 43808
[M::ha_hist_line]    67: *** 33769
[M::ha_hist_line]    68: ** 26046
[M::ha_hist_line]    69: ** 20423
[M::ha_hist_line]    70: ** 16921
[M::ha_hist_line]    71: * 13357
[M::ha_hist_line]    72: * 11615
[M::ha_hist_line]    73: * 10050
[M::ha_hist_line]    74: * 8600
[M::ha_hist_line]    75: * 7826
[M::ha_hist_line]    76: * 7505
[M::ha_hist_line]    77: * 7253
[M::ha_hist_line]    78: * 7064
[M::ha_hist_line]    79: * 6731
[M::ha_hist_line]    80: * 6617
[M::ha_hist_line]    81: * 6369
[M::ha_hist_line]    82: * 6290
[M::ha_hist_line]    83: * 6076
[M::ha_hist_line]    84: * 6067
[M::ha_hist_line]    85: * 6177
[M::ha_hist_line]    86: * 5771
[M::ha_hist_line]    87: * 5765
[M::ha_hist_line]    88: * 5772
[M::ha_hist_line]  rest: ****************************** 322988
[M::ha_analyze_count] left: count[22] = 967588
[M::ha_analyze_count] right: none
[M::ha_pt_gen] peak_hom: 45; peak_het: 22
[M::ha_ct_shrink::21319.665*21.46] ==> counted 36075096 distinct minimizer k-mers
[M::ha_pt_gen::] counting in normal mode
[M::yak_count] collected 1331044753 minimizers
[M::yak_count] collected 0 minimizers
[M::ha_pt_gen::21607.562*21.35] ==> indexed 1330338692 positions, counted 36075096 distinct minimizer k-mers
[M::ha_assemble::22532.069*21.46@81.060GB] ==> found overlaps for the final round
[M::ha_print_ovlp_stat] # overlaps: 149455585
[M::ha_print_ovlp_stat] # strong overlaps: 134949185
[M::ha_print_ovlp_stat] # weak overlaps: 14506400
[M::ha_print_ovlp_stat] # exact overlaps: 146094781
[M::ha_print_ovlp_stat] # inexact overlaps: 3360804
[M::ha_print_ovlp_stat] # overlaps without large indels: 149261974
[M::ha_print_ovlp_stat] # reverse overlaps: 263739925
Writing reads to disk... 
Reads has been written.
Writing ma_hit_ts to disk... 
ma_hit_ts has been written.
Writing ma_hit_ts to disk... 
ma_hit_ts has been written.
bin files have been written.
[M::purge_dups] homozygous read coverage threshold: 44
[M::purge_dups] purge duplication coverage threshold: 56
Writing raw unitig GFA to disk... 
Writing processed unitig GFA to disk... 
[M::purge_dups] homozygous read coverage threshold: 44
[M::purge_dups] purge duplication coverage threshold: 56
[M::mc_solve_core::0.947] ==> Partition
ERROR-purge
ERROR-purge
[M::adjust_utg_by_primary] primary contig coverage range: [37, infinity]
Writing MCZ_Orn_365337.bp.p_ctg.gfa to disk... 
[M::adjust_utg_by_trio] primary contig coverage range: [37, infinity]
Writing MCZ_Orn_365337.bp.hap1.p_ctg.gfa to disk... 
[M::adjust_utg_by_trio] primary contig coverage range: [37, infinity]
Writing MCZ_Orn_365337.bp.hap2.p_ctg.gfa to disk... 
Inconsistency threshold for low-quality regions in BED files: 70%
[M::main] Version: 0.16.1-r375
[M::main] CMD: ../../hifiasm/hifiasm -t 24 -o MCZ_Orn_365337 /n/holylfs05/LABS/informatics/Everyone/scrubjay/00_raw_data/MCZ_Orn_365337/r64086e_20211008_181539/demultiplex.bc1021_BAK8B_OA--bc1021_BAK8B_OA.hifi_reads.fastq.gz /n/holylfs05/LABS/informatics/Everyone/scrubjay/00_raw_data/MCZ_Orn_365337/r64086e_20211013_154950/demultiplex.bc1021_BAK8B_OA--bc1021_BAK8B_OA.hifi_reads.fastq.gz
[M::main] Real time: 23770.153 sec; CPU: 487304.989 sec; Peak RSS: 81.060 GB
