[M::ha_analyze_count] lowest: count[6] = 2394343
[M::ha_analyze_count] highest: count[40] = 32515989
[M::ha_hist_line]     2: ************************ 7764281
[M::ha_hist_line]     3: ********** 3403965
[M::ha_hist_line]     4: ******** 2662721
[M::ha_hist_line]     5: ******* 2395643
[M::ha_hist_line]     6: ******* 2394343
[M::ha_hist_line]     7: ******** 2482462
[M::ha_hist_line]     8: ********* 2770920
[M::ha_hist_line]     9: ********** 3247011
[M::ha_hist_line]    10: ************* 4146233
[M::ha_hist_line]    11: ***************** 5438161
[M::ha_hist_line]    12: ********************** 7092150
[M::ha_hist_line]    13: ***************************** 9282736
[M::ha_hist_line]    14: ************************************* 11941193
[M::ha_hist_line]    15: ********************************************* 14684800
[M::ha_hist_line]    16: ****************************************************** 17620907
[M::ha_hist_line]    17: ************************************************************** 20168159
[M::ha_hist_line]    18: ******************************************************************** 22195424
[M::ha_hist_line]    19: ************************************************************************ 23411307
[M::ha_hist_line]    20: ************************************************************************* 23779500
[M::ha_hist_line]    21: *********************************************************************** 23127260
[M::ha_hist_line]    22: ******************************************************************* 21903866
[M::ha_hist_line]    23: ************************************************************** 20078605
[M::ha_hist_line]    24: ******************************************************** 18124092
[M::ha_hist_line]    25: ************************************************** 16121008
[M::ha_hist_line]    26: ******************************************** 14459995
[M::ha_hist_line]    27: ***************************************** 13354448
[M::ha_hist_line]    28: *************************************** 12776747
[M::ha_hist_line]    29: **************************************** 12914343
[M::ha_hist_line]    30: ****************************************** 13708734
[M::ha_hist_line]    31: *********************************************** 15201516
[M::ha_hist_line]    32: **************************************************** 16992592
[M::ha_hist_line]    33: ************************************************************ 19375486
[M::ha_hist_line]    34: ******************************************************************** 21988040
[M::ha_hist_line]    35: **************************************************************************** 24670581
[M::ha_hist_line]    36: *********************************************************************************** 27008812
[M::ha_hist_line]    37: ****************************************************************************************** 29128193
[M::ha_hist_line]    38: *********************************************************************************************** 30808555
[M::ha_hist_line]    39: ************************************************************************************************** 32026555
[M::ha_hist_line]    40: **************************************************************************************************** 32515989
[M::ha_hist_line]    41: **************************************************************************************************** 32415631
[M::ha_hist_line]    42: ************************************************************************************************* 31679336
[M::ha_hist_line]    43: ********************************************************************************************** 30437809
[M::ha_hist_line]    44: **************************************************************************************** 28708560
[M::ha_hist_line]    45: ********************************************************************************* 26394282
[M::ha_hist_line]    46: ************************************************************************* 23853140
[M::ha_hist_line]    47: ***************************************************************** 21116921
[M::ha_hist_line]    48: ******************************************************** 18361582
[M::ha_hist_line]    49: ************************************************ 15716179
[M::ha_hist_line]    50: ***************************************** 13219423
[M::ha_hist_line]    51: ********************************* 10878047
[M::ha_hist_line]    52: *************************** 8888898
[M::ha_hist_line]    53: ********************** 7095611
[M::ha_hist_line]    54: ***************** 5602698
[M::ha_hist_line]    55: ************* 4340002
[M::ha_hist_line]    56: ********** 3325236
[M::ha_hist_line]    57: ******** 2542935
[M::ha_hist_line]    58: ****** 1921625
[M::ha_hist_line]    59: **** 1427210
[M::ha_hist_line]    60: *** 1060139
[M::ha_hist_line]    61: ** 769040
[M::ha_hist_line]    62: ** 562748
[M::ha_hist_line]    63: * 422121
[M::ha_hist_line]    64: * 329936
[M::ha_hist_line]    65: * 254319
[M::ha_hist_line]    66: * 204410
[M::ha_hist_line]    67: * 171354
[M::ha_hist_line]  rest: ******************** 6654973
[M::ha_analyze_count] left: count[20] = 23779500
[M::ha_analyze_count] right: none
[M::ha_ft_gen] peak_hom: 40; peak_het: 20
[M::ha_ct_shrink::1746.751*12.55] ==> counted 2271624 distinct minimizer k-mers
[M::ha_ft_gen::1751.955*12.52@32.762GB] ==> filtered out 2271624 k-mers occurring 200 or more times
[M::ha_opt_update_cov] updated max_n_chain to 200
[M::yak_count] collected 660159185 minimizers
[M::yak_count] collected 574134490 minimizers
[M::ha_pt_gen::2303.443*13.26] ==> counted 57043595 distinct minimizer k-mers
[M::ha_pt_gen] count[4095] = 0 (for sanity check)
[M::ha_analyze_count] lowest: count[7] = 132026
[M::ha_analyze_count] highest: count[40] = 1230615
[M::ha_hist_line]     1: ****************************************************************************************************> 19477864
[M::ha_hist_line]     2: ******************************************************************** 838140
[M::ha_hist_line]     3: ************************ 301080
[M::ha_hist_line]     4: *************** 188254
[M::ha_hist_line]     5: ************ 148065
[M::ha_hist_line]     6: *********** 134291
[M::ha_hist_line]     7: *********** 132026
[M::ha_hist_line]     8: ************ 142728
[M::ha_hist_line]     9: ************* 164369
[M::ha_hist_line]    10: ***************** 205673
[M::ha_hist_line]    11: ********************** 266592
[M::ha_hist_line]    12: **************************** 343926
[M::ha_hist_line]    13: ************************************ 445538
[M::ha_hist_line]    14: ********************************************** 566814
[M::ha_hist_line]    15: ******************************************************** 689786
[M::ha_hist_line]    16: ******************************************************************* 821059
[M::ha_hist_line]    17: **************************************************************************** 931099
[M::ha_hist_line]    18: *********************************************************************************** 1015762
[M::ha_hist_line]    19: ************************************************************************************** 1064078
[M::ha_hist_line]    20: *************************************************************************************** 1073039
[M::ha_hist_line]    21: ************************************************************************************ 1035569
[M::ha_hist_line]    22: ******************************************************************************* 975066
[M::ha_hist_line]    23: ************************************************************************ 885883
[M::ha_hist_line]    24: **************************************************************** 791774
[M::ha_hist_line]    25: ********************************************************* 697395
[M::ha_hist_line]    26: ************************************************** 618592
[M::ha_hist_line]    27: ********************************************** 563940
[M::ha_hist_line]    28: ******************************************* 531601
[M::ha_hist_line]    29: ******************************************* 528840
[M::ha_hist_line]    30: ********************************************* 554765
[M::ha_hist_line]    31: ************************************************* 606466
[M::ha_hist_line]    32: ******************************************************* 671835
[M::ha_hist_line]    33: ************************************************************** 760207
[M::ha_hist_line]    34: ********************************************************************** 858664
[M::ha_hist_line]    35: ****************************************************************************** 954289
[M::ha_hist_line]    36: ************************************************************************************* 1042111
[M::ha_hist_line]    37: ******************************************************************************************* 1117498
[M::ha_hist_line]    38: ************************************************************************************************ 1175823
[M::ha_hist_line]    39: *************************************************************************************************** 1216142
[M::ha_hist_line]    40: **************************************************************************************************** 1230615
[M::ha_hist_line]    41: *************************************************************************************************** 1221488
[M::ha_hist_line]    42: ************************************************************************************************* 1190564
[M::ha_hist_line]    43: ******************************************************************************************** 1137891
[M::ha_hist_line]    44: *************************************************************************************** 1070423
[M::ha_hist_line]    45: ******************************************************************************** 978674
[M::ha_hist_line]    46: ************************************************************************ 880419
[M::ha_hist_line]    47: *************************************************************** 777634
[M::ha_hist_line]    48: ******************************************************* 673569
[M::ha_hist_line]    49: *********************************************** 576441
[M::ha_hist_line]    50: *************************************** 482831
[M::ha_hist_line]    51: ******************************** 397413
[M::ha_hist_line]    52: ************************** 323807
[M::ha_hist_line]    53: ********************* 258762
[M::ha_hist_line]    54: ***************** 203966
[M::ha_hist_line]    55: ************* 159556
[M::ha_hist_line]    56: ********** 123088
[M::ha_hist_line]    57: ******** 94668
[M::ha_hist_line]    58: ****** 72631
[M::ha_hist_line]    59: **** 54903
[M::ha_hist_line]    60: *** 42037
[M::ha_hist_line]    61: *** 31369
[M::ha_hist_line]    62: ** 24000
[M::ha_hist_line]    63: ** 19051
[M::ha_hist_line]    64: * 15810
[M::ha_hist_line]    65: * 13115
[M::ha_hist_line]    66: * 11271
[M::ha_hist_line]    67: * 9967
[M::ha_hist_line]    68: * 9268
[M::ha_hist_line]    69: * 8479
[M::ha_hist_line]    70: * 7894
[M::ha_hist_line]    71: * 7513
[M::ha_hist_line]    72: * 7429
[M::ha_hist_line]    73: * 7477
[M::ha_hist_line]    74: * 7421
[M::ha_hist_line]    75: * 7156
[M::ha_hist_line]    76: * 6792
[M::ha_hist_line]    77: * 6566
[M::ha_hist_line]    78: * 6608
[M::ha_hist_line]    79: * 6518
[M::ha_hist_line]    80: * 6301
[M::ha_hist_line]  rest: *************************** 335567
[M::ha_analyze_count] left: count[20] = 1073039
[M::ha_analyze_count] right: none
[M::ha_pt_gen] peak_hom: 40; peak_het: 20
[M::ha_ct_shrink::2303.556*13.26] ==> counted 37565731 distinct minimizer k-mers
[M::ha_pt_gen::] counting in normal mode
[M::yak_count] collected 1234293675 minimizers
[M::yak_count] collected 0 minimizers
[M::ha_pt_gen::2576.221*15.29] ==> indexed 1214815811 positions, counted 37565731 distinct minimizer k-mers
[M::ha_assemble::7389.876*36.47@42.466GB] ==> corrected reads for round 1
[M::ha_assemble] # bases: 50673028774; # corrected bases: 98094175; # recorrected bases: 107337
[M::ha_assemble] size of buffer: 16.213GB
[M::yak_count] collected 1227723061 minimizers
[M::yak_count] collected 0 minimizers
[M::ha_pt_gen::7595.068*36.50] ==> counted 37792137 distinct minimizer k-mers
[M::ha_pt_gen] count[4095] = 0 (for sanity check)
[M::ha_analyze_count] lowest: count[5] = 95082
[M::ha_analyze_count] highest: count[41] = 1221756
[M::ha_hist_line]     1: ****************************************************************************************************> 1350098
[M::ha_hist_line]     2: *************** 179264
[M::ha_hist_line]     3: ********* 112323
[M::ha_hist_line]     4: ******** 99825
[M::ha_hist_line]     5: ******** 95082
[M::ha_hist_line]     6: ******** 99902
[M::ha_hist_line]     7: ********* 107400
[M::ha_hist_line]     8: ********** 122193
[M::ha_hist_line]     9: ************ 144352
[M::ha_hist_line]    10: *************** 186716
[M::ha_hist_line]    11: ******************** 243832
[M::ha_hist_line]    12: ************************** 317446
[M::ha_hist_line]    13: ********************************** 412239
[M::ha_hist_line]    14: ******************************************* 531241
[M::ha_hist_line]    15: ***************************************************** 652758
[M::ha_hist_line]    16: **************************************************************** 780300
[M::ha_hist_line]    17: ************************************************************************* 896702
[M::ha_hist_line]    18: ********************************************************************************* 986905
[M::ha_hist_line]    19: ************************************************************************************* 1043966
[M::ha_hist_line]    20: *************************************************************************************** 1068542
[M::ha_hist_line]    21: ************************************************************************************* 1038935
[M::ha_hist_line]    22: ********************************************************************************* 983835
[M::ha_hist_line]    23: ************************************************************************** 903230
[M::ha_hist_line]    24: ****************************************************************** 812093
[M::ha_hist_line]    25: ********************************************************** 713939
[M::ha_hist_line]    26: **************************************************** 630870
[M::ha_hist_line]    27: *********************************************** 569581
[M::ha_hist_line]    28: ******************************************* 526583
[M::ha_hist_line]    29: ****************************************** 513979
[M::ha_hist_line]    30: ******************************************* 526958
[M::ha_hist_line]    31: *********************************************** 569224
[M::ha_hist_line]    32: *************************************************** 628885
[M::ha_hist_line]    33: ********************************************************** 707423
[M::ha_hist_line]    34: ****************************************************************** 801610
[M::ha_hist_line]    35: ************************************************************************** 901231
[M::ha_hist_line]    36: ********************************************************************************* 991401
[M::ha_hist_line]    37: **************************************************************************************** 1070655
[M::ha_hist_line]    38: ********************************************************************************************* 1141532
[M::ha_hist_line]    39: ************************************************************************************************* 1188796
[M::ha_hist_line]    40: *************************************************************************************************** 1214672
[M::ha_hist_line]    41: **************************************************************************************************** 1221756
[M::ha_hist_line]    42: ************************************************************************************************** 1200763
[M::ha_hist_line]    43: *********************************************************************************************** 1162550
[M::ha_hist_line]    44: ******************************************************************************************* 1105777
[M::ha_hist_line]    45: ************************************************************************************ 1024624
[M::ha_hist_line]    46: **************************************************************************** 930356
[M::ha_hist_line]    47: ******************************************************************** 831165
[M::ha_hist_line]    48: ************************************************************ 728137
[M::ha_hist_line]    49: **************************************************** 629919
[M::ha_hist_line]    50: ******************************************** 534468
[M::ha_hist_line]    51: ************************************ 442794
[M::ha_hist_line]    52: ****************************** 366854
[M::ha_hist_line]    53: ************************ 295395
[M::ha_hist_line]    54: ******************* 234915
[M::ha_hist_line]    55: *************** 184424
[M::ha_hist_line]    56: ************ 143775
[M::ha_hist_line]    57: ********* 110846
[M::ha_hist_line]    58: ******* 85509
[M::ha_hist_line]    59: ***** 66406
[M::ha_hist_line]    60: **** 49156
[M::ha_hist_line]    61: *** 37529
[M::ha_hist_line]    62: ** 27978
[M::ha_hist_line]    63: ** 22015
[M::ha_hist_line]    64: * 18006
[M::ha_hist_line]    65: * 14490
[M::ha_hist_line]    66: * 12093
[M::ha_hist_line]    67: * 10532
[M::ha_hist_line]    68: * 9472
[M::ha_hist_line]    69: * 8712
[M::ha_hist_line]    70: * 8206
[M::ha_hist_line]    71: * 7552
[M::ha_hist_line]    72: * 7455
[M::ha_hist_line]    73: * 7489
[M::ha_hist_line]    74: * 7321
[M::ha_hist_line]    75: * 7045
[M::ha_hist_line]    76: * 6933
[M::ha_hist_line]    77: * 6540
[M::ha_hist_line]    78: * 6432
[M::ha_hist_line]    79: * 6518
[M::ha_hist_line]    80: * 6130
[M::ha_hist_line]    81: * 6147
[M::ha_hist_line]  rest: *************************** 331435
[M::ha_analyze_count] left: count[20] = 1068542
[M::ha_analyze_count] right: none
[M::ha_pt_gen] peak_hom: 41; peak_het: 20
[M::ha_ct_shrink::7595.331*36.50] ==> counted 36442039 distinct minimizer k-mers
[M::ha_pt_gen::] counting in normal mode
[M::yak_count] collected 1227723061 minimizers
[M::yak_count] collected 0 minimizers
[M::ha_pt_gen::7853.091*36.41] ==> indexed 1226372963 positions, counted 36442039 distinct minimizer k-mers
[M::ha_assemble::11931.861*40.33@58.716GB] ==> corrected reads for round 2
[M::ha_assemble] # bases: 50649734678; # corrected bases: 2654823; # recorrected bases: 32252
[M::ha_assemble] size of buffer: 15.407GB
[M::yak_count] collected 1226992305 minimizers
[M::yak_count] collected 0 minimizers
[M::ha_pt_gen::12135.778*40.29] ==> counted 37119672 distinct minimizer k-mers
[M::ha_pt_gen] count[4095] = 0 (for sanity check)
[M::ha_analyze_count] lowest: count[5] = 90471
[M::ha_analyze_count] highest: count[41] = 1221644
[M::ha_hist_line]     1: *************************************************************** 768965
[M::ha_hist_line]     2: *********** 130009
[M::ha_hist_line]     3: ******** 94897
[M::ha_hist_line]     4: ******* 91264
[M::ha_hist_line]     5: ******* 90471
[M::ha_hist_line]     6: ******** 97072
[M::ha_hist_line]     7: ********* 105283
[M::ha_hist_line]     8: ********** 120837
[M::ha_hist_line]     9: ************ 143475
[M::ha_hist_line]    10: *************** 185733
[M::ha_hist_line]    11: ******************** 243274
[M::ha_hist_line]    12: ************************** 316849
[M::ha_hist_line]    13: ********************************** 411500
[M::ha_hist_line]    14: ******************************************* 530523
[M::ha_hist_line]    15: ***************************************************** 652055
[M::ha_hist_line]    16: **************************************************************** 779862
[M::ha_hist_line]    17: ************************************************************************* 896014
[M::ha_hist_line]    18: ********************************************************************************* 986970
[M::ha_hist_line]    19: ************************************************************************************* 1043539
[M::ha_hist_line]    20: *************************************************************************************** 1068248
[M::ha_hist_line]    21: ************************************************************************************* 1038656
[M::ha_hist_line]    22: ********************************************************************************* 984152
[M::ha_hist_line]    23: ************************************************************************** 903242
[M::ha_hist_line]    24: ****************************************************************** 812344
[M::ha_hist_line]    25: ********************************************************** 714374
[M::ha_hist_line]    26: **************************************************** 630746
[M::ha_hist_line]    27: *********************************************** 569232
[M::ha_hist_line]    28: ******************************************* 526480
[M::ha_hist_line]    29: ****************************************** 513477
[M::ha_hist_line]    30: ******************************************* 526670
[M::ha_hist_line]    31: *********************************************** 568856
[M::ha_hist_line]    32: *************************************************** 628210
[M::ha_hist_line]    33: ********************************************************** 706460
[M::ha_hist_line]    34: ****************************************************************** 800927
[M::ha_hist_line]    35: ************************************************************************** 900773
[M::ha_hist_line]    36: ********************************************************************************* 990501
[M::ha_hist_line]    37: **************************************************************************************** 1070486
[M::ha_hist_line]    38: ********************************************************************************************* 1140690
[M::ha_hist_line]    39: ************************************************************************************************* 1188456
[M::ha_hist_line]    40: *************************************************************************************************** 1214929
[M::ha_hist_line]    41: **************************************************************************************************** 1221644
[M::ha_hist_line]    42: ************************************************************************************************** 1201208
[M::ha_hist_line]    43: *********************************************************************************************** 1162645
[M::ha_hist_line]    44: ******************************************************************************************* 1106265
[M::ha_hist_line]    45: ************************************************************************************ 1025282
[M::ha_hist_line]    46: **************************************************************************** 931060
[M::ha_hist_line]    47: ******************************************************************** 831942
[M::ha_hist_line]    48: ************************************************************ 728615
[M::ha_hist_line]    49: **************************************************** 630617
[M::ha_hist_line]    50: ******************************************** 535057
[M::ha_hist_line]    51: ************************************ 443554
[M::ha_hist_line]    52: ****************************** 367464
[M::ha_hist_line]    53: ************************ 295727
[M::ha_hist_line]    54: ******************* 235265
[M::ha_hist_line]    55: *************** 184783
[M::ha_hist_line]    56: ************ 144009
[M::ha_hist_line]    57: ********* 111037
[M::ha_hist_line]    58: ******* 85575
[M::ha_hist_line]    59: ***** 66516
[M::ha_hist_line]    60: **** 49206
[M::ha_hist_line]    61: *** 37652
[M::ha_hist_line]    62: ** 27988
[M::ha_hist_line]    63: ** 21924
[M::ha_hist_line]    64: * 18008
[M::ha_hist_line]    65: * 14459
[M::ha_hist_line]    66: * 12050
[M::ha_hist_line]    67: * 10563
[M::ha_hist_line]    68: * 9467
[M::ha_hist_line]    69: * 8792
[M::ha_hist_line]    70: * 8172
[M::ha_hist_line]    71: * 7491
[M::ha_hist_line]    72: * 7377
[M::ha_hist_line]    73: * 7414
[M::ha_hist_line]    74: * 7258
[M::ha_hist_line]    75: * 6956
[M::ha_hist_line]    76: * 7046
[M::ha_hist_line]    77: * 6525
[M::ha_hist_line]    78: * 6381
[M::ha_hist_line]    79: * 6401
[M::ha_hist_line]  rest: **************************** 343776
[M::ha_analyze_count] left: count[20] = 1068248
[M::ha_analyze_count] right: none
[M::ha_pt_gen] peak_hom: 41; peak_het: 20
[M::ha_ct_shrink::12135.926*40.29] ==> counted 36350707 distinct minimizer k-mers
[M::ha_pt_gen::] counting in normal mode
[M::yak_count] collected 1226992305 minimizers
[M::yak_count] collected 0 minimizers
[M::ha_pt_gen::12387.235*40.16] ==> indexed 1226223340 positions, counted 36350707 distinct minimizer k-mers
[M::ha_assemble::16424.308*42.06@85.653GB] ==> corrected reads for round 3
[M::ha_assemble] # bases: 50648713064; # corrected bases: 372696; # recorrected bases: 28176
[M::ha_assemble] size of buffer: 15.333GB
[M::yak_count] collected 1226858276 minimizers
[M::yak_count] collected 0 minimizers
[M::ha_pt_gen::16627.403*42.02] ==> counted 37028785 distinct minimizer k-mers
[M::ha_pt_gen] count[4095] = 0 (for sanity check)
[M::ha_analyze_count] lowest: count[5] = 89604
[M::ha_analyze_count] highest: count[41] = 1221746
[M::ha_hist_line]     1: ********************************************************* 696009
[M::ha_hist_line]     2: ********** 121152
[M::ha_hist_line]     3: ******* 91097
[M::ha_hist_line]     4: ******* 89457
[M::ha_hist_line]     5: ******* 89604
[M::ha_hist_line]     6: ******** 96444
[M::ha_hist_line]     7: ********* 104956
[M::ha_hist_line]     8: ********** 120551
[M::ha_hist_line]     9: ************ 143277
[M::ha_hist_line]    10: *************** 185643
[M::ha_hist_line]    11: ******************** 243239
[M::ha_hist_line]    12: ************************** 316797
[M::ha_hist_line]    13: ********************************** 411422
[M::ha_hist_line]    14: ******************************************* 530421
[M::ha_hist_line]    15: ***************************************************** 652108
[M::ha_hist_line]    16: **************************************************************** 779671
[M::ha_hist_line]    17: ************************************************************************* 895897
[M::ha_hist_line]    18: ********************************************************************************* 986849
[M::ha_hist_line]    19: ************************************************************************************* 1043540
[M::ha_hist_line]    20: *************************************************************************************** 1068176
[M::ha_hist_line]    21: ************************************************************************************* 1038706
[M::ha_hist_line]    22: ********************************************************************************* 984003
[M::ha_hist_line]    23: ************************************************************************** 903153
[M::ha_hist_line]    24: ****************************************************************** 812409
[M::ha_hist_line]    25: ********************************************************** 714384
[M::ha_hist_line]    26: **************************************************** 630630
[M::ha_hist_line]    27: *********************************************** 569208
[M::ha_hist_line]    28: ******************************************* 526463
[M::ha_hist_line]    29: ****************************************** 513495
[M::ha_hist_line]    30: ******************************************* 526712
[M::ha_hist_line]    31: *********************************************** 568805
[M::ha_hist_line]    32: *************************************************** 627993
[M::ha_hist_line]    33: ********************************************************** 706539
[M::ha_hist_line]    34: ****************************************************************** 800889
[M::ha_hist_line]    35: ************************************************************************** 900711
[M::ha_hist_line]    36: ********************************************************************************* 990397
[M::ha_hist_line]    37: **************************************************************************************** 1070446
[M::ha_hist_line]    38: ********************************************************************************************* 1140625
[M::ha_hist_line]    39: ************************************************************************************************* 1188460
[M::ha_hist_line]    40: *************************************************************************************************** 1214953
[M::ha_hist_line]    41: **************************************************************************************************** 1221746
[M::ha_hist_line]    42: ************************************************************************************************** 1201291
[M::ha_hist_line]    43: *********************************************************************************************** 1162630
[M::ha_hist_line]    44: ******************************************************************************************* 1106209
[M::ha_hist_line]    45: ************************************************************************************ 1025250
[M::ha_hist_line]    46: **************************************************************************** 931159
[M::ha_hist_line]    47: ******************************************************************** 831956
[M::ha_hist_line]    48: ************************************************************ 728636
[M::ha_hist_line]    49: **************************************************** 630718
[M::ha_hist_line]    50: ******************************************** 535075
[M::ha_hist_line]    51: ************************************ 443566
[M::ha_hist_line]    52: ****************************** 367506
[M::ha_hist_line]    53: ************************ 295709
[M::ha_hist_line]    54: ******************* 235300
[M::ha_hist_line]    55: *************** 184748
[M::ha_hist_line]    56: ************ 144042
[M::ha_hist_line]    57: ********* 111059
[M::ha_hist_line]    58: ******* 85535
[M::ha_hist_line]    59: ***** 66520
[M::ha_hist_line]    60: **** 49220
[M::ha_hist_line]    61: *** 37632
[M::ha_hist_line]    62: ** 28004
[M::ha_hist_line]    63: ** 21960
[M::ha_hist_line]    64: * 17974
[M::ha_hist_line]    65: * 14402
[M::ha_hist_line]    66: * 12155
[M::ha_hist_line]    67: * 10524
[M::ha_hist_line]    68: * 9484
[M::ha_hist_line]    69: * 8724
[M::ha_hist_line]    70: * 8209
[M::ha_hist_line]    71: * 7499
[M::ha_hist_line]    72: * 7350
[M::ha_hist_line]    73: * 7428
[M::ha_hist_line]    74: * 7267
[M::ha_hist_line]    75: * 6979
[M::ha_hist_line]    76: * 7051
[M::ha_hist_line]    77: * 6482
[M::ha_hist_line]    78: * 6396
[M::ha_hist_line]    79: * 6415
[M::ha_hist_line]  rest: **************************** 343684
[M::ha_analyze_count] left: count[20] = 1068176
[M::ha_analyze_count] right: none
[M::ha_pt_gen] peak_hom: 41; peak_het: 20
[M::ha_ct_shrink::16627.555*42.02] ==> counted 36332776 distinct minimizer k-mers
[M::ha_pt_gen::] counting in normal mode
[M::yak_count] collected 1226858276 minimizers
[M::yak_count] collected 0 minimizers
[M::ha_pt_gen::16857.154*41.95] ==> indexed 1226162267 positions, counted 36332776 distinct minimizer k-mers
[M::ha_assemble::17529.643*42.18@90.378GB] ==> found overlaps for the final round
[M::ha_print_ovlp_stat] # overlaps: 164036274
[M::ha_print_ovlp_stat] # strong overlaps: 145100161
[M::ha_print_ovlp_stat] # weak overlaps: 18936113
[M::ha_print_ovlp_stat] # exact overlaps: 160056775
[M::ha_print_ovlp_stat] # inexact overlaps: 3979499
[M::ha_print_ovlp_stat] # overlaps without large indels: 163827290
[M::ha_print_ovlp_stat] # reverse overlaps: 297432657
Writing reads to disk... 
Reads has been written.
Writing ma_hit_ts to disk... 
ma_hit_ts has been written.
Writing ma_hit_ts to disk... 
ma_hit_ts has been written.
bin files have been written.
[M::purge_dups] homozygous read coverage threshold: 40
[M::purge_dups] purge duplication coverage threshold: 51
Writing raw unitig GFA to disk... 
Writing processed unitig GFA to disk... 
[M::purge_dups] homozygous read coverage threshold: 40
[M::purge_dups] purge duplication coverage threshold: 51
[M::mc_solve_core::2.357] ==> Partition
ERROR-purge
ERROR-purge
ERROR-purge
[M::adjust_utg_by_primary] primary contig coverage range: [34, infinity]
Writing MCZ_orn_366490.bp.p_ctg.gfa to disk... 
[M::adjust_utg_by_trio] primary contig coverage range: [34, infinity]
Writing MCZ_orn_366490.bp.hap1.p_ctg.gfa to disk... 
[M::adjust_utg_by_trio] primary contig coverage range: [34, infinity]
Writing MCZ_orn_366490.bp.hap2.p_ctg.gfa to disk... 
Inconsistency threshold for low-quality regions in BED files: 70%
[M::main] Version: 0.16.1-r375
[M::main] CMD: ../hifiasm -t48 -o MCZ_orn_366490 /hlilab/21data/Scott-bird/MCZ_orn_366490/reads/r64190e_20211004_172316.fa.gz /hlilab/21data/Scott-bird/MCZ_orn_366490/reads/r64190e_20211008_180934.fa.gz
[M::main] Real time: 19475.644 sec; CPU: 749768.235 sec; Peak RSS: 90.378 GB
